Running script...
Start using cuda

Writing to '../runs/report_runs/PER_2019-12-17 21:07:35.673037'
Finished 10 test episodes:
  - Rewards: [-21.0, -21.0, -21.0, -21.0, -21.0, -21.0, -21.0, -21.0, -21.0, -21.0]
  - Amount of actions: [764.0, 764.0, 764.0, 764.0, 764.0, 764.0, 764.0, 764.0, 764.0, 764.0]
Epoch:  0  - Total reward:  -13.0 Episode duration:  501 Actions:  [172 165 164] Threshold:  0.9950623544007555
Model Saved 0
Finished 10 test episodes:
  - Rewards: [-21.0, -21.0, -21.0, -21.0, -21.0, -21.0, -21.0, -21.0, -21.0, -21.0]
  - Amount of actions: [764.0, 764.0, 764.0, 764.0, 764.0, 764.0, 764.0, 764.0, 764.0, 764.0]
Finished 10 test episodes:
  - Rewards: [-21.0, -21.0, -21.0, -21.0, -21.0, -21.0, -21.0, -21.0, -21.0, -21.0]
  - Amount of actions: [764.0, 764.0, 764.0, 764.0, 764.0, 764.0, 764.0, 764.0, 764.0, 764.0]
Finished 10 test episodes:
  - Rewards: [-21.0, -21.0, -21.0, -21.0, -21.0, -21.0, -21.0, -21.0, -21.0, -21.0]
  - Amount of actions: [764.0, 764.0, 764.0, 764.0, 764.0, 764.0, 764.0, 764.0, 764.0, 764.0]
Finished 10 test episodes:
  - Rewards: [-21.0, -21.0, -21.0, -21.0, -21.0, -21.0, -21.0, -21.0, -21.0, -21.0]
  - Amount of actions: [792.0, 792.0, 792.0, 792.0, 792.0, 792.0, 792.0, 792.0, 792.0, 792.0]
Finished 10 test episodes:
  - Rewards: [-21.0, -21.0, -21.0, -21.0, -21.0, -21.0, -21.0, -21.0, -21.0, -21.0]
  - Amount of actions: [764.0, 764.0, 764.0, 764.0, 764.0, 764.0, 764.0, 764.0, 764.0, 764.0]
Finished 10 test episodes:
  - Rewards: [-21.0, -21.0, -21.0, -21.0, -21.0, -21.0, -21.0, -21.0, -21.0, -21.0]
  - Amount of actions: [764.0, 764.0, 764.0, 764.0, 764.0, 764.0, 764.0, 764.0, 764.0, 764.0]
Finished 10 test episodes:
  - Rewards: [-21.0, -21.0, -21.0, -21.0, -21.0, -21.0, -21.0, -21.0, -21.0, -21.0]
  - Amount of actions: [764.0, 764.0, 764.0, 764.0, 764.0, 764.0, 764.0, 764.0, 764.0, 764.0]
Finished 10 test episodes:
  - Rewards: [-21.0, -21.0, -21.0, -21.0, -21.0, -21.0, -21.0, -21.0, -21.0, -21.0]
  - Amount of actions: [764.0, 764.0, 764.0, 764.0, 764.0, 764.0, 764.0, 764.0, 764.0, 764.0]
Finished 10 test episodes:
  - Rewards: [-21.0, -21.0, -21.0, -21.0, -21.0, -21.0, -21.0, -21.0, -21.0, -21.0]
  - Amount of actions: [946.0, 946.0, 946.0, 946.0, 946.0, 946.0, 946.0, 946.0, 946.0, 946.0]
Finished 10 test episodes:
  - Rewards: [-21.0, -21.0, -21.0, -21.0, -21.0, -21.0, -21.0, -21.0, -21.0, -21.0]
  - Amount of actions: [1304.0, 1304.0, 1304.0, 1304.0, 1304.0, 1304.0, 1304.0, 1304.0, 1304.0, 1304.0]
Finished 10 test episodes:
  - Rewards: [-21.0, -21.0, -21.0, -21.0, -21.0, -21.0, -21.0, -21.0, -21.0, -21.0]
  - Amount of actions: [764.0, 764.0, 764.0, 764.0, 764.0, 764.0, 764.0, 764.0, 764.0, 764.0]
Finished 10 test episodes:
  - Rewards: [-21.0, -21.0, -21.0, -21.0, -21.0, -21.0, -21.0, -21.0, -21.0, -21.0]
  - Amount of actions: [764.0, 764.0, 764.0, 764.0, 764.0, 764.0, 764.0, 764.0, 764.0, 764.0]
Finished 10 test episodes:
  - Rewards: [-21.0, -21.0, -21.0, -21.0, -21.0, -21.0, -21.0, -21.0, -21.0, -21.0]
  - Amount of actions: [764.0, 764.0, 764.0, 764.0, 764.0, 764.0, 764.0, 764.0, 764.0, 764.0]
Finished 10 test episodes:
  - Rewards: [-21.0, -21.0, -21.0, -21.0, -21.0, -21.0, -21.0, -21.0, -21.0, -21.0]
  - Amount of actions: [764.0, 764.0, 764.0, 764.0, 764.0, 764.0, 764.0, 764.0, 764.0, 764.0]
Finished 10 test episodes:
  - Rewards: [-21.0, -21.0, -21.0, -21.0, -21.0, -21.0, -21.0, -21.0, -21.0, -21.0]
  - Amount of actions: [764.0, 764.0, 764.0, 764.0, 764.0, 764.0, 764.0, 764.0, 764.0, 764.0]
Finished 10 test episodes:
  - Rewards: [-21.0, -19.0, -21.0, -19.0, -21.0, -19.0, -21.0, -19.0, -21.0, -19.0]
  - Amount of actions: [764.0, 1058.0, 764.0, 1058.0, 764.0, 1058.0, 764.0, 1058.0, 764.0, 1058.0]
Finished 10 test episodes:
  - Rewards: [-21.0, -21.0, -21.0, -21.0, -21.0, -21.0, -21.0, -21.0, -21.0, -21.0]
  - Amount of actions: [764.0, 764.0, 764.0, 764.0, 764.0, 764.0, 764.0, 764.0, 764.0, 764.0]
Finished 10 test episodes:
  - Rewards: [-21.0, -21.0, -21.0, -21.0, -21.0, -21.0, -21.0, -21.0, -21.0, -21.0]
  - Amount of actions: [764.0, 764.0, 764.0, 764.0, 764.0, 764.0, 764.0, 764.0, 764.0, 764.0]
Finished 10 test episodes:
  - Rewards: [-21.0, -21.0, -21.0, -21.0, -21.0, -21.0, -21.0, -21.0, -21.0, -21.0]
  - Amount of actions: [764.0, 764.0, 764.0, 764.0, 764.0, 764.0, 764.0, 764.0, 764.0, 764.0]
Finished 10 test episodes:
  - Rewards: [-21.0, -21.0, -21.0, -21.0, -21.0, -21.0, -21.0, -21.0, -21.0, -21.0]
  - Amount of actions: [764.0, 764.0, 764.0, 764.0, 764.0, 764.0, 764.0, 764.0, 764.0, 764.0]
Finished 10 test episodes:
  - Rewards: [-21.0, -21.0, -21.0, -21.0, -21.0, -21.0, -21.0, -21.0, -21.0, -21.0]
  - Amount of actions: [764.0, 764.0, 764.0, 764.0, 764.0, 764.0, 764.0, 764.0, 764.0, 764.0]
Finished 10 test episodes:
  - Rewards: [-21.0, -21.0, -21.0, -21.0, -21.0, -21.0, -21.0, -21.0, -21.0, -21.0]
  - Amount of actions: [764.0, 764.0, 764.0, 764.0, 764.0, 764.0, 764.0, 764.0, 764.0, 764.0]
Finished 10 test episodes:
  - Rewards: [-21.0, -21.0, -21.0, -21.0, -21.0, -21.0, -21.0, -21.0, -21.0, -21.0]
  - Amount of actions: [764.0, 764.0, 764.0, 764.0, 764.0, 764.0, 764.0, 764.0, 764.0, 764.0]
Finished 10 test episodes:
  - Rewards: [-21.0, -21.0, -21.0, -21.0, -21.0, -21.0, -21.0, -21.0, -21.0, -21.0]
  - Amount of actions: [764.0, 764.0, 764.0, 764.0, 764.0, 764.0, 764.0, 764.0, 764.0, 764.0]
Finished 10 test episodes:
  - Rewards: [-21.0, -21.0, -21.0, -21.0, -21.0, -21.0, -21.0, -21.0, -21.0, -21.0]
  - Amount of actions: [764.0, 764.0, 764.0, 764.0, 764.0, 764.0, 764.0, 764.0, 764.0, 764.0]
Finished 10 test episodes:
  - Rewards: [-21.0, -21.0, -21.0, -21.0, -21.0, -21.0, -21.0, -21.0, -21.0, -21.0]
  - Amount of actions: [764.0, 764.0, 764.0, 764.0, 764.0, 764.0, 764.0, 764.0, 764.0, 764.0]
Finished 10 test episodes:
  - Rewards: [-21.0, -21.0, -21.0, -21.0, -21.0, -21.0, -21.0, -21.0, -21.0, -21.0]
  - Amount of actions: [764.0, 764.0, 764.0, 764.0, 764.0, 764.0, 764.0, 764.0, 764.0, 764.0]
Finished 10 test episodes:
  - Rewards: [-21.0, -21.0, -21.0, -21.0, -21.0, -21.0, -21.0, -21.0, -21.0, -21.0]
  - Amount of actions: [764.0, 764.0, 764.0, 764.0, 764.0, 764.0, 764.0, 764.0, 764.0, 764.0]
Finished 10 test episodes:
  - Rewards: [-21.0, -21.0, -21.0, -21.0, -21.0, -21.0, -21.0, -21.0, -21.0, -21.0]
  - Amount of actions: [764.0, 764.0, 764.0, 764.0, 764.0, 764.0, 764.0, 764.0, 764.0, 764.0]
Finished 10 test episodes:
  - Rewards: [-21.0, -21.0, -21.0, -21.0, -21.0, -21.0, -21.0, -21.0, -21.0, -21.0]
  - Amount of actions: [764.0, 826.0, 826.0, 826.0, 826.0, 826.0, 826.0, 826.0, 826.0, 826.0]
Finished 10 test episodes:
  - Rewards: [-21.0, -21.0, -21.0, -21.0, -21.0, -21.0, -21.0, -21.0, -21.0, -21.0]
  - Amount of actions: [764.0, 764.0, 764.0, 764.0, 764.0, 764.0, 764.0, 764.0, 764.0, 764.0]
Finished 10 test episodes:
  - Rewards: [-21.0, -21.0, -21.0, -21.0, -21.0, -21.0, -21.0, -21.0, -21.0, -21.0]
  - Amount of actions: [764.0, 764.0, 764.0, 764.0, 764.0, 764.0, 764.0, 764.0, 764.0, 764.0]
Finished 10 test episodes:
  - Rewards: [-21.0, -21.0, -21.0, -21.0, -21.0, -21.0, -21.0, -21.0, -21.0, -21.0]
  - Amount of actions: [764.0, 764.0, 764.0, 764.0, 764.0, 764.0, 764.0, 764.0, 764.0, 764.0]
Finished 10 test episodes:
  - Rewards: [-21.0, -21.0, -21.0, -21.0, -21.0, -21.0, -21.0, -21.0, -21.0, -21.0]
  - Amount of actions: [764.0, 764.0, 764.0, 764.0, 764.0, 764.0, 764.0, 764.0, 764.0, 764.0]
Finished 10 test episodes:
  - Rewards: [-21.0, -21.0, -21.0, -21.0, -21.0, -21.0, -21.0, -21.0, -21.0, -21.0]
  - Amount of actions: [764.0, 764.0, 764.0, 764.0, 764.0, 764.0, 764.0, 764.0, 764.0, 764.0]
Finished 10 test episodes:
  - Rewards: [-21.0, -21.0, -21.0, -21.0, -21.0, -21.0, -21.0, -21.0, -21.0, -21.0]
  - Amount of actions: [764.0, 764.0, 764.0, 764.0, 764.0, 764.0, 764.0, 764.0, 764.0, 764.0]
Finished 10 test episodes:
  - Rewards: [-21.0, -21.0, -21.0, -21.0, -21.0, -21.0, -21.0, -21.0, -21.0, -21.0]
  - Amount of actions: [764.0, 764.0, 764.0, 764.0, 764.0, 764.0, 764.0, 764.0, 764.0, 764.0]
Finished 10 test episodes:
  - Rewards: [-21.0, -21.0, -21.0, -21.0, -21.0, -21.0, -21.0, -21.0, -21.0, -21.0]
  - Amount of actions: [764.0, 764.0, 764.0, 764.0, 764.0, 764.0, 764.0, 764.0, 764.0, 764.0]
Finished 10 test episodes:
  - Rewards: [-21.0, -21.0, -21.0, -21.0, -21.0, -21.0, -21.0, -21.0, -21.0, -21.0]
  - Amount of actions: [764.0, 764.0, 764.0, 764.0, 764.0, 764.0, 764.0, 764.0, 764.0, 764.0]
Finished 10 test episodes:
  - Rewards: [-21.0, -21.0, -21.0, -21.0, -21.0, -21.0, -21.0, -21.0, -21.0, -21.0]
  - Amount of actions: [764.0, 764.0, 764.0, 764.0, 764.0, 764.0, 764.0, 764.0, 764.0, 764.0]
Finished 10 test episodes:
  - Rewards: [-21.0, -21.0, -21.0, -21.0, -21.0, -21.0, -21.0, -21.0, -21.0, -21.0]
  - Amount of actions: [764.0, 764.0, 764.0, 764.0, 764.0, 764.0, 764.0, 764.0, 764.0, 764.0]
Finished 10 test episodes:
  - Rewards: [-21.0, -21.0, -21.0, -21.0, -21.0, -21.0, -21.0, -21.0, -21.0, -21.0]
  - Amount of actions: [764.0, 764.0, 764.0, 764.0, 764.0, 764.0, 764.0, 764.0, 764.0, 764.0]
Finished 10 test episodes:
  - Rewards: [-21.0, -21.0, -21.0, -21.0, -21.0, -21.0, -21.0, -21.0, -21.0, -21.0]
  - Amount of actions: [824.0, 824.0, 824.0, 824.0, 824.0, 824.0, 824.0, 824.0, 824.0, 824.0]
Finished 10 test episodes:
  - Rewards: [-21.0, -21.0, -21.0, -21.0, -21.0, -21.0, -21.0, -21.0, -21.0, -21.0]
  - Amount of actions: [764.0, 764.0, 764.0, 764.0, 764.0, 764.0, 764.0, 764.0, 764.0, 764.0]
Finished 10 test episodes:
  - Rewards: [-21.0, -21.0, -21.0, -21.0, -21.0, -21.0, -21.0, -21.0, -21.0, -21.0]
  - Amount of actions: [764.0, 764.0, 764.0, 764.0, 764.0, 764.0, 764.0, 764.0, 764.0, 764.0]
Finished 10 test episodes:
  - Rewards: [-21.0, -21.0, -21.0, -21.0, -21.0, -21.0, -21.0, -21.0, -21.0, -21.0]
  - Amount of actions: [792.0, 792.0, 792.0, 792.0, 792.0, 792.0, 792.0, 792.0, 792.0, 792.0]
Finished 10 test episodes:
  - Rewards: [-21.0, -21.0, -21.0, -21.0, -21.0, -21.0, -21.0, -21.0, -21.0, -21.0]
  - Amount of actions: [764.0, 764.0, 764.0, 764.0, 764.0, 764.0, 764.0, 764.0, 764.0, 764.0]
Finished 10 test episodes:
  - Rewards: [-21.0, -21.0, -21.0, -21.0, -21.0, -21.0, -21.0, -21.0, -21.0, -21.0]
  - Amount of actions: [764.0, 764.0, 764.0, 764.0, 764.0, 764.0, 764.0, 764.0, 764.0, 764.0]
Finished 10 test episodes:
  - Rewards: [-21.0, -21.0, -21.0, -21.0, -21.0, -21.0, -21.0, -21.0, -21.0, -21.0]
  - Amount of actions: [764.0, 764.0, 764.0, 764.0, 764.0, 764.0, 764.0, 764.0, 764.0, 764.0]
Finished 10 test episodes:
  - Rewards: [-20.0, -20.0, -20.0, -20.0, -20.0, -20.0, -20.0, -20.0, -20.0, -20.0]
  - Amount of actions: [931.0, 931.0, 931.0, 931.0, 931.0, 931.0, 931.0, 931.0, 931.0, 931.0]
Finished 10 test episodes:
  - Rewards: [-21.0, -21.0, -21.0, -21.0, -21.0, -21.0, -21.0, -21.0, -21.0, -21.0]
  - Amount of actions: [764.0, 764.0, 764.0, 764.0, 764.0, 764.0, 764.0, 764.0, 764.0, 764.0]
Finished 10 test episodes:
  - Rewards: [-21.0, -21.0, -21.0, -21.0, -21.0, -21.0, -21.0, -21.0, -21.0, -21.0]
  - Amount of actions: [764.0, 764.0, 764.0, 764.0, 764.0, 764.0, 764.0, 764.0, 764.0, 764.0]
Finished 10 test episodes:
  - Rewards: [-21.0, -21.0, -21.0, -21.0, -21.0, -21.0, -21.0, -21.0, -21.0, -21.0]
  - Amount of actions: [764.0, 764.0, 764.0, 764.0, 764.0, 764.0, 764.0, 764.0, 764.0, 764.0]
Finished 10 test episodes:
  - Rewards: [-21.0, -21.0, -21.0, -21.0, -21.0, -21.0, -21.0, -21.0, -21.0, -21.0]
  - Amount of actions: [764.0, 764.0, 764.0, 764.0, 764.0, 764.0, 764.0, 764.0, 764.0, 764.0]
Finished 10 test episodes:
  - Rewards: [-21.0, -21.0, -21.0, -21.0, -21.0, -21.0, -21.0, -21.0, -21.0, -21.0]
  - Amount of actions: [764.0, 764.0, 764.0, 764.0, 764.0, 764.0, 764.0, 764.0, 764.0, 764.0]
Finished 10 test episodes:
  - Rewards: [-21.0, -21.0, -21.0, -21.0, -21.0, -21.0, -21.0, -21.0, -21.0, -21.0]
  - Amount of actions: [811.0, 811.0, 811.0, 811.0, 811.0, 811.0, 811.0, 811.0, 811.0, 811.0]
Finished 10 test episodes:
  - Rewards: [-21.0, -21.0, -21.0, -21.0, -21.0, -21.0, -21.0, -21.0, -21.0, -21.0]
  - Amount of actions: [764.0, 764.0, 764.0, 764.0, 764.0, 764.0, 764.0, 764.0, 764.0, 764.0]
Finished 10 test episodes:
  - Rewards: [-20.0, -20.0, -20.0, -20.0, -20.0, -20.0, -20.0, -20.0, -20.0, -20.0]
  - Amount of actions: [902.0, 902.0, 902.0, 902.0, 902.0, 902.0, 902.0, 902.0, 902.0, 902.0]
Finished 10 test episodes:
  - Rewards: [-21.0, -21.0, -21.0, -21.0, -21.0, -21.0, -21.0, -21.0, -21.0, -21.0]
  - Amount of actions: [764.0, 764.0, 764.0, 764.0, 764.0, 764.0, 764.0, 764.0, 764.0, 764.0]
Finished 10 test episodes:
  - Rewards: [-21.0, -21.0, -21.0, -21.0, -21.0, -21.0, -21.0, -21.0, -21.0, -21.0]
  - Amount of actions: [1644.0, 1704.0, 1704.0, 1704.0, 1704.0, 1704.0, 1704.0, 1704.0, 1704.0, 1704.0]
Finished 10 test episodes:
  - Rewards: [-21.0, -21.0, -21.0, -21.0, -21.0, -21.0, -21.0, -21.0, -21.0, -21.0]
  - Amount of actions: [764.0, 764.0, 764.0, 764.0, 764.0, 764.0, 764.0, 764.0, 764.0, 764.0]
Finished 10 test episodes:
  - Rewards: [-21.0, -21.0, -21.0, -21.0, -21.0, -21.0, -21.0, -21.0, -21.0, -21.0]
  - Amount of actions: [792.0, 792.0, 792.0, 792.0, 792.0, 792.0, 792.0, 792.0, 792.0, 792.0]
Finished 10 test episodes:
  - Rewards: [-21.0, -21.0, -21.0, -21.0, -21.0, -21.0, -21.0, -21.0, -21.0, -21.0]
  - Amount of actions: [764.0, 764.0, 764.0, 764.0, 764.0, 764.0, 764.0, 764.0, 764.0, 764.0]
Finished 10 test episodes:
  - Rewards: [-21.0, -21.0, -21.0, -21.0, -21.0, -21.0, -21.0, -21.0, -21.0, -21.0]
  - Amount of actions: [764.0, 764.0, 764.0, 764.0, 764.0, 764.0, 764.0, 764.0, 764.0, 764.0]
Finished 10 test episodes:
  - Rewards: [-21.0, -21.0, -21.0, -21.0, -21.0, -21.0, -21.0, -21.0, -21.0, -21.0]
  - Amount of actions: [764.0, 764.0, 764.0, 764.0, 764.0, 764.0, 764.0, 764.0, 764.0, 764.0]
Finished 10 test episodes:
  - Rewards: [-21.0, -21.0, -21.0, -21.0, -21.0, -21.0, -21.0, -21.0, -21.0, -21.0]
  - Amount of actions: [764.0, 764.0, 764.0, 764.0, 764.0, 764.0, 764.0, 764.0, 764.0, 764.0]
Finished 10 test episodes:
  - Rewards: [-21.0, -21.0, -21.0, -21.0, -21.0, -21.0, -21.0, -21.0, -21.0, -21.0]
  - Amount of actions: [764.0, 764.0, 764.0, 764.0, 764.0, 764.0, 764.0, 764.0, 764.0, 764.0]
Finished 10 test episodes:
  - Rewards: [-21.0, -21.0, -21.0, -21.0, -21.0, -21.0, -21.0, -21.0, -21.0, -21.0]
  - Amount of actions: [764.0, 764.0, 764.0, 764.0, 764.0, 764.0, 764.0, 764.0, 764.0, 764.0]
Finished 10 test episodes:
  - Rewards: [-20.0, -20.0, -20.0, -20.0, -20.0, -20.0, -20.0, -20.0, -20.0, -20.0]
  - Amount of actions: [898.0, 898.0, 898.0, 898.0, 898.0, 898.0, 898.0, 898.0, 898.0, 898.0]
Finished 10 test episodes:
  - Rewards: [-21.0, -21.0, -21.0, -21.0, -21.0, -21.0, -21.0, -21.0, -21.0, -21.0]
  - Amount of actions: [764.0, 764.0, 764.0, 764.0, 764.0, 764.0, 764.0, 764.0, 764.0, 764.0]
Finished 10 test episodes:
  - Rewards: [-21.0, -21.0, -21.0, -21.0, -21.0, -21.0, -21.0, -21.0, -21.0, -21.0]
  - Amount of actions: [764.0, 764.0, 764.0, 764.0, 764.0, 764.0, 764.0, 764.0, 764.0, 764.0]
Finished 10 test episodes:
  - Rewards: [-21.0, -21.0, -21.0, -21.0, -21.0, -21.0, -21.0, -21.0, -21.0, -21.0]
  - Amount of actions: [764.0, 764.0, 764.0, 764.0, 764.0, 764.0, 764.0, 764.0, 764.0, 764.0]
Finished 10 test episodes:
  - Rewards: [-21.0, -21.0, -21.0, -21.0, -21.0, -21.0, -21.0, -21.0, -21.0, -21.0]
  - Amount of actions: [764.0, 764.0, 764.0, 764.0, 764.0, 764.0, 764.0, 764.0, 764.0, 764.0]
Finished 10 test episodes:
  - Rewards: [-21.0, -21.0, -21.0, -21.0, -21.0, -21.0, -21.0, -21.0, -21.0, -21.0]
  - Amount of actions: [764.0, 764.0, 764.0, 764.0, 764.0, 764.0, 764.0, 764.0, 764.0, 764.0]
Finished 10 test episodes:
  - Rewards: [-21.0, -21.0, -21.0, -21.0, -21.0, -21.0, -21.0, -21.0, -21.0, -21.0]
  - Amount of actions: [764.0, 764.0, 764.0, 764.0, 764.0, 764.0, 764.0, 764.0, 764.0, 764.0]
Finished 10 test episodes:
  - Rewards: [-21.0, -21.0, -21.0, -21.0, -21.0, -21.0, -21.0, -21.0, -21.0, -21.0]
  - Amount of actions: [764.0, 764.0, 764.0, 764.0, 764.0, 764.0, 764.0, 764.0, 764.0, 764.0]
Finished 10 test episodes:
  - Rewards: [-21.0, -21.0, -21.0, -21.0, -21.0, -21.0, -21.0, -21.0, -21.0, -21.0]
  - Amount of actions: [764.0, 764.0, 764.0, 764.0, 764.0, 764.0, 764.0, 764.0, 764.0, 764.0]
Finished 10 test episodes:
  - Rewards: [-21.0, -21.0, -21.0, -21.0, -21.0, -21.0, -21.0, -21.0, -21.0, -21.0]
  - Amount of actions: [764.0, 764.0, 764.0, 764.0, 764.0, 764.0, 764.0, 764.0, 764.0, 764.0]
Finished 10 test episodes:
  - Rewards: [-21.0, -21.0, -21.0, -21.0, -21.0, -21.0, -21.0, -21.0, -21.0, -21.0]
  - Amount of actions: [843.0, 843.0, 843.0, 843.0, 843.0, 843.0, 843.0, 843.0, 843.0, 843.0]
Script fishished.
