Loaded module: python3/3.6.2
Loaded module: cuda/10.0
Loaded module: cudnn/v7.4.2.24-prod-cuda-10.0
/zhome/ad/0/108841/.local/lib/python3.6/site-packages/tensorboard/compat/tensorflow_stub/dtypes.py:541: FutureWarning: Passing (type, 1) or '1type' as a synonym of type is deprecated; in a future version of numpy, it will be understood as (type, (1,)) / '(1,)type'.
  _np_qint8 = np.dtype([("qint8", np.int8, 1)])
/zhome/ad/0/108841/.local/lib/python3.6/site-packages/tensorboard/compat/tensorflow_stub/dtypes.py:542: FutureWarning: Passing (type, 1) or '1type' as a synonym of type is deprecated; in a future version of numpy, it will be understood as (type, (1,)) / '(1,)type'.
  _np_quint8 = np.dtype([("quint8", np.uint8, 1)])
/zhome/ad/0/108841/.local/lib/python3.6/site-packages/tensorboard/compat/tensorflow_stub/dtypes.py:543: FutureWarning: Passing (type, 1) or '1type' as a synonym of type is deprecated; in a future version of numpy, it will be understood as (type, (1,)) / '(1,)type'.
  _np_qint16 = np.dtype([("qint16", np.int16, 1)])
/zhome/ad/0/108841/.local/lib/python3.6/site-packages/tensorboard/compat/tensorflow_stub/dtypes.py:544: FutureWarning: Passing (type, 1) or '1type' as a synonym of type is deprecated; in a future version of numpy, it will be understood as (type, (1,)) / '(1,)type'.
  _np_quint16 = np.dtype([("quint16", np.uint16, 1)])
/zhome/ad/0/108841/.local/lib/python3.6/site-packages/tensorboard/compat/tensorflow_stub/dtypes.py:545: FutureWarning: Passing (type, 1) or '1type' as a synonym of type is deprecated; in a future version of numpy, it will be understood as (type, (1,)) / '(1,)type'.
  _np_qint32 = np.dtype([("qint32", np.int32, 1)])
/zhome/ad/0/108841/.local/lib/python3.6/site-packages/tensorboard/compat/tensorflow_stub/dtypes.py:550: FutureWarning: Passing (type, 1) or '1type' as a synonym of type is deprecated; in a future version of numpy, it will be understood as (type, (1,)) / '(1,)type'.
  np_resource = np.dtype([("resource", np.ubyte, 1)])
Traceback (most recent call last):
  File "Pong_DDQN.py", line 141, in <module>
    reward_test, actions_test = test(env, resize, 10, policy_net, device, actions_offset, False)
  File "/zhome/ad/0/108841/Documents/DQN/pong/script_common/RunTest.py", line 25, in test
    action = policy(state_cuda).max(1)[1].view(1,1) + actions_offset
  File "/zhome/ad/0/108841/.local/lib/python3.6/site-packages/torch/nn/modules/module.py", line 541, in __call__
    result = self.forward(*input, **kwargs)
  File "/zhome/ad/0/108841/Documents/DQN/pong/script_pong/DQN.py", line 18, in forward
    x = F.relu(self.fc1(x))
  File "/zhome/ad/0/108841/.local/lib/python3.6/site-packages/torch/nn/modules/module.py", line 541, in __call__
    result = self.forward(*input, **kwargs)
  File "/zhome/ad/0/108841/.local/lib/python3.6/site-packages/torch/nn/modules/linear.py", line 87, in forward
    return F.linear(input, self.weight, self.bias)
  File "/zhome/ad/0/108841/.local/lib/python3.6/site-packages/torch/nn/functional.py", line 1370, in linear
    ret = torch.addmm(bias, input, weight.t())
KeyboardInterrupt
