Running script...
Start using cuda

Writing to '../runs/report_runs/PER_Dueling_2019-12-17 20:48:01.172229'
Finished 10 test episodes:
  - Rewards: [-21.0, -21.0, -21.0, -21.0, -21.0, -21.0, -21.0, -21.0, -21.0, -21.0]
  - Amount of actions: [764.0, 764.0, 764.0, 764.0, 764.0, 764.0, 764.0, 764.0, 764.0, 764.0]
Epoch:  0  - Total reward:  -10.0 Episode duration:  501 Actions:  [159 170 172] Threshold:  0.9950623544007555
Model Saved 0
Finished 10 test episodes:
  - Rewards: [-21.0, -21.0, -21.0, -21.0, -21.0, -21.0, -21.0, -21.0, -21.0, -21.0]
  - Amount of actions: [764.0, 764.0, 764.0, 764.0, 764.0, 764.0, 764.0, 764.0, 764.0, 764.0]
Finished 10 test episodes:
  - Rewards: [-21.0, -21.0, -21.0, -21.0, -21.0, -21.0, -21.0, -21.0, -21.0, -21.0]
  - Amount of actions: [764.0, 764.0, 764.0, 764.0, 764.0, 764.0, 764.0, 764.0, 764.0, 764.0]
Finished 10 test episodes:
  - Rewards: [-21.0, -21.0, -21.0, -21.0, -21.0, -21.0, -21.0, -21.0, -21.0, -21.0]
  - Amount of actions: [764.0, 764.0, 764.0, 764.0, 764.0, 764.0, 764.0, 764.0, 764.0, 764.0]
Finished 10 test episodes:
  - Rewards: [-21.0, -21.0, -21.0, -21.0, -21.0, -21.0, -21.0, -21.0, -21.0, -21.0]
  - Amount of actions: [764.0, 764.0, 764.0, 764.0, 764.0, 764.0, 764.0, 764.0, 764.0, 764.0]
Finished 10 test episodes:
  - Rewards: [-21.0, -21.0, -21.0, -21.0, -21.0, -21.0, -21.0, -21.0, -21.0, -21.0]
  - Amount of actions: [764.0, 764.0, 764.0, 764.0, 764.0, 764.0, 764.0, 764.0, 764.0, 764.0]
Finished 10 test episodes:
  - Rewards: [-21.0, -21.0, -21.0, -21.0, -21.0, -21.0, -21.0, -21.0, -21.0, -21.0]
  - Amount of actions: [764.0, 764.0, 764.0, 764.0, 764.0, 764.0, 764.0, 764.0, 764.0, 764.0]
Finished 10 test episodes:
  - Rewards: [-21.0, -21.0, -21.0, -21.0, -21.0, -21.0, -21.0, -21.0, -21.0, -21.0]
  - Amount of actions: [764.0, 764.0, 764.0, 764.0, 764.0, 764.0, 764.0, 764.0, 764.0, 764.0]
Finished 10 test episodes:
  - Rewards: [-21.0, -21.0, -21.0, -21.0, -21.0, -21.0, -21.0, -21.0, -21.0, -21.0]
  - Amount of actions: [764.0, 764.0, 764.0, 764.0, 764.0, 764.0, 764.0, 764.0, 764.0, 764.0]
Finished 10 test episodes:
  - Rewards: [-21.0, -21.0, -21.0, -21.0, -21.0, -21.0, -21.0, -21.0, -21.0, -21.0]
  - Amount of actions: [764.0, 764.0, 764.0, 764.0, 764.0, 764.0, 764.0, 764.0, 764.0, 764.0]
Finished 10 test episodes:
  - Rewards: [-21.0, -21.0, -21.0, -21.0, -21.0, -21.0, -21.0, -21.0, -21.0, -21.0]
  - Amount of actions: [764.0, 764.0, 764.0, 764.0, 764.0, 764.0, 764.0, 764.0, 764.0, 764.0]
Finished 10 test episodes:
  - Rewards: [-21.0, -21.0, -21.0, -21.0, -21.0, -21.0, -21.0, -21.0, -21.0, -21.0]
  - Amount of actions: [764.0, 764.0, 764.0, 764.0, 764.0, 764.0, 764.0, 764.0, 764.0, 764.0]
Finished 10 test episodes:
  - Rewards: [-21.0, -21.0, -21.0, -21.0, -21.0, -21.0, -21.0, -21.0, -21.0, -21.0]
  - Amount of actions: [764.0, 764.0, 764.0, 764.0, 764.0, 764.0, 764.0, 764.0, 764.0, 764.0]
Finished 10 test episodes:
  - Rewards: [-21.0, -21.0, -21.0, -21.0, -21.0, -21.0, -21.0, -21.0, -21.0, -21.0]
  - Amount of actions: [764.0, 764.0, 764.0, 764.0, 764.0, 764.0, 764.0, 764.0, 764.0, 764.0]
Finished 10 test episodes:
  - Rewards: [-21.0, -21.0, -21.0, -21.0, -21.0, -21.0, -21.0, -21.0, -21.0, -21.0]
  - Amount of actions: [764.0, 764.0, 764.0, 764.0, 764.0, 764.0, 764.0, 764.0, 764.0, 764.0]
Finished 10 test episodes:
  - Rewards: [-21.0, -21.0, -21.0, -21.0, -21.0, -21.0, -21.0, -21.0, -21.0, -21.0]
  - Amount of actions: [764.0, 764.0, 764.0, 764.0, 764.0, 764.0, 764.0, 764.0, 764.0, 764.0]
Finished 10 test episodes:
  - Rewards: [-21.0, -21.0, -21.0, -21.0, -21.0, -21.0, -21.0, -21.0, -21.0, -21.0]
  - Amount of actions: [764.0, 764.0, 764.0, 764.0, 764.0, 764.0, 764.0, 764.0, 764.0, 764.0]
Finished 10 test episodes:
  - Rewards: [-21.0, -21.0, -21.0, -21.0, -21.0, -21.0, -21.0, -21.0, -21.0, -21.0]
  - Amount of actions: [764.0, 764.0, 764.0, 764.0, 764.0, 764.0, 764.0, 764.0, 764.0, 764.0]
Finished 10 test episodes:
  - Rewards: [-21.0, -21.0, -21.0, -21.0, -21.0, -21.0, -21.0, -21.0, -21.0, -21.0]
  - Amount of actions: [764.0, 764.0, 764.0, 764.0, 764.0, 764.0, 764.0, 764.0, 764.0, 764.0]
Finished 10 test episodes:
  - Rewards: [-21.0, -21.0, -21.0, -21.0, -21.0, -21.0, -21.0, -21.0, -21.0, -21.0]
  - Amount of actions: [764.0, 764.0, 764.0, 764.0, 764.0, 764.0, 764.0, 764.0, 764.0, 764.0]
Finished 10 test episodes:
  - Rewards: [-21.0, -21.0, -21.0, -21.0, -21.0, -21.0, -21.0, -21.0, -21.0, -21.0]
  - Amount of actions: [792.0, 792.0, 792.0, 792.0, 792.0, 792.0, 792.0, 792.0, 792.0, 792.0]
Finished 10 test episodes:
  - Rewards: [-21.0, -21.0, -21.0, -21.0, -21.0, -21.0, -21.0, -21.0, -21.0, -21.0]
  - Amount of actions: [764.0, 764.0, 764.0, 764.0, 764.0, 764.0, 764.0, 764.0, 764.0, 764.0]
Finished 10 test episodes:
  - Rewards: [-21.0, -21.0, -21.0, -21.0, -21.0, -21.0, -21.0, -21.0, -21.0, -21.0]
  - Amount of actions: [764.0, 764.0, 764.0, 764.0, 764.0, 764.0, 764.0, 764.0, 764.0, 764.0]
Finished 10 test episodes:
  - Rewards: [-21.0, -21.0, -21.0, -21.0, -21.0, -21.0, -21.0, -21.0, -21.0, -21.0]
  - Amount of actions: [764.0, 764.0, 764.0, 764.0, 764.0, 764.0, 764.0, 764.0, 764.0, 764.0]
Finished 10 test episodes:
  - Rewards: [-21.0, -21.0, -21.0, -21.0, -21.0, -21.0, -21.0, -21.0, -21.0, -21.0]
  - Amount of actions: [764.0, 764.0, 764.0, 764.0, 764.0, 764.0, 764.0, 764.0, 764.0, 764.0]
Finished 10 test episodes:
  - Rewards: [-21.0, -21.0, -21.0, -21.0, -21.0, -21.0, -21.0, -21.0, -21.0, -21.0]
  - Amount of actions: [826.0, 826.0, 826.0, 826.0, 826.0, 826.0, 826.0, 826.0, 826.0, 826.0]
Finished 10 test episodes:
  - Rewards: [-21.0, -21.0, -21.0, -21.0, -21.0, -21.0, -21.0, -21.0, -21.0, -21.0]
  - Amount of actions: [764.0, 764.0, 764.0, 764.0, 764.0, 764.0, 764.0, 764.0, 764.0, 764.0]
Finished 10 test episodes:
  - Rewards: [-21.0, -21.0, -21.0, -21.0, -21.0, -21.0, -21.0, -21.0, -21.0, -21.0]
  - Amount of actions: [764.0, 764.0, 764.0, 764.0, 764.0, 764.0, 764.0, 764.0, 764.0, 764.0]
Finished 10 test episodes:
  - Rewards: [-21.0, -21.0, -21.0, -21.0, -21.0, -21.0, -21.0, -21.0, -21.0, -21.0]
  - Amount of actions: [764.0, 764.0, 764.0, 764.0, 764.0, 764.0, 764.0, 764.0, 764.0, 764.0]
Finished 10 test episodes:
  - Rewards: [-21.0, -21.0, -21.0, -21.0, -21.0, -21.0, -21.0, -21.0, -21.0, -21.0]
  - Amount of actions: [764.0, 764.0, 764.0, 764.0, 764.0, 764.0, 764.0, 764.0, 764.0, 764.0]
Finished 10 test episodes:
  - Rewards: [-21.0, -21.0, -21.0, -21.0, -21.0, -21.0, -21.0, -21.0, -21.0, -21.0]
  - Amount of actions: [764.0, 764.0, 764.0, 764.0, 764.0, 764.0, 764.0, 764.0, 764.0, 764.0]
Finished 10 test episodes:
  - Rewards: [-21.0, -21.0, -21.0, -21.0, -21.0, -21.0, -21.0, -21.0, -21.0, -21.0]
  - Amount of actions: [792.0, 792.0, 792.0, 792.0, 792.0, 792.0, 792.0, 792.0, 792.0, 792.0]
Finished 10 test episodes:
  - Rewards: [-21.0, -21.0, -21.0, -21.0, -21.0, -21.0, -21.0, -21.0, -21.0, -21.0]
  - Amount of actions: [764.0, 764.0, 764.0, 764.0, 764.0, 764.0, 764.0, 764.0, 764.0, 764.0]
Script fishished.
