Running script...
Start using cuda

Writing to '../runs/report_runs/Baseline_2019-12-17 20:47:10.185021'
Finished 10 test episodes:
  - Rewards: [-21.0, -21.0, -21.0, -21.0, -21.0, -21.0, -21.0, -21.0, -21.0, -21.0]
  - Amount of actions: [764.0, 764.0, 764.0, 764.0, 764.0, 764.0, 764.0, 764.0, 764.0, 764.0]
Epoch:  0  - Total reward:  -11.0 Episode duration:  501 Actions:  [171 170 160] Threshold:  0.9950623544007555
Model Saved 0
Finished 10 test episodes:
  - Rewards: [-21.0, -21.0, -21.0, -21.0, -21.0, -21.0, -21.0, -21.0, -21.0, -21.0]
  - Amount of actions: [764.0, 764.0, 764.0, 764.0, 764.0, 764.0, 764.0, 764.0, 764.0, 764.0]
Finished 10 test episodes:
  - Rewards: [-21.0, -21.0, -21.0, -21.0, -21.0, -21.0, -21.0, -21.0, -21.0, -21.0]
  - Amount of actions: [764.0, 764.0, 764.0, 764.0, 764.0, 764.0, 764.0, 764.0, 764.0, 764.0]
Finished 10 test episodes:
  - Rewards: [-21.0, -21.0, -21.0, -21.0, -21.0, -21.0, -21.0, -21.0, -21.0, -21.0]
  - Amount of actions: [792.0, 792.0, 792.0, 792.0, 792.0, 792.0, 792.0, 792.0, 792.0, 792.0]
Finished 10 test episodes:
  - Rewards: [-21.0, -21.0, -21.0, -21.0, -21.0, -21.0, -21.0, -21.0, -21.0, -21.0]
  - Amount of actions: [764.0, 764.0, 764.0, 764.0, 764.0, 764.0, 764.0, 764.0, 764.0, 764.0]
Finished 10 test episodes:
  - Rewards: [-21.0, -21.0, -21.0, -21.0, -21.0, -21.0, -21.0, -21.0, -21.0, -21.0]
  - Amount of actions: [764.0, 764.0, 764.0, 764.0, 764.0, 764.0, 764.0, 764.0, 764.0, 764.0]
Finished 10 test episodes:
  - Rewards: [-21.0, -21.0, -21.0, -21.0, -21.0, -21.0, -21.0, -21.0, -21.0, -21.0]
  - Amount of actions: [792.0, 792.0, 792.0, 792.0, 792.0, 792.0, 792.0, 792.0, 792.0, 792.0]
Finished 10 test episodes:
  - Rewards: [-21.0, -21.0, -21.0, -21.0, -21.0, -21.0, -21.0, -21.0, -21.0, -21.0]
  - Amount of actions: [764.0, 764.0, 764.0, 764.0, 764.0, 764.0, 764.0, 764.0, 764.0, 764.0]
Finished 10 test episodes:
  - Rewards: [-21.0, -21.0, -21.0, -21.0, -21.0, -21.0, -21.0, -21.0, -21.0, -21.0]
  - Amount of actions: [764.0, 764.0, 764.0, 764.0, 764.0, 764.0, 764.0, 764.0, 764.0, 764.0]
Finished 10 test episodes:
  - Rewards: [-21.0, -21.0, -21.0, -21.0, -21.0, -21.0, -21.0, -21.0, -21.0, -21.0]
  - Amount of actions: [764.0, 764.0, 764.0, 764.0, 764.0, 764.0, 764.0, 764.0, 764.0, 764.0]
Finished 10 test episodes:
  - Rewards: [-21.0, -21.0, -21.0, -21.0, -21.0, -21.0, -21.0, -21.0, -21.0, -21.0]
  - Amount of actions: [764.0, 764.0, 764.0, 764.0, 764.0, 764.0, 764.0, 764.0, 764.0, 764.0]
Finished 10 test episodes:
  - Rewards: [-21.0, -21.0, -21.0, -21.0, -21.0, -21.0, -21.0, -21.0, -21.0, -21.0]
  - Amount of actions: [764.0, 764.0, 764.0, 764.0, 764.0, 764.0, 764.0, 764.0, 764.0, 764.0]
Finished 10 test episodes:
  - Rewards: [-21.0, -21.0, -21.0, -21.0, -21.0, -21.0, -21.0, -21.0, -21.0, -21.0]
  - Amount of actions: [852.0, 792.0, 792.0, 792.0, 792.0, 792.0, 792.0, 792.0, 792.0, 792.0]
Finished 10 test episodes:
  - Rewards: [-21.0, -21.0, -21.0, -21.0, -21.0, -21.0, -21.0, -21.0, -21.0, -21.0]
  - Amount of actions: [764.0, 764.0, 764.0, 764.0, 764.0, 764.0, 764.0, 764.0, 764.0, 764.0]
Finished 10 test episodes:
  - Rewards: [-21.0, -21.0, -21.0, -21.0, -21.0, -21.0, -21.0, -21.0, -21.0, -21.0]
  - Amount of actions: [825.0, 825.0, 825.0, 825.0, 825.0, 825.0, 825.0, 825.0, 825.0, 825.0]
Finished 10 test episodes:
  - Rewards: [-21.0, -21.0, -21.0, -21.0, -21.0, -21.0, -21.0, -21.0, -21.0, -21.0]
  - Amount of actions: [764.0, 764.0, 764.0, 764.0, 764.0, 764.0, 764.0, 764.0, 764.0, 764.0]
Finished 10 test episodes:
  - Rewards: [-21.0, -20.0, -20.0, -20.0, -20.0, -20.0, -20.0, -20.0, -20.0, -20.0]
  - Amount of actions: [764.0, 860.0, 860.0, 860.0, 860.0, 860.0, 860.0, 860.0, 860.0, 860.0]
Finished 10 test episodes:
  - Rewards: [-21.0, -21.0, -21.0, -21.0, -21.0, -21.0, -21.0, -21.0, -21.0, -21.0]
  - Amount of actions: [764.0, 764.0, 764.0, 764.0, 764.0, 764.0, 764.0, 764.0, 764.0, 764.0]
Finished 10 test episodes:
  - Rewards: [-21.0, -21.0, -21.0, -21.0, -21.0, -21.0, -21.0, -21.0, -21.0, -21.0]
  - Amount of actions: [764.0, 764.0, 764.0, 764.0, 764.0, 764.0, 764.0, 764.0, 764.0, 764.0]
Finished 10 test episodes:
  - Rewards: [-21.0, -21.0, -21.0, -21.0, -21.0, -21.0, -21.0, -21.0, -21.0, -21.0]
  - Amount of actions: [792.0, 792.0, 792.0, 792.0, 792.0, 792.0, 792.0, 792.0, 792.0, 792.0]
Finished 10 test episodes:
  - Rewards: [-21.0, -21.0, -21.0, -21.0, -21.0, -21.0, -21.0, -21.0, -21.0, -21.0]
  - Amount of actions: [764.0, 764.0, 764.0, 764.0, 764.0, 764.0, 764.0, 764.0, 764.0, 764.0]
Finished 10 test episodes:
  - Rewards: [-21.0, -21.0, -21.0, -21.0, -21.0, -21.0, -21.0, -21.0, -21.0, -21.0]
  - Amount of actions: [764.0, 764.0, 764.0, 764.0, 764.0, 764.0, 764.0, 764.0, 764.0, 764.0]
Finished 10 test episodes:
  - Rewards: [-21.0, -21.0, -21.0, -21.0, -21.0, -21.0, -21.0, -21.0, -21.0, -21.0]
  - Amount of actions: [764.0, 764.0, 764.0, 764.0, 764.0, 764.0, 764.0, 764.0, 764.0, 764.0]
Finished 10 test episodes:
  - Rewards: [-21.0, -21.0, -21.0, -21.0, -21.0, -21.0, -21.0, -21.0, -21.0, -21.0]
  - Amount of actions: [764.0, 764.0, 764.0, 764.0, 764.0, 764.0, 764.0, 764.0, 764.0, 764.0]
Finished 10 test episodes:
  - Rewards: [-21.0, -21.0, -21.0, -21.0, -21.0, -21.0, -21.0, -21.0, -21.0, -21.0]
  - Amount of actions: [764.0, 764.0, 764.0, 764.0, 764.0, 764.0, 764.0, 764.0, 764.0, 764.0]
Finished 10 test episodes:
  - Rewards: [-21.0, -21.0, -21.0, -21.0, -21.0, -21.0, -21.0, -21.0, -21.0, -21.0]
  - Amount of actions: [764.0, 764.0, 764.0, 764.0, 764.0, 764.0, 764.0, 764.0, 764.0, 764.0]
Finished 10 test episodes:
  - Rewards: [-21.0, -21.0, -21.0, -21.0, -21.0, -21.0, -21.0, -21.0, -21.0, -21.0]
  - Amount of actions: [764.0, 764.0, 764.0, 764.0, 764.0, 764.0, 764.0, 764.0, 764.0, 764.0]
Finished 10 test episodes:
  - Rewards: [-21.0, -21.0, -21.0, -21.0, -21.0, -21.0, -21.0, -21.0, -21.0, -21.0]
  - Amount of actions: [764.0, 764.0, 764.0, 764.0, 764.0, 764.0, 764.0, 764.0, 764.0, 764.0]
Finished 10 test episodes:
  - Rewards: [-20.0, -20.0, -20.0, -20.0, -20.0, -20.0, -20.0, -20.0, -20.0, -20.0]
  - Amount of actions: [921.0, 921.0, 921.0, 921.0, 921.0, 921.0, 921.0, 921.0, 921.0, 921.0]
Finished 10 test episodes:
  - Rewards: [-21.0, -21.0, -21.0, -21.0, -21.0, -21.0, -21.0, -21.0, -21.0, -21.0]
  - Amount of actions: [764.0, 764.0, 764.0, 764.0, 764.0, 764.0, 764.0, 764.0, 764.0, 764.0]
Finished 10 test episodes:
  - Rewards: [-21.0, -21.0, -21.0, -21.0, -21.0, -21.0, -21.0, -21.0, -21.0, -21.0]
  - Amount of actions: [764.0, 764.0, 764.0, 764.0, 764.0, 764.0, 764.0, 764.0, 764.0, 764.0]
Finished 10 test episodes:
  - Rewards: [-21.0, -21.0, -21.0, -21.0, -21.0, -21.0, -21.0, -21.0, -21.0, -21.0]
  - Amount of actions: [764.0, 764.0, 764.0, 764.0, 764.0, 764.0, 764.0, 764.0, 764.0, 764.0]
Finished 10 test episodes:
  - Rewards: [-21.0, -21.0, -21.0, -21.0, -21.0, -21.0, -21.0, -21.0, -21.0, -21.0]
  - Amount of actions: [764.0, 764.0, 764.0, 764.0, 764.0, 764.0, 764.0, 764.0, 764.0, 764.0]
Finished 10 test episodes:
  - Rewards: [-21.0, -21.0, -21.0, -21.0, -21.0, -21.0, -21.0, -21.0, -21.0, -21.0]
  - Amount of actions: [1384.0, 1384.0, 1384.0, 1384.0, 1384.0, 1384.0, 1384.0, 1384.0, 1384.0, 1384.0]
Finished 10 test episodes:
  - Rewards: [-21.0, -21.0, -21.0, -21.0, -21.0, -21.0, -21.0, -21.0, -21.0, -21.0]
  - Amount of actions: [764.0, 764.0, 764.0, 764.0, 764.0, 764.0, 764.0, 764.0, 764.0, 764.0]
Finished 10 test episodes:
  - Rewards: [-21.0, -21.0, -21.0, -21.0, -21.0, -21.0, -21.0, -21.0, -21.0, -21.0]
  - Amount of actions: [764.0, 764.0, 764.0, 764.0, 764.0, 764.0, 764.0, 764.0, 764.0, 764.0]
Finished 10 test episodes:
  - Rewards: [-21.0, -21.0, -21.0, -21.0, -21.0, -21.0, -21.0, -21.0, -21.0, -21.0]
  - Amount of actions: [764.0, 764.0, 764.0, 764.0, 764.0, 764.0, 764.0, 764.0, 764.0, 764.0]
Finished 10 test episodes:
  - Rewards: [-21.0, -21.0, -21.0, -21.0, -21.0, -21.0, -21.0, -21.0, -21.0, -21.0]
  - Amount of actions: [764.0, 764.0, 764.0, 764.0, 764.0, 764.0, 764.0, 764.0, 764.0, 764.0]
Finished 10 test episodes:
  - Rewards: [-21.0, -21.0, -21.0, -21.0, -21.0, -21.0, -21.0, -21.0, -21.0, -21.0]
  - Amount of actions: [764.0, 764.0, 764.0, 764.0, 764.0, 764.0, 764.0, 764.0, 764.0, 764.0]
Finished 10 test episodes:
  - Rewards: [-21.0, -21.0, -21.0, -21.0, -21.0, -21.0, -21.0, -21.0, -21.0, -21.0]
  - Amount of actions: [764.0, 764.0, 764.0, 764.0, 764.0, 764.0, 764.0, 764.0, 764.0, 764.0]
Finished 10 test episodes:
  - Rewards: [-21.0, -21.0, -21.0, -21.0, -21.0, -21.0, -21.0, -21.0, -21.0, -21.0]
  - Amount of actions: [792.0, 792.0, 792.0, 792.0, 792.0, 792.0, 792.0, 792.0, 792.0, 792.0]
Finished 10 test episodes:
  - Rewards: [-21.0, -21.0, -21.0, -21.0, -21.0, -21.0, -21.0, -21.0, -21.0, -21.0]
  - Amount of actions: [764.0, 764.0, 764.0, 764.0, 764.0, 764.0, 764.0, 764.0, 764.0, 764.0]
Finished 10 test episodes:
  - Rewards: [-21.0, -21.0, -21.0, -21.0, -21.0, -21.0, -21.0, -21.0, -21.0, -21.0]
  - Amount of actions: [764.0, 764.0, 764.0, 764.0, 764.0, 764.0, 764.0, 764.0, 764.0, 764.0]
Finished 10 test episodes:
  - Rewards: [-21.0, -21.0, -21.0, -21.0, -21.0, -21.0, -21.0, -21.0, -21.0, -21.0]
  - Amount of actions: [764.0, 764.0, 764.0, 764.0, 764.0, 764.0, 764.0, 764.0, 764.0, 764.0]
Finished 10 test episodes:
  - Rewards: [-20.0, -20.0, -20.0, -20.0, -20.0, -20.0, -20.0, -20.0, -20.0, -20.0]
  - Amount of actions: [1832.0, 1832.0, 1832.0, 1832.0, 1832.0, 1832.0, 1832.0, 1832.0, 1832.0, 1832.0]
Finished 10 test episodes:
  - Rewards: [-21.0, -21.0, -21.0, -21.0, -21.0, -21.0, -21.0, -21.0, -21.0, -21.0]
  - Amount of actions: [764.0, 764.0, 764.0, 764.0, 764.0, 764.0, 764.0, 764.0, 764.0, 764.0]
Finished 10 test episodes:
  - Rewards: [-21.0, -21.0, -21.0, -21.0, -21.0, -21.0, -21.0, -21.0, -21.0, -21.0]
  - Amount of actions: [764.0, 764.0, 764.0, 764.0, 764.0, 764.0, 764.0, 764.0, 764.0, 764.0]
Finished 10 test episodes:
  - Rewards: [-21.0, -21.0, -21.0, -21.0, -21.0, -21.0, -21.0, -21.0, -21.0, -21.0]
  - Amount of actions: [764.0, 764.0, 764.0, 764.0, 764.0, 764.0, 764.0, 764.0, 764.0, 764.0]
Finished 10 test episodes:
  - Rewards: [-21.0, -21.0, -21.0, -21.0, -21.0, -21.0, -21.0, -21.0, -21.0, -21.0]
  - Amount of actions: [764.0, 764.0, 764.0, 764.0, 764.0, 764.0, 764.0, 764.0, 764.0, 764.0]
Finished 10 test episodes:
  - Rewards: [-21.0, -21.0, -21.0, -21.0, -21.0, -21.0, -21.0, -21.0, -21.0, -21.0]
  - Amount of actions: [764.0, 764.0, 764.0, 764.0, 764.0, 764.0, 764.0, 764.0, 764.0, 764.0]
Finished 10 test episodes:
  - Rewards: [-21.0, -21.0, -21.0, -21.0, -21.0, -21.0, -21.0, -21.0, -21.0, -21.0]
  - Amount of actions: [764.0, 764.0, 764.0, 764.0, 764.0, 764.0, 764.0, 764.0, 764.0, 764.0]
Finished 10 test episodes:
  - Rewards: [-21.0, -21.0, -21.0, -21.0, -21.0, -21.0, -21.0, -21.0, -21.0, -21.0]
  - Amount of actions: [764.0, 764.0, 764.0, 764.0, 764.0, 764.0, 764.0, 764.0, 764.0, 764.0]
Finished 10 test episodes:
  - Rewards: [-21.0, -21.0, -21.0, -21.0, -21.0, -21.0, -21.0, -21.0, -21.0, -21.0]
  - Amount of actions: [764.0, 764.0, 764.0, 764.0, 764.0, 764.0, 764.0, 764.0, 764.0, 764.0]
Finished 10 test episodes:
  - Rewards: [-21.0, -21.0, -21.0, -21.0, -21.0, -21.0, -21.0, -21.0, -21.0, -21.0]
  - Amount of actions: [764.0, 764.0, 764.0, 764.0, 764.0, 764.0, 764.0, 764.0, 764.0, 764.0]
Script fishished.
