Loaded module: python3/3.6.2
Loaded module: cuda/10.0
Loaded module: cudnn/v7.4.2.24-prod-cuda-10.0
/zhome/ad/0/108841/.local/lib/python3.6/site-packages/tensorboard/compat/tensorflow_stub/dtypes.py:541: FutureWarning: Passing (type, 1) or '1type' as a synonym of type is deprecated; in a future version of numpy, it will be understood as (type, (1,)) / '(1,)type'.
  _np_qint8 = np.dtype([("qint8", np.int8, 1)])
/zhome/ad/0/108841/.local/lib/python3.6/site-packages/tensorboard/compat/tensorflow_stub/dtypes.py:542: FutureWarning: Passing (type, 1) or '1type' as a synonym of type is deprecated; in a future version of numpy, it will be understood as (type, (1,)) / '(1,)type'.
  _np_quint8 = np.dtype([("quint8", np.uint8, 1)])
/zhome/ad/0/108841/.local/lib/python3.6/site-packages/tensorboard/compat/tensorflow_stub/dtypes.py:543: FutureWarning: Passing (type, 1) or '1type' as a synonym of type is deprecated; in a future version of numpy, it will be understood as (type, (1,)) / '(1,)type'.
  _np_qint16 = np.dtype([("qint16", np.int16, 1)])
/zhome/ad/0/108841/.local/lib/python3.6/site-packages/tensorboard/compat/tensorflow_stub/dtypes.py:544: FutureWarning: Passing (type, 1) or '1type' as a synonym of type is deprecated; in a future version of numpy, it will be understood as (type, (1,)) / '(1,)type'.
  _np_quint16 = np.dtype([("quint16", np.uint16, 1)])
/zhome/ad/0/108841/.local/lib/python3.6/site-packages/tensorboard/compat/tensorflow_stub/dtypes.py:545: FutureWarning: Passing (type, 1) or '1type' as a synonym of type is deprecated; in a future version of numpy, it will be understood as (type, (1,)) / '(1,)type'.
  _np_qint32 = np.dtype([("qint32", np.int32, 1)])
/zhome/ad/0/108841/.local/lib/python3.6/site-packages/tensorboard/compat/tensorflow_stub/dtypes.py:550: FutureWarning: Passing (type, 1) or '1type' as a synonym of type is deprecated; in a future version of numpy, it will be understood as (type, (1,)) / '(1,)type'.
  np_resource = np.dtype([("resource", np.ubyte, 1)])
Traceback (most recent call last):
  File "Pong_DDQN.py", line 113, in <module>
    memory.push(state, action, reward, next_state, done, policy_net, target_net)
  File "/zhome/ad/0/108841/Documents/DQN/pong/script_pong_per_dueling/Per.py", line 51, in push
    self.add(error, state, action, next_state, reward)
  File "/zhome/ad/0/108841/Documents/DQN/pong/script_pong_per_dueling/Per.py", line 21, in add
    self.tree.add(p, self.transition(*args))
  File "/zhome/ad/0/108841/Documents/DQN/pong/script_pong_per_dueling/SumTree.py", line 44, in add
    self.update(idx, p)
  File "/zhome/ad/0/108841/Documents/DQN/pong/script_pong_per_dueling/SumTree.py", line 58, in update
    self._propagate(idx, change)
  File "/zhome/ad/0/108841/Documents/DQN/pong/script_pong_per_dueling/SumTree.py", line 21, in _propagate
    self._propagate(parent, change)
  File "/zhome/ad/0/108841/Documents/DQN/pong/script_pong_per_dueling/SumTree.py", line 21, in _propagate
    self._propagate(parent, change)
  File "/zhome/ad/0/108841/Documents/DQN/pong/script_pong_per_dueling/SumTree.py", line 21, in _propagate
    self._propagate(parent, change)
  File "/zhome/ad/0/108841/Documents/DQN/pong/script_pong_per_dueling/SumTree.py", line 18, in _propagate
    self.tree[parent] += change
KeyboardInterrupt
