Running script...
Start using cuda

Writing to '../runs/report_runs/PER_Dueling_2019-12-17 21:07:52.611889'
Finished 10 test episodes:
  - Rewards: [-21.0, -21.0, -21.0, -21.0, -21.0, -21.0, -21.0, -21.0, -21.0, -21.0]
  - Amount of actions: [764.0, 764.0, 764.0, 764.0, 764.0, 764.0, 764.0, 764.0, 764.0, 764.0]
Epoch:  0  - Total reward:  -12.0 Episode duration:  501 Actions:  [162 173 166] Threshold:  0.9950623544007555
Model Saved 0
Finished 10 test episodes:
  - Rewards: [-21.0, -21.0, -21.0, -21.0, -21.0, -21.0, -21.0, -21.0, -21.0, -21.0]
  - Amount of actions: [764.0, 764.0, 764.0, 764.0, 764.0, 764.0, 764.0, 764.0, 764.0, 764.0]
Finished 10 test episodes:
  - Rewards: [-21.0, -21.0, -21.0, -21.0, -21.0, -21.0, -21.0, -21.0, -21.0, -21.0]
  - Amount of actions: [764.0, 764.0, 764.0, 764.0, 764.0, 764.0, 764.0, 764.0, 764.0, 764.0]
Finished 10 test episodes:
  - Rewards: [-21.0, -21.0, -21.0, -21.0, -21.0, -21.0, -21.0, -21.0, -21.0, -21.0]
  - Amount of actions: [764.0, 764.0, 764.0, 764.0, 764.0, 764.0, 764.0, 764.0, 764.0, 764.0]
Finished 10 test episodes:
  - Rewards: [-21.0, -21.0, -21.0, -21.0, -21.0, -21.0, -21.0, -21.0, -21.0, -21.0]
  - Amount of actions: [764.0, 764.0, 764.0, 764.0, 764.0, 764.0, 764.0, 764.0, 764.0, 764.0]
Finished 10 test episodes:
  - Rewards: [-21.0, -21.0, -21.0, -21.0, -21.0, -21.0, -21.0, -21.0, -21.0, -21.0]
  - Amount of actions: [764.0, 764.0, 764.0, 764.0, 764.0, 764.0, 764.0, 764.0, 764.0, 764.0]
Finished 10 test episodes:
  - Rewards: [-21.0, -21.0, -21.0, -21.0, -21.0, -21.0, -21.0, -21.0, -21.0, -21.0]
  - Amount of actions: [792.0, 764.0, 764.0, 764.0, 764.0, 764.0, 764.0, 764.0, 764.0, 764.0]
Finished 10 test episodes:
  - Rewards: [-21.0, -21.0, -21.0, -21.0, -21.0, -21.0, -21.0, -21.0, -21.0, -21.0]
  - Amount of actions: [764.0, 764.0, 764.0, 764.0, 764.0, 764.0, 764.0, 764.0, 764.0, 764.0]
Finished 10 test episodes:
  - Rewards: [-21.0, -21.0, -21.0, -21.0, -21.0, -21.0, -21.0, -21.0, -21.0, -21.0]
  - Amount of actions: [764.0, 764.0, 764.0, 764.0, 764.0, 764.0, 764.0, 764.0, 764.0, 764.0]
Finished 10 test episodes:
  - Rewards: [-21.0, -21.0, -21.0, -21.0, -21.0, -21.0, -21.0, -21.0, -21.0, -21.0]
  - Amount of actions: [764.0, 764.0, 764.0, 764.0, 764.0, 764.0, 764.0, 764.0, 764.0, 764.0]
Finished 10 test episodes:
  - Rewards: [-21.0, -21.0, -21.0, -21.0, -21.0, -21.0, -21.0, -21.0, -21.0, -21.0]
  - Amount of actions: [764.0, 764.0, 764.0, 764.0, 764.0, 764.0, 764.0, 764.0, 764.0, 764.0]
Finished 10 test episodes:
  - Rewards: [-21.0, -21.0, -21.0, -21.0, -21.0, -21.0, -21.0, -21.0, -21.0, -21.0]
  - Amount of actions: [764.0, 764.0, 764.0, 764.0, 764.0, 764.0, 764.0, 764.0, 764.0, 764.0]
Finished 10 test episodes:
  - Rewards: [-21.0, -21.0, -21.0, -21.0, -21.0, -21.0, -21.0, -21.0, -21.0, -21.0]
  - Amount of actions: [764.0, 764.0, 764.0, 764.0, 764.0, 764.0, 764.0, 764.0, 764.0, 764.0]
Finished 10 test episodes:
  - Rewards: [-21.0, -21.0, -21.0, -21.0, -21.0, -21.0, -21.0, -21.0, -21.0, -21.0]
  - Amount of actions: [764.0, 764.0, 764.0, 764.0, 764.0, 764.0, 764.0, 764.0, 764.0, 764.0]
Finished 10 test episodes:
  - Rewards: [-21.0, -21.0, -21.0, -21.0, -21.0, -21.0, -21.0, -21.0, -21.0, -21.0]
  - Amount of actions: [764.0, 764.0, 764.0, 764.0, 764.0, 764.0, 764.0, 764.0, 764.0, 764.0]
Finished 10 test episodes:
  - Rewards: [-21.0, -21.0, -21.0, -21.0, -21.0, -21.0, -21.0, -21.0, -21.0, -21.0]
  - Amount of actions: [764.0, 764.0, 764.0, 764.0, 764.0, 764.0, 764.0, 764.0, 764.0, 764.0]
Finished 10 test episodes:
  - Rewards: [-21.0, -21.0, -21.0, -21.0, -21.0, -21.0, -21.0, -21.0, -21.0, -21.0]
  - Amount of actions: [764.0, 764.0, 764.0, 764.0, 764.0, 764.0, 764.0, 764.0, 764.0, 764.0]
Finished 10 test episodes:
  - Rewards: [-21.0, -21.0, -21.0, -21.0, -21.0, -21.0, -21.0, -21.0, -21.0, -21.0]
  - Amount of actions: [764.0, 764.0, 764.0, 764.0, 764.0, 764.0, 764.0, 764.0, 764.0, 764.0]
Finished 10 test episodes:
  - Rewards: [-21.0, -21.0, -21.0, -21.0, -21.0, -21.0, -21.0, -21.0, -21.0, -21.0]
  - Amount of actions: [764.0, 764.0, 764.0, 764.0, 764.0, 764.0, 764.0, 764.0, 764.0, 764.0]
Finished 10 test episodes:
  - Rewards: [-21.0, -21.0, -21.0, -21.0, -21.0, -21.0, -21.0, -21.0, -21.0, -21.0]
  - Amount of actions: [783.0, 783.0, 783.0, 783.0, 783.0, 783.0, 783.0, 783.0, 783.0, 783.0]
Finished 10 test episodes:
  - Rewards: [-21.0, -21.0, -21.0, -21.0, -21.0, -21.0, -21.0, -21.0, -21.0, -21.0]
  - Amount of actions: [764.0, 764.0, 764.0, 764.0, 764.0, 764.0, 764.0, 764.0, 764.0, 764.0]
Finished 10 test episodes:
  - Rewards: [-21.0, -21.0, -21.0, -21.0, -21.0, -21.0, -21.0, -21.0, -21.0, -21.0]
  - Amount of actions: [852.0, 852.0, 852.0, 852.0, 852.0, 852.0, 852.0, 852.0, 852.0, 852.0]
Finished 10 test episodes:
  - Rewards: [-21.0, -21.0, -21.0, -21.0, -21.0, -21.0, -21.0, -21.0, -21.0, -21.0]
  - Amount of actions: [764.0, 764.0, 764.0, 764.0, 764.0, 764.0, 764.0, 764.0, 764.0, 764.0]
Finished 10 test episodes:
  - Rewards: [-21.0, -21.0, -21.0, -21.0, -21.0, -21.0, -21.0, -21.0, -21.0, -21.0]
  - Amount of actions: [764.0, 764.0, 764.0, 764.0, 764.0, 764.0, 764.0, 764.0, 764.0, 764.0]
Finished 10 test episodes:
  - Rewards: [-21.0, -21.0, -21.0, -21.0, -21.0, -21.0, -21.0, -21.0, -21.0, -21.0]
  - Amount of actions: [764.0, 764.0, 764.0, 764.0, 764.0, 764.0, 764.0, 764.0, 764.0, 764.0]
Finished 10 test episodes:
  - Rewards: [-21.0, -21.0, -21.0, -21.0, -21.0, -21.0, -21.0, -21.0, -21.0, -21.0]
  - Amount of actions: [764.0, 764.0, 764.0, 764.0, 764.0, 764.0, 764.0, 764.0, 764.0, 764.0]
Finished 10 test episodes:
  - Rewards: [-21.0, -21.0, -21.0, -21.0, -21.0, -21.0, -21.0, -21.0, -21.0, -21.0]
  - Amount of actions: [764.0, 764.0, 764.0, 764.0, 764.0, 764.0, 764.0, 764.0, 764.0, 764.0]
Finished 10 test episodes:
  - Rewards: [-21.0, -21.0, -21.0, -21.0, -21.0, -21.0, -21.0, -21.0, -21.0, -21.0]
  - Amount of actions: [764.0, 764.0, 764.0, 764.0, 764.0, 764.0, 764.0, 764.0, 764.0, 764.0]
Finished 10 test episodes:
  - Rewards: [-21.0, -21.0, -21.0, -21.0, -21.0, -21.0, -21.0, -21.0, -21.0, -21.0]
  - Amount of actions: [764.0, 1964.0, 1964.0, 1964.0, 1964.0, 1964.0, 1964.0, 1964.0, 1964.0, 1964.0]
Finished 10 test episodes:
  - Rewards: [-21.0, -21.0, -21.0, -21.0, -21.0, -21.0, -21.0, -21.0, -21.0, -21.0]
  - Amount of actions: [764.0, 764.0, 764.0, 764.0, 764.0, 764.0, 764.0, 764.0, 764.0, 764.0]
Finished 10 test episodes:
  - Rewards: [-21.0, -21.0, -21.0, -21.0, -21.0, -21.0, -21.0, -21.0, -21.0, -21.0]
  - Amount of actions: [824.0, 824.0, 824.0, 824.0, 824.0, 824.0, 824.0, 824.0, 824.0, 824.0]
Finished 10 test episodes:
  - Rewards: [-21.0, -21.0, -21.0, -21.0, -21.0, -21.0, -21.0, -21.0, -21.0, -21.0]
  - Amount of actions: [764.0, 764.0, 764.0, 764.0, 764.0, 764.0, 764.0, 764.0, 764.0, 764.0]
Finished 10 test episodes:
  - Rewards: [-21.0, -21.0, -21.0, -21.0, -21.0, -21.0, -21.0, -21.0, -21.0, -21.0]
  - Amount of actions: [764.0, 764.0, 764.0, 764.0, 764.0, 764.0, 764.0, 764.0, 764.0, 764.0]
Finished 10 test episodes:
  - Rewards: [-21.0, -21.0, -21.0, -21.0, -21.0, -21.0, -21.0, -21.0, -21.0, -21.0]
  - Amount of actions: [764.0, 764.0, 764.0, 764.0, 764.0, 764.0, 764.0, 764.0, 764.0, 764.0]
Finished 10 test episodes:
  - Rewards: [-21.0, -21.0, -21.0, -21.0, -21.0, -21.0, -21.0, -21.0, -21.0, -21.0]
  - Amount of actions: [764.0, 764.0, 764.0, 764.0, 764.0, 764.0, 764.0, 764.0, 764.0, 764.0]
Finished 10 test episodes:
  - Rewards: [-21.0, -21.0, -21.0, -21.0, -21.0, -21.0, -21.0, -21.0, -21.0, -21.0]
  - Amount of actions: [764.0, 764.0, 764.0, 764.0, 764.0, 764.0, 764.0, 764.0, 764.0, 764.0]
Finished 10 test episodes:
  - Rewards: [-21.0, -21.0, -21.0, -21.0, -21.0, -21.0, -21.0, -21.0, -21.0, -21.0]
  - Amount of actions: [764.0, 764.0, 764.0, 764.0, 764.0, 764.0, 764.0, 764.0, 764.0, 764.0]
Finished 10 test episodes:
  - Rewards: [-21.0, -21.0, -21.0, -21.0, -21.0, -21.0, -21.0, -21.0, -21.0, -21.0]
  - Amount of actions: [764.0, 764.0, 764.0, 764.0, 764.0, 764.0, 764.0, 764.0, 764.0, 764.0]
Finished 10 test episodes:
  - Rewards: [-21.0, -21.0, -21.0, -21.0, -21.0, -21.0, -21.0, -21.0, -21.0, -21.0]
  - Amount of actions: [764.0, 764.0, 764.0, 764.0, 764.0, 764.0, 764.0, 764.0, 764.0, 764.0]
Finished 10 test episodes:
  - Rewards: [-21.0, -21.0, -21.0, -21.0, -21.0, -21.0, -21.0, -21.0, -21.0, -21.0]
  - Amount of actions: [764.0, 764.0, 764.0, 764.0, 764.0, 764.0, 764.0, 764.0, 764.0, 764.0]
Finished 10 test episodes:
  - Rewards: [-21.0, -21.0, -21.0, -21.0, -21.0, -21.0, -21.0, -21.0, -21.0, -21.0]
  - Amount of actions: [764.0, 764.0, 764.0, 764.0, 764.0, 764.0, 764.0, 764.0, 764.0, 764.0]
Finished 10 test episodes:
  - Rewards: [-21.0, -21.0, -21.0, -21.0, -21.0, -21.0, -21.0, -21.0, -21.0, -21.0]
  - Amount of actions: [764.0, 764.0, 764.0, 764.0, 764.0, 764.0, 764.0, 764.0, 764.0, 764.0]
Finished 10 test episodes:
  - Rewards: [-21.0, -21.0, -21.0, -21.0, -21.0, -21.0, -21.0, -21.0, -21.0, -21.0]
  - Amount of actions: [764.0, 764.0, 764.0, 764.0, 764.0, 764.0, 764.0, 764.0, 764.0, 764.0]
Finished 10 test episodes:
  - Rewards: [-21.0, -21.0, -21.0, -21.0, -21.0, -21.0, -21.0, -21.0, -21.0, -21.0]
  - Amount of actions: [764.0, 764.0, 764.0, 764.0, 764.0, 764.0, 764.0, 764.0, 764.0, 764.0]
Finished 10 test episodes:
  - Rewards: [-21.0, -21.0, -21.0, -21.0, -21.0, -21.0, -21.0, -21.0, -21.0, -21.0]
  - Amount of actions: [824.0, 824.0, 824.0, 824.0, 824.0, 824.0, 824.0, 824.0, 824.0, 824.0]
Finished 10 test episodes:
  - Rewards: [-21.0, -21.0, -21.0, -21.0, -21.0, -21.0, -21.0, -21.0, -21.0, -21.0]
  - Amount of actions: [824.0, 824.0, 824.0, 824.0, 824.0, 824.0, 824.0, 824.0, 824.0, 824.0]
Finished 10 test episodes:
  - Rewards: [-20.0, -20.0, -20.0, -20.0, -20.0, -20.0, -20.0, -20.0, -20.0, -20.0]
  - Amount of actions: [842.0, 842.0, 842.0, 842.0, 842.0, 842.0, 842.0, 842.0, 842.0, 842.0]
Script fishished.
