Running script...
Start using cuda

Writing to '../runs/report_runs/Dueling_2019-12-17 21:07:18.370818'
Finished 10 test episodes:
  - Rewards: [-21.0, -21.0, -21.0, -21.0, -21.0, -21.0, -21.0, -21.0, -21.0, -21.0]
  - Amount of actions: [764.0, 764.0, 764.0, 764.0, 764.0, 764.0, 764.0, 764.0, 764.0, 764.0]
Epoch:  0  - Total reward:  -13.0 Episode duration:  501 Actions:  [165 193 143] Threshold:  0.9950623544007555
Model Saved 0
Finished 10 test episodes:
  - Rewards: [-21.0, -21.0, -21.0, -21.0, -21.0, -21.0, -21.0, -21.0, -21.0, -21.0]
  - Amount of actions: [764.0, 764.0, 764.0, 764.0, 764.0, 764.0, 764.0, 764.0, 764.0, 764.0]
Finished 10 test episodes:
  - Rewards: [-21.0, -21.0, -21.0, -21.0, -21.0, -21.0, -21.0, -21.0, -21.0, -21.0]
  - Amount of actions: [764.0, 764.0, 764.0, 764.0, 764.0, 764.0, 764.0, 764.0, 764.0, 764.0]
Finished 10 test episodes:
  - Rewards: [-21.0, -21.0, -21.0, -21.0, -21.0, -21.0, -21.0, -21.0, -21.0, -21.0]
  - Amount of actions: [764.0, 764.0, 764.0, 764.0, 764.0, 764.0, 764.0, 764.0, 764.0, 764.0]
Finished 10 test episodes:
  - Rewards: [-21.0, -21.0, -21.0, -21.0, -21.0, -21.0, -21.0, -21.0, -21.0, -21.0]
  - Amount of actions: [764.0, 764.0, 764.0, 764.0, 764.0, 764.0, 764.0, 764.0, 764.0, 764.0]
Finished 10 test episodes:
  - Rewards: [-21.0, -21.0, -21.0, -21.0, -21.0, -21.0, -21.0, -21.0, -21.0, -21.0]
  - Amount of actions: [764.0, 764.0, 764.0, 764.0, 764.0, 764.0, 764.0, 764.0, 764.0, 764.0]
Finished 10 test episodes:
  - Rewards: [-21.0, -21.0, -21.0, -21.0, -21.0, -21.0, -21.0, -21.0, -21.0, -21.0]
  - Amount of actions: [764.0, 764.0, 764.0, 764.0, 764.0, 764.0, 764.0, 764.0, 764.0, 764.0]
Finished 10 test episodes:
  - Rewards: [-21.0, -21.0, -21.0, -21.0, -21.0, -21.0, -21.0, -21.0, -21.0, -21.0]
  - Amount of actions: [1544.0, 1544.0, 1544.0, 1544.0, 1544.0, 1544.0, 1544.0, 1544.0, 1544.0, 1544.0]
Finished 10 test episodes:
  - Rewards: [-21.0, -21.0, -21.0, -21.0, -21.0, -21.0, -21.0, -21.0, -21.0, -21.0]
  - Amount of actions: [764.0, 764.0, 764.0, 764.0, 764.0, 764.0, 764.0, 764.0, 764.0, 764.0]
Finished 10 test episodes:
  - Rewards: [-21.0, -21.0, -21.0, -21.0, -21.0, -21.0, -21.0, -21.0, -21.0, -21.0]
  - Amount of actions: [764.0, 764.0, 764.0, 764.0, 764.0, 764.0, 764.0, 764.0, 764.0, 764.0]
Finished 10 test episodes:
  - Rewards: [-21.0, -21.0, -21.0, -21.0, -21.0, -21.0, -21.0, -21.0, -21.0, -21.0]
  - Amount of actions: [764.0, 764.0, 764.0, 764.0, 764.0, 764.0, 764.0, 764.0, 764.0, 764.0]
Finished 10 test episodes:
  - Rewards: [-21.0, -21.0, -21.0, -21.0, -21.0, -21.0, -21.0, -21.0, -21.0, -21.0]
  - Amount of actions: [824.0, 824.0, 824.0, 824.0, 824.0, 824.0, 824.0, 824.0, 824.0, 824.0]
Finished 10 test episodes:
  - Rewards: [-21.0, -21.0, -21.0, -21.0, -21.0, -21.0, -21.0, -21.0, -21.0, -21.0]
  - Amount of actions: [764.0, 764.0, 764.0, 764.0, 764.0, 764.0, 764.0, 764.0, 764.0, 764.0]
Finished 10 test episodes:
  - Rewards: [-21.0, -21.0, -21.0, -21.0, -21.0, -21.0, -21.0, -21.0, -21.0, -21.0]
  - Amount of actions: [764.0, 764.0, 764.0, 764.0, 764.0, 764.0, 764.0, 764.0, 764.0, 764.0]
Finished 10 test episodes:
  - Rewards: [-21.0, -21.0, -21.0, -21.0, -21.0, -21.0, -21.0, -21.0, -21.0, -21.0]
  - Amount of actions: [764.0, 764.0, 764.0, 764.0, 764.0, 764.0, 764.0, 764.0, 764.0, 764.0]
Finished 10 test episodes:
  - Rewards: [-21.0, -21.0, -21.0, -21.0, -21.0, -21.0, -21.0, -21.0, -21.0, -21.0]
  - Amount of actions: [764.0, 764.0, 764.0, 764.0, 764.0, 764.0, 764.0, 764.0, 764.0, 764.0]
Finished 10 test episodes:
  - Rewards: [-21.0, -21.0, -21.0, -21.0, -21.0, -21.0, -21.0, -21.0, -21.0, -21.0]
  - Amount of actions: [764.0, 764.0, 764.0, 764.0, 764.0, 764.0, 764.0, 764.0, 764.0, 764.0]
Finished 10 test episodes:
  - Rewards: [-21.0, -21.0, -21.0, -21.0, -21.0, -21.0, -21.0, -21.0, -21.0, -21.0]
  - Amount of actions: [764.0, 764.0, 764.0, 764.0, 764.0, 764.0, 764.0, 764.0, 764.0, 764.0]
Finished 10 test episodes:
  - Rewards: [-21.0, -21.0, -21.0, -21.0, -21.0, -21.0, -21.0, -21.0, -21.0, -21.0]
  - Amount of actions: [764.0, 764.0, 764.0, 764.0, 764.0, 764.0, 764.0, 764.0, 764.0, 764.0]
Finished 10 test episodes:
  - Rewards: [-21.0, -21.0, -21.0, -21.0, -21.0, -21.0, -21.0, -21.0, -21.0, -21.0]
  - Amount of actions: [764.0, 764.0, 764.0, 764.0, 764.0, 764.0, 764.0, 764.0, 764.0, 764.0]
Finished 10 test episodes:
  - Rewards: [-21.0, -21.0, -21.0, -21.0, -21.0, -21.0, -21.0, -21.0, -21.0, -21.0]
  - Amount of actions: [764.0, 764.0, 764.0, 764.0, 764.0, 764.0, 764.0, 764.0, 764.0, 764.0]
Finished 10 test episodes:
  - Rewards: [-21.0, -21.0, -21.0, -21.0, -21.0, -21.0, -21.0, -21.0, -21.0, -21.0]
  - Amount of actions: [764.0, 764.0, 764.0, 764.0, 764.0, 764.0, 764.0, 764.0, 764.0, 764.0]
Finished 10 test episodes:
  - Rewards: [-21.0, -21.0, -21.0, -21.0, -21.0, -21.0, -21.0, -21.0, -21.0, -21.0]
  - Amount of actions: [764.0, 764.0, 764.0, 764.0, 764.0, 764.0, 764.0, 764.0, 764.0, 764.0]
Finished 10 test episodes:
  - Rewards: [-21.0, -21.0, -21.0, -21.0, -21.0, -21.0, -21.0, -21.0, -21.0, -21.0]
  - Amount of actions: [764.0, 764.0, 764.0, 764.0, 764.0, 764.0, 764.0, 764.0, 764.0, 764.0]
Finished 10 test episodes:
  - Rewards: [-21.0, -21.0, -21.0, -21.0, -21.0, -21.0, -21.0, -21.0, -21.0, -21.0]
  - Amount of actions: [764.0, 764.0, 764.0, 764.0, 764.0, 764.0, 764.0, 764.0, 764.0, 764.0]
Finished 10 test episodes:
  - Rewards: [-21.0, -21.0, -21.0, -21.0, -21.0, -21.0, -21.0, -21.0, -21.0, -21.0]
  - Amount of actions: [764.0, 764.0, 764.0, 764.0, 764.0, 764.0, 764.0, 764.0, 764.0, 764.0]
Finished 10 test episodes:
  - Rewards: [-21.0, -21.0, -21.0, -21.0, -21.0, -21.0, -21.0, -21.0, -21.0, -21.0]
  - Amount of actions: [764.0, 764.0, 764.0, 764.0, 764.0, 764.0, 764.0, 764.0, 764.0, 764.0]
Finished 10 test episodes:
  - Rewards: [-21.0, -21.0, -21.0, -21.0, -21.0, -21.0, -21.0, -21.0, -21.0, -21.0]
  - Amount of actions: [764.0, 764.0, 764.0, 764.0, 764.0, 764.0, 764.0, 764.0, 764.0, 764.0]
Finished 10 test episodes:
  - Rewards: [-21.0, -21.0, -21.0, -21.0, -21.0, -21.0, -21.0, -21.0, -21.0, -21.0]
  - Amount of actions: [764.0, 764.0, 764.0, 764.0, 764.0, 764.0, 764.0, 764.0, 764.0, 764.0]
Finished 10 test episodes:
  - Rewards: [-21.0, -21.0, -21.0, -21.0, -21.0, -21.0, -21.0, -21.0, -21.0, -21.0]
  - Amount of actions: [843.0, 843.0, 843.0, 843.0, 843.0, 843.0, 843.0, 843.0, 843.0, 843.0]
Finished 10 test episodes:
  - Rewards: [-21.0, -21.0, -21.0, -21.0, -21.0, -21.0, -21.0, -21.0, -21.0, -21.0]
  - Amount of actions: [764.0, 764.0, 764.0, 764.0, 764.0, 764.0, 764.0, 764.0, 764.0, 764.0]
Finished 10 test episodes:
  - Rewards: [-21.0, -21.0, -21.0, -21.0, -21.0, -21.0, -21.0, -21.0, -21.0, -21.0]
  - Amount of actions: [764.0, 764.0, 764.0, 764.0, 764.0, 764.0, 764.0, 764.0, 764.0, 764.0]
Finished 10 test episodes:
  - Rewards: [-21.0, -21.0, -21.0, -21.0, -21.0, -21.0, -21.0, -21.0, -21.0, -21.0]
  - Amount of actions: [764.0, 764.0, 764.0, 764.0, 764.0, 764.0, 764.0, 764.0, 764.0, 764.0]
Finished 10 test episodes:
  - Rewards: [-21.0, -21.0, -21.0, -21.0, -21.0, -21.0, -21.0, -21.0, -21.0, -21.0]
  - Amount of actions: [764.0, 764.0, 764.0, 764.0, 764.0, 764.0, 764.0, 764.0, 764.0, 764.0]
Finished 10 test episodes:
  - Rewards: [-21.0, -21.0, -21.0, -21.0, -21.0, -21.0, -21.0, -21.0, -21.0, -21.0]
  - Amount of actions: [824.0, 824.0, 824.0, 824.0, 824.0, 824.0, 824.0, 824.0, 824.0, 824.0]
Finished 10 test episodes:
  - Rewards: [-20.0, -20.0, -20.0, -20.0, -20.0, -20.0, -20.0, -20.0, -20.0, -20.0]
  - Amount of actions: [898.0, 898.0, 898.0, 898.0, 898.0, 898.0, 898.0, 898.0, 898.0, 898.0]
Finished 10 test episodes:
  - Rewards: [-21.0, -21.0, -21.0, -21.0, -21.0, -21.0, -21.0, -21.0, -21.0, -21.0]
  - Amount of actions: [764.0, 764.0, 764.0, 764.0, 764.0, 764.0, 764.0, 764.0, 764.0, 764.0]
Finished 10 test episodes:
  - Rewards: [-21.0, -21.0, -21.0, -21.0, -21.0, -21.0, -21.0, -21.0, -21.0, -21.0]
  - Amount of actions: [764.0, 764.0, 764.0, 764.0, 764.0, 764.0, 764.0, 764.0, 764.0, 764.0]
Finished 10 test episodes:
  - Rewards: [-21.0, -21.0, -21.0, -21.0, -21.0, -21.0, -21.0, -21.0, -21.0, -21.0]
  - Amount of actions: [764.0, 764.0, 764.0, 764.0, 764.0, 764.0, 764.0, 764.0, 764.0, 764.0]
Finished 10 test episodes:
  - Rewards: [-21.0, -21.0, -21.0, -21.0, -21.0, -21.0, -21.0, -21.0, -21.0, -21.0]
  - Amount of actions: [764.0, 764.0, 764.0, 764.0, 764.0, 764.0, 764.0, 764.0, 764.0, 764.0]
Finished 10 test episodes:
  - Rewards: [-21.0, -21.0, -21.0, -21.0, -21.0, -21.0, -21.0, -21.0, -21.0, -21.0]
  - Amount of actions: [764.0, 764.0, 764.0, 764.0, 764.0, 764.0, 764.0, 764.0, 764.0, 764.0]
Finished 10 test episodes:
  - Rewards: [-21.0, -21.0, -21.0, -21.0, -21.0, -21.0, -21.0, -21.0, -21.0, -21.0]
  - Amount of actions: [764.0, 764.0, 764.0, 764.0, 764.0, 764.0, 764.0, 764.0, 764.0, 764.0]
Finished 10 test episodes:
  - Rewards: [-21.0, -21.0, -21.0, -21.0, -21.0, -21.0, -21.0, -21.0, -21.0, -21.0]
  - Amount of actions: [764.0, 764.0, 764.0, 764.0, 764.0, 764.0, 764.0, 764.0, 764.0, 764.0]
Finished 10 test episodes:
  - Rewards: [-21.0, -21.0, -21.0, -21.0, -21.0, -21.0, -21.0, -21.0, -21.0, -21.0]
  - Amount of actions: [764.0, 764.0, 764.0, 764.0, 764.0, 764.0, 764.0, 764.0, 764.0, 764.0]
Finished 10 test episodes:
  - Rewards: [-21.0, -21.0, -21.0, -21.0, -21.0, -21.0, -21.0, -21.0, -21.0, -21.0]
  - Amount of actions: [764.0, 764.0, 764.0, 764.0, 764.0, 764.0, 764.0, 764.0, 764.0, 764.0]
Finished 10 test episodes:
  - Rewards: [-21.0, -21.0, -21.0, -21.0, -21.0, -21.0, -21.0, -21.0, -21.0, -21.0]
  - Amount of actions: [764.0, 764.0, 764.0, 764.0, 764.0, 764.0, 764.0, 764.0, 764.0, 764.0]
Finished 10 test episodes:
  - Rewards: [-21.0, -21.0, -21.0, -21.0, -21.0, -21.0, -21.0, -21.0, -21.0, -21.0]
  - Amount of actions: [764.0, 764.0, 764.0, 764.0, 764.0, 764.0, 764.0, 764.0, 764.0, 764.0]
Finished 10 test episodes:
  - Rewards: [-21.0, -21.0, -21.0, -21.0, -21.0, -21.0, -21.0, -21.0, -21.0, -21.0]
  - Amount of actions: [824.0, 824.0, 824.0, 824.0, 824.0, 824.0, 824.0, 824.0, 824.0, 824.0]
Finished 10 test episodes:
  - Rewards: [-21.0, -21.0, -21.0, -21.0, -21.0, -21.0, -21.0, -21.0, -21.0, -21.0]
  - Amount of actions: [764.0, 764.0, 764.0, 764.0, 764.0, 764.0, 764.0, 764.0, 764.0, 764.0]
Finished 10 test episodes:
  - Rewards: [-21.0, -21.0, -21.0, -21.0, -21.0, -21.0, -21.0, -21.0, -21.0, -21.0]
  - Amount of actions: [764.0, 764.0, 764.0, 764.0, 764.0, 764.0, 764.0, 764.0, 764.0, 764.0]
Finished 10 test episodes:
  - Rewards: [-21.0, -21.0, -21.0, -21.0, -21.0, -21.0, -21.0, -21.0, -21.0, -21.0]
  - Amount of actions: [764.0, 764.0, 764.0, 764.0, 764.0, 764.0, 764.0, 764.0, 764.0, 764.0]
Finished 10 test episodes:
  - Rewards: [-21.0, -21.0, -21.0, -21.0, -21.0, -21.0, -21.0, -21.0, -21.0, -21.0]
  - Amount of actions: [764.0, 764.0, 764.0, 764.0, 764.0, 764.0, 764.0, 764.0, 764.0, 764.0]
Finished 10 test episodes:
  - Rewards: [-21.0, -21.0, -21.0, -21.0, -21.0, -21.0, -21.0, -21.0, -21.0, -21.0]
  - Amount of actions: [764.0, 764.0, 764.0, 764.0, 764.0, 764.0, 764.0, 764.0, 764.0, 764.0]
Finished 10 test episodes:
  - Rewards: [-21.0, -21.0, -21.0, -21.0, -21.0, -21.0, -21.0, -21.0, -21.0, -21.0]
  - Amount of actions: [764.0, 764.0, 764.0, 764.0, 764.0, 764.0, 764.0, 764.0, 764.0, 764.0]
Finished 10 test episodes:
  - Rewards: [-21.0, -21.0, -21.0, -21.0, -21.0, -21.0, -21.0, -21.0, -21.0, -21.0]
  - Amount of actions: [764.0, 764.0, 764.0, 764.0, 764.0, 764.0, 764.0, 764.0, 764.0, 764.0]
Finished 10 test episodes:
  - Rewards: [-21.0, -21.0, -21.0, -21.0, -21.0, -21.0, -21.0, -21.0, -21.0, -21.0]
  - Amount of actions: [764.0, 764.0, 764.0, 764.0, 764.0, 764.0, 764.0, 764.0, 764.0, 764.0]
Finished 10 test episodes:
  - Rewards: [-21.0, -21.0, -21.0, -21.0, -21.0, -21.0, -21.0, -21.0, -21.0, -21.0]
  - Amount of actions: [764.0, 764.0, 764.0, 764.0, 764.0, 764.0, 764.0, 764.0, 764.0, 764.0]
Finished 10 test episodes:
  - Rewards: [-21.0, -21.0, -21.0, -21.0, -21.0, -21.0, -21.0, -21.0, -21.0, -21.0]
  - Amount of actions: [764.0, 764.0, 764.0, 764.0, 764.0, 764.0, 764.0, 764.0, 764.0, 764.0]
Finished 10 test episodes:
  - Rewards: [-21.0, -21.0, -21.0, -21.0, -21.0, -21.0, -21.0, -21.0, -21.0, -21.0]
  - Amount of actions: [764.0, 764.0, 764.0, 764.0, 764.0, 764.0, 764.0, 764.0, 764.0, 764.0]
Finished 10 test episodes:
  - Rewards: [-21.0, -21.0, -21.0, -21.0, -21.0, -21.0, -21.0, -21.0, -21.0, -21.0]
  - Amount of actions: [1344.0, 1344.0, 1344.0, 1344.0, 1344.0, 1344.0, 1344.0, 1344.0, 1344.0, 1344.0]
Finished 10 test episodes:
  - Rewards: [-21.0, -21.0, -21.0, -21.0, -21.0, -21.0, -21.0, -21.0, -21.0, -21.0]
  - Amount of actions: [764.0, 764.0, 764.0, 764.0, 764.0, 764.0, 764.0, 764.0, 764.0, 764.0]
Finished 10 test episodes:
  - Rewards: [-21.0, -21.0, -21.0, -21.0, -21.0, -21.0, -21.0, -21.0, -21.0, -21.0]
  - Amount of actions: [824.0, 824.0, 824.0, 824.0, 824.0, 824.0, 824.0, 824.0, 824.0, 824.0]
Finished 10 test episodes:
  - Rewards: [-21.0, -21.0, -21.0, -21.0, -21.0, -21.0, -21.0, -21.0, -21.0, -21.0]
  - Amount of actions: [764.0, 764.0, 764.0, 764.0, 764.0, 764.0, 764.0, 764.0, 764.0, 764.0]
Finished 10 test episodes:
  - Rewards: [-21.0, -21.0, -21.0, -21.0, -21.0, -21.0, -21.0, -21.0, -21.0, -21.0]
  - Amount of actions: [824.0, 824.0, 824.0, 824.0, 824.0, 824.0, 824.0, 824.0, 824.0, 824.0]
Finished 10 test episodes:
  - Rewards: [-21.0, -21.0, -21.0, -21.0, -21.0, -21.0, -21.0, -21.0, -21.0, -21.0]
  - Amount of actions: [764.0, 764.0, 764.0, 764.0, 764.0, 764.0, 764.0, 764.0, 764.0, 764.0]
Finished 10 test episodes:
  - Rewards: [-21.0, -21.0, -21.0, -21.0, -21.0, -21.0, -21.0, -21.0, -21.0, -21.0]
  - Amount of actions: [764.0, 764.0, 764.0, 764.0, 764.0, 764.0, 764.0, 764.0, 764.0, 764.0]
Finished 10 test episodes:
  - Rewards: [-21.0, -21.0, -21.0, -21.0, -21.0, -21.0, -21.0, -21.0, -21.0, -21.0]
  - Amount of actions: [764.0, 764.0, 764.0, 764.0, 764.0, 764.0, 764.0, 764.0, 764.0, 764.0]
Finished 10 test episodes:
  - Rewards: [-21.0, -21.0, -21.0, -21.0, -21.0, -21.0, -21.0, -21.0, -21.0, -21.0]
  - Amount of actions: [764.0, 764.0, 764.0, 764.0, 764.0, 764.0, 764.0, 764.0, 764.0, 764.0]
Finished 10 test episodes:
  - Rewards: [-21.0, -21.0, -21.0, -21.0, -21.0, -21.0, -21.0, -21.0, -21.0, -21.0]
  - Amount of actions: [764.0, 764.0, 764.0, 764.0, 764.0, 764.0, 764.0, 764.0, 764.0, 764.0]
Finished 10 test episodes:
  - Rewards: [-21.0, -21.0, -21.0, -21.0, -21.0, -21.0, -21.0, -21.0, -21.0, -21.0]
  - Amount of actions: [764.0, 764.0, 764.0, 764.0, 764.0, 764.0, 764.0, 764.0, 764.0, 764.0]
Finished 10 test episodes:
  - Rewards: [-21.0, -21.0, -21.0, -21.0, -21.0, -21.0, -21.0, -21.0, -21.0, -21.0]
  - Amount of actions: [764.0, 764.0, 764.0, 764.0, 764.0, 764.0, 764.0, 764.0, 764.0, 764.0]
Finished 10 test episodes:
  - Rewards: [-21.0, -21.0, -21.0, -21.0, -21.0, -21.0, -21.0, -21.0, -21.0, -21.0]
  - Amount of actions: [824.0, 824.0, 824.0, 824.0, 824.0, 824.0, 824.0, 824.0, 824.0, 824.0]
Finished 10 test episodes:
  - Rewards: [-21.0, -21.0, -21.0, -21.0, -21.0, -21.0, -21.0, -21.0, -21.0, -21.0]
  - Amount of actions: [764.0, 764.0, 764.0, 764.0, 764.0, 764.0, 764.0, 764.0, 764.0, 764.0]
Finished 10 test episodes:
  - Rewards: [-21.0, -21.0, -21.0, -21.0, -21.0, -21.0, -21.0, -21.0, -21.0, -21.0]
  - Amount of actions: [764.0, 764.0, 764.0, 764.0, 764.0, 764.0, 764.0, 764.0, 764.0, 764.0]
Finished 10 test episodes:
  - Rewards: [-21.0, -21.0, -21.0, -21.0, -21.0, -21.0, -21.0, -21.0, -21.0, -21.0]
  - Amount of actions: [764.0, 764.0, 764.0, 764.0, 764.0, 764.0, 764.0, 764.0, 764.0, 764.0]
Finished 10 test episodes:
  - Rewards: [-21.0, -21.0, -21.0, -21.0, -21.0, -21.0, -21.0, -21.0, -21.0, -21.0]
  - Amount of actions: [764.0, 764.0, 764.0, 764.0, 764.0, 764.0, 764.0, 764.0, 764.0, 764.0]
Finished 10 test episodes:
  - Rewards: [-21.0, -21.0, -21.0, -21.0, -21.0, -21.0, -21.0, -21.0, -21.0, -21.0]
  - Amount of actions: [764.0, 764.0, 764.0, 764.0, 764.0, 764.0, 764.0, 764.0, 764.0, 764.0]
Finished 10 test episodes:
  - Rewards: [-21.0, -21.0, -21.0, -21.0, -21.0, -21.0, -21.0, -21.0, -21.0, -21.0]
  - Amount of actions: [764.0, 764.0, 764.0, 764.0, 764.0, 764.0, 764.0, 764.0, 764.0, 764.0]
Finished 10 test episodes:
  - Rewards: [-21.0, -21.0, -21.0, -21.0, -21.0, -21.0, -21.0, -21.0, -21.0, -21.0]
  - Amount of actions: [764.0, 764.0, 764.0, 764.0, 764.0, 764.0, 764.0, 764.0, 764.0, 764.0]
Finished 10 test episodes:
  - Rewards: [-21.0, -21.0, -21.0, -21.0, -21.0, -21.0, -21.0, -21.0, -21.0, -21.0]
  - Amount of actions: [764.0, 764.0, 764.0, 764.0, 764.0, 764.0, 764.0, 764.0, 764.0, 764.0]
Finished 10 test episodes:
  - Rewards: [-21.0, -21.0, -21.0, -21.0, -21.0, -21.0, -21.0, -21.0, -21.0, -21.0]
  - Amount of actions: [764.0, 764.0, 764.0, 764.0, 764.0, 764.0, 764.0, 764.0, 764.0, 764.0]
Script fishished.
