Running script...
Start using cuda

Writing to '../runs/report_runs/PER_Dueling_2019-12-18 21:03:26.626469'
test1 1 0 0.0
Finished 10 test episodes:
  - Rewards: [-21.0, -21.0, -21.0, -21.0, -21.0, -21.0, -21.0, -21.0, -21.0, -21.0]
  - Amount of actions: [764.0, 764.0, 764.0, 764.0, 764.0, 764.0, 764.0, 764.0, 764.0, 764.0]
test2 749 0 -21.0
Epoch:  0  - Total reward:  -21.0 Episode duration:  749 Actions:  [268 253 228] Threshold:  0.9926224265229543
Model Saved 0
test2 1576 1 -20.0
test2 2476 2 -21.0
test1 2500 3 0.0
Finished 10 test episodes:
  - Rewards: [-20.0, -20.0, -20.0, -20.0, -20.0, -20.0, -20.0, -20.0, -20.0, -20.0]
  - Amount of actions: [842.0, 842.0, 842.0, 842.0, 842.0, 842.0, 842.0, 842.0, 842.0, 842.0]
test2 3651 3 -20.0
test2 4400 4 -21.0
test1 5000 5 -12.0
Finished 10 test episodes:
  - Rewards: [-21.0, -21.0, -21.0, -21.0, -21.0, -21.0, -21.0, -21.0, -21.0, -21.0]
  - Amount of actions: [764.0, 764.0, 764.0, 764.0, 764.0, 764.0, 764.0, 764.0, 764.0, 764.0]
test2 5301 5 -21.0
test2 6248 6 -20.0
test2 7163 7 -20.0
test1 7500 8 -9.0
Finished 10 test episodes:
  - Rewards: [-21.0, -21.0, -21.0, -21.0, -21.0, -21.0, -21.0, -21.0, -21.0, -21.0]
  - Amount of actions: [764.0, 764.0, 764.0, 764.0, 764.0, 764.0, 764.0, 764.0, 764.0, 764.0]
test2 8078 8 -20.0
test2 8947 9 -21.0
test1 10000 10 -17.0
Finished 10 test episodes:
  - Rewards: [-21.0, -21.0, -21.0, -21.0, -21.0, -21.0, -21.0, -21.0, -21.0, -21.0]
  - Amount of actions: [945.0, 945.0, 945.0, 945.0, 945.0, 945.0, 945.0, 945.0, 945.0, 945.0]
test2 10024 10 -18.0
test2 11078 11 -20.0
test2 11888 12 -21.0
test1 12500 13 -16.0
Finished 10 test episodes:
  - Rewards: [-21.0, -21.0, -21.0, -21.0, -21.0, -21.0, -21.0, -21.0, -21.0, -21.0]
  - Amount of actions: [843.0, 843.0, 843.0, 843.0, 843.0, 843.0, 843.0, 843.0, 843.0, 843.0]
test2 12743 13 -20.0
test2 13986 14 -18.0
test2 14929 15 -20.0
test1 15000 16 -1.0
Finished 10 test episodes:
  - Rewards: [-21.0, -21.0, -21.0, -21.0, -21.0, -21.0, -21.0, -21.0, -21.0, -21.0]
  - Amount of actions: [764.0, 764.0, 764.0, 764.0, 764.0, 764.0, 764.0, 764.0, 764.0, 764.0]
test2 15863 16 -21.0
test2 16672 17 -21.0
test2 17483 18 -21.0
test1 17500 19 0.0
Finished 10 test episodes:
  - Rewards: [-21.0, -21.0, -21.0, -21.0, -21.0, -21.0, -21.0, -21.0, -21.0, -21.0]
  - Amount of actions: [764.0, 764.0, 764.0, 764.0, 764.0, 764.0, 764.0, 764.0, 764.0, 764.0]
test2 18292 19 -21.0
test2 19180 20 -21.0
test2 19991 21 -21.0
test1 20000 22 0.0
Finished 10 test episodes:
  - Rewards: [-21.0, -21.0, -21.0, -21.0, -21.0, -21.0, -21.0, -21.0, -21.0, -21.0]
  - Amount of actions: [764.0, 764.0, 764.0, 764.0, 764.0, 764.0, 764.0, 764.0, 764.0, 764.0]
test2 20856 22 -21.0
test2 21741 23 -21.0
test2 22490 24 -21.0
test1 22500 25 0.0
Finished 10 test episodes:
  - Rewards: [-21.0, -21.0, -21.0, -21.0, -21.0, -21.0, -21.0, -21.0, -21.0, -21.0]
  - Amount of actions: [764.0, 764.0, 764.0, 764.0, 764.0, 764.0, 764.0, 764.0, 764.0, 764.0]
test2 23668 25 -21.0
test2 24585 26 -21.0
test1 25000 27 -8.0
Finished 10 test episodes:
  - Rewards: [-21.0, -21.0, -21.0, -21.0, -21.0, -21.0, -21.0, -21.0, -21.0, -21.0]
  - Amount of actions: [764.0, 764.0, 764.0, 764.0, 764.0, 764.0, 764.0, 764.0, 764.0, 764.0]
test2 25456 27 -21.0
test2 26311 28 -20.0
test2 27304 29 -19.0
test1 27500 30 -5.0
Finished 10 test episodes:
  - Rewards: [-21.0, -21.0, -21.0, -21.0, -21.0, -21.0, -21.0, -21.0, -21.0, -21.0]
  - Amount of actions: [764.0, 764.0, 764.0, 764.0, 764.0, 764.0, 764.0, 764.0, 764.0, 764.0]
test2 28249 30 -20.0
test2 29058 31 -21.0
test1 30000 32 -18.0
Finished 10 test episodes:
  - Rewards: [-21.0, -21.0, -21.0, -21.0, -21.0, -21.0, -21.0, -21.0, -21.0, -21.0]
  - Amount of actions: [824.0, 824.0, 824.0, 824.0, 824.0, 824.0, 824.0, 824.0, 824.0, 824.0]
test2 30080 32 -20.0
test2 30891 33 -21.0
test2 31778 34 -20.0
test1 32500 35 -13.0
Finished 10 test episodes:
  - Rewards: [-21.0, -21.0, -21.0, -21.0, -21.0, -21.0, -21.0, -21.0, -21.0, -21.0]
  - Amount of actions: [764.0, 764.0, 764.0, 764.0, 764.0, 764.0, 764.0, 764.0, 764.0, 764.0]
test2 32736 35 -20.0
test2 33755 36 -21.0
test2 34808 37 -20.0
test1 35000 38 -5.0
Finished 10 test episodes:
  - Rewards: [-21.0, -21.0, -21.0, -21.0, -21.0, -21.0, -21.0, -21.0, -21.0, -21.0]
  - Amount of actions: [792.0, 792.0, 792.0, 792.0, 792.0, 792.0, 792.0, 792.0, 792.0, 792.0]
test2 35887 38 -18.0
test2 36697 39 -21.0
test1 37500 40 -19.0
Finished 10 test episodes:
  - Rewards: [-21.0, -21.0, -21.0, -21.0, -21.0, -21.0, -21.0, -21.0, -21.0, -21.0]
  - Amount of actions: [764.0, 764.0, 764.0, 764.0, 764.0, 764.0, 764.0, 764.0, 764.0, 764.0]
test2 37570 40 -21.0
test2 38475 41 -19.0
test2 39372 42 -21.0
test1 40000 43 -10.0
Finished 10 test episodes:
  - Rewards: [-21.0, -21.0, -21.0, -21.0, -21.0, -21.0, -21.0, -21.0, -21.0, -21.0]
  - Amount of actions: [792.0, 792.0, 792.0, 792.0, 792.0, 792.0, 792.0, 792.0, 792.0, 792.0]
test2 40403 43 -18.0
test2 41392 44 -21.0
test2 42219 45 -20.0
test1 42500 46 -5.0
Finished 10 test episodes:
  - Rewards: [-21.0, -21.0, -21.0, -21.0, -21.0, -21.0, -21.0, -21.0, -21.0, -21.0]
  - Amount of actions: [764.0, 764.0, 764.0, 764.0, 764.0, 764.0, 764.0, 764.0, 764.0, 764.0]
test2 43107 46 -21.0
test2 44004 47 -21.0
test2 44813 48 -21.0
test1 45000 49 -4.0
Finished 10 test episodes:
  - Rewards: [-20.0, -20.0, -20.0, -20.0, -20.0, -20.0, -20.0, -20.0, -20.0, -20.0]
  - Amount of actions: [859.0, 859.0, 859.0, 859.0, 859.0, 859.0, 859.0, 859.0, 859.0, 859.0]
test2 45624 49 -21.0
test2 46573 50 -20.0
test1 47500 51 -16.0
Finished 10 test episodes:
  - Rewards: [-20.0, -20.0, -20.0, -20.0, -20.0, -20.0, -20.0, -20.0, -20.0, -20.0]
  - Amount of actions: [859.0, 859.0, 859.0, 859.0, 859.0, 859.0, 859.0, 859.0, 859.0, 859.0]
test2 47574 51 -19.0
test2 48726 52 -19.0
test2 49623 53 -21.0
test1 50000 54 -8.0
Finished 10 test episodes:
  - Rewards: [-21.0, -21.0, -21.0, -21.0, -21.0, -21.0, -21.0, -21.0, -21.0, -21.0]
  - Amount of actions: [764.0, 764.0, 764.0, 764.0, 764.0, 764.0, 764.0, 764.0, 764.0, 764.0]
test2 50451 54 -21.0
test2 51308 55 -21.0
test2 52267 56 -21.0
test1 52500 57 -4.0
Finished 10 test episodes:
  - Rewards: [-21.0, -21.0, -21.0, -21.0, -21.0, -21.0, -21.0, -21.0, -21.0, -21.0]
  - Amount of actions: [764.0, 764.0, 764.0, 764.0, 764.0, 764.0, 764.0, 764.0, 764.0, 764.0]
test2 53291 57 -20.0
test2 54059 58 -21.0
test1 55000 59 -14.0
Finished 10 test episodes:
  - Rewards: [-21.0, -21.0, -21.0, -21.0, -21.0, -21.0, -21.0, -21.0, -21.0, -21.0]
  - Amount of actions: [843.0, 843.0, 843.0, 843.0, 843.0, 843.0, 843.0, 843.0, 843.0, 843.0]
test2 55259 59 -21.0
test2 56087 60 -21.0
test2 56866 61 -21.0
test1 57500 62 -17.0
Finished 10 test episodes:
  - Rewards: [-21.0, -21.0, -21.0, -21.0, -21.0, -21.0, -21.0, -21.0, -21.0, -21.0]
  - Amount of actions: [764.0, 764.0, 764.0, 764.0, 764.0, 764.0, 764.0, 764.0, 764.0, 764.0]
test2 57634 62 -21.0
test2 58696 63 -19.0
test2 59567 64 -21.0
test1 60000 65 -7.0
Finished 10 test episodes:
  - Rewards: [-21.0, -21.0, -21.0, -21.0, -21.0, -21.0, -21.0, -21.0, -21.0, -21.0]
  - Amount of actions: [764.0, 764.0, 764.0, 764.0, 764.0, 764.0, 764.0, 764.0, 764.0, 764.0]
test2 60644 65 -18.0
test2 61948 66 -19.0
test1 62500 67 -10.0
Finished 10 test episodes:
  - Rewards: [-20.0, -20.0, -20.0, -20.0, -20.0, -20.0, -20.0, -20.0, -20.0, -20.0]
  - Amount of actions: [922.0, 922.0, 922.0, 922.0, 922.0, 922.0, 922.0, 922.0, 922.0, 922.0]
test2 63092 67 -20.0
test2 64406 68 -17.0
test1 65000 69 -11.0
Finished 10 test episodes:
  - Rewards: [-21.0, -21.0, -21.0, -21.0, -21.0, -21.0, -21.0, -21.0, -21.0, -21.0]
  - Amount of actions: [826.0, 826.0, 826.0, 826.0, 826.0, 826.0, 826.0, 826.0, 826.0, 826.0]
test2 65416 69 -21.0
test2 66480 70 -20.0
test2 67276 71 -21.0
test1 67500 72 -4.0
Finished 10 test episodes:
  - Rewards: [-21.0, -21.0, -21.0, -21.0, -21.0, -21.0, -21.0, -21.0, -21.0, -21.0]
  - Amount of actions: [783.0, 783.0, 783.0, 783.0, 783.0, 783.0, 783.0, 783.0, 783.0, 783.0]
test2 68085 72 -21.0
test2 69353 73 -20.0
test1 70000 74 -12.0
Finished 10 test episodes:
  - Rewards: [-21.0, -21.0, -21.0, -21.0, -21.0, -21.0, -21.0, -21.0, -21.0, -21.0]
  - Amount of actions: [764.0, 764.0, 764.0, 764.0, 764.0, 764.0, 764.0, 764.0, 764.0, 764.0]
test2 70286 74 -21.0
test2 71288 75 -20.0
test1 72500 76 -18.0
Finished 10 test episodes:
  - Rewards: [-20.0, -20.0, -20.0, -20.0, -20.0, -20.0, -20.0, -20.0, -20.0, -20.0]
  - Amount of actions: [919.0, 919.0, 919.0, 919.0, 919.0, 919.0, 919.0, 919.0, 919.0, 919.0]
test2 72529 76 -19.0
test2 73398 77 -21.0
test2 74457 78 -20.0
test1 75000 79 -10.0
Finished 10 test episodes:
  - Rewards: [-21.0, -21.0, -21.0, -21.0, -21.0, -21.0, -21.0, -21.0, -21.0, -21.0]
  - Amount of actions: [845.0, 845.0, 845.0, 845.0, 845.0, 845.0, 845.0, 845.0, 845.0, 845.0]
test2 75508 79 -20.0
test2 76694 80 -20.0
test1 77500 81 -10.0
Finished 10 test episodes:
  - Rewards: [-21.0, -21.0, -21.0, -21.0, -21.0, -21.0, -21.0, -21.0, -21.0, -21.0]
  - Amount of actions: [934.0, 934.0, 934.0, 934.0, 934.0, 934.0, 934.0, 934.0, 934.0, 934.0]
test2 77939 81 -19.0
test2 78855 82 -21.0
test2 79875 83 -21.0
test1 80000 84 -2.0
Finished 10 test episodes:
  - Rewards: [-21.0, -21.0, -21.0, -21.0, -21.0, -21.0, -21.0, -21.0, -21.0, -21.0]
  - Amount of actions: [783.0, 783.0, 783.0, 783.0, 783.0, 783.0, 783.0, 783.0, 783.0, 783.0]
test2 80880 84 -21.0
test2 82011 85 -20.0
test1 82500 86 -6.0
Finished 10 test episodes:
  - Rewards: [-21.0, -21.0, -21.0, -21.0, -21.0, -21.0, -21.0, -21.0, -21.0, -21.0]
  - Amount of actions: [1963.0, 1963.0, 1963.0, 1963.0, 1963.0, 1963.0, 1963.0, 1963.0, 1963.0, 1963.0]
test2 83108 86 -20.0
test2 84496 87 -18.0
test1 85000 88 -8.0
Finished 10 test episodes:
  - Rewards: [-21.0, -21.0, -21.0, -21.0, -21.0, -21.0, -21.0, -21.0, -21.0, -21.0]
  - Amount of actions: [764.0, 764.0, 764.0, 764.0, 764.0, 764.0, 764.0, 764.0, 764.0, 764.0]
test2 85750 88 -20.0
test2 86995 89 -18.0
test1 87500 90 -6.0
Finished 10 test episodes:
  - Rewards: [-21.0, -21.0, -21.0, -21.0, -21.0, -21.0, -21.0, -21.0, -21.0, -21.0]
  - Amount of actions: [1618.0, 1618.0, 1618.0, 1618.0, 1618.0, 1618.0, 1618.0, 1618.0, 1618.0, 1618.0]
test2 88303 90 -18.0
test2 89172 91 -21.0
test1 90000 92 -14.0
Finished 10 test episodes:
  - Rewards: [-21.0, -21.0, -21.0, -21.0, -21.0, -21.0, -21.0, -21.0, -21.0, -21.0]
  - Amount of actions: [973.0, 973.0, 973.0, 973.0, 973.0, 973.0, 973.0, 973.0, 973.0, 973.0]
test2 90215 92 -19.0
test2 91356 93 -21.0
test2 92435 94 -21.0
test1 92500 95 -1.0
Finished 10 test episodes:
  - Rewards: [-20.0, -20.0, -20.0, -20.0, -20.0, -20.0, -20.0, -20.0, -20.0, -20.0]
  - Amount of actions: [1643.0, 1643.0, 1643.0, 1643.0, 1643.0, 1643.0, 1643.0, 1643.0, 1643.0, 1643.0]
test2 93855 95 -19.0
test1 95000 96 -15.0
Finished 10 test episodes:
  - Rewards: [-20.0, -20.0, -20.0, -20.0, -20.0, -20.0, -20.0, -20.0, -20.0, -20.0]
  - Amount of actions: [964.0, 964.0, 964.0, 964.0, 964.0, 964.0, 964.0, 964.0, 964.0, 964.0]
test2 95098 96 -18.0
test2 96305 97 -20.0
test1 97500 98 -12.0
Finished 10 test episodes:
  - Rewards: [-21.0, -21.0, -21.0, -21.0, -21.0, -21.0, -21.0, -21.0, -21.0, -21.0]
  - Amount of actions: [1664.0, 1664.0, 1664.0, 1664.0, 1664.0, 1664.0, 1664.0, 1664.0, 1664.0, 1664.0]
test2 97866 98 -18.0
test2 99216 99 -19.0
test1 100000 100 -13.0
Finished 10 test episodes:
  - Rewards: [5.0, 5.0, 5.0, 5.0, 5.0, 5.0, 5.0, 5.0, 5.0, 5.0]
  - Amount of actions: [4190.0, 4190.0, 4190.0, 4190.0, 4190.0, 4190.0, 4190.0, 4190.0, 4190.0, 4190.0]
test2 100315 100 -19.0
test2 101642 101 -20.0
test1 102500 102 -10.0
Finished 10 test episodes:
  - Rewards: [-2.0, -19.0, -2.0, -19.0, -2.0, -19.0, -2.0, -19.0, -2.0, -19.0]
  - Amount of actions: [4591.0, 4465.0, 4591.0, 4465.0, 4591.0, 4465.0, 4591.0, 4465.0, 4591.0, 4465.0]
test2 103200 102 -21.0
test1 105000 103 -11.0
Finished 10 test episodes:
  - Rewards: [-21.0, -21.0, -21.0, -21.0, -21.0, -21.0, -21.0, -21.0, -21.0, -21.0]
  - Amount of actions: [7745.0, 7745.0, 7745.0, 7745.0, 7745.0, 7745.0, 7745.0, 7745.0, 7745.0, 7745.0]
test2 105786 103 -17.0
test2 107056 104 -19.0
test1 107500 105 -6.0
Finished 10 test episodes:
  - Rewards: [-21.0, -21.0, -21.0, -21.0, -21.0, -21.0, -21.0, -21.0, -21.0, -21.0]
  - Amount of actions: [764.0, 764.0, 764.0, 764.0, 764.0, 764.0, 764.0, 764.0, 764.0, 764.0]
test2 108802 105 -19.0
test1 110000 106 -11.0
Finished 10 test episodes:
  - Rewards: [-19.0, -19.0, -19.0, -19.0, -19.0, -19.0, -19.0, -19.0, -19.0, -19.0]
  - Amount of actions: [2268.0, 2268.0, 2268.0, 2268.0, 2268.0, 2268.0, 2268.0, 2268.0, 2268.0, 2268.0]
test2 110567 106 -20.0
test1 112500 107 -11.0
Finished 10 test episodes:
  - Rewards: [-21.0, -21.0, -21.0, -21.0, -21.0, -21.0, -21.0, -21.0, -21.0, -21.0]
  - Amount of actions: [1933.0, 1933.0, 1933.0, 1933.0, 1933.0, 1933.0, 1933.0, 1933.0, 1933.0, 1933.0]
test2 113148 107 -17.0
test1 115000 108 -12.0
Finished 10 test episodes:
  - Rewards: [-21.0, -21.0, -21.0, -21.0, -21.0, -21.0, -21.0, -21.0, -21.0, -21.0]
  - Amount of actions: [1984.0, 1984.0, 1984.0, 1984.0, 1984.0, 1984.0, 1984.0, 1984.0, 1984.0, 1984.0]
test2 115666 108 -19.0
test1 117500 109 -12.0
Finished 10 test episodes:
  - Rewards: [-20.0, -20.0, -20.0, -20.0, -20.0, -20.0, -20.0, -20.0, -20.0, -20.0]
  - Amount of actions: [3507.0, 3507.0, 3507.0, 3507.0, 3507.0, 3507.0, 3507.0, 3507.0, 3507.0, 3507.0]
test2 118210 109 -18.0
test1 120000 110 -16.0
Finished 10 test episodes:
  - Rewards: [-21.0, -21.0, -21.0, -21.0, -21.0, -21.0, -21.0, -21.0, -21.0, -21.0]
  - Amount of actions: [2264.0, 2264.0, 2264.0, 2264.0, 2264.0, 2264.0, 2264.0, 2264.0, 2264.0, 2264.0]
test2 120056 110 -18.0
test2 122035 111 -19.0
test1 122500 112 -4.0
Finished 10 test episodes:
  - Rewards: [-12.0, -12.0, -12.0, -12.0, -12.0, -12.0, -12.0, -12.0, -12.0, -12.0]
  - Amount of actions: [2491.0, 2491.0, 2491.0, 2491.0, 2491.0, 2491.0, 2491.0, 2491.0, 2491.0, 2491.0]
test2 124121 112 -20.0
test1 125000 113 -10.0
Finished 10 test episodes:
  - Rewards: [-21.0, -21.0, -21.0, -21.0, -21.0, -21.0, -21.0, -21.0, -21.0, -21.0]
  - Amount of actions: [3627.0, 3627.0, 3627.0, 3627.0, 3627.0, 3627.0, 3627.0, 3627.0, 3627.0, 3627.0]
test2 126040 113 -19.0
test1 127500 114 -8.0
Finished 10 test episodes:
  - Rewards: [-19.0, -6.0, -19.0, -6.0, -19.0, -6.0, -19.0, -6.0, -19.0, -6.0]
  - Amount of actions: [2343.0, 4177.0, 2343.0, 4177.0, 2343.0, 4177.0, 2343.0, 4177.0, 2343.0, 4177.0]
test2 128104 114 -17.0
test1 130000 115 -13.0
Finished 10 test episodes:
  - Rewards: [-20.0, -20.0, -20.0, -20.0, -20.0, -20.0, -20.0, -20.0, -20.0, -20.0]
  - Amount of actions: [3073.0, 3073.0, 3073.0, 3073.0, 3073.0, 3073.0, 3073.0, 3073.0, 3073.0, 3073.0]
test2 130640 115 -16.0
test1 132500 116 -17.0
Finished 10 test episodes:
  - Rewards: [-19.0, -14.0, -19.0, -14.0, -19.0, -14.0, -19.0, -14.0, -19.0, -14.0]
  - Amount of actions: [3241.0, 3620.0, 3241.0, 3620.0, 3241.0, 3620.0, 3241.0, 3620.0, 3241.0, 3620.0]
test2 132607 116 -18.0
test2 134851 117 -17.0
test1 135000 118 -2.0
Finished 10 test episodes:
  - Rewards: [-12.0, -14.0, -14.0, -14.0, -14.0, -14.0, -14.0, -14.0, -14.0, -14.0]
  - Amount of actions: [3548.0, 3535.0, 3535.0, 3535.0, 3535.0, 3535.0, 3535.0, 3535.0, 3535.0, 3535.0]
test1 137500 118 -15.0
Finished 10 test episodes:
  - Rewards: [-20.0, -18.0, -18.0, -18.0, -18.0, -18.0, -18.0, -18.0, -18.0, -18.0]
  - Amount of actions: [2878.0, 3355.0, 3355.0, 3355.0, 3355.0, 3355.0, 3355.0, 3355.0, 3355.0, 3355.0]
test2 137536 118 -16.0
test1 140000 119 -13.0
Finished 10 test episodes:
  - Rewards: [-19.0, -19.0, -19.0, -19.0, -19.0, -19.0, -19.0, -19.0, -19.0, -19.0]
  - Amount of actions: [2739.0, 2739.0, 2739.0, 2739.0, 2739.0, 2739.0, 2739.0, 2739.0, 2739.0, 2739.0]
test2 140068 119 -14.0
test2 142198 120 -18.0
test1 142500 121 -2.0
Finished 10 test episodes:
  - Rewards: [-16.0, -17.0, -17.0, -17.0, -17.0, -17.0, -17.0, -17.0, -17.0, -17.0]
  - Amount of actions: [3161.0, 3325.0, 3325.0, 3325.0, 3325.0, 3325.0, 3325.0, 3325.0, 3325.0, 3325.0]
test2 144442 121 -19.0
test1 145000 122 -6.0
Finished 10 test episodes:
  - Rewards: [-19.0, -19.0, -19.0, -19.0, -19.0, -19.0, -19.0, -19.0, -19.0, -19.0]
  - Amount of actions: [3640.0, 3640.0, 3640.0, 3640.0, 3640.0, 3640.0, 3640.0, 3640.0, 3640.0, 3640.0]
test2 147061 122 -19.0
test1 147500 123 -4.0
Finished 10 test episodes:
  - Rewards: [-20.0, -20.0, -20.0, -20.0, -20.0, -20.0, -20.0, -20.0, -20.0, -20.0]
  - Amount of actions: [2359.0, 2359.0, 2359.0, 2359.0, 2359.0, 2359.0, 2359.0, 2359.0, 2359.0, 2359.0]
test2 149192 123 -17.0
test1 150000 124 -1.0
Finished 10 test episodes:
  - Rewards: [-21.0, -21.0, -21.0, -21.0, -21.0, -21.0, -21.0, -21.0, -21.0, -21.0]
  - Amount of actions: [5705.0, 5705.0, 5705.0, 5705.0, 5705.0, 5705.0, 5705.0, 5705.0, 5705.0, 5705.0]
test2 152207 124 -16.0
test1 152500 125 -2.0
Finished 10 test episodes:
  - Rewards: [-18.0, -19.0, -21.0, -19.0, -21.0, -19.0, -21.0, -19.0, -21.0, -19.0]
  - Amount of actions: [2915.0, 2734.0, 2695.0, 2734.0, 2695.0, 2734.0, 2695.0, 2734.0, 2695.0, 2734.0]
test2 154421 125 -20.0
test1 155000 126 -4.0
Finished 10 test episodes:
  - Rewards: [-21.0, -21.0, -21.0, -21.0, -21.0, -21.0, -21.0, -21.0, -21.0, -21.0]
  - Amount of actions: [1985.0, 1985.0, 1985.0, 1985.0, 1985.0, 1985.0, 1985.0, 1985.0, 1985.0, 1985.0]
test2 157070 126 -16.0
test1 157500 127 -6.0
Finished 10 test episodes:
  - Rewards: [-10.0, -6.0, -6.0, -6.0, -6.0, -6.0, -6.0, -6.0, -6.0, -6.0]
  - Amount of actions: [5915.0, 7161.0, 7161.0, 7161.0, 7161.0, 7161.0, 7161.0, 7161.0, 7161.0, 7161.0]
test2 159729 127 -18.0
test1 160000 128 -5.0
Finished 10 test episodes:
  - Rewards: [-20.0, -20.0, -20.0, -20.0, -20.0, -20.0, -20.0, -20.0, -20.0, -20.0]
  - Amount of actions: [1101.0, 1101.0, 1101.0, 1101.0, 1101.0, 1101.0, 1101.0, 1101.0, 1101.0, 1101.0]
test2 162091 128 -21.0
test1 162500 129 0.0
Finished 10 test episodes:
  - Rewards: [-21.0, -21.0, -21.0, -21.0, -21.0, -21.0, -21.0, -21.0, -21.0, -21.0]
  - Amount of actions: [4368.0, 4368.0, 4368.0, 4368.0, 4368.0, 4368.0, 4368.0, 4368.0, 4368.0, 4368.0]
test2 164923 129 -18.0
test1 165000 130 -1.0
Script fishished.
