Running script...
Start using cuda

Writing to '../runs/report_runs/PER_2019-12-18 21:03:12.309898'
Epoch:  0  - Total reward:  -21.0 Episode duration:  749 Actions:  [266 247 236] Threshold:  0.9926224265229543
Model Saved 0
Finished 10 test episodes:
  - Rewards: [-21.0, -21.0, -21.0, -21.0, -21.0, -21.0, -21.0, -21.0, -21.0, -21.0]
  - Amount of actions: [764.0, 764.0, 764.0, 764.0, 764.0, 764.0, 764.0, 764.0, 764.0, 764.0]
Finished 10 test episodes:
  - Rewards: [-21.0, -21.0, -21.0, -21.0, -21.0, -21.0, -21.0, -21.0, -21.0, -21.0]
  - Amount of actions: [764.0, 764.0, 764.0, 764.0, 764.0, 764.0, 764.0, 764.0, 764.0, 764.0]
Finished 10 test episodes:
  - Rewards: [-21.0, -21.0, -21.0, -21.0, -21.0, -21.0, -21.0, -21.0, -21.0, -21.0]
  - Amount of actions: [764.0, 764.0, 764.0, 764.0, 764.0, 764.0, 764.0, 764.0, 764.0, 764.0]
Finished 10 test episodes:
  - Rewards: [-21.0, -21.0, -21.0, -21.0, -21.0, -21.0, -21.0, -21.0, -21.0, -21.0]
  - Amount of actions: [764.0, 764.0, 764.0, 764.0, 764.0, 764.0, 764.0, 764.0, 764.0, 764.0]
Finished 10 test episodes:
  - Rewards: [-21.0, -21.0, -21.0, -21.0, -21.0, -21.0, -21.0, -21.0, -21.0, -21.0]
  - Amount of actions: [764.0, 764.0, 764.0, 764.0, 764.0, 764.0, 764.0, 764.0, 764.0, 764.0]
Finished 10 test episodes:
  - Rewards: [-21.0, -21.0, -21.0, -21.0, -21.0, -21.0, -21.0, -21.0, -21.0, -21.0]
  - Amount of actions: [824.0, 824.0, 824.0, 824.0, 824.0, 824.0, 824.0, 824.0, 824.0, 824.0]
Finished 10 test episodes:
  - Rewards: [-21.0, -21.0, -21.0, -21.0, -21.0, -21.0, -21.0, -21.0, -21.0, -21.0]
  - Amount of actions: [764.0, 764.0, 764.0, 764.0, 764.0, 764.0, 764.0, 764.0, 764.0, 764.0]
Finished 10 test episodes:
  - Rewards: [-21.0, -21.0, -21.0, -21.0, -21.0, -21.0, -21.0, -21.0, -21.0, -21.0]
  - Amount of actions: [764.0, 764.0, 764.0, 764.0, 764.0, 764.0, 764.0, 764.0, 764.0, 764.0]
Finished 10 test episodes:
  - Rewards: [-21.0, -21.0, -21.0, -21.0, -21.0, -21.0, -21.0, -21.0, -21.0, -21.0]
  - Amount of actions: [792.0, 792.0, 792.0, 792.0, 792.0, 792.0, 792.0, 792.0, 792.0, 792.0]
Finished 10 test episodes:
  - Rewards: [-20.0, -20.0, -20.0, -20.0, -20.0, -20.0, -20.0, -20.0, -20.0, -20.0]
  - Amount of actions: [903.0, 903.0, 903.0, 903.0, 903.0, 903.0, 903.0, 903.0, 903.0, 903.0]
Finished 10 test episodes:
  - Rewards: [-20.0, -21.0, -20.0, -21.0, -20.0, -21.0, -20.0, -21.0, -20.0, -21.0]
  - Amount of actions: [878.0, 792.0, 878.0, 792.0, 878.0, 792.0, 878.0, 792.0, 878.0, 792.0]
Finished 10 test episodes:
  - Rewards: [-21.0, -21.0, -21.0, -21.0, -21.0, -21.0, -21.0, -21.0, -21.0, -21.0]
  - Amount of actions: [792.0, 792.0, 792.0, 792.0, 792.0, 792.0, 792.0, 792.0, 792.0, 792.0]
Finished 10 test episodes:
  - Rewards: [-21.0, -21.0, -21.0, -21.0, -21.0, -21.0, -21.0, -21.0, -21.0, -21.0]
  - Amount of actions: [764.0, 764.0, 764.0, 764.0, 764.0, 764.0, 764.0, 764.0, 764.0, 764.0]
Finished 10 test episodes:
  - Rewards: [-21.0, -21.0, -21.0, -21.0, -21.0, -21.0, -21.0, -21.0, -21.0, -21.0]
  - Amount of actions: [1551.0, 1551.0, 1551.0, 1551.0, 1551.0, 1551.0, 1551.0, 1551.0, 1551.0, 1551.0]
Finished 10 test episodes:
  - Rewards: [-21.0, -21.0, -21.0, -21.0, -21.0, -21.0, -21.0, -21.0, -21.0, -21.0]
  - Amount of actions: [764.0, 764.0, 764.0, 764.0, 764.0, 764.0, 764.0, 764.0, 764.0, 764.0]
Finished 10 test episodes:
  - Rewards: [-21.0, -21.0, -21.0, -21.0, -21.0, -21.0, -21.0, -21.0, -21.0, -21.0]
  - Amount of actions: [764.0, 764.0, 764.0, 764.0, 764.0, 764.0, 764.0, 764.0, 764.0, 764.0]
Finished 10 test episodes:
  - Rewards: [-21.0, -21.0, -21.0, -21.0, -21.0, -21.0, -21.0, -21.0, -21.0, -21.0]
  - Amount of actions: [764.0, 764.0, 764.0, 764.0, 764.0, 764.0, 764.0, 764.0, 764.0, 764.0]
Finished 10 test episodes:
  - Rewards: [-21.0, -21.0, -21.0, -21.0, -21.0, -21.0, -21.0, -21.0, -21.0, -21.0]
  - Amount of actions: [764.0, 764.0, 764.0, 764.0, 764.0, 764.0, 764.0, 764.0, 764.0, 764.0]
Finished 10 test episodes:
  - Rewards: [-21.0, -21.0, -21.0, -21.0, -21.0, -21.0, -21.0, -21.0, -21.0, -21.0]
  - Amount of actions: [764.0, 764.0, 764.0, 764.0, 764.0, 764.0, 764.0, 764.0, 764.0, 764.0]
Finished 10 test episodes:
  - Rewards: [-21.0, -21.0, -21.0, -21.0, -21.0, -21.0, -21.0, -21.0, -21.0, -21.0]
  - Amount of actions: [764.0, 764.0, 764.0, 764.0, 764.0, 764.0, 764.0, 764.0, 764.0, 764.0]
Finished 10 test episodes:
  - Rewards: [-21.0, -21.0, -21.0, -21.0, -21.0, -21.0, -21.0, -21.0, -21.0, -21.0]
  - Amount of actions: [764.0, 764.0, 764.0, 764.0, 764.0, 764.0, 764.0, 764.0, 764.0, 764.0]
Finished 10 test episodes:
  - Rewards: [-20.0, -20.0, -20.0, -20.0, -20.0, -20.0, -20.0, -20.0, -20.0, -20.0]
  - Amount of actions: [929.0, 929.0, 929.0, 929.0, 929.0, 929.0, 929.0, 929.0, 929.0, 929.0]
Finished 10 test episodes:
  - Rewards: [-21.0, -21.0, -21.0, -21.0, -21.0, -21.0, -21.0, -21.0, -21.0, -21.0]
  - Amount of actions: [2004.0, 2004.0, 2004.0, 2004.0, 2004.0, 2004.0, 2004.0, 2004.0, 2004.0, 2004.0]
Finished 10 test episodes:
  - Rewards: [-21.0, -21.0, -21.0, -21.0, -21.0, -21.0, -21.0, -21.0, -21.0, -21.0]
  - Amount of actions: [884.0, 764.0, 764.0, 764.0, 764.0, 764.0, 764.0, 764.0, 764.0, 764.0]
Finished 10 test episodes:
  - Rewards: [-20.0, -20.0, -20.0, -20.0, -20.0, -20.0, -20.0, -20.0, -20.0, -20.0]
  - Amount of actions: [859.0, 859.0, 859.0, 859.0, 859.0, 859.0, 859.0, 859.0, 859.0, 859.0]
Finished 10 test episodes:
  - Rewards: [-21.0, -21.0, -21.0, -21.0, -21.0, -21.0, -21.0, -21.0, -21.0, -21.0]
  - Amount of actions: [793.0, 793.0, 793.0, 793.0, 793.0, 793.0, 793.0, 793.0, 793.0, 793.0]
Finished 10 test episodes:
  - Rewards: [-21.0, -21.0, -21.0, -21.0, -21.0, -21.0, -21.0, -21.0, -21.0, -21.0]
  - Amount of actions: [764.0, 764.0, 764.0, 764.0, 764.0, 764.0, 764.0, 764.0, 764.0, 764.0]
Finished 10 test episodes:
  - Rewards: [-20.0, -20.0, -20.0, -20.0, -20.0, -20.0, -20.0, -20.0, -20.0, -20.0]
  - Amount of actions: [904.0, 904.0, 904.0, 904.0, 904.0, 904.0, 904.0, 904.0, 904.0, 904.0]
Finished 10 test episodes:
  - Rewards: [-21.0, -21.0, -21.0, -21.0, -21.0, -21.0, -21.0, -21.0, -21.0, -21.0]
  - Amount of actions: [1344.0, 1344.0, 1344.0, 1344.0, 1344.0, 1344.0, 1344.0, 1344.0, 1344.0, 1344.0]
Finished 10 test episodes:
  - Rewards: [-19.0, -19.0, -19.0, -19.0, -19.0, -19.0, -19.0, -19.0, -19.0, -19.0]
  - Amount of actions: [938.0, 938.0, 938.0, 938.0, 938.0, 938.0, 938.0, 938.0, 938.0, 938.0]
Finished 10 test episodes:
  - Rewards: [-20.0, -20.0, -20.0, -20.0, -20.0, -20.0, -20.0, -20.0, -20.0, -20.0]
  - Amount of actions: [1444.0, 1444.0, 1444.0, 1444.0, 1444.0, 1444.0, 1444.0, 1444.0, 1444.0, 1444.0]
Finished 10 test episodes:
  - Rewards: [-20.0, -18.0, -18.0, -18.0, -18.0, -18.0, -18.0, -18.0, -18.0, -18.0]
  - Amount of actions: [1539.0, 1730.0, 1730.0, 1730.0, 1730.0, 1730.0, 1730.0, 1730.0, 1730.0, 1730.0]
Finished 10 test episodes:
  - Rewards: [-21.0, -21.0, -21.0, -21.0, -21.0, -21.0, -21.0, -21.0, -21.0, -21.0]
  - Amount of actions: [764.0, 764.0, 764.0, 764.0, 764.0, 764.0, 764.0, 764.0, 764.0, 764.0]
Finished 10 test episodes:
  - Rewards: [-19.0, -19.0, -19.0, -19.0, -19.0, -19.0, -19.0, -19.0, -19.0, -19.0]
  - Amount of actions: [1379.0, 1379.0, 1379.0, 1379.0, 1379.0, 1379.0, 1379.0, 1379.0, 1379.0, 1379.0]
Finished 10 test episodes:
  - Rewards: [-21.0, -21.0, -21.0, -21.0, -21.0, -21.0, -21.0, -21.0, -21.0, -21.0]
  - Amount of actions: [824.0, 824.0, 824.0, 824.0, 824.0, 824.0, 824.0, 824.0, 824.0, 824.0]
Finished 10 test episodes:
  - Rewards: [-18.0, -18.0, -18.0, -18.0, -18.0, -18.0, -18.0, -18.0, -18.0, -18.0]
  - Amount of actions: [1467.0, 1467.0, 1467.0, 1467.0, 1467.0, 1467.0, 1467.0, 1467.0, 1467.0, 1467.0]
Finished 10 test episodes:
  - Rewards: [-21.0, -21.0, -21.0, -21.0, -21.0, -21.0, -21.0, -21.0, -21.0, -21.0]
  - Amount of actions: [1004.0, 832.0, 1004.0, 832.0, 1004.0, 832.0, 1004.0, 832.0, 1004.0, 832.0]
Finished 10 test episodes:
  - Rewards: [7.0, 7.0, 7.0, 7.0, 7.0, 7.0, 7.0, 7.0, 7.0, 7.0]
  - Amount of actions: [2538.0, 2538.0, 2538.0, 2538.0, 2538.0, 2538.0, 2538.0, 2538.0, 2538.0, 2538.0]
Finished 10 test episodes:
  - Rewards: [-21.0, -20.0, -21.0, -20.0, -21.0, -20.0, -21.0, -20.0, -21.0, -20.0]
  - Amount of actions: [1964.0, 948.0, 1964.0, 948.0, 1964.0, 948.0, 1964.0, 948.0, 1964.0, 948.0]
Finished 10 test episodes:
  - Rewards: [-21.0, -21.0, -21.0, -21.0, -21.0, -21.0, -21.0, -21.0, -21.0, -21.0]
  - Amount of actions: [1344.0, 1344.0, 1344.0, 1344.0, 1344.0, 1344.0, 1344.0, 1344.0, 1344.0, 1344.0]
Finished 10 test episodes:
  - Rewards: [-3.0, -3.0, -3.0, -3.0, -3.0, -3.0, -3.0, -3.0, -3.0, -3.0]
  - Amount of actions: [3839.0, 3839.0, 3839.0, 3839.0, 3839.0, 3839.0, 3839.0, 3839.0, 3839.0, 3839.0]
Finished 10 test episodes:
  - Rewards: [-21.0, -21.0, -21.0, -21.0, -21.0, -21.0, -21.0, -21.0, -21.0, -21.0]
  - Amount of actions: [916.0, 916.0, 916.0, 916.0, 916.0, 916.0, 916.0, 916.0, 916.0, 916.0]
Finished 10 test episodes:
  - Rewards: [-21.0, -21.0, -21.0, -21.0, -21.0, -21.0, -21.0, -21.0, -21.0, -21.0]
  - Amount of actions: [1420.0, 1420.0, 1420.0, 1420.0, 1420.0, 1420.0, 1420.0, 1420.0, 1420.0, 1420.0]
Finished 10 test episodes:
  - Rewards: [-21.0, -21.0, -21.0, -21.0, -21.0, -21.0, -21.0, -21.0, -21.0, -21.0]
  - Amount of actions: [764.0, 764.0, 764.0, 764.0, 764.0, 764.0, 764.0, 764.0, 764.0, 764.0]
Finished 10 test episodes:
  - Rewards: [-20.0, -20.0, -20.0, -20.0, -20.0, -20.0, -20.0, -20.0, -20.0, -20.0]
  - Amount of actions: [2120.0, 2120.0, 2120.0, 2120.0, 2120.0, 2120.0, 2120.0, 2120.0, 2120.0, 2120.0]
Finished 10 test episodes:
  - Rewards: [-16.0, -16.0, -16.0, -16.0, -16.0, -16.0, -16.0, -16.0, -16.0, -16.0]
  - Amount of actions: [2718.0, 2718.0, 2718.0, 2718.0, 2718.0, 2718.0, 2718.0, 2718.0, 2718.0, 2718.0]
Finished 10 test episodes:
  - Rewards: [-15.0, -15.0, -15.0, -15.0, -15.0, -15.0, -15.0, -15.0, -15.0, -15.0]
  - Amount of actions: [2263.0, 2263.0, 2263.0, 2263.0, 2263.0, 2263.0, 2263.0, 2263.0, 2263.0, 2263.0]
Finished 10 test episodes:
  - Rewards: [-21.0, -21.0, -21.0, -21.0, -21.0, -21.0, -21.0, -21.0, -21.0, -21.0]
  - Amount of actions: [1544.0, 1544.0, 1544.0, 1544.0, 1544.0, 1544.0, 1544.0, 1544.0, 1544.0, 1544.0]
Finished 10 test episodes:
  - Rewards: [-21.0, -21.0, -21.0, -21.0, -21.0, -21.0, -21.0, -21.0, -21.0, -21.0]
  - Amount of actions: [3063.0, 3063.0, 3063.0, 3063.0, 3063.0, 3063.0, 3063.0, 3063.0, 3063.0, 3063.0]
Finished 10 test episodes:
  - Rewards: [-10.0, -10.0, -10.0, -10.0, -10.0, -10.0, -10.0, -10.0, -10.0, -10.0]
  - Amount of actions: [4453.0, 4453.0, 4453.0, 4453.0, 4453.0, 4453.0, 4453.0, 4453.0, 4453.0, 4453.0]
Finished 10 test episodes:
  - Rewards: [2.0, 2.0, 2.0, 2.0, 2.0, 2.0, 2.0, 2.0, 2.0, 2.0]
  - Amount of actions: [4263.0, 4263.0, 4263.0, 4263.0, 4263.0, 4263.0, 4263.0, 4263.0, 4263.0, 4263.0]
Finished 10 test episodes:
  - Rewards: [2.0, 2.0, 2.0, 2.0, 2.0, 2.0, 2.0, 2.0, 2.0, 2.0]
  - Amount of actions: [5897.0, 5897.0, 5897.0, 5897.0, 5897.0, 5897.0, 5897.0, 5897.0, 5897.0, 5897.0]
Finished 10 test episodes:
  - Rewards: [-19.0, -19.0, -19.0, -19.0, -19.0, -19.0, -19.0, -19.0, -19.0, -19.0]
  - Amount of actions: [1449.0, 1449.0, 1449.0, 1449.0, 1449.0, 1449.0, 1449.0, 1449.0, 1449.0, 1449.0]
Finished 10 test episodes:
  - Rewards: [-21.0, -21.0, -21.0, -21.0, -21.0, -21.0, -21.0, -21.0, -21.0, -21.0]
  - Amount of actions: [3285.0, 3286.0, 3286.0, 3286.0, 3286.0, 3286.0, 3286.0, 3286.0, 3286.0, 3286.0]
Finished 10 test episodes:
  - Rewards: [-10.0, -21.0, -11.0, -21.0, -11.0, -21.0, -11.0, -21.0, -11.0, -21.0]
  - Amount of actions: [3784.0, 2788.0, 3675.0, 2788.0, 3675.0, 2788.0, 3675.0, 2788.0, 3675.0, 2788.0]
Finished 10 test episodes:
  - Rewards: [-21.0, -20.0, -20.0, -20.0, -20.0, -20.0, -20.0, -20.0, -20.0, -20.0]
  - Amount of actions: [3288.0, 2640.0, 2640.0, 2640.0, 2640.0, 2640.0, 2640.0, 2640.0, 2640.0, 2640.0]
Finished 10 test episodes:
  - Rewards: [-21.0, -21.0, -21.0, -21.0, -21.0, -21.0, -21.0, -21.0, -21.0, -21.0]
  - Amount of actions: [1532.0, 1532.0, 1532.0, 1532.0, 1532.0, 1532.0, 1532.0, 1532.0, 1532.0, 1532.0]
Finished 10 test episodes:
  - Rewards: [-2.0, -2.0, -2.0, -2.0, -2.0, -2.0, -2.0, -2.0, -2.0, -2.0]
  - Amount of actions: [5342.0, 5342.0, 5342.0, 5342.0, 5342.0, 5342.0, 5342.0, 5342.0, 5342.0, 5342.0]
Finished 10 test episodes:
  - Rewards: [4.0, 4.0, 4.0, 4.0, 4.0, 4.0, 4.0, 4.0, 4.0, 4.0]
  - Amount of actions: [5122.0, 5122.0, 5122.0, 5122.0, 5122.0, 5122.0, 5122.0, 5122.0, 5122.0, 5122.0]
Finished 10 test episodes:
  - Rewards: [-10.0, -10.0, -10.0, -10.0, -10.0, -10.0, -10.0, -10.0, -10.0, -10.0]
  - Amount of actions: [5482.0, 5482.0, 5482.0, 5482.0, 5482.0, 5482.0, 5482.0, 5482.0, 5482.0, 5482.0]
Finished 10 test episodes:
  - Rewards: [-11.0, -11.0, -11.0, -11.0, -11.0, -11.0, -11.0, -11.0, -11.0, -11.0]
  - Amount of actions: [5149.0, 5149.0, 5149.0, 5149.0, 5149.0, 5149.0, 5149.0, 5149.0, 5149.0, 5149.0]
Finished 10 test episodes:
  - Rewards: [17.0, 17.0, 17.0, 17.0, 17.0, 17.0, 17.0, 17.0, 17.0, 17.0]
  - Amount of actions: [4419.0, 4419.0, 4419.0, 4419.0, 4419.0, 4419.0, 4419.0, 4419.0, 4419.0, 4419.0]
Finished 10 test episodes:
  - Rewards: [11.0, 11.0, 11.0, 11.0, 11.0, 11.0, 11.0, 11.0, 11.0, 11.0]
  - Amount of actions: [4700.0, 4700.0, 4700.0, 4700.0, 4700.0, 4700.0, 4700.0, 4700.0, 4700.0, 4700.0]
Finished 10 test episodes:
  - Rewards: [-18.0, -18.0, -18.0, -18.0, -18.0, -18.0, -18.0, -18.0, -18.0, -18.0]
  - Amount of actions: [2279.0, 2279.0, 2279.0, 2279.0, 2279.0, 2279.0, 2279.0, 2279.0, 2279.0, 2279.0]
Finished 10 test episodes:
  - Rewards: [-21.0, -21.0, -21.0, -21.0, -21.0, -21.0, -21.0, -21.0, -21.0, -21.0]
  - Amount of actions: [2581.0, 2581.0, 2581.0, 2581.0, 2581.0, 2581.0, 2581.0, 2581.0, 2581.0, 2581.0]
Finished 10 test episodes:
  - Rewards: [-11.0, -11.0, -11.0, -11.0, -11.0, -11.0, -11.0, -11.0, -11.0, -11.0]
  - Amount of actions: [5032.0, 5032.0, 5032.0, 5032.0, 5032.0, 5032.0, 5032.0, 5032.0, 5032.0, 5032.0]
Finished 10 test episodes:
  - Rewards: [-10.0, -10.0, -10.0, -10.0, -10.0, -10.0, -10.0, -10.0, -10.0, -10.0]
  - Amount of actions: [4065.0, 4065.0, 4065.0, 4065.0, 4065.0, 4065.0, 4065.0, 4065.0, 4065.0, 4065.0]
Finished 10 test episodes:
  - Rewards: [-21.0, -21.0, -21.0, -21.0, -21.0, -21.0, -21.0, -21.0, -21.0, -21.0]
  - Amount of actions: [5311.0, 5311.0, 5311.0, 5311.0, 5311.0, 5311.0, 5311.0, 5311.0, 5311.0, 5311.0]
Finished 10 test episodes:
  - Rewards: [-20.0, -20.0, -20.0, -20.0, -20.0, -20.0, -20.0, -20.0, -20.0, -20.0]
  - Amount of actions: [3568.0, 3568.0, 3568.0, 3568.0, 3568.0, 3568.0, 3568.0, 3568.0, 3568.0, 3568.0]
Finished 10 test episodes:
  - Rewards: [7.0, 7.0, 7.0, 7.0, 7.0, 7.0, 7.0, 7.0, 7.0, 7.0]
  - Amount of actions: [5546.0, 5546.0, 5546.0, 5546.0, 5546.0, 5546.0, 5546.0, 5546.0, 5546.0, 5546.0]
Finished 10 test episodes:
  - Rewards: [-7.0, -19.0, -19.0, -19.0, -19.0, -19.0, -19.0, -19.0, -19.0, -19.0]
  - Amount of actions: [5363.0, 4923.0, 4923.0, 4923.0, 4923.0, 4923.0, 4923.0, 4923.0, 4923.0, 4923.0]
Finished 10 test episodes:
  - Rewards: [-9.0, -9.0, -9.0, -9.0, -9.0, -9.0, -9.0, -9.0, -9.0, -9.0]
  - Amount of actions: [5419.0, 5419.0, 5419.0, 5419.0, 5419.0, 5419.0, 5419.0, 5419.0, 5419.0, 5419.0]
Finished 10 test episodes:
  - Rewards: [11.0, -21.0, 11.0, -21.0, 11.0, -21.0, 11.0, -21.0, 11.0, -21.0]
  - Amount of actions: [4695.0, 2786.0, 4695.0, 2786.0, 4695.0, 2786.0, 4695.0, 2786.0, 4695.0, 2786.0]
Finished 10 test episodes:
  - Rewards: [-19.0, -19.0, -19.0, -19.0, -19.0, -19.0, -19.0, -19.0, -19.0, -19.0]
  - Amount of actions: [3284.0, 3284.0, 3284.0, 3284.0, 3284.0, 3284.0, 3284.0, 3284.0, 3284.0, 3284.0]
Finished 10 test episodes:
  - Rewards: [15.0, 14.0, 14.0, 14.0, 14.0, 14.0, 14.0, 14.0, 14.0, 14.0]
  - Amount of actions: [3410.0, 3687.0, 3687.0, 3687.0, 3687.0, 3687.0, 3687.0, 3687.0, 3687.0, 3687.0]
Finished 10 test episodes:
  - Rewards: [-21.0, -21.0, -21.0, -21.0, -21.0, -21.0, -21.0, -21.0, -21.0, -21.0]
  - Amount of actions: [2573.0, 2573.0, 2573.0, 2573.0, 2573.0, 2573.0, 2573.0, 2573.0, 2573.0, 2573.0]
Finished 10 test episodes:
  - Rewards: [-20.0, -20.0, -20.0, -20.0, -20.0, -20.0, -20.0, -20.0, -20.0, -20.0]
  - Amount of actions: [3121.0, 3121.0, 3121.0, 3121.0, 3121.0, 3121.0, 3121.0, 3121.0, 3121.0, 3121.0]
Finished 10 test episodes:
  - Rewards: [-4.0, -4.0, -4.0, -4.0, -4.0, -4.0, -4.0, -4.0, -4.0, -4.0]
  - Amount of actions: [4754.0, 4754.0, 4754.0, 4754.0, 4754.0, 4754.0, 4754.0, 4754.0, 4754.0, 4754.0]
Finished 10 test episodes:
  - Rewards: [-20.0, -20.0, -20.0, -20.0, -20.0, -20.0, -20.0, -20.0, -20.0, -20.0]
  - Amount of actions: [4108.0, 4108.0, 4108.0, 4108.0, 4108.0, 4108.0, 4108.0, 4108.0, 4108.0, 4108.0]
Finished 10 test episodes:
  - Rewards: [-20.0, -20.0, -20.0, -20.0, -20.0, -20.0, -20.0, -20.0, -20.0, -20.0]
  - Amount of actions: [1691.0, 1691.0, 1691.0, 1691.0, 1691.0, 1691.0, 1691.0, 1691.0, 1691.0, 1691.0]
Finished 10 test episodes:
  - Rewards: [-21.0, -21.0, -21.0, -21.0, -21.0, -21.0, -21.0, -21.0, -21.0, -21.0]
  - Amount of actions: [5042.0, 5042.0, 5042.0, 5042.0, 5042.0, 5042.0, 5042.0, 5042.0, 5042.0, 5042.0]
Finished 10 test episodes:
  - Rewards: [12.0, 10.0, 10.0, 10.0, 10.0, 10.0, 10.0, 10.0, 10.0, 10.0]
  - Amount of actions: [5427.0, 5129.0, 5129.0, 5129.0, 5129.0, 5129.0, 5129.0, 5129.0, 5129.0, 5129.0]
Finished 10 test episodes:
  - Rewards: [-10.0, -10.0, -10.0, -10.0, -10.0, -10.0, -10.0, -10.0, -10.0, -10.0]
  - Amount of actions: [7201.0, 7201.0, 7201.0, 7201.0, 7201.0, 7201.0, 7201.0, 7201.0, 7201.0, 7201.0]
Finished 10 test episodes:
  - Rewards: [-7.0, -8.0, -7.0, -8.0, -7.0, -8.0, -7.0, -8.0, -7.0, -8.0]
  - Amount of actions: [5761.0, 5706.0, 5761.0, 5706.0, 5761.0, 5706.0, 5761.0, 5706.0, 5761.0, 5706.0]
Finished 10 test episodes:
  - Rewards: [21.0, 21.0, 21.0, 21.0, 21.0, 21.0, 21.0, 21.0, 21.0, 21.0]
  - Amount of actions: [4715.0, 4715.0, 4715.0, 4715.0, 4715.0, 4715.0, 4715.0, 4715.0, 4715.0, 4715.0]
Finished 10 test episodes:
  - Rewards: [-14.0, -14.0, -14.0, -14.0, -14.0, -14.0, -14.0, -14.0, -14.0, -14.0]
  - Amount of actions: [5859.0, 5859.0, 5859.0, 5859.0, 5859.0, 5859.0, 5859.0, 5859.0, 5859.0, 5859.0]
Finished 10 test episodes:
  - Rewards: [-11.0, -11.0, -11.0, -11.0, -11.0, -11.0, -11.0, -11.0, -11.0, -11.0]
  - Amount of actions: [4281.0, 4281.0, 4281.0, 4281.0, 4281.0, 4281.0, 4281.0, 4281.0, 4281.0, 4281.0]
Finished 10 test episodes:
  - Rewards: [-2.0, -1.0, -1.0, -1.0, -1.0, -1.0, -1.0, -1.0, -1.0, -1.0]
  - Amount of actions: [5095.0, 5232.0, 5232.0, 5232.0, 5232.0, 5232.0, 5232.0, 5232.0, 5232.0, 5232.0]
Finished 10 test episodes:
  - Rewards: [-19.0, -19.0, -19.0, -19.0, -19.0, -19.0, -19.0, -19.0, -19.0, -19.0]
  - Amount of actions: [1300.0, 1300.0, 1300.0, 1300.0, 1300.0, 1300.0, 1300.0, 1300.0, 1300.0, 1300.0]
Finished 10 test episodes:
  - Rewards: [2.0, 2.0, 2.0, 2.0, 2.0, 2.0, 2.0, 2.0, 2.0, 2.0]
  - Amount of actions: [5628.0, 5628.0, 5628.0, 5628.0, 5628.0, 5628.0, 5628.0, 5628.0, 5628.0, 5628.0]
Finished 10 test episodes:
  - Rewards: [14.0, 15.0, 15.0, 15.0, 15.0, 15.0, 15.0, 15.0, 15.0, 15.0]
  - Amount of actions: [2358.0, 2052.0, 2052.0, 2052.0, 2052.0, 2052.0, 2052.0, 2052.0, 2052.0, 2052.0]
Finished 10 test episodes:
  - Rewards: [-2.0, -1.0, -1.0, -1.0, -1.0, -1.0, -1.0, -1.0, -1.0, -1.0]
  - Amount of actions: [6691.0, 9813.0, 9813.0, 9813.0, 9813.0, 9813.0, 9813.0, 9813.0, 9813.0, 9813.0]
Finished 10 test episodes:
  - Rewards: [-20.0, -20.0, -20.0, -20.0, -20.0, -20.0, -20.0, -20.0, -20.0, -20.0]
  - Amount of actions: [4554.0, 4554.0, 4554.0, 4554.0, 4554.0, 4554.0, 4554.0, 4554.0, 4554.0, 4554.0]
Finished 10 test episodes:
  - Rewards: [9.0, 9.0, 9.0, 9.0, 9.0, 9.0, 9.0, 9.0, 9.0, 9.0]
  - Amount of actions: [5612.0, 5612.0, 5612.0, 5612.0, 5612.0, 5612.0, 5612.0, 5612.0, 5612.0, 5612.0]
Finished 10 test episodes:
  - Rewards: [-5.0, -5.0, -5.0, -5.0, -5.0, -5.0, -5.0, -5.0, -5.0, -5.0]
  - Amount of actions: [4077.0, 3985.0, 3985.0, 3985.0, 3985.0, 3985.0, 3985.0, 3985.0, 3985.0, 3985.0]
Finished 10 test episodes:
  - Rewards: [-20.0, -20.0, -20.0, -20.0, -20.0, -20.0, -20.0, -20.0, -20.0, -20.0]
  - Amount of actions: [1352.0, 1352.0, 1352.0, 1352.0, 1352.0, 1352.0, 1352.0, 1352.0, 1352.0, 1352.0]
Finished 10 test episodes:
  - Rewards: [-18.0, -18.0, -18.0, -18.0, -18.0, -18.0, -18.0, -18.0, -18.0, -18.0]
  - Amount of actions: [1737.0, 1497.0, 1497.0, 1497.0, 1497.0, 1497.0, 1497.0, 1497.0, 1497.0, 1497.0]
Finished 10 test episodes:
  - Rewards: [-11.0, -11.0, -11.0, -11.0, -11.0, -11.0, -11.0, -11.0, -11.0, -11.0]
  - Amount of actions: [5884.0, 5704.0, 5704.0, 5704.0, 5704.0, 5704.0, 5704.0, 5704.0, 5704.0, 5704.0]
Finished 10 test episodes:
  - Rewards: [-20.0, -21.0, -21.0, -21.0, -21.0, -21.0, -21.0, -21.0, -21.0, -21.0]
  - Amount of actions: [1608.0, 1113.0, 1113.0, 1113.0, 1113.0, 1113.0, 1113.0, 1113.0, 1113.0, 1113.0]
Finished 10 test episodes:
  - Rewards: [-4.0, -4.0, -4.0, -4.0, -4.0, -4.0, -4.0, -4.0, -4.0, -4.0]
  - Amount of actions: [4501.0, 4501.0, 4501.0, 4501.0, 4501.0, 4501.0, 4501.0, 4501.0, 4501.0, 4501.0]
Finished 10 test episodes:
  - Rewards: [-17.0, -17.0, -17.0, -17.0, -17.0, -17.0, -17.0, -17.0, -17.0, -17.0]
  - Amount of actions: [3416.0, 3416.0, 3416.0, 3416.0, 3416.0, 3416.0, 3416.0, 3416.0, 3416.0, 3416.0]
Finished 10 test episodes:
  - Rewards: [-21.0, -21.0, -21.0, -21.0, -21.0, -21.0, -21.0, -21.0, -21.0, -21.0]
  - Amount of actions: [2673.0, 2673.0, 2673.0, 2673.0, 2673.0, 2673.0, 2673.0, 2673.0, 2673.0, 2673.0]
Finished 10 test episodes:
  - Rewards: [2.0, 2.0, 2.0, 2.0, 2.0, 2.0, 2.0, 2.0, 2.0, 2.0]
  - Amount of actions: [4475.0, 4475.0, 4475.0, 4475.0, 4475.0, 4475.0, 4475.0, 4475.0, 4475.0, 4475.0]
Finished 10 test episodes:
  - Rewards: [-19.0, -20.0, -20.0, -20.0, -20.0, -20.0, -20.0, -20.0, -20.0, -20.0]
  - Amount of actions: [5929.0, 2673.0, 2673.0, 2673.0, 2673.0, 2673.0, 2673.0, 2673.0, 2673.0, 2673.0]
Finished 10 test episodes:
  - Rewards: [-13.0, -13.0, -13.0, -13.0, -13.0, -13.0, -13.0, -13.0, -13.0, -13.0]
  - Amount of actions: [4043.0, 4043.0, 4043.0, 4043.0, 4043.0, 4043.0, 4043.0, 4043.0, 4043.0, 4043.0]
Finished 10 test episodes:
  - Rewards: [-7.0, -7.0, -7.0, -7.0, -7.0, -7.0, -7.0, -7.0, -7.0, -7.0]
  - Amount of actions: [4197.0, 4197.0, 4197.0, 4197.0, 4197.0, 4197.0, 4197.0, 4197.0, 4197.0, 4197.0]
Finished 10 test episodes:
  - Rewards: [-4.0, -4.0, -4.0, -4.0, -4.0, -4.0, -4.0, -4.0, -4.0, -4.0]
  - Amount of actions: [4485.0, 4485.0, 4485.0, 4485.0, 4485.0, 4485.0, 4485.0, 4485.0, 4485.0, 4485.0]
Finished 10 test episodes:
  - Rewards: [21.0, 21.0, 21.0, 21.0, 21.0, 21.0, 21.0, 21.0, 21.0, 21.0]
  - Amount of actions: [3049.0, 3049.0, 3049.0, 3049.0, 3049.0, 3049.0, 3049.0, 3049.0, 3049.0, 3049.0]
Script fishished.
