Running script...
Start using cuda

Writing to '../runs/report_runs/Baseline_2019-12-18 21:01:27.440088'
Epoch:  0  - Total reward:  -21.0 Episode duration:  1043 Actions:  [351 347 345] Threshold:  0.9897377591278732
Model Saved 0
Finished 10 test episodes:
  - Rewards: [-21.0, -21.0, -21.0, -21.0, -21.0, -21.0, -21.0, -21.0, -21.0, -21.0]
  - Amount of actions: [764.0, 764.0, 764.0, 764.0, 764.0, 764.0, 764.0, 764.0, 764.0, 764.0]
Finished 10 test episodes:
  - Rewards: [-21.0, -21.0, -21.0, -21.0, -21.0, -21.0, -21.0, -21.0, -21.0, -21.0]
  - Amount of actions: [824.0, 764.0, 764.0, 764.0, 764.0, 764.0, 764.0, 764.0, 764.0, 764.0]
Finished 10 test episodes:
  - Rewards: [-21.0, -21.0, -21.0, -21.0, -21.0, -21.0, -21.0, -21.0, -21.0, -21.0]
  - Amount of actions: [764.0, 764.0, 764.0, 764.0, 764.0, 764.0, 764.0, 764.0, 764.0, 764.0]
Finished 10 test episodes:
  - Rewards: [-21.0, -21.0, -21.0, -21.0, -21.0, -21.0, -21.0, -21.0, -21.0, -21.0]
  - Amount of actions: [764.0, 764.0, 764.0, 764.0, 764.0, 764.0, 764.0, 764.0, 764.0, 764.0]
Finished 10 test episodes:
  - Rewards: [-21.0, -21.0, -21.0, -21.0, -21.0, -21.0, -21.0, -21.0, -21.0, -21.0]
  - Amount of actions: [824.0, 764.0, 764.0, 764.0, 764.0, 764.0, 764.0, 764.0, 764.0, 764.0]
Finished 10 test episodes:
  - Rewards: [-21.0, -21.0, -21.0, -21.0, -21.0, -21.0, -21.0, -21.0, -21.0, -21.0]
  - Amount of actions: [764.0, 764.0, 764.0, 764.0, 764.0, 764.0, 764.0, 764.0, 764.0, 764.0]
Finished 10 test episodes:
  - Rewards: [-21.0, -21.0, -21.0, -21.0, -21.0, -21.0, -21.0, -21.0, -21.0, -21.0]
  - Amount of actions: [764.0, 764.0, 764.0, 764.0, 764.0, 764.0, 764.0, 764.0, 764.0, 764.0]
Finished 10 test episodes:
  - Rewards: [-21.0, -21.0, -21.0, -21.0, -21.0, -21.0, -21.0, -21.0, -21.0, -21.0]
  - Amount of actions: [884.0, 884.0, 884.0, 884.0, 884.0, 884.0, 884.0, 884.0, 884.0, 884.0]
Finished 10 test episodes:
  - Rewards: [-21.0, -21.0, -21.0, -21.0, -21.0, -21.0, -21.0, -21.0, -21.0, -21.0]
  - Amount of actions: [764.0, 764.0, 764.0, 764.0, 764.0, 764.0, 764.0, 764.0, 764.0, 764.0]
Finished 10 test episodes:
  - Rewards: [-21.0, -21.0, -21.0, -21.0, -21.0, -21.0, -21.0, -21.0, -21.0, -21.0]
  - Amount of actions: [764.0, 764.0, 764.0, 764.0, 764.0, 764.0, 764.0, 764.0, 764.0, 764.0]
Finished 10 test episodes:
  - Rewards: [-21.0, -21.0, -21.0, -21.0, -21.0, -21.0, -21.0, -21.0, -21.0, -21.0]
  - Amount of actions: [764.0, 764.0, 764.0, 764.0, 764.0, 764.0, 764.0, 764.0, 764.0, 764.0]
Finished 10 test episodes:
  - Rewards: [-21.0, -21.0, -21.0, -21.0, -21.0, -21.0, -21.0, -21.0, -21.0, -21.0]
  - Amount of actions: [764.0, 764.0, 764.0, 764.0, 764.0, 764.0, 764.0, 764.0, 764.0, 764.0]
Finished 10 test episodes:
  - Rewards: [-21.0, -21.0, -21.0, -21.0, -21.0, -21.0, -21.0, -21.0, -21.0, -21.0]
  - Amount of actions: [764.0, 764.0, 764.0, 764.0, 764.0, 764.0, 764.0, 764.0, 764.0, 764.0]
Finished 10 test episodes:
  - Rewards: [-21.0, -21.0, -21.0, -21.0, -21.0, -21.0, -21.0, -21.0, -21.0, -21.0]
  - Amount of actions: [764.0, 764.0, 764.0, 764.0, 764.0, 764.0, 764.0, 764.0, 764.0, 764.0]
Finished 10 test episodes:
  - Rewards: [-20.0, -20.0, -20.0, -20.0, -20.0, -20.0, -20.0, -20.0, -20.0, -20.0]
  - Amount of actions: [860.0, 860.0, 860.0, 860.0, 860.0, 860.0, 860.0, 860.0, 860.0, 860.0]
Finished 10 test episodes:
  - Rewards: [-21.0, -21.0, -21.0, -21.0, -21.0, -21.0, -21.0, -21.0, -21.0, -21.0]
  - Amount of actions: [764.0, 764.0, 764.0, 764.0, 764.0, 764.0, 764.0, 764.0, 764.0, 764.0]
Finished 10 test episodes:
  - Rewards: [-21.0, -21.0, -21.0, -21.0, -21.0, -21.0, -21.0, -21.0, -21.0, -21.0]
  - Amount of actions: [824.0, 824.0, 824.0, 824.0, 824.0, 824.0, 824.0, 824.0, 824.0, 824.0]
Finished 10 test episodes:
  - Rewards: [-21.0, -21.0, -21.0, -21.0, -21.0, -21.0, -21.0, -21.0, -21.0, -21.0]
  - Amount of actions: [764.0, 764.0, 764.0, 764.0, 764.0, 764.0, 764.0, 764.0, 764.0, 764.0]
Finished 10 test episodes:
  - Rewards: [-21.0, -21.0, -21.0, -21.0, -21.0, -21.0, -21.0, -21.0, -21.0, -21.0]
  - Amount of actions: [825.0, 825.0, 825.0, 825.0, 825.0, 825.0, 825.0, 825.0, 825.0, 825.0]
Finished 10 test episodes:
  - Rewards: [-21.0, -21.0, -21.0, -21.0, -21.0, -21.0, -21.0, -21.0, -21.0, -21.0]
  - Amount of actions: [764.0, 764.0, 764.0, 764.0, 764.0, 764.0, 764.0, 764.0, 764.0, 764.0]
Finished 10 test episodes:
  - Rewards: [-21.0, -21.0, -21.0, -21.0, -21.0, -21.0, -21.0, -21.0, -21.0, -21.0]
  - Amount of actions: [764.0, 764.0, 764.0, 764.0, 764.0, 764.0, 764.0, 764.0, 764.0, 764.0]
Finished 10 test episodes:
  - Rewards: [-21.0, -21.0, -21.0, -21.0, -21.0, -21.0, -21.0, -21.0, -21.0, -21.0]
  - Amount of actions: [764.0, 764.0, 764.0, 764.0, 764.0, 764.0, 764.0, 764.0, 764.0, 764.0]
Finished 10 test episodes:
  - Rewards: [-21.0, -21.0, -21.0, -21.0, -21.0, -21.0, -21.0, -21.0, -21.0, -21.0]
  - Amount of actions: [764.0, 764.0, 764.0, 764.0, 764.0, 764.0, 764.0, 764.0, 764.0, 764.0]
Finished 10 test episodes:
  - Rewards: [-21.0, -21.0, -21.0, -21.0, -21.0, -21.0, -21.0, -21.0, -21.0, -21.0]
  - Amount of actions: [764.0, 764.0, 764.0, 764.0, 764.0, 764.0, 764.0, 764.0, 764.0, 764.0]
Finished 10 test episodes:
  - Rewards: [-21.0, -21.0, -21.0, -21.0, -21.0, -21.0, -21.0, -21.0, -21.0, -21.0]
  - Amount of actions: [764.0, 764.0, 764.0, 764.0, 764.0, 764.0, 764.0, 764.0, 764.0, 764.0]
Finished 10 test episodes:
  - Rewards: [-21.0, -21.0, -21.0, -21.0, -21.0, -21.0, -21.0, -21.0, -21.0, -21.0]
  - Amount of actions: [764.0, 764.0, 764.0, 764.0, 764.0, 764.0, 764.0, 764.0, 764.0, 764.0]
Finished 10 test episodes:
  - Rewards: [-21.0, -21.0, -21.0, -21.0, -21.0, -21.0, -21.0, -21.0, -21.0, -21.0]
  - Amount of actions: [764.0, 764.0, 764.0, 764.0, 764.0, 764.0, 764.0, 764.0, 764.0, 764.0]
Finished 10 test episodes:
  - Rewards: [-21.0, -21.0, -21.0, -21.0, -21.0, -21.0, -21.0, -21.0, -21.0, -21.0]
  - Amount of actions: [824.0, 824.0, 824.0, 824.0, 824.0, 824.0, 824.0, 824.0, 824.0, 824.0]
Finished 10 test episodes:
  - Rewards: [-21.0, -21.0, -21.0, -21.0, -21.0, -21.0, -21.0, -21.0, -21.0, -21.0]
  - Amount of actions: [764.0, 764.0, 764.0, 764.0, 764.0, 764.0, 764.0, 764.0, 764.0, 764.0]
Finished 10 test episodes:
  - Rewards: [-21.0, -21.0, -21.0, -21.0, -21.0, -21.0, -21.0, -21.0, -21.0, -21.0]
  - Amount of actions: [884.0, 884.0, 884.0, 884.0, 884.0, 884.0, 884.0, 884.0, 884.0, 884.0]
Finished 10 test episodes:
  - Rewards: [-21.0, -21.0, -21.0, -21.0, -21.0, -21.0, -21.0, -21.0, -21.0, -21.0]
  - Amount of actions: [764.0, 764.0, 764.0, 764.0, 764.0, 764.0, 764.0, 764.0, 764.0, 764.0]
Finished 10 test episodes:
  - Rewards: [-21.0, -21.0, -21.0, -21.0, -21.0, -21.0, -21.0, -21.0, -21.0, -21.0]
  - Amount of actions: [824.0, 824.0, 824.0, 824.0, 824.0, 824.0, 824.0, 824.0, 824.0, 824.0]
Finished 10 test episodes:
  - Rewards: [-21.0, -21.0, -21.0, -21.0, -21.0, -21.0, -21.0, -21.0, -21.0, -21.0]
  - Amount of actions: [884.0, 884.0, 884.0, 884.0, 884.0, 884.0, 884.0, 884.0, 884.0, 884.0]
Finished 10 test episodes:
  - Rewards: [-21.0, -21.0, -21.0, -21.0, -21.0, -21.0, -21.0, -21.0, -21.0, -21.0]
  - Amount of actions: [783.0, 783.0, 783.0, 783.0, 783.0, 783.0, 783.0, 783.0, 783.0, 783.0]
Finished 10 test episodes:
  - Rewards: [-21.0, -21.0, -21.0, -21.0, -21.0, -21.0, -21.0, -21.0, -21.0, -21.0]
  - Amount of actions: [825.0, 825.0, 825.0, 825.0, 825.0, 825.0, 825.0, 825.0, 825.0, 825.0]
Finished 10 test episodes:
  - Rewards: [-20.0, -20.0, -20.0, -20.0, -20.0, -20.0, -20.0, -20.0, -20.0, -20.0]
  - Amount of actions: [967.0, 887.0, 887.0, 887.0, 887.0, 887.0, 887.0, 887.0, 887.0, 887.0]
Finished 10 test episodes:
  - Rewards: [-21.0, -21.0, -21.0, -21.0, -21.0, -21.0, -21.0, -21.0, -21.0, -21.0]
  - Amount of actions: [764.0, 764.0, 764.0, 764.0, 764.0, 764.0, 764.0, 764.0, 764.0, 764.0]
Finished 10 test episodes:
  - Rewards: [-21.0, -21.0, -21.0, -21.0, -21.0, -21.0, -21.0, -21.0, -21.0, -21.0]
  - Amount of actions: [884.0, 884.0, 884.0, 884.0, 884.0, 884.0, 884.0, 884.0, 884.0, 884.0]
Finished 10 test episodes:
  - Rewards: [-21.0, -21.0, -21.0, -21.0, -21.0, -21.0, -21.0, -21.0, -21.0, -21.0]
  - Amount of actions: [764.0, 764.0, 764.0, 764.0, 764.0, 764.0, 764.0, 764.0, 764.0, 764.0]
Finished 10 test episodes:
  - Rewards: [-21.0, -20.0, -20.0, -20.0, -20.0, -20.0, -20.0, -20.0, -20.0, -20.0]
  - Amount of actions: [2407.0, 5840.0, 5840.0, 5840.0, 5840.0, 5840.0, 5840.0, 5840.0, 5840.0, 5840.0]
Finished 10 test episodes:
  - Rewards: [-21.0, -21.0, -21.0, -21.0, -21.0, -21.0, -21.0, -21.0, -21.0, -21.0]
  - Amount of actions: [793.0, 793.0, 793.0, 793.0, 793.0, 793.0, 793.0, 793.0, 793.0, 793.0]
Finished 10 test episodes:
  - Rewards: [-21.0, -21.0, -21.0, -21.0, -21.0, -21.0, -21.0, -21.0, -21.0, -21.0]
  - Amount of actions: [764.0, 764.0, 764.0, 764.0, 764.0, 764.0, 764.0, 764.0, 764.0, 764.0]
Finished 10 test episodes:
  - Rewards: [-21.0, -21.0, -21.0, -21.0, -21.0, -21.0, -21.0, -21.0, -21.0, -21.0]
  - Amount of actions: [764.0, 764.0, 764.0, 764.0, 764.0, 764.0, 764.0, 764.0, 764.0, 764.0]
Finished 10 test episodes:
  - Rewards: [-21.0, -21.0, -21.0, -21.0, -21.0, -21.0, -21.0, -21.0, -21.0, -21.0]
  - Amount of actions: [1644.0, 1644.0, 1644.0, 1644.0, 1644.0, 1644.0, 1644.0, 1644.0, 1644.0, 1644.0]
Finished 10 test episodes:
  - Rewards: [-21.0, -21.0, -21.0, -21.0, -21.0, -21.0, -21.0, -21.0, -21.0, -21.0]
  - Amount of actions: [884.0, 884.0, 884.0, 884.0, 884.0, 884.0, 884.0, 884.0, 884.0, 884.0]
Finished 10 test episodes:
  - Rewards: [-19.0, -19.0, -19.0, -19.0, -19.0, -19.0, -19.0, -19.0, -19.0, -19.0]
  - Amount of actions: [2733.0, 2733.0, 2733.0, 2733.0, 2733.0, 2733.0, 2733.0, 2733.0, 2733.0, 2733.0]
Finished 10 test episodes:
  - Rewards: [-19.0, -20.0, -19.0, -20.0, -19.0, -20.0, -19.0, -20.0, -19.0, -20.0]
  - Amount of actions: [1402.0, 2281.0, 1402.0, 2281.0, 1402.0, 2281.0, 1402.0, 2281.0, 1402.0, 2281.0]
Finished 10 test episodes:
  - Rewards: [-20.0, -13.0, -20.0, -13.0, -20.0, -13.0, -20.0, -13.0, -20.0, -13.0]
  - Amount of actions: [3268.0, 2728.0, 3268.0, 2728.0, 3268.0, 2728.0, 3268.0, 2728.0, 3268.0, 2728.0]
Finished 10 test episodes:
  - Rewards: [-17.0, -17.0, -17.0, -17.0, -17.0, -17.0, -17.0, -17.0, -17.0, -17.0]
  - Amount of actions: [2364.0, 2364.0, 2364.0, 2364.0, 2364.0, 2364.0, 2364.0, 2364.0, 2364.0, 2364.0]
Finished 10 test episodes:
  - Rewards: [-20.0, -20.0, -20.0, -20.0, -20.0, -20.0, -20.0, -20.0, -20.0, -20.0]
  - Amount of actions: [2182.0, 2182.0, 2182.0, 2182.0, 2182.0, 2182.0, 2182.0, 2182.0, 2182.0, 2182.0]
Finished 10 test episodes:
  - Rewards: [-21.0, -21.0, -21.0, -21.0, -21.0, -21.0, -21.0, -21.0, -21.0, -21.0]
  - Amount of actions: [4085.0, 4085.0, 4085.0, 4085.0, 4085.0, 4085.0, 4085.0, 4085.0, 4085.0, 4085.0]
Finished 10 test episodes:
  - Rewards: [-21.0, -21.0, -21.0, -21.0, -21.0, -21.0, -21.0, -21.0, -21.0, -21.0]
  - Amount of actions: [2844.0, 2844.0, 2844.0, 2844.0, 2844.0, 2844.0, 2844.0, 2844.0, 2844.0, 2844.0]
Finished 10 test episodes:
  - Rewards: [20.0, 20.0, 20.0, 20.0, 20.0, 20.0, 20.0, 20.0, 20.0, 20.0]
  - Amount of actions: [1855.0, 1855.0, 1855.0, 1855.0, 1855.0, 1855.0, 1855.0, 1855.0, 1855.0, 1855.0]
Finished 10 test episodes:
  - Rewards: [-20.0, -20.0, -20.0, -20.0, -20.0, -20.0, -20.0, -20.0, -20.0, -20.0]
  - Amount of actions: [3408.0, 3408.0, 3408.0, 3408.0, 3408.0, 3408.0, 3408.0, 3408.0, 3408.0, 3408.0]
Finished 10 test episodes:
  - Rewards: [-6.0, -6.0, -6.0, -6.0, -6.0, -6.0, -6.0, -6.0, -6.0, -6.0]
  - Amount of actions: [3887.0, 3887.0, 3887.0, 3887.0, 3887.0, 3887.0, 3887.0, 3887.0, 3887.0, 3887.0]
Finished 10 test episodes:
  - Rewards: [-11.0, -13.0, -13.0, -13.0, -13.0, -13.0, -13.0, -13.0, -13.0, -13.0]
  - Amount of actions: [3908.0, 3483.0, 3483.0, 3483.0, 3483.0, 3483.0, 3483.0, 3483.0, 3483.0, 3483.0]
Finished 10 test episodes:
  - Rewards: [-19.0, -19.0, -19.0, -19.0, -19.0, -19.0, -19.0, -19.0, -19.0, -19.0]
  - Amount of actions: [3066.0, 3066.0, 3066.0, 3066.0, 3066.0, 3066.0, 3066.0, 3066.0, 3066.0, 3066.0]
Finished 10 test episodes:
  - Rewards: [-15.0, -15.0, -15.0, -15.0, -15.0, -15.0, -15.0, -15.0, -15.0, -15.0]
  - Amount of actions: [3133.0, 3133.0, 3133.0, 3133.0, 3133.0, 3133.0, 3133.0, 3133.0, 3133.0, 3133.0]
Finished 10 test episodes:
  - Rewards: [10.0, 10.0, 10.0, 10.0, 10.0, 10.0, 10.0, 10.0, 10.0, 10.0]
  - Amount of actions: [3286.0, 3286.0, 3286.0, 3286.0, 3286.0, 3286.0, 3286.0, 3286.0, 3286.0, 3286.0]
Finished 10 test episodes:
  - Rewards: [-5.0, -5.0, -5.0, -5.0, -5.0, -5.0, -5.0, -5.0, -5.0, -5.0]
  - Amount of actions: [9583.0, 9583.0, 9583.0, 9583.0, 9583.0, 9583.0, 9583.0, 9583.0, 9583.0, 9583.0]
Finished 10 test episodes:
  - Rewards: [-21.0, -21.0, -21.0, -21.0, -21.0, -21.0, -21.0, -21.0, -21.0, -21.0]
  - Amount of actions: [3651.0, 3651.0, 3651.0, 3651.0, 3651.0, 3651.0, 3651.0, 3651.0, 3651.0, 3651.0]
Finished 10 test episodes:
  - Rewards: [-20.0, -20.0, -20.0, -20.0, -20.0, -20.0, -20.0, -20.0, -20.0, -20.0]
  - Amount of actions: [2202.0, 2202.0, 2202.0, 2202.0, 2202.0, 2202.0, 2202.0, 2202.0, 2202.0, 2202.0]
Finished 10 test episodes:
  - Rewards: [-18.0, -18.0, -18.0, -18.0, -18.0, -18.0, -18.0, -18.0, -18.0, -18.0]
  - Amount of actions: [2072.0, 2072.0, 2072.0, 2072.0, 2072.0, 2072.0, 2072.0, 2072.0, 2072.0, 2072.0]
Finished 10 test episodes:
  - Rewards: [-20.0, -20.0, -20.0, -20.0, -20.0, -20.0, -20.0, -20.0, -20.0, -20.0]
  - Amount of actions: [3227.0, 3227.0, 3227.0, 3227.0, 3227.0, 3227.0, 3227.0, 3227.0, 3227.0, 3227.0]
Finished 10 test episodes:
  - Rewards: [-20.0, -20.0, -20.0, -20.0, -20.0, -20.0, -20.0, -20.0, -20.0, -20.0]
  - Amount of actions: [4707.0, 4707.0, 4707.0, 4707.0, 4707.0, 4707.0, 4707.0, 4707.0, 4707.0, 4707.0]
Finished 10 test episodes:
  - Rewards: [-21.0, -21.0, -21.0, -21.0, -21.0, -21.0, -21.0, -21.0, -21.0, -21.0]
  - Amount of actions: [1972.0, 1972.0, 1972.0, 1972.0, 1972.0, 1972.0, 1972.0, 1972.0, 1972.0, 1972.0]
Finished 10 test episodes:
  - Rewards: [-14.0, -14.0, -14.0, -14.0, -14.0, -14.0, -14.0, -14.0, -14.0, -14.0]
  - Amount of actions: [3848.0, 3848.0, 3848.0, 3848.0, 3848.0, 3848.0, 3848.0, 3848.0, 3848.0, 3848.0]
Finished 10 test episodes:
  - Rewards: [-19.0, -19.0, -19.0, -19.0, -19.0, -19.0, -19.0, -19.0, -19.0, -19.0]
  - Amount of actions: [2165.0, 2165.0, 2165.0, 2165.0, 2165.0, 2165.0, 2165.0, 2165.0, 2165.0, 2165.0]
Finished 10 test episodes:
  - Rewards: [-20.0, -20.0, -20.0, -20.0, -20.0, -20.0, -20.0, -20.0, -20.0, -20.0]
  - Amount of actions: [3132.0, 3132.0, 3132.0, 3132.0, 3132.0, 3132.0, 3132.0, 3132.0, 3132.0, 3132.0]
Finished 10 test episodes:
  - Rewards: [-21.0, -21.0, -21.0, -21.0, -21.0, -21.0, -21.0, -21.0, -21.0, -21.0]
  - Amount of actions: [6992.0, 6992.0, 6992.0, 6992.0, 6992.0, 6992.0, 6992.0, 6992.0, 6992.0, 6992.0]
Finished 10 test episodes:
  - Rewards: [-10.0, -15.0, -10.0, -15.0, -10.0, -15.0, -10.0, -15.0, -10.0, -15.0]
  - Amount of actions: [4080.0, 3729.0, 4080.0, 3729.0, 4080.0, 3729.0, 4080.0, 3729.0, 4080.0, 3729.0]
Finished 10 test episodes:
  - Rewards: [-14.0, -10.0, -14.0, -10.0, -14.0, -10.0, -14.0, -10.0, -14.0, -10.0]
  - Amount of actions: [5217.0, 4138.0, 5217.0, 4138.0, 5217.0, 4138.0, 5217.0, 4138.0, 5217.0, 4138.0]
Finished 10 test episodes:
  - Rewards: [-16.0, -16.0, -16.0, -16.0, -16.0, -16.0, -16.0, -16.0, -16.0, -16.0]
  - Amount of actions: [3648.0, 3648.0, 3648.0, 3648.0, 3648.0, 3648.0, 3648.0, 3648.0, 3648.0, 3648.0]
Finished 10 test episodes:
  - Rewards: [-17.0, -17.0, -17.0, -17.0, -17.0, -17.0, -17.0, -17.0, -17.0, -17.0]
  - Amount of actions: [3053.0, 3053.0, 3053.0, 3053.0, 3053.0, 3053.0, 3053.0, 3053.0, 3053.0, 3053.0]
Finished 10 test episodes:
  - Rewards: [-15.0, -15.0, -15.0, -15.0, -15.0, -15.0, -15.0, -15.0, -15.0, -15.0]
  - Amount of actions: [2903.0, 2903.0, 2903.0, 2903.0, 2903.0, 2903.0, 2903.0, 2903.0, 2903.0, 2903.0]
Finished 10 test episodes:
  - Rewards: [-20.0, -20.0, -20.0, -20.0, -20.0, -20.0, -20.0, -20.0, -20.0, -20.0]
  - Amount of actions: [7691.0, 7691.0, 7691.0, 7691.0, 7691.0, 7691.0, 7691.0, 7691.0, 7691.0, 7691.0]
Finished 10 test episodes:
  - Rewards: [-20.0, -20.0, -20.0, -20.0, -20.0, -20.0, -20.0, -20.0, -20.0, -20.0]
  - Amount of actions: [1674.0, 1674.0, 1674.0, 1674.0, 1674.0, 1674.0, 1674.0, 1674.0, 1674.0, 1674.0]
Finished 10 test episodes:
  - Rewards: [-19.0, -19.0, -19.0, -19.0, -19.0, -19.0, -19.0, -19.0, -19.0, -19.0]
  - Amount of actions: [1708.0, 1708.0, 1708.0, 1708.0, 1708.0, 1708.0, 1708.0, 1708.0, 1708.0, 1708.0]
Finished 10 test episodes:
  - Rewards: [-18.0, -18.0, -18.0, -18.0, -18.0, -18.0, -18.0, -18.0, -18.0, -18.0]
  - Amount of actions: [4466.0, 4466.0, 4466.0, 4466.0, 4466.0, 4466.0, 4466.0, 4466.0, 4466.0, 4466.0]
Finished 10 test episodes:
  - Rewards: [-9.0, -9.0, -9.0, -9.0, -9.0, -9.0, -9.0, -9.0, -9.0, -9.0]
  - Amount of actions: [4397.0, 4397.0, 4397.0, 4397.0, 4397.0, 4397.0, 4397.0, 4397.0, 4397.0, 4397.0]
Finished 10 test episodes:
  - Rewards: [-21.0, -21.0, -21.0, -21.0, -21.0, -21.0, -21.0, -21.0, -21.0, -21.0]
  - Amount of actions: [4225.0, 4225.0, 4225.0, 4225.0, 4225.0, 4225.0, 4225.0, 4225.0, 4225.0, 4225.0]
Finished 10 test episodes:
  - Rewards: [-19.0, -19.0, -19.0, -19.0, -19.0, -19.0, -19.0, -19.0, -19.0, -19.0]
  - Amount of actions: [2165.0, 2165.0, 2165.0, 2165.0, 2165.0, 2165.0, 2165.0, 2165.0, 2165.0, 2165.0]
Finished 10 test episodes:
  - Rewards: [-17.0, -17.0, -17.0, -17.0, -17.0, -17.0, -17.0, -17.0, -17.0, -17.0]
  - Amount of actions: [3394.0, 3394.0, 3394.0, 3394.0, 3394.0, 3394.0, 3394.0, 3394.0, 3394.0, 3394.0]
Finished 10 test episodes:
  - Rewards: [-7.0, -10.0, -10.0, -10.0, -10.0, -10.0, -10.0, -10.0, -10.0, -10.0]
  - Amount of actions: [3754.0, 3368.0, 3368.0, 3368.0, 3368.0, 3368.0, 3368.0, 3368.0, 3368.0, 3368.0]
Finished 10 test episodes:
  - Rewards: [-19.0, -19.0, -19.0, -19.0, -19.0, -19.0, -19.0, -19.0, -19.0, -19.0]
  - Amount of actions: [2793.0, 2793.0, 2793.0, 2793.0, 2793.0, 2793.0, 2793.0, 2793.0, 2793.0, 2793.0]
Finished 10 test episodes:
  - Rewards: [1.0, -2.0, 1.0, -2.0, 1.0, -2.0, 1.0, -2.0, 1.0, -2.0]
  - Amount of actions: [5682.0, 5802.0, 5682.0, 5802.0, 5682.0, 5802.0, 5682.0, 5802.0, 5682.0, 5802.0]
Finished 10 test episodes:
  - Rewards: [-8.0, -8.0, -8.0, -8.0, -8.0, -8.0, -8.0, -8.0, -8.0, -8.0]
  - Amount of actions: [4522.0, 4522.0, 4522.0, 4522.0, 4522.0, 4522.0, 4522.0, 4522.0, 4522.0, 4522.0]
Finished 10 test episodes:
  - Rewards: [-20.0, -20.0, -20.0, -20.0, -20.0, -20.0, -20.0, -20.0, -20.0, -20.0]
  - Amount of actions: [2335.0, 2335.0, 2335.0, 2335.0, 2335.0, 2335.0, 2335.0, 2335.0, 2335.0, 2335.0]
Finished 10 test episodes:
  - Rewards: [-14.0, -14.0, -14.0, -14.0, -14.0, -14.0, -14.0, -14.0, -14.0, -14.0]
  - Amount of actions: [3205.0, 3205.0, 3205.0, 3205.0, 3205.0, 3205.0, 3205.0, 3205.0, 3205.0, 3205.0]
Finished 10 test episodes:
  - Rewards: [-17.0, -17.0, -17.0, -17.0, -17.0, -17.0, -17.0, -17.0, -17.0, -17.0]
  - Amount of actions: [3737.0, 3737.0, 3737.0, 3737.0, 3737.0, 3737.0, 3737.0, 3737.0, 3737.0, 3737.0]
Script fishished.
