Running script...
Start using cuda

Writing to '../runs/report_runs/Baseline_2019-12-18 21:02:44.404165'
Epoch:  0  - Total reward:  -21.0 Episode duration:  796 Actions:  [262 271 263] Threshold:  0.9921607024961344
Model Saved 0
Finished 10 test episodes:
  - Rewards: [-21.0, -21.0, -21.0, -21.0, -21.0, -21.0, -21.0, -21.0, -21.0, -21.0]
  - Amount of actions: [764.0, 764.0, 764.0, 764.0, 764.0, 764.0, 764.0, 764.0, 764.0, 764.0]
Finished 10 test episodes:
  - Rewards: [-21.0, -21.0, -21.0, -21.0, -21.0, -21.0, -21.0, -21.0, -21.0, -21.0]
  - Amount of actions: [764.0, 764.0, 764.0, 764.0, 764.0, 764.0, 764.0, 764.0, 764.0, 764.0]
Finished 10 test episodes:
  - Rewards: [-21.0, -21.0, -21.0, -21.0, -21.0, -21.0, -21.0, -21.0, -21.0, -21.0]
  - Amount of actions: [764.0, 764.0, 764.0, 764.0, 764.0, 764.0, 764.0, 764.0, 764.0, 764.0]
Finished 10 test episodes:
  - Rewards: [-21.0, -21.0, -21.0, -21.0, -21.0, -21.0, -21.0, -21.0, -21.0, -21.0]
  - Amount of actions: [764.0, 764.0, 764.0, 764.0, 764.0, 764.0, 764.0, 764.0, 764.0, 764.0]
Finished 10 test episodes:
  - Rewards: [-21.0, -21.0, -21.0, -21.0, -21.0, -21.0, -21.0, -21.0, -21.0, -21.0]
  - Amount of actions: [764.0, 764.0, 764.0, 764.0, 764.0, 764.0, 764.0, 764.0, 764.0, 764.0]
Finished 10 test episodes:
  - Rewards: [-21.0, -21.0, -21.0, -21.0, -21.0, -21.0, -21.0, -21.0, -21.0, -21.0]
  - Amount of actions: [764.0, 764.0, 764.0, 764.0, 764.0, 764.0, 764.0, 764.0, 764.0, 764.0]
Finished 10 test episodes:
  - Rewards: [-21.0, -21.0, -21.0, -21.0, -21.0, -21.0, -21.0, -21.0, -21.0, -21.0]
  - Amount of actions: [793.0, 793.0, 793.0, 793.0, 793.0, 793.0, 793.0, 793.0, 793.0, 793.0]
Finished 10 test episodes:
  - Rewards: [-21.0, -21.0, -21.0, -21.0, -21.0, -21.0, -21.0, -21.0, -21.0, -21.0]
  - Amount of actions: [764.0, 764.0, 764.0, 764.0, 764.0, 764.0, 764.0, 764.0, 764.0, 764.0]
Finished 10 test episodes:
  - Rewards: [-21.0, -21.0, -21.0, -21.0, -21.0, -21.0, -21.0, -21.0, -21.0, -21.0]
  - Amount of actions: [764.0, 764.0, 764.0, 764.0, 764.0, 764.0, 764.0, 764.0, 764.0, 764.0]
Finished 10 test episodes:
  - Rewards: [-21.0, -21.0, -21.0, -21.0, -21.0, -21.0, -21.0, -21.0, -21.0, -21.0]
  - Amount of actions: [764.0, 764.0, 764.0, 764.0, 764.0, 764.0, 764.0, 764.0, 764.0, 764.0]
Finished 10 test episodes:
  - Rewards: [-21.0, -21.0, -21.0, -21.0, -21.0, -21.0, -21.0, -21.0, -21.0, -21.0]
  - Amount of actions: [764.0, 764.0, 764.0, 764.0, 764.0, 764.0, 764.0, 764.0, 764.0, 764.0]
Finished 10 test episodes:
  - Rewards: [-21.0, -21.0, -21.0, -21.0, -21.0, -21.0, -21.0, -21.0, -21.0, -21.0]
  - Amount of actions: [764.0, 764.0, 764.0, 764.0, 764.0, 764.0, 764.0, 764.0, 764.0, 764.0]
Finished 10 test episodes:
  - Rewards: [-21.0, -21.0, -21.0, -21.0, -21.0, -21.0, -21.0, -21.0, -21.0, -21.0]
  - Amount of actions: [764.0, 764.0, 764.0, 764.0, 764.0, 764.0, 764.0, 764.0, 764.0, 764.0]
Finished 10 test episodes:
  - Rewards: [-21.0, -21.0, -21.0, -21.0, -21.0, -21.0, -21.0, -21.0, -21.0, -21.0]
  - Amount of actions: [764.0, 764.0, 764.0, 764.0, 764.0, 764.0, 764.0, 764.0, 764.0, 764.0]
Finished 10 test episodes:
  - Rewards: [-21.0, -21.0, -21.0, -21.0, -21.0, -21.0, -21.0, -21.0, -21.0, -21.0]
  - Amount of actions: [764.0, 764.0, 764.0, 764.0, 764.0, 764.0, 764.0, 764.0, 764.0, 764.0]
Finished 10 test episodes:
  - Rewards: [-21.0, -21.0, -21.0, -21.0, -21.0, -21.0, -21.0, -21.0, -21.0, -21.0]
  - Amount of actions: [764.0, 764.0, 764.0, 764.0, 764.0, 764.0, 764.0, 764.0, 764.0, 764.0]
Finished 10 test episodes:
  - Rewards: [-21.0, -21.0, -21.0, -21.0, -21.0, -21.0, -21.0, -21.0, -21.0, -21.0]
  - Amount of actions: [764.0, 764.0, 764.0, 764.0, 764.0, 764.0, 764.0, 764.0, 764.0, 764.0]
Finished 10 test episodes:
  - Rewards: [-21.0, -21.0, -21.0, -21.0, -21.0, -21.0, -21.0, -21.0, -21.0, -21.0]
  - Amount of actions: [826.0, 826.0, 826.0, 826.0, 826.0, 826.0, 826.0, 826.0, 826.0, 826.0]
Finished 10 test episodes:
  - Rewards: [-21.0, -21.0, -21.0, -21.0, -21.0, -21.0, -21.0, -21.0, -21.0, -21.0]
  - Amount of actions: [764.0, 764.0, 764.0, 764.0, 764.0, 764.0, 764.0, 764.0, 764.0, 764.0]
Finished 10 test episodes:
  - Rewards: [-21.0, -21.0, -21.0, -21.0, -21.0, -21.0, -21.0, -21.0, -21.0, -21.0]
  - Amount of actions: [764.0, 764.0, 764.0, 764.0, 764.0, 764.0, 764.0, 764.0, 764.0, 764.0]
Finished 10 test episodes:
  - Rewards: [-21.0, -21.0, -21.0, -21.0, -21.0, -21.0, -21.0, -21.0, -21.0, -21.0]
  - Amount of actions: [764.0, 764.0, 764.0, 764.0, 764.0, 764.0, 764.0, 764.0, 764.0, 764.0]
Finished 10 test episodes:
  - Rewards: [-21.0, -21.0, -21.0, -21.0, -21.0, -21.0, -21.0, -21.0, -21.0, -21.0]
  - Amount of actions: [764.0, 764.0, 764.0, 764.0, 764.0, 764.0, 764.0, 764.0, 764.0, 764.0]
Finished 10 test episodes:
  - Rewards: [-21.0, -21.0, -21.0, -21.0, -21.0, -21.0, -21.0, -21.0, -21.0, -21.0]
  - Amount of actions: [783.0, 783.0, 783.0, 783.0, 783.0, 783.0, 783.0, 783.0, 783.0, 783.0]
Finished 10 test episodes:
  - Rewards: [-21.0, -21.0, -21.0, -21.0, -21.0, -21.0, -21.0, -21.0, -21.0, -21.0]
  - Amount of actions: [1792.0, 1792.0, 1792.0, 1792.0, 1792.0, 1792.0, 1792.0, 1792.0, 1792.0, 1792.0]
Finished 10 test episodes:
  - Rewards: [-21.0, -21.0, -21.0, -21.0, -21.0, -21.0, -21.0, -21.0, -21.0, -21.0]
  - Amount of actions: [764.0, 764.0, 764.0, 764.0, 764.0, 764.0, 764.0, 764.0, 764.0, 764.0]
Finished 10 test episodes:
  - Rewards: [-21.0, -21.0, -21.0, -21.0, -21.0, -21.0, -21.0, -21.0, -21.0, -21.0]
  - Amount of actions: [843.0, 843.0, 843.0, 843.0, 843.0, 843.0, 843.0, 843.0, 843.0, 843.0]
Finished 10 test episodes:
  - Rewards: [-21.0, -21.0, -21.0, -21.0, -21.0, -21.0, -21.0, -21.0, -21.0, -21.0]
  - Amount of actions: [764.0, 764.0, 764.0, 764.0, 764.0, 764.0, 764.0, 764.0, 764.0, 764.0]
Finished 10 test episodes:
  - Rewards: [-21.0, -21.0, -21.0, -21.0, -21.0, -21.0, -21.0, -21.0, -21.0, -21.0]
  - Amount of actions: [764.0, 764.0, 764.0, 764.0, 764.0, 764.0, 764.0, 764.0, 764.0, 764.0]
Finished 10 test episodes:
  - Rewards: [-21.0, -21.0, -21.0, -21.0, -21.0, -21.0, -21.0, -21.0, -21.0, -21.0]
  - Amount of actions: [794.0, 794.0, 794.0, 794.0, 794.0, 794.0, 794.0, 794.0, 794.0, 794.0]
Finished 10 test episodes:
  - Rewards: [-21.0, -21.0, -21.0, -21.0, -21.0, -21.0, -21.0, -21.0, -21.0, -21.0]
  - Amount of actions: [764.0, 764.0, 764.0, 764.0, 764.0, 764.0, 764.0, 764.0, 764.0, 764.0]
Finished 10 test episodes:
  - Rewards: [-21.0, -21.0, -21.0, -21.0, -21.0, -21.0, -21.0, -21.0, -21.0, -21.0]
  - Amount of actions: [824.0, 824.0, 824.0, 824.0, 824.0, 824.0, 824.0, 824.0, 824.0, 824.0]
Finished 10 test episodes:
  - Rewards: [-21.0, -21.0, -21.0, -21.0, -21.0, -21.0, -21.0, -21.0, -21.0, -21.0]
  - Amount of actions: [764.0, 764.0, 764.0, 764.0, 764.0, 764.0, 764.0, 764.0, 764.0, 764.0]
Finished 10 test episodes:
  - Rewards: [-21.0, -21.0, -21.0, -21.0, -21.0, -21.0, -21.0, -21.0, -21.0, -21.0]
  - Amount of actions: [764.0, 764.0, 764.0, 764.0, 764.0, 764.0, 764.0, 764.0, 764.0, 764.0]
Finished 10 test episodes:
  - Rewards: [-21.0, -21.0, -21.0, -21.0, -21.0, -21.0, -21.0, -21.0, -21.0, -21.0]
  - Amount of actions: [783.0, 783.0, 783.0, 783.0, 783.0, 783.0, 783.0, 783.0, 783.0, 783.0]
Finished 10 test episodes:
  - Rewards: [16.0, 16.0, 16.0, 16.0, 16.0, 16.0, 16.0, 16.0, 16.0, 16.0]
  - Amount of actions: [2764.0, 2764.0, 2764.0, 2764.0, 2764.0, 2764.0, 2764.0, 2764.0, 2764.0, 2764.0]
Finished 10 test episodes:
  - Rewards: [-20.0, -20.0, -20.0, -20.0, -20.0, -20.0, -20.0, -20.0, -20.0, -20.0]
  - Amount of actions: [859.0, 859.0, 859.0, 859.0, 859.0, 859.0, 859.0, 859.0, 859.0, 859.0]
Finished 10 test episodes:
  - Rewards: [-21.0, -21.0, -21.0, -21.0, -21.0, -21.0, -21.0, -21.0, -21.0, -21.0]
  - Amount of actions: [1984.0, 1984.0, 1984.0, 1984.0, 1984.0, 1984.0, 1984.0, 1984.0, 1984.0, 1984.0]
Finished 10 test episodes:
  - Rewards: [-21.0, -21.0, -21.0, -21.0, -21.0, -21.0, -21.0, -21.0, -21.0, -21.0]
  - Amount of actions: [764.0, 764.0, 764.0, 764.0, 764.0, 764.0, 764.0, 764.0, 764.0, 764.0]
Finished 10 test episodes:
  - Rewards: [-21.0, -21.0, -21.0, -21.0, -21.0, -21.0, -21.0, -21.0, -21.0, -21.0]
  - Amount of actions: [764.0, 764.0, 764.0, 764.0, 764.0, 764.0, 764.0, 764.0, 764.0, 764.0]
Finished 10 test episodes:
  - Rewards: [-21.0, -21.0, -21.0, -21.0, -21.0, -21.0, -21.0, -21.0, -21.0, -21.0]
  - Amount of actions: [825.0, 825.0, 825.0, 825.0, 825.0, 825.0, 825.0, 825.0, 825.0, 825.0]
Finished 10 test episodes:
  - Rewards: [-21.0, -21.0, -21.0, -21.0, -21.0, -21.0, -21.0, -21.0, -21.0, -21.0]
  - Amount of actions: [3204.0, 3204.0, 3204.0, 3204.0, 3204.0, 3204.0, 3204.0, 3204.0, 3204.0, 3204.0]
Finished 10 test episodes:
  - Rewards: [-21.0, -21.0, -21.0, -21.0, -21.0, -21.0, -21.0, -21.0, -21.0, -21.0]
  - Amount of actions: [1984.0, 1984.0, 1984.0, 1984.0, 1984.0, 1984.0, 1984.0, 1984.0, 1984.0, 1984.0]
Finished 10 test episodes:
  - Rewards: [-8.0, -8.0, -8.0, -8.0, -8.0, -8.0, -8.0, -8.0, -8.0, -8.0]
  - Amount of actions: [4136.0, 4136.0, 4136.0, 4136.0, 4136.0, 4136.0, 4136.0, 4136.0, 4136.0, 4136.0]
Finished 10 test episodes:
  - Rewards: [-21.0, -21.0, -21.0, -21.0, -21.0, -21.0, -21.0, -21.0, -21.0, -21.0]
  - Amount of actions: [885.0, 885.0, 885.0, 885.0, 885.0, 885.0, 885.0, 885.0, 885.0, 885.0]
Finished 10 test episodes:
  - Rewards: [-20.0, -20.0, -20.0, -20.0, -20.0, -20.0, -20.0, -20.0, -20.0, -20.0]
  - Amount of actions: [3202.0, 3202.0, 3202.0, 3202.0, 3202.0, 3202.0, 3202.0, 3202.0, 3202.0, 3202.0]
Finished 10 test episodes:
  - Rewards: [-2.0, -2.0, -2.0, -2.0, -2.0, -2.0, -2.0, -2.0, -2.0, -2.0]
  - Amount of actions: [2881.0, 2881.0, 2881.0, 2881.0, 2881.0, 2881.0, 2881.0, 2881.0, 2881.0, 2881.0]
Finished 10 test episodes:
  - Rewards: [-10.0, -10.0, -10.0, -10.0, -10.0, -10.0, -10.0, -10.0, -10.0, -10.0]
  - Amount of actions: [2379.0, 2379.0, 2379.0, 2379.0, 2379.0, 2379.0, 2379.0, 2379.0, 2379.0, 2379.0]
Finished 10 test episodes:
  - Rewards: [-20.0, -20.0, -20.0, -20.0, -20.0, -20.0, -20.0, -20.0, -20.0, -20.0]
  - Amount of actions: [3355.0, 3475.0, 3475.0, 3475.0, 3475.0, 3475.0, 3475.0, 3475.0, 3475.0, 3475.0]
Finished 10 test episodes:
  - Rewards: [-17.0, -17.0, -17.0, -17.0, -17.0, -17.0, -17.0, -17.0, -17.0, -17.0]
  - Amount of actions: [3023.0, 3023.0, 3023.0, 3023.0, 3023.0, 3023.0, 3023.0, 3023.0, 3023.0, 3023.0]
Finished 10 test episodes:
  - Rewards: [9.0, 9.0, 9.0, 9.0, 9.0, 9.0, 9.0, 9.0, 9.0, 9.0]
  - Amount of actions: [2954.0, 2954.0, 2954.0, 2954.0, 2954.0, 2954.0, 2954.0, 2954.0, 2954.0, 2954.0]
Finished 10 test episodes:
  - Rewards: [-21.0, -21.0, -21.0, -21.0, -21.0, -21.0, -21.0, -21.0, -21.0, -21.0]
  - Amount of actions: [943.0, 943.0, 943.0, 943.0, 943.0, 943.0, 943.0, 943.0, 943.0, 943.0]
Finished 10 test episodes:
  - Rewards: [-9.0, -9.0, -9.0, -9.0, -9.0, -9.0, -9.0, -9.0, -9.0, -9.0]
  - Amount of actions: [3254.0, 3254.0, 3254.0, 3254.0, 3254.0, 3254.0, 3254.0, 3254.0, 3254.0, 3254.0]
Finished 10 test episodes:
  - Rewards: [-20.0, -20.0, -20.0, -20.0, -20.0, -20.0, -20.0, -20.0, -20.0, -20.0]
  - Amount of actions: [4310.0, 4310.0, 4310.0, 4310.0, 4310.0, 4310.0, 4310.0, 4310.0, 4310.0, 4310.0]
Finished 10 test episodes:
  - Rewards: [-14.0, -14.0, -14.0, -14.0, -14.0, -14.0, -14.0, -14.0, -14.0, -14.0]
  - Amount of actions: [3603.0, 3514.0, 3514.0, 3514.0, 3514.0, 3514.0, 3514.0, 3514.0, 3514.0, 3514.0]
Finished 10 test episodes:
  - Rewards: [-19.0, -19.0, -19.0, -19.0, -19.0, -19.0, -19.0, -19.0, -19.0, -19.0]
  - Amount of actions: [3067.0, 3067.0, 3067.0, 3067.0, 3067.0, 3067.0, 3067.0, 3067.0, 3067.0, 3067.0]
Finished 10 test episodes:
  - Rewards: [-1.0, -1.0, -1.0, -1.0, -1.0, -1.0, -1.0, -1.0, -1.0, -1.0]
  - Amount of actions: [3726.0, 3726.0, 3726.0, 3726.0, 3726.0, 3726.0, 3726.0, 3726.0, 3726.0, 3726.0]
Finished 10 test episodes:
  - Rewards: [-5.0, -5.0, -5.0, -5.0, -5.0, -5.0, -5.0, -5.0, -5.0, -5.0]
  - Amount of actions: [4253.0, 4193.0, 4193.0, 4193.0, 4193.0, 4193.0, 4193.0, 4193.0, 4193.0, 4193.0]
Finished 10 test episodes:
  - Rewards: [-20.0, -21.0, -20.0, -21.0, -20.0, -21.0, -20.0, -21.0, -20.0, -21.0]
  - Amount of actions: [2473.0, 2660.0, 2473.0, 2660.0, 2473.0, 2660.0, 2473.0, 2660.0, 2473.0, 2660.0]
Finished 10 test episodes:
  - Rewards: [-19.0, -19.0, -19.0, -19.0, -19.0, -19.0, -19.0, -19.0, -19.0, -19.0]
  - Amount of actions: [2886.0, 2886.0, 2886.0, 2886.0, 2886.0, 2886.0, 2886.0, 2886.0, 2886.0, 2886.0]
Finished 10 test episodes:
  - Rewards: [-21.0, -21.0, -21.0, -21.0, -21.0, -21.0, -21.0, -21.0, -21.0, -21.0]
  - Amount of actions: [3164.0, 3164.0, 3164.0, 3164.0, 3164.0, 3164.0, 3164.0, 3164.0, 3164.0, 3164.0]
Finished 10 test episodes:
  - Rewards: [-10.0, -10.0, -10.0, -10.0, -10.0, -10.0, -10.0, -10.0, -10.0, -10.0]
  - Amount of actions: [2886.0, 2886.0, 2886.0, 2886.0, 2886.0, 2886.0, 2886.0, 2886.0, 2886.0, 2886.0]
Finished 10 test episodes:
  - Rewards: [-11.0, -11.0, -11.0, -11.0, -11.0, -11.0, -11.0, -11.0, -11.0, -11.0]
  - Amount of actions: [4120.0, 4120.0, 4120.0, 4120.0, 4120.0, 4120.0, 4120.0, 4120.0, 4120.0, 4120.0]
Finished 10 test episodes:
  - Rewards: [-17.0, -17.0, -17.0, -17.0, -17.0, -17.0, -17.0, -17.0, -17.0, -17.0]
  - Amount of actions: [3479.0, 3479.0, 3479.0, 3479.0, 3479.0, 3479.0, 3479.0, 3479.0, 3479.0, 3479.0]
Finished 10 test episodes:
  - Rewards: [-20.0, -20.0, -20.0, -20.0, -20.0, -20.0, -20.0, -20.0, -20.0, -20.0]
  - Amount of actions: [2287.0, 2287.0, 2287.0, 2287.0, 2287.0, 2287.0, 2287.0, 2287.0, 2287.0, 2287.0]
Finished 10 test episodes:
  - Rewards: [-20.0, -20.0, -20.0, -20.0, -20.0, -20.0, -20.0, -20.0, -20.0, -20.0]
  - Amount of actions: [1507.0, 1507.0, 1507.0, 1507.0, 1507.0, 1507.0, 1507.0, 1507.0, 1507.0, 1507.0]
Finished 10 test episodes:
  - Rewards: [-20.0, -20.0, -20.0, -20.0, -20.0, -20.0, -20.0, -20.0, -20.0, -20.0]
  - Amount of actions: [2980.0, 2980.0, 2980.0, 2980.0, 2980.0, 2980.0, 2980.0, 2980.0, 2980.0, 2980.0]
Finished 10 test episodes:
  - Rewards: [-6.0, -6.0, -6.0, -6.0, -6.0, -6.0, -6.0, -6.0, -6.0, -6.0]
  - Amount of actions: [3437.0, 3437.0, 3437.0, 3437.0, 3437.0, 3437.0, 3437.0, 3437.0, 3437.0, 3437.0]
Finished 10 test episodes:
  - Rewards: [-21.0, -21.0, -21.0, -21.0, -21.0, -21.0, -21.0, -21.0, -21.0, -21.0]
  - Amount of actions: [1953.0, 1953.0, 1953.0, 1953.0, 1953.0, 1953.0, 1953.0, 1953.0, 1953.0, 1953.0]
Finished 10 test episodes:
  - Rewards: [-21.0, -21.0, -21.0, -21.0, -21.0, -21.0, -21.0, -21.0, -21.0, -21.0]
  - Amount of actions: [2552.0, 2552.0, 2552.0, 2552.0, 2552.0, 2552.0, 2552.0, 2552.0, 2552.0, 2552.0]
Finished 10 test episodes:
  - Rewards: [-17.0, -17.0, -17.0, -17.0, -17.0, -17.0, -17.0, -17.0, -17.0, -17.0]
  - Amount of actions: [4628.0, 4628.0, 4628.0, 4628.0, 4628.0, 4628.0, 4628.0, 4628.0, 4628.0, 4628.0]
Finished 10 test episodes:
  - Rewards: [5.0, 5.0, 5.0, 5.0, 5.0, 5.0, 5.0, 5.0, 5.0, 5.0]
  - Amount of actions: [4035.0, 4003.0, 4003.0, 4003.0, 4003.0, 4003.0, 4003.0, 4003.0, 4003.0, 4003.0]
Finished 10 test episodes:
  - Rewards: [-16.0, -16.0, -16.0, -16.0, -16.0, -16.0, -16.0, -16.0, -16.0, -16.0]
  - Amount of actions: [2464.0, 2464.0, 2464.0, 2464.0, 2464.0, 2464.0, 2464.0, 2464.0, 2464.0, 2464.0]
Finished 10 test episodes:
  - Rewards: [-13.0, -13.0, -13.0, -13.0, -13.0, -13.0, -13.0, -13.0, -13.0, -13.0]
  - Amount of actions: [3500.0, 3500.0, 3500.0, 3500.0, 3500.0, 3500.0, 3500.0, 3500.0, 3500.0, 3500.0]
Finished 10 test episodes:
  - Rewards: [-21.0, -21.0, -21.0, -21.0, -21.0, -21.0, -21.0, -21.0, -21.0, -21.0]
  - Amount of actions: [3427.0, 3427.0, 3427.0, 3427.0, 3427.0, 3427.0, 3427.0, 3427.0, 3427.0, 3427.0]
Finished 10 test episodes:
  - Rewards: [-19.0, -19.0, -19.0, -19.0, -19.0, -19.0, -19.0, -19.0, -19.0, -19.0]
  - Amount of actions: [1253.0, 1253.0, 1253.0, 1253.0, 1253.0, 1253.0, 1253.0, 1253.0, 1253.0, 1253.0]
Finished 10 test episodes:
  - Rewards: [-12.0, -12.0, -12.0, -12.0, -12.0, -12.0, -12.0, -12.0, -12.0, -12.0]
  - Amount of actions: [3858.0, 3858.0, 3858.0, 3858.0, 3858.0, 3858.0, 3858.0, 3858.0, 3858.0, 3858.0]
Finished 10 test episodes:
  - Rewards: [-9.0, -9.0, -9.0, -9.0, -9.0, -9.0, -9.0, -9.0, -9.0, -9.0]
  - Amount of actions: [3321.0, 3321.0, 3321.0, 3321.0, 3321.0, 3321.0, 3321.0, 3321.0, 3321.0, 3321.0]
Finished 10 test episodes:
  - Rewards: [-12.0, -12.0, -12.0, -12.0, -12.0, -12.0, -12.0, -12.0, -12.0, -12.0]
  - Amount of actions: [4592.0, 4592.0, 4592.0, 4592.0, 4592.0, 4592.0, 4592.0, 4592.0, 4592.0, 4592.0]
Finished 10 test episodes:
  - Rewards: [-18.0, -18.0, -18.0, -18.0, -18.0, -18.0, -18.0, -18.0, -18.0, -18.0]
  - Amount of actions: [2100.0, 2100.0, 2100.0, 2100.0, 2100.0, 2100.0, 2100.0, 2100.0, 2100.0, 2100.0]
Finished 10 test episodes:
  - Rewards: [-19.0, -19.0, -19.0, -19.0, -19.0, -19.0, -19.0, -19.0, -19.0, -19.0]
  - Amount of actions: [4453.0, 4453.0, 4453.0, 4453.0, 4453.0, 4453.0, 4453.0, 4453.0, 4453.0, 4453.0]
Finished 10 test episodes:
  - Rewards: [-21.0, -21.0, -21.0, -21.0, -21.0, -21.0, -21.0, -21.0, -21.0, -21.0]
  - Amount of actions: [4196.0, 4196.0, 4196.0, 4196.0, 4196.0, 4196.0, 4196.0, 4196.0, 4196.0, 4196.0]
Finished 10 test episodes:
  - Rewards: [-19.0, -19.0, -19.0, -19.0, -19.0, -19.0, -19.0, -19.0, -19.0, -19.0]
  - Amount of actions: [3387.0, 3387.0, 3387.0, 3387.0, 3387.0, 3387.0, 3387.0, 3387.0, 3387.0, 3387.0]
Finished 10 test episodes:
  - Rewards: [21.0, 21.0, 21.0, 21.0, 21.0, 21.0, 21.0, 21.0, 21.0, 21.0]
  - Amount of actions: [1995.0, 1995.0, 1995.0, 1995.0, 1995.0, 1995.0, 1995.0, 1995.0, 1995.0, 1995.0]
Finished 10 test episodes:
  - Rewards: [-9.0, -9.0, -9.0, -9.0, -9.0, -9.0, -9.0, -9.0, -9.0, -9.0]
  - Amount of actions: [3697.0, 3697.0, 3697.0, 3697.0, 3697.0, 3697.0, 3697.0, 3697.0, 3697.0, 3697.0]
Finished 10 test episodes:
  - Rewards: [6.0, 6.0, 6.0, 6.0, 6.0, 6.0, 6.0, 6.0, 6.0, 6.0]
  - Amount of actions: [5837.0, 5837.0, 5837.0, 5837.0, 5837.0, 5837.0, 5837.0, 5837.0, 5837.0, 5837.0]
Finished 10 test episodes:
  - Rewards: [-1.0, -1.0, -1.0, -1.0, -1.0, -1.0, -1.0, -1.0, -1.0, -1.0]
  - Amount of actions: [6030.0, 5860.0, 5860.0, 5860.0, 5860.0, 5860.0, 5860.0, 5860.0, 5860.0, 5860.0]
Finished 10 test episodes:
  - Rewards: [-20.0, -19.0, -19.0, -19.0, -19.0, -19.0, -19.0, -19.0, -19.0, -19.0]
  - Amount of actions: [5631.0, 5540.0, 5540.0, 5540.0, 5540.0, 5540.0, 5540.0, 5540.0, 5540.0, 5540.0]
Finished 10 test episodes:
  - Rewards: [-13.0, -15.0, -15.0, -15.0, -15.0, -15.0, -15.0, -15.0, -15.0, -15.0]
  - Amount of actions: [5459.0, 4737.0, 4737.0, 4737.0, 4737.0, 4737.0, 4737.0, 4737.0, 4737.0, 4737.0]
Finished 10 test episodes:
  - Rewards: [-21.0, -21.0, -21.0, -21.0, -21.0, -21.0, -21.0, -21.0, -21.0, -21.0]
  - Amount of actions: [2933.0, 2933.0, 2933.0, 2933.0, 2933.0, 2933.0, 2933.0, 2933.0, 2933.0, 2933.0]
Finished 10 test episodes:
  - Rewards: [-13.0, -13.0, -13.0, -13.0, -13.0, -13.0, -13.0, -13.0, -13.0, -13.0]
  - Amount of actions: [3487.0, 3487.0, 3487.0, 3487.0, 3487.0, 3487.0, 3487.0, 3487.0, 3487.0, 3487.0]
Finished 10 test episodes:
  - Rewards: [-19.0, -21.0, -18.0, -21.0, -18.0, -21.0, -18.0, -21.0, -18.0, -21.0]
  - Amount of actions: [3929.0, 1404.0, 3353.0, 1404.0, 3353.0, 1404.0, 3353.0, 1404.0, 3353.0, 1404.0]
Script fishished.
