Loaded module: python3/3.6.2
Loaded module: cuda/8.0
ModuleCmd_Load.c(213):ERROR:105: Unable to locate a modulefile for 'cudnn/v.7.0-prod-cuda8'
/zhome/ad/0/108841/.lsbatch/1573596417.4571625.shell: line 1: syntax error near unexpected token `newline'
/zhome/ad/0/108841/.lsbatch/1573596417.4571625.shell: line 1: `bsub> bsub> '

------------------------------------------------------------
Sender: LSF System <lsfadmin@n-62-21-104>
Subject: Job 4571625: <NONAME> in cluster <dcc> Exited

Job <NONAME> was submitted from host <n-62-20-9> by user <eida> in cluster <dcc> at Tue Nov 12 23:06:57 2019
Job was executed on host(s) <n-62-21-104>, in queue <hpc>, as user <eida> in cluster <dcc> at Tue Nov 12 23:06:57 2019
</zhome/ad/0/108841> was used as the home directory.
</zhome/ad/0/108841/Documents/DTU/DQN> was used as the working directory.
Started at Tue Nov 12 23:06:57 2019
Terminated at Tue Nov 12 23:06:58 2019
Results reported at Tue Nov 12 23:06:58 2019

Your job looked like:

------------------------------------------------------------
# LSBATCH: User input
bsub> bsub> 
------------------------------------------------------------

Exited with exit code 2.

Resource usage summary:

    CPU time :                                   0.32 sec.
    Max Memory :                                 -
    Average Memory :                             -
    Total Requested Memory :                     1024.00 MB
    Delta Memory :                               -
    Max Swap :                                   -
    Max Processes :                              -
    Max Threads :                                -
    Run time :                                   1 sec.
    Turnaround time :                            1 sec.

The output (if any) is above this job summary.

