Loaded module: python3/3.6.2
Loaded module: cuda/10.0
Loaded module: cudnn/v7.4.2.24-prod-cuda-10.0
/bin/bash: z: command not found

------------------------------------------------------------
Sender: LSF System <lsfadmin@n-62-21-100>
Subject: Job 4778711: <NONAME> in cluster <dcc> Exited

Job <NONAME> was submitted from host <gbarlogin2> by user <eida> in cluster <dcc> at Thu Nov 28 22:34:37 2019
Job was executed on host(s) <n-62-21-100>, in queue <hpc>, as user <eida> in cluster <dcc> at Thu Nov 28 22:34:39 2019
</zhome/ad/0/108841> was used as the home directory.
</zhome/ad/0/108841/Documents/DQN/pong/script_pong_per_new_network> was used as the working directory.
Started at Thu Nov 28 22:34:39 2019
Terminated at Thu Nov 28 22:34:39 2019
Results reported at Thu Nov 28 22:34:39 2019

Your job looked like:

------------------------------------------------------------
# LSBATCH: User input
z script.sh
------------------------------------------------------------

Exited with exit code 127.

Resource usage summary:

    CPU time :                                   0.34 sec.
    Max Memory :                                 -
    Average Memory :                             -
    Total Requested Memory :                     1024.00 MB
    Delta Memory :                               -
    Max Swap :                                   -
    Max Processes :                              -
    Max Threads :                                -
    Run time :                                   11 sec.
    Turnaround time :                            2 sec.

The output (if any) is above this job summary.

