Loaded module: python3/3.6.2
Loaded module: cuda/10.0
Loaded module: cudnn/v7.4.2.24-prod-cuda-10.0
/zhome/ad/0/108841/.local/lib/python3.6/site-packages/tensorboard/compat/tensorflow_stub/dtypes.py:541: FutureWarning: Passing (type, 1) or '1type' as a synonym of type is deprecated; in a future version of numpy, it will be understood as (type, (1,)) / '(1,)type'.
  _np_qint8 = np.dtype([("qint8", np.int8, 1)])
/zhome/ad/0/108841/.local/lib/python3.6/site-packages/tensorboard/compat/tensorflow_stub/dtypes.py:542: FutureWarning: Passing (type, 1) or '1type' as a synonym of type is deprecated; in a future version of numpy, it will be understood as (type, (1,)) / '(1,)type'.
  _np_quint8 = np.dtype([("quint8", np.uint8, 1)])
/zhome/ad/0/108841/.local/lib/python3.6/site-packages/tensorboard/compat/tensorflow_stub/dtypes.py:543: FutureWarning: Passing (type, 1) or '1type' as a synonym of type is deprecated; in a future version of numpy, it will be understood as (type, (1,)) / '(1,)type'.
  _np_qint16 = np.dtype([("qint16", np.int16, 1)])
/zhome/ad/0/108841/.local/lib/python3.6/site-packages/tensorboard/compat/tensorflow_stub/dtypes.py:544: FutureWarning: Passing (type, 1) or '1type' as a synonym of type is deprecated; in a future version of numpy, it will be understood as (type, (1,)) / '(1,)type'.
  _np_quint16 = np.dtype([("quint16", np.uint16, 1)])
/zhome/ad/0/108841/.local/lib/python3.6/site-packages/tensorboard/compat/tensorflow_stub/dtypes.py:545: FutureWarning: Passing (type, 1) or '1type' as a synonym of type is deprecated; in a future version of numpy, it will be understood as (type, (1,)) / '(1,)type'.
  _np_qint32 = np.dtype([("qint32", np.int32, 1)])
/zhome/ad/0/108841/.local/lib/python3.6/site-packages/tensorboard/compat/tensorflow_stub/dtypes.py:550: FutureWarning: Passing (type, 1) or '1type' as a synonym of type is deprecated; in a future version of numpy, it will be understood as (type, (1,)) / '(1,)type'.
  np_resource = np.dtype([("resource", np.ubyte, 1)])
Traceback (most recent call last):
  File "Pong_DDQN.py", line 142, in <module>
    reward_test, actions_test = test(envTest, resize, 10, policy_net, device, actions_offset, False)
  File "/zhome/ad/0/108841/Documents/DQN/pong/script_pong_per/RunTest.py", line 33, in test
    state = update_state(env, resize, state)
  File "/zhome/ad/0/108841/Documents/DQN/pong/script_pong_per/GetScreen.py", line 16, in update_state
    current_screen = get_screen(env, resize)
  File "/zhome/ad/0/108841/Documents/DQN/pong/script_pong_per/GetScreen.py", line 10, in get_screen
    screen = resize(screen)
  File "/zhome/ad/0/108841/.local/lib/python3.6/site-packages/torchvision/transforms/transforms.py", line 70, in __call__
    img = t(img)
  File "/zhome/ad/0/108841/.local/lib/python3.6/site-packages/torchvision/transforms/transforms.py", line 207, in __call__
    return F.resize(img, self.size, self.interpolation)
  File "/zhome/ad/0/108841/.local/lib/python3.6/site-packages/torchvision/transforms/functional.py", line 253, in resize
    return img.resize((ow, oh), interpolation)
  File "/zhome/ad/0/108841/.local/lib/python3.6/site-packages/PIL/Image.py", line 1888, in resize
    return self._new(self.im.resize(size, resample, box))
KeyboardInterrupt
