Running script...
Start using cuda

Writing to 'runs/report_runs/PER_2019-12-19 16:28:22.987601'
Epoch:  0  - Total reward:  -20.0 Episode duration:  1178 Actions:  [384 394 400] Threshold:  0.9884160055374654
Model new iteration Saved 0
Epoch:  250  - Total reward:  -16.0 Episode duration:  3436 Actions:  [ 834 1402 1200] Threshold:  0.01483966228819896
Model new iteration Saved 250
Epoch:  500  - Total reward:  -14.0 Episode duration:  3662 Actions:  [1024  746 1892] Threshold:  0.010001122984891657
Model new iteration Saved 500
Epoch:  750  - Total reward:  -18.0 Episode duration:  2199 Actions:  [644 673 882] Threshold:  0.010000000146559397
Model new iteration Saved 750
Epoch:  1000  - Total reward:  -16.0 Episode duration:  3565 Actions:  [ 769  895 1901] Threshold:  0.010000000000013507
Model new iteration Saved 1000
Epoch:  1250  - Total reward:  -15.0 Episode duration:  3413 Actions:  [1067  901 1445] Threshold:  0.010000000000000002
Model new iteration Saved 1250
Epoch:  1500  - Total reward:  -12.0 Episode duration:  4595 Actions:  [1229 1517 1849] Threshold:  0.01
Model new iteration Saved 1500
Epoch:  1750  - Total reward:  -11.0 Episode duration:  4092 Actions:  [ 996  685 2411] Threshold:  0.01
Model new iteration Saved 1750
Epoch:  2000  - Total reward:  -18.0 Episode duration:  2775 Actions:  [953 846 976] Threshold:  0.01
Model new iteration Saved 2000
Epoch:  2250  - Total reward:  -14.0 Episode duration:  5282 Actions:  [ 879 1656 2747] Threshold:  0.01
Model new iteration Saved 2250
Epoch:  2500  - Total reward:  -4.0 Episode duration:  7524 Actions:  [3021 1281 3222] Threshold:  0.01
Model new iteration Saved 2500
Epoch:  2750  - Total reward:  -11.0 Episode duration:  3673 Actions:  [1411 1096 1166] Threshold:  0.01
Model new iteration Saved 2750
Complete
Script fishished.
