Running script...
Start using cuda

Writing to 'runs/report_runs/Dueling_2019-12-19 16:28:18.958179_Pong-v0'
Epoch:  0  - Total reward:  -19.0 Episode duration:  1365 Actions:  [454 449 462] Threshold:  0.9865880772527302
Model new iteration Saved 0
Epoch:  250  - Total reward:  -17.0 Episode duration:  4514 Actions:  [ 999 1329 2186] Threshold:  0.016927749016051343
Model new iteration Saved 250
Epoch:  500  - Total reward:  -17.0 Episode duration:  3155 Actions:  [ 919  696 1540] Threshold:  0.010000404279108114
Model new iteration Saved 500
Epoch:  750  - Total reward:  -18.0 Episode duration:  1488 Actions:  [220 796 472] Threshold:  0.010000000036566436
Model new iteration Saved 750
Epoch:  1000  - Total reward:  -17.0 Episode duration:  3477 Actions:  [2245  367  865] Threshold:  0.01000000000000117
Model new iteration Saved 1000
Epoch:  1250  - Total reward:  -15.0 Episode duration:  3347 Actions:  [ 929  414 2004] Threshold:  0.01
Model new iteration Saved 1250
Epoch:  1500  - Total reward:  -12.0 Episode duration:  3458 Actions:  [ 876  412 2170] Threshold:  0.01
Model new iteration Saved 1500
Epoch:  1750  - Total reward:  -9.0 Episode duration:  4710 Actions:  [ 680  470 3560] Threshold:  0.01
Model new iteration Saved 1750
Epoch:  2000  - Total reward:  6.0 Episode duration:  6644 Actions:  [1229  736 4679] Threshold:  0.01
Model new iteration Saved 2000
Epoch:  2250  - Total reward:  -1.0 Episode duration:  5226 Actions:  [ 449  503 4274] Threshold:  0.01
Model new iteration Saved 2250
Epoch:  2500  - Total reward:  -12.0 Episode duration:  4112 Actions:  [ 424  905 2783] Threshold:  0.01
Model new iteration Saved 2500
Epoch:  2750  - Total reward:  -4.0 Episode duration:  5460 Actions:  [ 421  801 4238] Threshold:  0.01
Model new iteration Saved 2750
Complete
Script fishished.
