Running script...
Start using cuda

Writing to 'runs/report_runs/PER_Dueling_2019-12-19 16:28:29.021757_Pong-v0'
Epoch:  0  - Total reward:  -21.0 Episode duration:  1005 Actions:  [339 315 351] Threshold:  0.9901101302223689
Model new iteration Saved 0
Epoch:  250  - Total reward:  -12.0 Episode duration:  3533 Actions:  [1012 1490 1031] Threshold:  0.018755525117804074
Model new iteration Saved 250
Epoch:  500  - Total reward:  -17.0 Episode duration:  3286 Actions:  [1217 1521  548] Threshold:  0.010005048697161146
Model new iteration Saved 500
Epoch:  750  - Total reward:  -19.0 Episode duration:  1442 Actions:  [1306   80   56] Threshold:  0.010000030385499396
Model new iteration Saved 750
Epoch:  1000  - Total reward:  -21.0 Episode duration:  1049 Actions:  [630 357  62] Threshold:  0.010000000238858369
Model new iteration Saved 1000
Epoch:  1250  - Total reward:  -21.0 Episode duration:  1554 Actions:  [  50  118 1386] Threshold:  0.010000000011615155
Model new iteration Saved 1250
Epoch:  1500  - Total reward:  -20.0 Episode duration:  1316 Actions:  [986 165 165] Threshold:  0.010000000000316523
Model new iteration Saved 1500
Epoch:  1750  - Total reward:  -17.0 Episode duration:  2019 Actions:  [1751  103  165] Threshold:  0.010000000000013427
Model new iteration Saved 1750
Epoch:  2000  - Total reward:  -21.0 Episode duration:  1098 Actions:  [559  52 487] Threshold:  0.010000000000000757
Model new iteration Saved 2000
Epoch:  2250  - Total reward:  -21.0 Episode duration:  1051 Actions:  [ 20 116 915] Threshold:  0.010000000000000052
Model new iteration Saved 2250
Epoch:  2500  - Total reward:  -21.0 Episode duration:  1212 Actions:  [  10  146 1056] Threshold:  0.010000000000000004
Model new iteration Saved 2500
Epoch:  2750  - Total reward:  -20.0 Episode duration:  1245 Actions:  [1071   10  164] Threshold:  0.01
Model new iteration Saved 2750
Complete
Script fishished.
