Running script...
Start using cuda

Writing to 'runs/report_runs/PER_Dueling_2019-12-22 08:55:53.058717_Pong-v0'
Episode:  0 , steps:  1
  - Rewards: 5
  - Amount of actions: [-21.0, -21.0, -21.0, -21.0, -21.0]
Epoch:  0  - Total reward:  -18.0 Episode duration:  1640 Actions:  [551 565 524] Threshold:  0.9983869072905823
Episode:  8 , steps:  10000
  - Rewards: 5
  - Amount of actions: [-20.0, -20.0, -21.0, -21.0, -21.0]
Episode:  15 , steps:  20000
  - Rewards: 5
  - Amount of actions: [-20.0, -20.0, -20.0, -21.0, -20.0]
Episode:  23 , steps:  30000
  - Rewards: 5
  - Amount of actions: [-21.0, -20.0, -21.0, -20.0, -21.0]
Episode:  32 , steps:  40000
  - Rewards: 5
  - Amount of actions: [-21.0, -21.0, -21.0, -21.0, -21.0]
Episode:  40 , steps:  50000
  - Rewards: 5
  - Amount of actions: [-21.0, -21.0, -21.0, -21.0, -21.0]
Episode:  49 , steps:  60000
  - Rewards: 5
  - Amount of actions: [-21.0, -21.0, -21.0, -21.0, -21.0]
Episode:  56 , steps:  70000
  - Rewards: 5
  - Amount of actions: [-21.0, -21.0, -21.0, -21.0, -21.0]
Episode:  65 , steps:  80000
  - Rewards: 5
  - Amount of actions: [-21.0, -21.0, -21.0, -20.0, -21.0]
Episode:  73 , steps:  90000
  - Rewards: 5
  - Amount of actions: [-21.0, -21.0, -21.0, -21.0, -21.0]
Episode:  81 , steps:  100000
  - Rewards: 5
  - Amount of actions: [-21.0, -21.0, -21.0, -21.0, -21.0]
Episode:  89 , steps:  110000
  - Rewards: 5
  - Amount of actions: [-21.0, -21.0, -21.0, -21.0, -20.0]
Episode:  97 , steps:  120000
  - Rewards: 5
  - Amount of actions: [-21.0, -21.0, -21.0, -21.0, -21.0]
Episode:  106 , steps:  130000
  - Rewards: 5
  - Amount of actions: [-21.0, -21.0, -21.0, -21.0, -21.0]
Episode:  114 , steps:  140000
  - Rewards: 5
  - Amount of actions: [-21.0, -21.0, -21.0, -21.0, -21.0]
Episode:  122 , steps:  150000
  - Rewards: 5
  - Amount of actions: [-20.0, -21.0, -21.0, -21.0, -21.0]
Episode:  131 , steps:  160000
  - Rewards: 5
  - Amount of actions: [-21.0, -21.0, -21.0, -19.0, -21.0]
Episode:  139 , steps:  170000
  - Rewards: 5
  - Amount of actions: [-21.0, -21.0, -21.0, -21.0, -21.0]
Episode:  147 , steps:  180000
  - Rewards: 5
  - Amount of actions: [-21.0, -19.0, -21.0, -20.0, -21.0]
Episode:  155 , steps:  190000
  - Rewards: 5
  - Amount of actions: [-20.0, -21.0, -21.0, -21.0, -21.0]
Episode:  164 , steps:  200000
  - Rewards: 5
  - Amount of actions: [-21.0, -21.0, -21.0, -21.0, -21.0]
Episode:  171 , steps:  210000
  - Rewards: 5
  - Amount of actions: [-21.0, -21.0, -21.0, -21.0, -21.0]
Episode:  178 , steps:  220000
  - Rewards: 5
  - Amount of actions: [-19.0, -20.0, -21.0, -16.0, -16.0]
Episode:  185 , steps:  230000
  - Rewards: 5
  - Amount of actions: [-16.0, -19.0, -18.0, -16.0, -20.0]
Episode:  192 , steps:  240000
  - Rewards: 5
  - Amount of actions: [-20.0, -18.0, -21.0, -18.0, -18.0]
Episode:  200 , steps:  250000
  - Rewards: 5
  - Amount of actions: [-21.0, -19.0, -20.0, -21.0, -19.0]
Episode:  206 , steps:  260000
  - Rewards: 5
  - Amount of actions: [-19.0, -20.0, -20.0, -21.0, -20.0]
Episode:  214 , steps:  270000
  - Rewards: 5
  - Amount of actions: [-21.0, -21.0, -19.0, -21.0, -21.0]
Episode:  221 , steps:  280000
  - Rewards: 5
  - Amount of actions: [-21.0, -21.0, -18.0, -18.0, -21.0]
Episode:  229 , steps:  290000
  - Rewards: 5
  - Amount of actions: [-21.0, -21.0, -21.0, -19.0, -21.0]
Episode:  236 , steps:  300000
  - Rewards: 5
  - Amount of actions: [-19.0, -21.0, -21.0, -20.0, -21.0]
Episode:  242 , steps:  310000
  - Rewards: 5
  - Amount of actions: [-20.0, -18.0, -14.0, -19.0, -20.0]
Episode:  250 , steps:  320000
  - Rewards: 5
  - Amount of actions: [-21.0, -21.0, -21.0, -21.0, -21.0]
Epoch:  250  - Total reward:  -20.0 Episode duration:  1446 Actions:  [413 605 428] Threshold:  0.7293632890773065
Episode:  257 , steps:  330000
  - Rewards: 5
  - Amount of actions: [-21.0, -21.0, -21.0, -19.0, -21.0]
Episode:  263 , steps:  340000
  - Rewards: 5
  - Amount of actions: [-21.0, -21.0, -21.0, -21.0, -21.0]
Episode:  271 , steps:  350000
  - Rewards: 5
  - Amount of actions: [-21.0, -21.0, -20.0, -20.0, -21.0]
Episode:  277 , steps:  360000
  - Rewards: 5
  - Amount of actions: [-19.0, -18.0, -19.0, -19.0, -16.0]
Episode:  284 , steps:  370000
  - Rewards: 5
  - Amount of actions: [-18.0, -21.0, -18.0, -18.0, -21.0]
Episode:  291 , steps:  380000
  - Rewards: 5
  - Amount of actions: [-17.0, -20.0, -16.0, -18.0, -19.0]
Episode:  298 , steps:  390000
  - Rewards: 5
  - Amount of actions: [-17.0, -15.0, -20.0, -18.0, -17.0]
Episode:  304 , steps:  400000
  - Rewards: 5
  - Amount of actions: [-19.0, -19.0, -18.0, -18.0, -19.0]
Episode:  310 , steps:  410000
  - Rewards: 5
  - Amount of actions: [-19.0, -20.0, -18.0, -17.0, -20.0]
Episode:  316 , steps:  420000
  - Rewards: 5
  - Amount of actions: [-19.0, -16.0, -14.0, -19.0, -21.0]
Episode:  323 , steps:  430000
  - Rewards: 5
  - Amount of actions: [-21.0, -20.0, -21.0, -19.0, -17.0]
Episode:  329 , steps:  440000
  - Rewards: 5
  - Amount of actions: [-21.0, -21.0, -21.0, -21.0, -21.0]
Episode:  336 , steps:  450000
  - Rewards: 5
  - Amount of actions: [-21.0, -21.0, -20.0, -20.0, -20.0]
Episode:  342 , steps:  460000
  - Rewards: 5
  - Amount of actions: [-20.0, -20.0, -20.0, -21.0, -19.0]
Episode:  348 , steps:  470000
  - Rewards: 5
  - Amount of actions: [-20.0, -13.0, -20.0, -16.0, -18.0]
Episode:  355 , steps:  480000
  - Rewards: 5
  - Amount of actions: [-21.0, -21.0, -21.0, -21.0, -21.0]
Episode:  362 , steps:  490000
  - Rewards: 5
  - Amount of actions: [-18.0, -18.0, -17.0, -16.0, -19.0]
Episode:  370 , steps:  500000
  - Rewards: 5
  - Amount of actions: [-20.0, -20.0, -21.0, -19.0, -21.0]
Episode:  377 , steps:  510000
  - Rewards: 5
  - Amount of actions: [-21.0, -21.0, -21.0, -20.0, -20.0]
Episode:  384 , steps:  520000
  - Rewards: 5
  - Amount of actions: [-20.0, -20.0, -21.0, -19.0, -21.0]
Episode:  391 , steps:  530000
  - Rewards: 5
  - Amount of actions: [-21.0, -21.0, -21.0, -21.0, -21.0]
Episode:  397 , steps:  540000
  - Rewards: 5
  - Amount of actions: [-19.0, -21.0, -18.0, -19.0, -18.0]
Episode:  404 , steps:  550000
  - Rewards: 5
  - Amount of actions: [-18.0, -17.0, -20.0, -21.0, -18.0]
Episode:  410 , steps:  560000
  - Rewards: 5
  - Amount of actions: [-20.0, -20.0, -18.0, -20.0, -19.0]
Episode:  415 , steps:  570000
  - Rewards: 5
  - Amount of actions: [-15.0, -14.0, -15.0, -19.0, -17.0]
Episode:  421 , steps:  580000
  - Rewards: 5
  - Amount of actions: [-18.0, -16.0, -17.0, -17.0, -19.0]
Episode:  427 , steps:  590000
  - Rewards: 5
  - Amount of actions: [-19.0, -13.0, -16.0, -18.0, -17.0]
Episode:  433 , steps:  600000
  - Rewards: 5
  - Amount of actions: [-21.0, -20.0, -20.0, -16.0, -21.0]
Episode:  438 , steps:  610000
  - Rewards: 5
  - Amount of actions: [-20.0, -19.0, -18.0, -20.0, -18.0]
Episode:  444 , steps:  620000
  - Rewards: 5
  - Amount of actions: [-18.0, -18.0, -19.0, -20.0, -17.0]
Episode:  450 , steps:  630000
  - Rewards: 5
  - Amount of actions: [-21.0, -20.0, -21.0, -21.0, -20.0]
Episode:  457 , steps:  640000
  - Rewards: 5
  - Amount of actions: [-19.0, -19.0, -19.0, -20.0, -19.0]
Episode:  464 , steps:  650000
  - Rewards: 5
  - Amount of actions: [-21.0, -21.0, -20.0, -20.0, -20.0]
Episode:  470 , steps:  660000
  - Rewards: 5
  - Amount of actions: [-19.0, -21.0, -18.0, -20.0, -19.0]
Episode:  477 , steps:  670000
  - Rewards: 5
  - Amount of actions: [-21.0, -21.0, -20.0, -20.0, -19.0]
Episode:  483 , steps:  680000
  - Rewards: 5
  - Amount of actions: [-21.0, -18.0, -19.0, -19.0, -18.0]
Episode:  491 , steps:  690000
  - Rewards: 5
  - Amount of actions: [-21.0, -20.0, -18.0, -20.0, -20.0]
Episode:  498 , steps:  700000
  - Rewards: 5
  - Amount of actions: [-20.0, -21.0, -21.0, -21.0, -21.0]
Epoch:  500  - Total reward:  -21.0 Episode duration:  1211 Actions:  [244 664 303] Threshold:  0.5028898392713124
Episode:  505 , steps:  710000
  - Rewards: 5
  - Amount of actions: [-20.0, -19.0, -21.0, -21.0, -21.0]
Episode:  512 , steps:  720000
  - Rewards: 5
  - Amount of actions: [-21.0, -21.0, -21.0, -21.0, -20.0]
Episode:  521 , steps:  730000
  - Rewards: 5
  - Amount of actions: [-21.0, -21.0, -21.0, -21.0, -21.0]
Episode:  527 , steps:  740000
  - Rewards: 5
  - Amount of actions: [-21.0, -18.0, -21.0, -19.0, -21.0]
Episode:  535 , steps:  750000
  - Rewards: 5
  - Amount of actions: [-21.0, -21.0, -21.0, -21.0, -21.0]
Episode:  541 , steps:  760000
  - Rewards: 5
  - Amount of actions: [-20.0, -20.0, -19.0, -21.0, -21.0]
Episode:  547 , steps:  770000
  - Rewards: 5
  - Amount of actions: [-21.0, -21.0, -20.0, -21.0, -21.0]
Episode:  555 , steps:  780000
  - Rewards: 5
  - Amount of actions: [-21.0, -21.0, -21.0, -21.0, -21.0]
Episode:  561 , steps:  790000
  - Rewards: 5
  - Amount of actions: [-20.0, -21.0, -19.0, -21.0, -21.0]
Episode:  567 , steps:  800000
  - Rewards: 5
  - Amount of actions: [-20.0, -16.0, -18.0, -18.0, -18.0]
Episode:  574 , steps:  810000
  - Rewards: 5
  - Amount of actions: [-20.0, -17.0, -20.0, -20.0, -20.0]
Episode:  580 , steps:  820000
  - Rewards: 5
  - Amount of actions: [-20.0, -19.0, -19.0, -18.0, -20.0]
Episode:  585 , steps:  830000
  - Rewards: 5
  - Amount of actions: [-20.0, -17.0, -17.0, -19.0, -21.0]
Episode:  591 , steps:  840000
  - Rewards: 5
  - Amount of actions: [-18.0, -18.0, -16.0, -18.0, -14.0]
Episode:  598 , steps:  850000
  - Rewards: 5
  - Amount of actions: [-14.0, -19.0, -10.0, -18.0, -17.0]
Episode:  604 , steps:  860000
  - Rewards: 5
  - Amount of actions: [-21.0, -21.0, -21.0, -21.0, -21.0]
Episode:  611 , steps:  870000
  - Rewards: 5
  - Amount of actions: [-21.0, -19.0, -16.0, -20.0, -20.0]
Episode:  617 , steps:  880000
  - Rewards: 5
  - Amount of actions: [-20.0, -17.0, -17.0, -19.0, -19.0]
Episode:  622 , steps:  890000
  - Rewards: 5
  - Amount of actions: [-20.0, -19.0, -19.0, -18.0, -18.0]
Episode:  627 , steps:  900000
  - Rewards: 5
  - Amount of actions: [-21.0, -18.0, -20.0, -17.0, -17.0]
Episode:  632 , steps:  910000
  - Rewards: 5
  - Amount of actions: [-16.0, -16.0, -19.0, -17.0, -15.0]
Episode:  637 , steps:  920000
  - Rewards: 5
  - Amount of actions: [-18.0, -18.0, -19.0, -19.0, -21.0]
Episode:  642 , steps:  930000
  - Rewards: 5
  - Amount of actions: [-19.0, -16.0, -21.0, -21.0, -14.0]
Episode:  647 , steps:  940000
  - Rewards: 5
  - Amount of actions: [-20.0, -17.0, -13.0, -19.0, -16.0]
Episode:  653 , steps:  950000
  - Rewards: 5
  - Amount of actions: [-20.0, -18.0, -19.0, -20.0, -17.0]
Episode:  660 , steps:  960000
  - Rewards: 5
  - Amount of actions: [-18.0, -19.0, -20.0, -20.0, -17.0]
Episode:  666 , steps:  970000
  - Rewards: 5
  - Amount of actions: [-19.0, -20.0, -20.0, -21.0, -20.0]
Episode:  671 , steps:  980000
  - Rewards: 5
  - Amount of actions: [-16.0, -20.0, -18.0, -17.0, -16.0]
Episode:  678 , steps:  990000
  - Rewards: 5
  - Amount of actions: [-17.0, -14.0, -21.0, -15.0, -18.0]
Episode:  683 , steps:  1000000
  - Rewards: 5
  - Amount of actions: [-15.0, -18.0, -16.0, -16.0, -21.0]
Episode:  689 , steps:  1010000
  - Rewards: 5
  - Amount of actions: [-20.0, -21.0, -20.0, -21.0, -21.0]
Episode:  696 , steps:  1020000
  - Rewards: 5
  - Amount of actions: [-19.0, -16.0, -16.0, -16.0, -18.0]
Episode:  702 , steps:  1030000
  - Rewards: 5
  - Amount of actions: [-20.0, -17.0, -18.0, -21.0, -18.0]
Episode:  708 , steps:  1040000
  - Rewards: 5
  - Amount of actions: [-19.0, -20.0, -20.0, -19.0, -18.0]
Episode:  713 , steps:  1050000
  - Rewards: 5
  - Amount of actions: [-16.0, -17.0, -18.0, -12.0, -17.0]
Episode:  718 , steps:  1060000
  - Rewards: 5
  - Amount of actions: [-21.0, -17.0, -18.0, -20.0, -19.0]
Episode:  724 , steps:  1070000
  - Rewards: 5
  - Amount of actions: [-18.0, -19.0, -18.0, -17.0, -15.0]
Episode:  728 , steps:  1080000
  - Rewards: 5
  - Amount of actions: [-20.0, -20.0, -20.0, -20.0, -19.0]
Episode:  734 , steps:  1090000
  - Rewards: 5
  - Amount of actions: [-14.0, -21.0, -19.0, -20.0, -19.0]
Episode:  739 , steps:  1100000
  - Rewards: 5
  - Amount of actions: [-19.0, -19.0, -19.0, -20.0, -21.0]
Episode:  744 , steps:  1110000
  - Rewards: 5
  - Amount of actions: [-15.0, -15.0, -18.0, -13.0, -16.0]
Epoch:  750  - Total reward:  -19.0 Episode duration:  1558 Actions:  [270 465 823] Threshold:  0.3364675614810458
Episode:  751 , steps:  1120000
  - Rewards: 5
  - Amount of actions: [-21.0, -21.0, -21.0, -21.0, -21.0]
Episode:  756 , steps:  1130000
  - Rewards: 5
  - Amount of actions: [-16.0, -21.0, -21.0, -16.0, -19.0]
Episode:  761 , steps:  1140000
  - Rewards: 5
  - Amount of actions: [-19.0, -19.0, -19.0, -18.0, -21.0]
Episode:  767 , steps:  1150000
  - Rewards: 5
  - Amount of actions: [-21.0, -20.0, -21.0, -21.0, -21.0]
Episode:  773 , steps:  1160000
  - Rewards: 5
  - Amount of actions: [-17.0, -18.0, -18.0, -17.0, -19.0]
Episode:  780 , steps:  1170000
  - Rewards: 5
  - Amount of actions: [-18.0, -21.0, -20.0, -21.0, -18.0]
Episode:  784 , steps:  1180000
  - Rewards: 5
  - Amount of actions: [-17.0, -19.0, -17.0, -18.0, -16.0]
Episode:  789 , steps:  1190000
  - Rewards: 5
  - Amount of actions: [-17.0, -19.0, -17.0, -16.0, -20.0]
Episode:  795 , steps:  1200000
  - Rewards: 5
  - Amount of actions: [-20.0, -16.0, -21.0, -15.0, -20.0]
Episode:  800 , steps:  1210000
  - Rewards: 5
  - Amount of actions: [-21.0, -21.0, -21.0, -21.0, -21.0]
Episode:  806 , steps:  1220000
  - Rewards: 5
  - Amount of actions: [-13.0, -16.0, -19.0, -15.0, -18.0]
Episode:  811 , steps:  1230000
  - Rewards: 5
  - Amount of actions: [-21.0, -21.0, -19.0, -19.0, -21.0]
Episode:  819 , steps:  1240000
  - Rewards: 5
  - Amount of actions: [-21.0, -21.0, -21.0, -21.0, -21.0]
Episode:  823 , steps:  1250000
  - Rewards: 5
  - Amount of actions: [-19.0, -18.0, -15.0, -14.0, -19.0]
Episode:  828 , steps:  1260000
  - Rewards: 5
  - Amount of actions: [-17.0, -20.0, -19.0, -19.0, -18.0]
Episode:  835 , steps:  1270000
  - Rewards: 5
  - Amount of actions: [-19.0, -19.0, -14.0, -15.0, -15.0]
Episode:  839 , steps:  1280000
  - Rewards: 5
  - Amount of actions: [-17.0, -18.0, -18.0, -15.0, -17.0]
Episode:  844 , steps:  1290000
  - Rewards: 5
  - Amount of actions: [-18.0, -17.0, -18.0, -20.0, -17.0]
Episode:  847 , steps:  1300000
  - Rewards: 5
  - Amount of actions: [-14.0, -18.0, -20.0, -21.0, -17.0]
Episode:  852 , steps:  1310000
  - Rewards: 5
  - Amount of actions: [-21.0, -21.0, -20.0, -20.0, -20.0]
Episode:  856 , steps:  1320000
  - Rewards: 5
  - Amount of actions: [-18.0, -18.0, -19.0, -16.0, -20.0]
Episode:  861 , steps:  1330000
  - Rewards: 5
  - Amount of actions: [-20.0, -20.0, -20.0, -19.0, -19.0]
Episode:  868 , steps:  1340000
  - Rewards: 5
  - Amount of actions: [-19.0, -20.0, -18.0, -21.0, -20.0]
Episode:  873 , steps:  1350000
  - Rewards: 5
  - Amount of actions: [-21.0, -20.0, -20.0, -21.0, -21.0]
Episode:  879 , steps:  1360000
  - Rewards: 5
  - Amount of actions: [-20.0, -21.0, -18.0, -19.0, -18.0]
Episode:  884 , steps:  1370000
  - Rewards: 5
  - Amount of actions: [-17.0, -16.0, -20.0, -19.0, -17.0]
Episode:  888 , steps:  1380000
  - Rewards: 5
  - Amount of actions: [-20.0, -20.0, -18.0, -19.0, -18.0]
Episode:  894 , steps:  1390000
  - Rewards: 5
  - Amount of actions: [-17.0, -19.0, -18.0, -18.0, -19.0]
Episode:  900 , steps:  1400000
  - Rewards: 5
  - Amount of actions: [-20.0, -21.0, -17.0, -19.0, -18.0]
Episode:  904 , steps:  1410000
  - Rewards: 5
  - Amount of actions: [-21.0, -21.0, -21.0, -21.0, -21.0]
Episode:  912 , steps:  1420000
  - Rewards: 5
  - Amount of actions: [-16.0, -21.0, -21.0, -19.0, -16.0]
Episode:  917 , steps:  1430000
  - Rewards: 5
  - Amount of actions: [-20.0, -16.0, -20.0, -18.0, -20.0]
Episode:  924 , steps:  1440000
  - Rewards: 5
  - Amount of actions: [-16.0, -18.0, -17.0, -20.0, -19.0]
Episode:  932 , steps:  1450000
  - Rewards: 5
  - Amount of actions: [-21.0, -20.0, -21.0, -21.0, -21.0]
Episode:  938 , steps:  1460000
  - Rewards: 5
  - Amount of actions: [-15.0, -21.0, -16.0, -19.0, -16.0]
Episode:  943 , steps:  1470000
  - Rewards: 5
  - Amount of actions: [-19.0, -17.0, -17.0, -19.0, -19.0]
Episode:  949 , steps:  1480000
  - Rewards: 5
  - Amount of actions: [-20.0, -20.0, -21.0, -17.0, -21.0]
Episode:  955 , steps:  1490000
  - Rewards: 5
  - Amount of actions: [-16.0, -19.0, -20.0, -19.0, -17.0]
Episode:  963 , steps:  1500000
  - Rewards: 5
  - Amount of actions: [-21.0, -21.0, -20.0, -21.0, -20.0]
Episode:  970 , steps:  1510000
  - Rewards: 5
  - Amount of actions: [-20.0, -21.0, -20.0, -20.0, -20.0]
Episode:  977 , steps:  1520000
  - Rewards: 5
  - Amount of actions: [-21.0, -21.0, -21.0, -21.0, -21.0]
Episode:  984 , steps:  1530000
  - Rewards: 5
  - Amount of actions: [-21.0, -21.0, -19.0, -21.0, -20.0]
Episode:  991 , steps:  1540000
  - Rewards: 5
  - Amount of actions: [-21.0, -21.0, -21.0, -21.0, -21.0]
Episode:  998 , steps:  1550000
  - Rewards: 5
  - Amount of actions: [-21.0, -21.0, -21.0, -21.0, -21.0]
Epoch:  1000  - Total reward:  -20.0 Episode duration:  1515 Actions:  [198 352 965] Threshold:  0.22334214187450274
Episode:  1006 , steps:  1560000
  - Rewards: 5
  - Amount of actions: [-20.0, -20.0, -20.0, -20.0, -20.0]
Episode:  1013 , steps:  1570000
  - Rewards: 5
  - Amount of actions: [-20.0, -21.0, -21.0, -21.0, -21.0]
Episode:  1019 , steps:  1580000
  - Rewards: 5
  - Amount of actions: [-19.0, -21.0, -21.0, -21.0, -21.0]
Episode:  1026 , steps:  1590000
  - Rewards: 5
  - Amount of actions: [-20.0, -19.0, -19.0, -20.0, -19.0]
Episode:  1032 , steps:  1600000
  - Rewards: 5
  - Amount of actions: [-21.0, -21.0, -19.0, -16.0, -13.0]
Episode:  1038 , steps:  1610000
  - Rewards: 5
  - Amount of actions: [-20.0, -20.0, -16.0, -20.0, -21.0]
Episode:  1044 , steps:  1620000
  - Rewards: 5
  - Amount of actions: [-20.0, -21.0, -18.0, -15.0, -18.0]
Episode:  1051 , steps:  1630000
  - Rewards: 5
  - Amount of actions: [-21.0, -21.0, -21.0, -21.0, -21.0]
Episode:  1055 , steps:  1640000
  - Rewards: 5
  - Amount of actions: [-17.0, -16.0, -18.0, -13.0, -15.0]
Episode:  1060 , steps:  1650000
  - Rewards: 5
  - Amount of actions: [-20.0, -13.0, -14.0, -18.0, -17.0]
Episode:  1064 , steps:  1660000
  - Rewards: 5
  - Amount of actions: [-18.0, -19.0, -19.0, -19.0, -18.0]
Episode:  1071 , steps:  1670000
  - Rewards: 5
  - Amount of actions: [-20.0, -20.0, -20.0, -21.0, -19.0]
Episode:  1077 , steps:  1680000
  - Rewards: 5
  - Amount of actions: [-21.0, -21.0, -21.0, -21.0, -21.0]
Episode:  1085 , steps:  1690000
  - Rewards: 5
  - Amount of actions: [-21.0, -21.0, -20.0, -20.0, -21.0]
Episode:  1093 , steps:  1700000
  - Rewards: 5
  - Amount of actions: [-21.0, -21.0, -20.0, -21.0, -21.0]
Episode:  1099 , steps:  1710000
  - Rewards: 5
  - Amount of actions: [-15.0, -18.0, -17.0, -18.0, -17.0]
Episode:  1106 , steps:  1720000
  - Rewards: 5
  - Amount of actions: [-20.0, -21.0, -21.0, -20.0, -21.0]
Episode:  1115 , steps:  1730000
  - Rewards: 5
  - Amount of actions: [-21.0, -21.0, -21.0, -21.0, -21.0]
Episode:  1123 , steps:  1740000
  - Rewards: 5
  - Amount of actions: [-21.0, -21.0, -21.0, -21.0, -21.0]
Episode:  1132 , steps:  1750000
  - Rewards: 5
  - Amount of actions: [-21.0, -21.0, -21.0, -21.0, -21.0]
Episode:  1139 , steps:  1760000
  - Rewards: 5
  - Amount of actions: [-19.0, -20.0, -21.0, -20.0, -18.0]
Episode:  1146 , steps:  1770000
  - Rewards: 5
  - Amount of actions: [-19.0, -18.0, -18.0, -19.0, -16.0]
Episode:  1153 , steps:  1780000
  - Rewards: 5
  - Amount of actions: [-19.0, -17.0, -12.0, -16.0, -17.0]
Episode:  1159 , steps:  1790000
  - Rewards: 5
  - Amount of actions: [-21.0, -21.0, -21.0, -21.0, -21.0]
Episode:  1165 , steps:  1800000
  - Rewards: 5
  - Amount of actions: [-21.0, -21.0, -20.0, -21.0, -21.0]
Episode:  1171 , steps:  1810000
  - Rewards: 5
  - Amount of actions: [-19.0, -21.0, -19.0, -19.0, -18.0]
Episode:  1175 , steps:  1820000
  - Rewards: 5
  - Amount of actions: [-11.0, -16.0, -15.0, -19.0, -17.0]
Episode:  1180 , steps:  1830000
  - Rewards: 5
  - Amount of actions: [-20.0, -18.0, -20.0, -19.0, -20.0]
Episode:  1184 , steps:  1840000
  - Rewards: 5
  - Amount of actions: [-21.0, -21.0, -21.0, -21.0, -21.0]
Episode:  1188 , steps:  1850000
  - Rewards: 5
  - Amount of actions: [-16.0, -19.0, -16.0, -16.0, -16.0]
Episode:  1193 , steps:  1860000
  - Rewards: 5
  - Amount of actions: [-18.0, -18.0, -20.0, -17.0, -21.0]
Episode:  1197 , steps:  1870000
  - Rewards: 5
  - Amount of actions: [-17.0, -18.0, -15.0, -19.0, -17.0]
Episode:  1201 , steps:  1880000
  - Rewards: 5
  - Amount of actions: [-16.0, -16.0, -15.0, -14.0, -19.0]
Episode:  1205 , steps:  1890000
  - Rewards: 5
  - Amount of actions: [-17.0, -15.0, -16.0, -16.0, -18.0]
Episode:  1210 , steps:  1900000
  - Rewards: 5
  - Amount of actions: [-18.0, -19.0, -9.0, -18.0, -20.0]
Episode:  1214 , steps:  1910000
  - Rewards: 5
  - Amount of actions: [-15.0, -17.0, -17.0, -17.0, -13.0]
Episode:  1218 , steps:  1920000
  - Rewards: 5
  - Amount of actions: [-16.0, -18.0, -16.0, -17.0, -19.0]
Episode:  1224 , steps:  1930000
  - Rewards: 5
  - Amount of actions: [-17.0, -16.0, -19.0, -17.0, -15.0]
Episode:  1227 , steps:  1940000
  - Rewards: 5
  - Amount of actions: [-15.0, -16.0, -14.0, -13.0, -17.0]
Episode:  1231 , steps:  1950000
  - Rewards: 5
  - Amount of actions: [-16.0, -17.0, -12.0, -17.0, -15.0]
Episode:  1235 , steps:  1960000
  - Rewards: 5
  - Amount of actions: [-17.0, -18.0, -15.0, -18.0, -18.0]
Episode:  1239 , steps:  1970000
  - Rewards: 5
  - Amount of actions: [-19.0, -20.0, -16.0, -17.0, -18.0]
Episode:  1243 , steps:  1980000
  - Rewards: 5
  - Amount of actions: [-17.0, -16.0, -17.0, -18.0, -13.0]
Episode:  1247 , steps:  1990000
  - Rewards: 5
  - Amount of actions: [-17.0, -19.0, -20.0, -16.0, -17.0]
Epoch:  1250  - Total reward:  -18.0 Episode duration:  2283 Actions:  [ 309  512 1462] Threshold:  0.14841287474716747
Episode:  1251 , steps:  2000000
  - Rewards: 5
  - Amount of actions: [-20.0, -18.0, -21.0, -19.0, -19.0]
Episode:  1255 , steps:  2010000
  - Rewards: 5
  - Amount of actions: [-13.0, -16.0, -13.0, -14.0, -17.0]
Episode:  1259 , steps:  2020000
  - Rewards: 5
  - Amount of actions: [-19.0, -16.0, -15.0, -15.0, -17.0]
Episode:  1264 , steps:  2030000
  - Rewards: 5
  - Amount of actions: [-20.0, -21.0, -19.0, -20.0, -19.0]
Episode:  1269 , steps:  2040000
  - Rewards: 5
  - Amount of actions: [-16.0, -16.0, -17.0, -20.0, -15.0]
Episode:  1275 , steps:  2050000
  - Rewards: 5
  - Amount of actions: [-18.0, -16.0, -15.0, -17.0, -15.0]
Episode:  1278 , steps:  2060000
  - Rewards: 5
  - Amount of actions: [-16.0, -14.0, -19.0, -17.0, -15.0]
Episode:  1282 , steps:  2070000
  - Rewards: 5
  - Amount of actions: [-16.0, -16.0, -15.0, -17.0, -17.0]
Episode:  1286 , steps:  2080000
  - Rewards: 5
  - Amount of actions: [-18.0, -19.0, -18.0, -15.0, -20.0]
Episode:  1292 , steps:  2090000
  - Rewards: 5
  - Amount of actions: [-18.0, -18.0, -18.0, -19.0, -19.0]
Episode:  1298 , steps:  2100000
  - Rewards: 5
  - Amount of actions: [-20.0, -20.0, -20.0, -19.0, -20.0]
Episode:  1305 , steps:  2110000
  - Rewards: 5
  - Amount of actions: [-21.0, -21.0, -21.0, -21.0, -21.0]
Episode:  1310 , steps:  2120000
  - Rewards: 5
  - Amount of actions: [-18.0, -20.0, -19.0, -19.0, -21.0]
Episode:  1314 , steps:  2130000
  - Rewards: 5
  - Amount of actions: [-17.0, -19.0, -17.0, -18.0, -21.0]
Episode:  1319 , steps:  2140000
  - Rewards: 5
  - Amount of actions: [-21.0, -19.0, -21.0, -14.0, -20.0]
Episode:  1323 , steps:  2150000
  - Rewards: 5
  - Amount of actions: [-18.0, -15.0, -20.0, -19.0, -21.0]
Episode:  1327 , steps:  2160000
  - Rewards: 5
  - Amount of actions: [-13.0, -15.0, -14.0, -14.0, -17.0]
Episode:  1330 , steps:  2170000
  - Rewards: 5
  - Amount of actions: [-15.0, -12.0, -20.0, -17.0, -14.0]
Episode:  1334 , steps:  2180000
  - Rewards: 5
  - Amount of actions: [-17.0, -14.0, -16.0, -20.0, -20.0]
Episode:  1337 , steps:  2190000
  - Rewards: 5
  - Amount of actions: [-13.0, -13.0, -17.0, -17.0, -19.0]
Episode:  1342 , steps:  2200000
  - Rewards: 5
  - Amount of actions: [-19.0, -11.0, -18.0, -18.0, -13.0]
Episode:  1346 , steps:  2210000
  - Rewards: 5
  - Amount of actions: [-17.0, -19.0, -11.0, -15.0, -15.0]
Episode:  1349 , steps:  2220000
  - Rewards: 5
  - Amount of actions: [-16.0, -18.0, -17.0, -14.0, -9.0]
Episode:  1354 , steps:  2230000
  - Rewards: 5
  - Amount of actions: [-18.0, -15.0, -18.0, -18.0, -18.0]
Episode:  1358 , steps:  2240000
  - Rewards: 5
  - Amount of actions: [-19.0, -19.0, -21.0, -19.0, -20.0]
Episode:  1362 , steps:  2250000
  - Rewards: 5
  - Amount of actions: [-4.0, -18.0, -14.0, -16.0, -9.0]
Episode:  1365 , steps:  2260000
  - Rewards: 5
  - Amount of actions: [-14.0, -8.0, -12.0, -14.0, -10.0]
Episode:  1369 , steps:  2270000
  - Rewards: 5
  - Amount of actions: [-10.0, -12.0, -13.0, -16.0, -16.0]
Episode:  1374 , steps:  2280000
  - Rewards: 5
  - Amount of actions: [-21.0, -21.0, -21.0, -21.0, -21.0]
Episode:  1378 , steps:  2290000
  - Rewards: 5
  - Amount of actions: [-16.0, -17.0, -15.0, -12.0, -14.0]
Episode:  1382 , steps:  2300000
  - Rewards: 5
  - Amount of actions: [-20.0, -19.0, -14.0, -13.0, -14.0]
Episode:  1388 , steps:  2310000
  - Rewards: 5
  - Amount of actions: [-16.0, -17.0, -16.0, -13.0, -17.0]
Episode:  1392 , steps:  2320000
  - Rewards: 5
  - Amount of actions: [-16.0, -18.0, -17.0, -17.0, -13.0]
Episode:  1400 , steps:  2330000
  - Rewards: 5
  - Amount of actions: [-21.0, -20.0, -20.0, -21.0, -19.0]
Episode:  1404 , steps:  2340000
  - Rewards: 5
  - Amount of actions: [-18.0, -18.0, -17.0, -19.0, -19.0]
Episode:  1409 , steps:  2350000
  - Rewards: 5
  - Amount of actions: [-15.0, -17.0, -16.0, -19.0, -19.0]
Episode:  1413 , steps:  2360000
  - Rewards: 5
  - Amount of actions: [-18.0, -19.0, -15.0, -19.0, -15.0]
Episode:  1418 , steps:  2370000
  - Rewards: 5
  - Amount of actions: [-19.0, -18.0, -16.0, -17.0, -18.0]
Episode:  1423 , steps:  2380000
  - Rewards: 5
  - Amount of actions: [-21.0, -21.0, -21.0, -21.0, -20.0]
Episode:  1428 , steps:  2390000
  - Rewards: 5
  - Amount of actions: [-19.0, -20.0, -19.0, -17.0, -16.0]
Episode:  1433 , steps:  2400000
  - Rewards: 5
  - Amount of actions: [-19.0, -19.0, -21.0, -19.0, -16.0]
Episode:  1438 , steps:  2410000
  - Rewards: 5
  - Amount of actions: [-17.0, -18.0, -18.0, -18.0, -20.0]
Episode:  1442 , steps:  2420000
  - Rewards: 5
  - Amount of actions: [-15.0, -16.0, -17.0, -15.0, -17.0]
Episode:  1446 , steps:  2430000
  - Rewards: 5
  - Amount of actions: [-19.0, -18.0, -17.0, -11.0, -15.0]
Episode:  1455 , steps:  2440000
  - Rewards: 5
  - Amount of actions: [-21.0, -21.0, -21.0, -21.0, -21.0]
Episode:  1462 , steps:  2450000
  - Rewards: 5
  - Amount of actions: [-19.0, -18.0, -11.0, -18.0, -16.0]
Episode:  1466 , steps:  2460000
  - Rewards: 5
  - Amount of actions: [-15.0, -18.0, -14.0, -15.0, -19.0]
Episode:  1471 , steps:  2470000
  - Rewards: 5
  - Amount of actions: [-16.0, -16.0, -17.0, -18.0, -17.0]
Episode:  1475 , steps:  2480000
  - Rewards: 5
  - Amount of actions: [-16.0, -16.0, -19.0, -15.0, -14.0]
Episode:  1485 , steps:  2490000
  - Rewards: 5
  - Amount of actions: [-21.0, -21.0, -21.0, -21.0, -21.0]
Episode:  1492 , steps:  2500000
  - Rewards: 5
  - Amount of actions: [-16.0, -18.0, -18.0, -18.0, -17.0]
Episode:  1496 , steps:  2510000
  - Rewards: 5
  - Amount of actions: [-18.0, -19.0, -19.0, -14.0, -17.0]
Episode:  1500 , steps:  2520000
  - Rewards: 5
  - Amount of actions: [-17.0, -17.0, -19.0, -15.0, -16.0]
Epoch:  1500  - Total reward:  -18.0 Episode duration:  2395 Actions:  [1955  200  240] Threshold:  0.09425168236972184
Episode:  1506 , steps:  2530000
  - Rewards: 5
  - Amount of actions: [-14.0, -12.0, -13.0, -16.0, -13.0]
Episode:  1511 , steps:  2540000
  - Rewards: 5
  - Amount of actions: [-20.0, -20.0, -19.0, -18.0, -16.0]
Episode:  1516 , steps:  2550000
  - Rewards: 5
  - Amount of actions: [-18.0, -18.0, -18.0, -18.0, -19.0]
Episode:  1520 , steps:  2560000
  - Rewards: 5
  - Amount of actions: [-14.0, -17.0, -16.0, -15.0, -18.0]
Episode:  1525 , steps:  2570000
  - Rewards: 5
  - Amount of actions: [-17.0, -15.0, -19.0, -15.0, -18.0]
Episode:  1529 , steps:  2580000
  - Rewards: 5
  - Amount of actions: [-21.0, -19.0, -21.0, -20.0, -19.0]
Episode:  1533 , steps:  2590000
  - Rewards: 5
  - Amount of actions: [-17.0, -18.0, -19.0, -16.0, -19.0]
Episode:  1538 , steps:  2600000
  - Rewards: 5
  - Amount of actions: [-18.0, -18.0, -20.0, -16.0, -17.0]
Episode:  1543 , steps:  2610000
  - Rewards: 5
  - Amount of actions: [-19.0, -19.0, -20.0, -20.0, -18.0]
Episode:  1548 , steps:  2620000
  - Rewards: 5
  - Amount of actions: [-20.0, -20.0, -19.0, -19.0, -17.0]
Episode:  1553 , steps:  2630000
  - Rewards: 5
  - Amount of actions: [-21.0, -20.0, -21.0, -21.0, -17.0]
Episode:  1557 , steps:  2640000
  - Rewards: 5
  - Amount of actions: [-14.0, -18.0, -12.0, -18.0, -16.0]
Episode:  1563 , steps:  2650000
  - Rewards: 5
  - Amount of actions: [-16.0, -20.0, -20.0, -18.0, -20.0]
Episode:  1568 , steps:  2660000
  - Rewards: 5
  - Amount of actions: [-21.0, -17.0, -18.0, -19.0, -21.0]
Episode:  1573 , steps:  2670000
  - Rewards: 5
  - Amount of actions: [-18.0, -17.0, -20.0, -16.0, -18.0]
Episode:  1577 , steps:  2680000
  - Rewards: 5
  - Amount of actions: [-19.0, -19.0, -19.0, -18.0, -16.0]
Episode:  1585 , steps:  2690000
  - Rewards: 5
  - Amount of actions: [-21.0, -21.0, -21.0, -21.0, -21.0]
Episode:  1592 , steps:  2700000
  - Rewards: 5
  - Amount of actions: [-17.0, -16.0, -20.0, -19.0, -16.0]
Episode:  1598 , steps:  2710000
  - Rewards: 5
  - Amount of actions: [-21.0, -21.0, -21.0, -21.0, -21.0]
Episode:  1604 , steps:  2720000
  - Rewards: 5
  - Amount of actions: [-18.0, -18.0, -17.0, -18.0, -20.0]
Episode:  1609 , steps:  2730000
  - Rewards: 5
  - Amount of actions: [-19.0, -20.0, -16.0, -19.0, -19.0]
Episode:  1614 , steps:  2740000
  - Rewards: 5
  - Amount of actions: [-17.0, -19.0, -19.0, -19.0, -16.0]
Episode:  1619 , steps:  2750000
  - Rewards: 5
  - Amount of actions: [-20.0, -18.0, -19.0, -17.0, -15.0]
Episode:  1623 , steps:  2760000
  - Rewards: 5
  - Amount of actions: [-20.0, -18.0, -21.0, -21.0, -20.0]
Episode:  1631 , steps:  2770000
  - Rewards: 5
  - Amount of actions: [-21.0, -21.0, -20.0, -21.0, -21.0]
Episode:  1637 , steps:  2780000
  - Rewards: 5
  - Amount of actions: [-19.0, -20.0, -20.0, -19.0, -15.0]
Episode:  1641 , steps:  2790000
  - Rewards: 5
  - Amount of actions: [-18.0, -20.0, -17.0, -20.0, -20.0]
Episode:  1645 , steps:  2800000
  - Rewards: 5
  - Amount of actions: [-18.0, -20.0, -15.0, -19.0, -15.0]
Episode:  1650 , steps:  2810000
  - Rewards: 5
  - Amount of actions: [-17.0, -20.0, -21.0, -21.0, -21.0]
Episode:  1656 , steps:  2820000
  - Rewards: 5
  - Amount of actions: [-21.0, -21.0, -21.0, -21.0, -21.0]
Episode:  1664 , steps:  2830000
  - Rewards: 5
  - Amount of actions: [-15.0, -18.0, -20.0, -18.0, -19.0]
Episode:  1669 , steps:  2840000
  - Rewards: 5
  - Amount of actions: [-15.0, -17.0, -13.0, -16.0, -18.0]
Episode:  1675 , steps:  2850000
  - Rewards: 5
  - Amount of actions: [-18.0, -17.0, -14.0, -15.0, -19.0]
Episode:  1679 , steps:  2860000
  - Rewards: 5
  - Amount of actions: [-16.0, -17.0, -16.0, -17.0, -21.0]
Episode:  1684 , steps:  2870000
  - Rewards: 5
  - Amount of actions: [-18.0, -20.0, -17.0, -16.0, -19.0]
Episode:  1687 , steps:  2880000
  - Rewards: 5
  - Amount of actions: [-19.0, -18.0, -21.0, -19.0, -21.0]
Episode:  1692 , steps:  2890000
  - Rewards: 5
  - Amount of actions: [-15.0, -15.0, -17.0, -19.0, -16.0]
Episode:  1699 , steps:  2900000
  - Rewards: 5
  - Amount of actions: [-17.0, -20.0, -16.0, -21.0, -17.0]
Episode:  1703 , steps:  2910000
  - Rewards: 5
  - Amount of actions: [-21.0, -21.0, -21.0, -21.0, -21.0]
Episode:  1709 , steps:  2920000
  - Rewards: 5
  - Amount of actions: [-18.0, -18.0, -21.0, -19.0, -19.0]
Episode:  1713 , steps:  2930000
  - Rewards: 5
  - Amount of actions: [-16.0, -18.0, -19.0, -19.0, -18.0]
Episode:  1717 , steps:  2940000
  - Rewards: 5
  - Amount of actions: [-19.0, -19.0, -18.0, -17.0, -15.0]
Episode:  1721 , steps:  2950000
  - Rewards: 5
  - Amount of actions: [-14.0, -16.0, -16.0, -13.0, -15.0]
Episode:  1724 , steps:  2960000
  - Rewards: 5
  - Amount of actions: [-13.0, -18.0, -18.0, -17.0, -16.0]
Episode:  1727 , steps:  2970000
  - Rewards: 5
  - Amount of actions: [-14.0, -14.0, -18.0, -16.0, -15.0]
Episode:  1731 , steps:  2980000
  - Rewards: 5
  - Amount of actions: [-16.0, -17.0, -14.0, -16.0, -16.0]
Episode:  1735 , steps:  2990000
  - Rewards: 5
  - Amount of actions: [-19.0, -16.0, -19.0, -19.0, -15.0]
Episode:  1740 , steps:  3000000
  - Rewards: 5
  - Amount of actions: [-19.0, -21.0, -19.0, -20.0, -18.0]
Episode:  1744 , steps:  3010000
  - Rewards: 5
  - Amount of actions: [-12.0, -15.0, -12.0, -15.0, -17.0]
Episode:  1747 , steps:  3020000
  - Rewards: 5
  - Amount of actions: [-13.0, -13.0, -19.0, -12.0, -18.0]
Episode:  1750 , steps:  3030000
  - Rewards: 5
  - Amount of actions: [-14.0, -18.0, -18.0, -20.0, -18.0]
Epoch:  1750  - Total reward:  -20.0 Episode duration:  1920 Actions:  [943 313 664] Threshold:  0.06253625300874383
Episode:  1755 , steps:  3040000
  - Rewards: 5
  - Amount of actions: [-19.0, -13.0, -19.0, -11.0, -16.0]
Episode:  1758 , steps:  3050000
  - Rewards: 5
  - Amount of actions: [-16.0, -18.0, -16.0, -19.0, -18.0]
Episode:  1762 , steps:  3060000
  - Rewards: 5
  - Amount of actions: [-15.0, -18.0, -17.0, -15.0, -15.0]
Episode:  1766 , steps:  3070000
  - Rewards: 5
  - Amount of actions: [-20.0, -19.0, -18.0, -16.0, -20.0]
Episode:  1769 , steps:  3080000
  - Rewards: 5
  - Amount of actions: [-11.0, -15.0, -14.0, -15.0, -16.0]
Episode:  1772 , steps:  3090000
  - Rewards: 5
  - Amount of actions: [-17.0, -17.0, -18.0, -18.0, -15.0]
Episode:  1776 , steps:  3100000
  - Rewards: 5
  - Amount of actions: [-17.0, -19.0, -18.0, -18.0, -19.0]
Episode:  1780 , steps:  3110000
  - Rewards: 5
  - Amount of actions: [-19.0, -19.0, -21.0, -20.0, -16.0]
Episode:  1784 , steps:  3120000
  - Rewards: 5
  - Amount of actions: [-15.0, -17.0, -18.0, -17.0, -18.0]
Episode:  1788 , steps:  3130000
  - Rewards: 5
  - Amount of actions: [-19.0, -17.0, -17.0, -20.0, -21.0]
Episode:  1792 , steps:  3140000
  - Rewards: 5
  - Amount of actions: [-20.0, -12.0, -15.0, -17.0, -15.0]
Episode:  1800 , steps:  3150000
  - Rewards: 5
  - Amount of actions: [-21.0, -21.0, -21.0, -21.0, -21.0]
Episode:  1806 , steps:  3160000
  - Rewards: 5
  - Amount of actions: [-20.0, -21.0, -19.0, -17.0, -18.0]
Episode:  1810 , steps:  3170000
  - Rewards: 5
  - Amount of actions: [-20.0, -21.0, -17.0, -19.0, -15.0]
Episode:  1814 , steps:  3180000
  - Rewards: 5
  - Amount of actions: [-20.0, -20.0, -21.0, -18.0, -19.0]
Episode:  1817 , steps:  3190000
  - Rewards: 5
  - Amount of actions: [-11.0, -18.0, -14.0, -17.0, -16.0]
Episode:  1822 , steps:  3200000
  - Rewards: 5
  - Amount of actions: [-20.0, -19.0, -21.0, -21.0, -17.0]
Episode:  1826 , steps:  3210000
  - Rewards: 5
  - Amount of actions: [-20.0, -18.0, -18.0, -16.0, -20.0]
Episode:  1830 , steps:  3220000
  - Rewards: 5
  - Amount of actions: [-15.0, -16.0, -16.0, -18.0, -14.0]
Episode:  1833 , steps:  3230000
  - Rewards: 5
  - Amount of actions: [-21.0, -19.0, -21.0, -20.0, -21.0]
Episode:  1836 , steps:  3240000
  - Rewards: 5
  - Amount of actions: [-12.0, -18.0, -14.0, -18.0, -17.0]
Episode:  1839 , steps:  3250000
  - Rewards: 5
  - Amount of actions: [-14.0, -17.0, -20.0, -16.0, -14.0]
Episode:  1849 , steps:  3260000
  - Rewards: 5
  - Amount of actions: [-21.0, -21.0, -21.0, -21.0, -21.0]
Episode:  1857 , steps:  3270000
  - Rewards: 5
  - Amount of actions: [-21.0, -21.0, -21.0, -21.0, -21.0]
Episode:  1863 , steps:  3280000
  - Rewards: 5
  - Amount of actions: [-20.0, -18.0, -18.0, -21.0, -19.0]
Episode:  1870 , steps:  3290000
  - Rewards: 5
  - Amount of actions: [-21.0, -21.0, -21.0, -21.0, -21.0]
Episode:  1876 , steps:  3300000
  - Rewards: 5
  - Amount of actions: [-18.0, -18.0, -18.0, -18.0, -20.0]
Episode:  1880 , steps:  3310000
  - Rewards: 5
  - Amount of actions: [-15.0, -17.0, -18.0, -20.0, -17.0]
Episode:  1884 , steps:  3320000
  - Rewards: 5
  - Amount of actions: [-19.0, -18.0, -18.0, -14.0, -20.0]
Episode:  1887 , steps:  3330000
  - Rewards: 5
  - Amount of actions: [-17.0, -20.0, -14.0, -18.0, -20.0]
Episode:  1891 , steps:  3340000
  - Rewards: 5
  - Amount of actions: [-18.0, -16.0, -17.0, -17.0, -19.0]
Episode:  1894 , steps:  3350000
  - Rewards: 5
  - Amount of actions: [-14.0, -16.0, -18.0, -17.0, -15.0]
Episode:  1898 , steps:  3360000
  - Rewards: 5
  - Amount of actions: [-11.0, -17.0, -19.0, -15.0, -20.0]
Episode:  1902 , steps:  3370000
  - Rewards: 5
  - Amount of actions: [-13.0, -17.0, -18.0, -16.0, -11.0]
Episode:  1906 , steps:  3380000
  - Rewards: 5
  - Amount of actions: [-18.0, -17.0, -17.0, -15.0, -16.0]
Episode:  1910 , steps:  3390000
  - Rewards: 5
  - Amount of actions: [-16.0, -20.0, -15.0, -16.0, -16.0]
Episode:  1914 , steps:  3400000
  - Rewards: 5
  - Amount of actions: [-17.0, -18.0, -15.0, -20.0, -13.0]
Episode:  1917 , steps:  3410000
  - Rewards: 5
  - Amount of actions: [-14.0, -14.0, -16.0, -14.0, -16.0]
Episode:  1921 , steps:  3420000
  - Rewards: 5
  - Amount of actions: [-14.0, -15.0, -18.0, -19.0, -11.0]
Episode:  1924 , steps:  3430000
  - Rewards: 5
  - Amount of actions: [-21.0, -18.0, -18.0, -18.0, -18.0]
Episode:  1927 , steps:  3440000
  - Rewards: 5
  - Amount of actions: [-12.0, -20.0, -18.0, -10.0, -15.0]
Episode:  1931 , steps:  3450000
  - Rewards: 5
  - Amount of actions: [-15.0, -19.0, -17.0, -16.0, -14.0]
Episode:  1936 , steps:  3460000
  - Rewards: 5
  - Amount of actions: [-21.0, -21.0, -21.0, -21.0, -21.0]
Episode:  1943 , steps:  3470000
  - Rewards: 5
  - Amount of actions: [-21.0, -19.0, -19.0, -21.0, -21.0]
Episode:  1947 , steps:  3480000
  - Rewards: 5
  - Amount of actions: [-19.0, -18.0, -19.0, -17.0, -21.0]
Episode:  1950 , steps:  3490000
  - Rewards: 5
  - Amount of actions: [-19.0, -18.0, -17.0, -13.0, -20.0]
Episode:  1954 , steps:  3500000
  - Rewards: 5
  - Amount of actions: [-18.0, -14.0, -13.0, -16.0, -17.0]
Episode:  1957 , steps:  3510000
  - Rewards: 5
  - Amount of actions: [-15.0, -15.0, -17.0, -18.0, -16.0]
Episode:  1960 , steps:  3520000
  - Rewards: 5
  - Amount of actions: [-16.0, -18.0, -17.0, -18.0, -15.0]
Episode:  1965 , steps:  3530000
  - Rewards: 5
  - Amount of actions: [-17.0, -16.0, -19.0, -17.0, -18.0]
Episode:  1969 , steps:  3540000
  - Rewards: 5
  - Amount of actions: [-18.0, -17.0, -19.0, -17.0, -16.0]
Episode:  1975 , steps:  3550000
  - Rewards: 5
  - Amount of actions: [-20.0, -21.0, -21.0, -21.0, -21.0]
Episode:  1983 , steps:  3560000
  - Rewards: 5
  - Amount of actions: [-21.0, -21.0, -19.0, -20.0, -20.0]
Episode:  1988 , steps:  3570000
  - Rewards: 5
  - Amount of actions: [-10.0, -16.0, -17.0, -16.0, -18.0]
Episode:  1990 , steps:  3580000
  - Rewards: 5
  - Amount of actions: [-19.0, -19.0, -19.0, -14.0, -20.0]
Episode:  1994 , steps:  3590000
  - Rewards: 5
  - Amount of actions: [-20.0, -15.0, -18.0, -15.0, -18.0]
Episode:  1998 , steps:  3600000
  - Rewards: 5
  - Amount of actions: [-14.0, -15.0, -18.0, -14.0, -18.0]
Epoch:  2000  - Total reward:  -21.0 Episode duration:  972 Actions:  [ 55 613 304] Threshold:  0.04182954326967567
Episode:  2004 , steps:  3610000
  - Rewards: 5
  - Amount of actions: [-14.0, -14.0, -12.0, -20.0, -18.0]
Episode:  2007 , steps:  3620000
  - Rewards: 5
  - Amount of actions: [-18.0, -16.0, -19.0, -14.0, -18.0]
Episode:  2010 , steps:  3630000
  - Rewards: 5
  - Amount of actions: [-19.0, -14.0, -16.0, -17.0, -10.0]
Episode:  2019 , steps:  3640000
  - Rewards: 5
  - Amount of actions: [-19.0, -17.0, -17.0, -18.0, -15.0]
Episode:  2022 , steps:  3650000
  - Rewards: 5
  - Amount of actions: [-17.0, -10.0, -16.0, -15.0, -15.0]
Episode:  2025 , steps:  3660000
  - Rewards: 5
  - Amount of actions: [-14.0, -16.0, -13.0, -18.0, -17.0]
Episode:  2028 , steps:  3670000
  - Rewards: 5
  - Amount of actions: [-19.0, -20.0, -16.0, -12.0, -11.0]
Episode:  2030 , steps:  3680000
  - Rewards: 5
  - Amount of actions: [-15.0, -11.0, -17.0, -17.0, -16.0]
Episode:  2033 , steps:  3690000
  - Rewards: 5
  - Amount of actions: [-20.0, -18.0, -18.0, -13.0, -14.0]
Episode:  2037 , steps:  3700000
  - Rewards: 5
  - Amount of actions: [-14.0, -14.0, -16.0, -16.0, -15.0]
Episode:  2039 , steps:  3710000
  - Rewards: 5
  - Amount of actions: [-18.0, -13.0, -18.0, -15.0, -8.0]
Episode:  2042 , steps:  3720000
  - Rewards: 5
  - Amount of actions: [-17.0, -15.0, -16.0, -20.0, -14.0]
Episode:  2045 , steps:  3730000
  - Rewards: 5
  - Amount of actions: [-19.0, -18.0, -14.0, -20.0, -19.0]
Episode:  2047 , steps:  3740000
  - Rewards: 5
  - Amount of actions: [-8.0, -15.0, -9.0, -17.0, -17.0]
Episode:  2051 , steps:  3750000
  - Rewards: 5
  - Amount of actions: [-18.0, -20.0, -19.0, -21.0, -20.0]
Episode:  2054 , steps:  3760000
  - Rewards: 5
  - Amount of actions: [-18.0, -13.0, -18.0, -17.0, -13.0]
Episode:  2058 , steps:  3770000
  - Rewards: 5
  - Amount of actions: [-17.0, -19.0, -15.0, -13.0, -18.0]
Episode:  2061 , steps:  3780000
  - Rewards: 5
  - Amount of actions: [-16.0, -15.0, -20.0, -12.0, -17.0]
Episode:  2064 , steps:  3790000
  - Rewards: 5
  - Amount of actions: [-20.0, -17.0, -18.0, -20.0, -19.0]
Episode:  2067 , steps:  3800000
  - Rewards: 5
  - Amount of actions: [-13.0, -19.0, -14.0, -16.0, -20.0]
Episode:  2070 , steps:  3810000
  - Rewards: 5
  - Amount of actions: [-21.0, -21.0, -18.0, -18.0, -21.0]
Episode:  2073 , steps:  3820000
  - Rewards: 5
  - Amount of actions: [-18.0, -15.0, -13.0, -15.0, -7.0]
Episode:  2077 , steps:  3830000
  - Rewards: 5
  - Amount of actions: [-19.0, -18.0, -20.0, -16.0, -17.0]
Episode:  2081 , steps:  3840000
  - Rewards: 5
  - Amount of actions: [-15.0, -16.0, -16.0, -14.0, -13.0]
Episode:  2084 , steps:  3850000
  - Rewards: 5
  - Amount of actions: [-12.0, -18.0, -17.0, -16.0, -18.0]
Episode:  2088 , steps:  3860000
  - Rewards: 5
  - Amount of actions: [-18.0, -19.0, -15.0, -16.0, -18.0]
Episode:  2095 , steps:  3870000
  - Rewards: 5
  - Amount of actions: [-19.0, -21.0, -21.0, -21.0, -21.0]
Episode:  2102 , steps:  3880000
  - Rewards: 5
  - Amount of actions: [-21.0, -21.0, -21.0, -21.0, -20.0]
Episode:  2108 , steps:  3890000
  - Rewards: 5
  - Amount of actions: [-20.0, -19.0, -19.0, -20.0, -21.0]
Episode:  2113 , steps:  3900000
  - Rewards: 5
  - Amount of actions: [-21.0, -18.0, -19.0, -20.0, -19.0]
Episode:  2118 , steps:  3910000
  - Rewards: 5
  - Amount of actions: [-19.0, -19.0, -18.0, -18.0, -18.0]
Episode:  2122 , steps:  3920000
  - Rewards: 5
  - Amount of actions: [-15.0, -18.0, -17.0, -17.0, -17.0]
Episode:  2127 , steps:  3930000
  - Rewards: 5
  - Amount of actions: [-17.0, -20.0, -14.0, -19.0, -16.0]
Episode:  2131 , steps:  3940000
  - Rewards: 5
  - Amount of actions: [-17.0, -16.0, -16.0, -15.0, -20.0]
Episode:  2133 , steps:  3950000
  - Rewards: 5
  - Amount of actions: [-19.0, -13.0, -17.0, -19.0, -14.0]
Episode:  2138 , steps:  3960000
  - Rewards: 5
  - Amount of actions: [-21.0, -21.0, -21.0, -21.0, -21.0]
Episode:  2141 , steps:  3970000
  - Rewards: 5
  - Amount of actions: [-13.0, -15.0, -11.0, -18.0, -17.0]
Episode:  2144 , steps:  3980000
  - Rewards: 5
  - Amount of actions: [-18.0, -17.0, -14.0, -21.0, -19.0]
Episode:  2149 , steps:  3990000
  - Rewards: 5
  - Amount of actions: [-19.0, -14.0, -18.0, -20.0, -15.0]
Episode:  2152 , steps:  4000000
  - Rewards: 5
  - Amount of actions: [-18.0, -9.0, -16.0, -15.0, -9.0]
Episode:  2155 , steps:  4010000
  - Rewards: 5
  - Amount of actions: [-13.0, -4.0, -9.0, -13.0, -18.0]
Episode:  2157 , steps:  4020000
  - Rewards: 5
  - Amount of actions: [-16.0, -16.0, -13.0, -14.0, -16.0]
Episode:  2159 , steps:  4030000
  - Rewards: 5
  - Amount of actions: [-17.0, -13.0, -15.0, -13.0, -17.0]
Episode:  2161 , steps:  4040000
  - Rewards: 5
  - Amount of actions: [-14.0, -15.0, -18.0, -16.0, -17.0]
Episode:  2165 , steps:  4050000
  - Rewards: 5
  - Amount of actions: [-18.0, -15.0, -13.0, -13.0, -18.0]
Episode:  2168 , steps:  4060000
  - Rewards: 5
  - Amount of actions: [-16.0, -12.0, -18.0, -20.0, -13.0]
Episode:  2171 , steps:  4070000
  - Rewards: 5
  - Amount of actions: [-12.0, -21.0, -16.0, -15.0, -14.0]
Episode:  2173 , steps:  4080000
  - Rewards: 5
  - Amount of actions: [-16.0, -13.0, -12.0, -15.0, -15.0]
Episode:  2176 , steps:  4090000
  - Rewards: 5
  - Amount of actions: [-16.0, -18.0, -14.0, -17.0, -17.0]
Episode:  2179 , steps:  4100000
  - Rewards: 5
  - Amount of actions: [-18.0, -20.0, -14.0, -13.0, -16.0]
Episode:  2181 , steps:  4110000
  - Rewards: 5
  - Amount of actions: [-15.0, -16.0, -13.0, -11.0, -12.0]
Episode:  2183 , steps:  4120000
  - Rewards: 5
  - Amount of actions: [-15.0, -15.0, -19.0, -12.0, -14.0]
Episode:  2190 , steps:  4130000
  - Rewards: 5
  - Amount of actions: [-16.0, -17.0, -15.0, -16.0, -18.0]
Episode:  2195 , steps:  4140000
  - Rewards: 5
  - Amount of actions: [-19.0, -19.0, -18.0, -19.0, -20.0]
Episode:  2200 , steps:  4150000
  - Rewards: 5
  - Amount of actions: [-15.0, -19.0, -14.0, -19.0, -14.0]
Episode:  2203 , steps:  4160000
  - Rewards: 5
  - Amount of actions: [-21.0, -20.0, -21.0, -21.0, -21.0]
Episode:  2207 , steps:  4170000
  - Rewards: 5
  - Amount of actions: [-20.0, -21.0, -21.0, -21.0, -19.0]
Episode:  2210 , steps:  4180000
  - Rewards: 5
  - Amount of actions: [-16.0, -17.0, -19.0, -19.0, -15.0]
Episode:  2214 , steps:  4190000
  - Rewards: 5
  - Amount of actions: [-17.0, -15.0, -16.0, -20.0, -20.0]
Episode:  2218 , steps:  4200000
  - Rewards: 5
  - Amount of actions: [-20.0, -18.0, -20.0, -19.0, -17.0]
Episode:  2221 , steps:  4210000
  - Rewards: 5
  - Amount of actions: [-16.0, -17.0, -16.0, -20.0, -19.0]
Episode:  2223 , steps:  4220000
  - Rewards: 5
  - Amount of actions: [-19.0, -19.0, -21.0, -18.0, -14.0]
Episode:  2226 , steps:  4230000
  - Rewards: 5
  - Amount of actions: [-13.0, -17.0, -13.0, -11.0, -15.0]
Episode:  2229 , steps:  4240000
  - Rewards: 5
  - Amount of actions: [-15.0, -15.0, -17.0, -19.0, -15.0]
Episode:  2232 , steps:  4250000
  - Rewards: 5
  - Amount of actions: [-18.0, -18.0, -13.0, -18.0, -12.0]
Episode:  2237 , steps:  4260000
  - Rewards: 5
  - Amount of actions: [-18.0, -18.0, -19.0, -17.0, -18.0]
Episode:  2242 , steps:  4270000
  - Rewards: 5
  - Amount of actions: [-18.0, -20.0, -20.0, -18.0, -21.0]
Episode:  2246 , steps:  4280000
  - Rewards: 5
  - Amount of actions: [-17.0, -17.0, -19.0, -18.0, -16.0]
Episode:  2250 , steps:  4290000
  - Rewards: 5
  - Amount of actions: [-18.0, -21.0, -14.0, -18.0, -17.0]
Epoch:  2250  - Total reward:  -17.0 Episode duration:  2504 Actions:  [ 769  314 1421] Threshold:  0.028471867755079858
Episode:  2253 , steps:  4300000
  - Rewards: 5
  - Amount of actions: [-20.0, -20.0, -13.0, -19.0, -16.0]
Episode:  2256 , steps:  4310000
  - Rewards: 5
  - Amount of actions: [-17.0, -20.0, -11.0, -16.0, -18.0]
Episode:  2259 , steps:  4320000
  - Rewards: 5
  - Amount of actions: [-14.0, -19.0, -20.0, -20.0, -17.0]
Episode:  2261 , steps:  4330000
  - Rewards: 5
  - Amount of actions: [-19.0, -14.0, -15.0, -11.0, -17.0]
Episode:  2263 , steps:  4340000
  - Rewards: 5
  - Amount of actions: [-13.0, -16.0, -14.0, -16.0, -12.0]
Episode:  2265 , steps:  4350000
  - Rewards: 5
  - Amount of actions: [-17.0, -15.0, -17.0, -16.0, -13.0]
Episode:  2267 , steps:  4360000
  - Rewards: 5
  - Amount of actions: [-19.0, -15.0, -13.0, -19.0, -18.0]
Episode:  2269 , steps:  4370000
  - Rewards: 5
  - Amount of actions: [-19.0, -14.0, -16.0, -17.0, -17.0]
Episode:  2272 , steps:  4380000
  - Rewards: 5
  - Amount of actions: [-12.0, -17.0, -18.0, -19.0, -18.0]
Episode:  2276 , steps:  4390000
  - Rewards: 5
  - Amount of actions: [-18.0, -16.0, -21.0, -18.0, -15.0]
Episode:  2277 , steps:  4400000
  - Rewards: 5
  - Amount of actions: [-16.0, -18.0, -8.0, -12.0, -16.0]
Episode:  2279 , steps:  4410000
  - Rewards: 5
  - Amount of actions: [-19.0, -13.0, -15.0, -15.0, -13.0]
Episode:  2282 , steps:  4420000
  - Rewards: 5
  - Amount of actions: [-16.0, -15.0, -16.0, -15.0, -14.0]
Episode:  2286 , steps:  4430000
  - Rewards: 5
  - Amount of actions: [-5.0, -10.0, -13.0, -20.0, -17.0]
Episode:  2288 , steps:  4440000
  - Rewards: 5
  - Amount of actions: [-19.0, -17.0, -19.0, -17.0, -18.0]
Episode:  2294 , steps:  4450000
  - Rewards: 5
  - Amount of actions: [-18.0, -18.0, -19.0, -20.0, -17.0]
Episode:  2299 , steps:  4460000
  - Rewards: 5
  - Amount of actions: [-19.0, -17.0, -20.0, -18.0, -21.0]
Episode:  2303 , steps:  4470000
  - Rewards: 5
  - Amount of actions: [-19.0, -20.0, -20.0, -19.0, -19.0]
Episode:  2308 , steps:  4480000
  - Rewards: 5
  - Amount of actions: [-18.0, -19.0, -18.0, -18.0, -21.0]
Episode:  2312 , steps:  4490000
  - Rewards: 5
  - Amount of actions: [-21.0, -21.0, -21.0, -19.0, -21.0]
Episode:  2316 , steps:  4500000
  - Rewards: 5
  - Amount of actions: [-17.0, -14.0, -15.0, -19.0, -14.0]
Episode:  2319 , steps:  4510000
  - Rewards: 5
  - Amount of actions: [-19.0, -12.0, -13.0, -14.0, -16.0]
Episode:  2321 , steps:  4520000
  - Rewards: 5
  - Amount of actions: [-13.0, -11.0, -19.0, -16.0, -13.0]
Episode:  2323 , steps:  4530000
  - Rewards: 5
  - Amount of actions: [-15.0, -12.0, -12.0, -16.0, -17.0]
Episode:  2327 , steps:  4540000
  - Rewards: 5
  - Amount of actions: [-18.0, -20.0, -15.0, -20.0, -17.0]
Episode:  2334 , steps:  4550000
  - Rewards: 5
  - Amount of actions: [-21.0, -21.0, -21.0, -21.0, -21.0]
Episode:  2340 , steps:  4560000
  - Rewards: 5
  - Amount of actions: [-21.0, -19.0, -18.0, -21.0, -19.0]
Episode:  2347 , steps:  4570000
  - Rewards: 5
  - Amount of actions: [-20.0, -20.0, -21.0, -21.0, -21.0]
Episode:  2353 , steps:  4580000
  - Rewards: 5
  - Amount of actions: [-21.0, -21.0, -21.0, -21.0, -21.0]
Episode:  2361 , steps:  4590000
  - Rewards: 5
  - Amount of actions: [-20.0, -21.0, -21.0, -21.0, -21.0]
Episode:  2367 , steps:  4600000
  - Rewards: 5
  - Amount of actions: [-13.0, -17.0, -16.0, -16.0, -18.0]
Episode:  2371 , steps:  4610000
  - Rewards: 5
  - Amount of actions: [-17.0, -19.0, -18.0, -17.0, -16.0]
Episode:  2376 , steps:  4620000
  - Rewards: 5
  - Amount of actions: [-18.0, -14.0, -18.0, -14.0, -15.0]
Episode:  2379 , steps:  4630000
  - Rewards: 5
  - Amount of actions: [-21.0, -18.0, -21.0, -20.0, -19.0]
Episode:  2384 , steps:  4640000
  - Rewards: 5
  - Amount of actions: [-19.0, -20.0, -19.0, -15.0, -17.0]
Episode:  2388 , steps:  4650000
  - Rewards: 5
  - Amount of actions: [-17.0, -18.0, -11.0, -15.0, -13.0]
Episode:  2392 , steps:  4660000
  - Rewards: 5
  - Amount of actions: [-15.0, -10.0, -15.0, -17.0, -17.0]
Episode:  2395 , steps:  4670000
  - Rewards: 5
  - Amount of actions: [-15.0, -15.0, -16.0, -14.0, -17.0]
Episode:  2399 , steps:  4680000
  - Rewards: 5
  - Amount of actions: [-20.0, -18.0, -17.0, -19.0, -19.0]
Episode:  2403 , steps:  4690000
  - Rewards: 5
  - Amount of actions: [-17.0, -14.0, -17.0, -19.0, -20.0]
Episode:  2407 , steps:  4700000
  - Rewards: 5
  - Amount of actions: [-16.0, -15.0, -16.0, -19.0, -13.0]
Episode:  2410 , steps:  4710000
  - Rewards: 5
  - Amount of actions: [-19.0, -17.0, -14.0, -16.0, -13.0]
Episode:  2415 , steps:  4720000
  - Rewards: 5
  - Amount of actions: [-14.0, -18.0, -17.0, -17.0, -18.0]
Episode:  2418 , steps:  4730000
  - Rewards: 5
  - Amount of actions: [-20.0, -19.0, -18.0, -16.0, -19.0]
Episode:  2421 , steps:  4740000
  - Rewards: 5
  - Amount of actions: [-17.0, -18.0, -16.0, -13.0, -16.0]
Episode:  2424 , steps:  4750000
  - Rewards: 5
  - Amount of actions: [-16.0, -14.0, -15.0, -17.0, -16.0]
Episode:  2427 , steps:  4760000
  - Rewards: 5
  - Amount of actions: [-16.0, -20.0, -15.0, -16.0, -13.0]
Episode:  2431 , steps:  4770000
  - Rewards: 5
  - Amount of actions: [-21.0, -19.0, -13.0, -7.0, -18.0]
Episode:  2434 , steps:  4780000
  - Rewards: 5
  - Amount of actions: [-15.0, -19.0, -19.0, -18.0, -17.0]
Episode:  2438 , steps:  4790000
  - Rewards: 5
  - Amount of actions: [-17.0, -16.0, -16.0, -11.0, -12.0]
Episode:  2441 , steps:  4800000
  - Rewards: 5
  - Amount of actions: [-6.0, -11.0, -15.0, -9.0, -15.0]
Episode:  2443 , steps:  4810000
  - Rewards: 5
  - Amount of actions: [-18.0, -17.0, -19.0, -15.0, -18.0]
Episode:  2446 , steps:  4820000
  - Rewards: 5
  - Amount of actions: [-19.0, -18.0, -21.0, -18.0, -17.0]
Episode:  2449 , steps:  4830000
  - Rewards: 5
  - Amount of actions: [-17.0, -18.0, -16.0, -15.0, -13.0]
Episode:  2451 , steps:  4840000
  - Rewards: 5
  - Amount of actions: [-16.0, -18.0, -17.0, -16.0, -19.0]
Episode:  2454 , steps:  4850000
  - Rewards: 5
  - Amount of actions: [-20.0, -20.0, -15.0, -13.0, -18.0]
Episode:  2457 , steps:  4860000
  - Rewards: 5
  - Amount of actions: [-20.0, -18.0, -16.0, -17.0, -14.0]
Episode:  2461 , steps:  4870000
  - Rewards: 5
  - Amount of actions: [-17.0, -12.0, -16.0, -20.0, -15.0]
Episode:  2464 , steps:  4880000
  - Rewards: 5
  - Amount of actions: [-11.0, -19.0, -16.0, -10.0, -16.0]
Episode:  2467 , steps:  4890000
  - Rewards: 5
  - Amount of actions: [-18.0, -12.0, -19.0, -15.0, -11.0]
Episode:  2470 , steps:  4900000
  - Rewards: 5
  - Amount of actions: [-15.0, -15.0, -18.0, -12.0, -13.0]
Episode:  2473 , steps:  4910000
  - Rewards: 5
  - Amount of actions: [-20.0, -19.0, -21.0, -19.0, -13.0]
Episode:  2476 , steps:  4920000
  - Rewards: 5
  - Amount of actions: [-21.0, -12.0, -17.0, -21.0, -20.0]
Episode:  2480 , steps:  4930000
  - Rewards: 5
  - Amount of actions: [-18.0, -15.0, -11.0, -17.0, -12.0]
Episode:  2483 , steps:  4940000
  - Rewards: 5
  - Amount of actions: [-16.0, -13.0, -19.0, -15.0, -20.0]
Episode:  2484 , steps:  4950000
  - Rewards: 5
  - Amount of actions: [-15.0, -15.0, -20.0, -17.0, -16.0]
Episode:  2487 , steps:  4960000
  - Rewards: 5
  - Amount of actions: [-10.0, -15.0, -14.0, -9.0, -18.0]
Episode:  2490 , steps:  4970000
  - Rewards: 5
  - Amount of actions: [-17.0, -10.0, -19.0, -10.0, -13.0]
Episode:  2492 , steps:  4980000
  - Rewards: 5
  - Amount of actions: [-14.0, -12.0, -7.0, -19.0, -15.0]
Episode:  2495 , steps:  4990000
  - Rewards: 5
  - Amount of actions: [-16.0, -17.0, -11.0, -17.0, -15.0]
Episode:  2497 , steps:  5000000
  - Rewards: 5
  - Amount of actions: [-17.0, -8.0, -18.0, -6.0, -14.0]
Episode:  2499 , steps:  5010000
  - Rewards: 5
  - Amount of actions: [-17.0, -18.0, -19.0, -16.0, -13.0]
Epoch:  2500  - Total reward:  -12.0 Episode duration:  4021 Actions:  [ 300  436 3285] Threshold:  0.021528822733315904
Episode:  2502 , steps:  5020000
  - Rewards: 5
  - Amount of actions: [-20.0, -11.0, -6.0, -10.0, -16.0]
Episode:  2504 , steps:  5030000
  - Rewards: 5
  - Amount of actions: [-16.0, -15.0, -12.0, -10.0, -15.0]
Episode:  2508 , steps:  5040000
  - Rewards: 5
  - Amount of actions: [-21.0, -16.0, -21.0, -21.0, -20.0]
Episode:  2511 , steps:  5050000
  - Rewards: 5
  - Amount of actions: [-19.0, -12.0, -17.0, -13.0, -14.0]
Episode:  2514 , steps:  5060000
  - Rewards: 5
  - Amount of actions: [-21.0, -21.0, -20.0, -20.0, -21.0]
Episode:  2517 , steps:  5070000
  - Rewards: 5
  - Amount of actions: [-19.0, -17.0, -16.0, -12.0, -15.0]
Episode:  2520 , steps:  5080000
  - Rewards: 5
  - Amount of actions: [-17.0, -18.0, -16.0, -19.0, -18.0]
Episode:  2524 , steps:  5090000
  - Rewards: 5
  - Amount of actions: [-20.0, -15.0, -20.0, -18.0, -20.0]
Episode:  2528 , steps:  5100000
  - Rewards: 5
  - Amount of actions: [-16.0, -16.0, -21.0, -18.0, -18.0]
Episode:  2532 , steps:  5110000
  - Rewards: 5
  - Amount of actions: [-21.0, -20.0, -15.0, -18.0, -21.0]
Episode:  2536 , steps:  5120000
  - Rewards: 5
  - Amount of actions: [-21.0, -17.0, -16.0, -16.0, -12.0]
Episode:  2538 , steps:  5130000
  - Rewards: 5
  - Amount of actions: [-18.0, -16.0, -16.0, -15.0, -19.0]
Episode:  2541 , steps:  5140000
  - Rewards: 5
  - Amount of actions: [-13.0, -18.0, -20.0, -19.0, -19.0]
Episode:  2544 , steps:  5150000
  - Rewards: 5
  - Amount of actions: [-12.0, -17.0, -14.0, -20.0, -14.0]
Episode:  2547 , steps:  5160000
  - Rewards: 5
  - Amount of actions: [-18.0, -15.0, -18.0, -17.0, -18.0]
Episode:  2550 , steps:  5170000
  - Rewards: 5
  - Amount of actions: [-15.0, -17.0, -9.0, -19.0, -12.0]
Episode:  2552 , steps:  5180000
  - Rewards: 5
  - Amount of actions: [-20.0, -21.0, -18.0, -19.0, -16.0]
Episode:  2556 , steps:  5190000
  - Rewards: 5
  - Amount of actions: [-19.0, -21.0, -20.0, -20.0, -15.0]
Episode:  2558 , steps:  5200000
  - Rewards: 5
  - Amount of actions: [-13.0, -15.0, -11.0, -13.0, -12.0]
Episode:  2561 , steps:  5210000
  - Rewards: 5
  - Amount of actions: [-12.0, -15.0, -11.0, -15.0, -8.0]
Episode:  2563 , steps:  5220000
  - Rewards: 5
  - Amount of actions: [-15.0, -12.0, 1.0, -14.0, -9.0]
Episode:  2566 , steps:  5230000
  - Rewards: 5
  - Amount of actions: [-3.0, -18.0, -19.0, -8.0, -16.0]
Episode:  2568 , steps:  5240000
  - Rewards: 5
  - Amount of actions: [-13.0, -13.0, -16.0, -8.0, -12.0]
Episode:  2570 , steps:  5250000
  - Rewards: 5
  - Amount of actions: [-11.0, -15.0, -12.0, -16.0, -19.0]
Episode:  2572 , steps:  5260000
  - Rewards: 5
  - Amount of actions: [-10.0, -15.0, -8.0, -8.0, -11.0]
Episode:  2574 , steps:  5270000
  - Rewards: 5
  - Amount of actions: [-11.0, -9.0, -5.0, -4.0, -15.0]
Episode:  2576 , steps:  5280000
  - Rewards: 5
  - Amount of actions: [-13.0, -18.0, -8.0, -18.0, -8.0]
Episode:  2579 , steps:  5290000
  - Rewards: 5
  - Amount of actions: [-12.0, -17.0, -4.0, -14.0, -9.0]
Episode:  2580 , steps:  5300000
  - Rewards: 5
  - Amount of actions: [-16.0, -18.0, -17.0, -11.0, -18.0]
Episode:  2583 , steps:  5310000
  - Rewards: 5
  - Amount of actions: [-12.0, -8.0, -9.0, -14.0, -11.0]
Episode:  2584 , steps:  5320000
  - Rewards: 5
  - Amount of actions: [-10.0, -3.0, -4.0, -3.0, -4.0]
Episode:  2586 , steps:  5330000
  - Rewards: 5
  - Amount of actions: [-4.0, -12.0, -5.0, -8.0, -11.0]
Episode:  2589 , steps:  5340000
  - Rewards: 5
  - Amount of actions: [-10.0, -4.0, -16.0, -10.0, -7.0]
Episode:  2592 , steps:  5350000
  - Rewards: 5
  - Amount of actions: [-3.0, -14.0, -9.0, -9.0, -8.0]
Episode:  2594 , steps:  5360000
  - Rewards: 5
  - Amount of actions: [-9.0, -8.0, -9.0, -13.0, 7.0]
Episode:  2596 , steps:  5370000
  - Rewards: 5
  - Amount of actions: [-12.0, -16.0, -19.0, -15.0, -9.0]
Episode:  2600 , steps:  5380000
  - Rewards: 5
  - Amount of actions: [-19.0, -12.0, -17.0, -16.0, -13.0]
Episode:  2604 , steps:  5390000
  - Rewards: 5
  - Amount of actions: [-16.0, -15.0, -19.0, -15.0, -16.0]
Episode:  2608 , steps:  5400000
  - Rewards: 5
  - Amount of actions: [-11.0, -18.0, -17.0, -15.0, -16.0]
Episode:  2611 , steps:  5410000
  - Rewards: 5
  - Amount of actions: [-18.0, -16.0, -18.0, -18.0, -12.0]
Episode:  2614 , steps:  5420000
  - Rewards: 5
  - Amount of actions: [-12.0, -15.0, -14.0, -7.0, -16.0]
Episode:  2616 , steps:  5430000
  - Rewards: 5
  - Amount of actions: [-13.0, -18.0, -12.0, -12.0, -14.0]
Episode:  2619 , steps:  5440000
  - Rewards: 5
  - Amount of actions: [-18.0, -12.0, -13.0, -11.0, -20.0]
Episode:  2621 , steps:  5450000
  - Rewards: 5
  - Amount of actions: [-16.0, -8.0, -1.0, -3.0, -6.0]
Episode:  2624 , steps:  5460000
  - Rewards: 5
  - Amount of actions: [-15.0, -18.0, -15.0, -16.0, -16.0]
Episode:  2628 , steps:  5470000
  - Rewards: 5
  - Amount of actions: [-13.0, -17.0, -12.0, -17.0, -15.0]
Episode:  2632 , steps:  5480000
  - Rewards: 5
  - Amount of actions: [-16.0, -21.0, -19.0, -13.0, -15.0]
Episode:  2635 , steps:  5490000
  - Rewards: 5
  - Amount of actions: [-17.0, -16.0, -18.0, -15.0, -18.0]
Episode:  2638 , steps:  5500000
  - Rewards: 5
  - Amount of actions: [-9.0, -18.0, -18.0, -14.0, -10.0]
Episode:  2641 , steps:  5510000
  - Rewards: 5
  - Amount of actions: [-19.0, -15.0, -16.0, -20.0, -18.0]
Episode:  2645 , steps:  5520000
  - Rewards: 5
  - Amount of actions: [-18.0, -13.0, -10.0, -11.0, -15.0]
Episode:  2648 , steps:  5530000
  - Rewards: 5
  - Amount of actions: [-17.0, -16.0, -17.0, -11.0, -10.0]
Episode:  2652 , steps:  5540000
  - Rewards: 5
  - Amount of actions: [-19.0, -16.0, -18.0, -18.0, -21.0]
Episode:  2656 , steps:  5550000
  - Rewards: 5
  - Amount of actions: [-20.0, -20.0, -18.0, -18.0, -20.0]
Episode:  2662 , steps:  5560000
  - Rewards: 5
  - Amount of actions: [-21.0, -19.0, -20.0, -19.0, -21.0]
Episode:  2666 , steps:  5570000
  - Rewards: 5
  - Amount of actions: [-19.0, -20.0, -21.0, -21.0, -19.0]
Episode:  2669 , steps:  5580000
  - Rewards: 5
  - Amount of actions: [-14.0, -9.0, -9.0, -20.0, -14.0]
Episode:  2672 , steps:  5590000
  - Rewards: 5
  - Amount of actions: [-11.0, -15.0, -13.0, -16.0, -18.0]
Episode:  2675 , steps:  5600000
  - Rewards: 5
  - Amount of actions: [-16.0, -18.0, -20.0, -15.0, -17.0]
Episode:  2677 , steps:  5610000
  - Rewards: 5
  - Amount of actions: [-15.0, -17.0, -11.0, -13.0, -13.0]
Episode:  2679 , steps:  5620000
  - Rewards: 5
  - Amount of actions: [-14.0, -14.0, -17.0, -18.0, -13.0]
Episode:  2683 , steps:  5630000
  - Rewards: 5
  - Amount of actions: [-16.0, -15.0, -17.0, -15.0, -16.0]
Episode:  2685 , steps:  5640000
  - Rewards: 5
  - Amount of actions: [-14.0, -17.0, -15.0, -10.0, -8.0]
Episode:  2687 , steps:  5650000
  - Rewards: 5
  - Amount of actions: [-10.0, -10.0, -14.0, -14.0, -9.0]
Episode:  2689 , steps:  5660000
  - Rewards: 5
  - Amount of actions: [-11.0, -9.0, -4.0, -10.0, -10.0]
Episode:  2691 , steps:  5670000
  - Rewards: 5
  - Amount of actions: [-14.0, -12.0, -15.0, -10.0, -17.0]
Episode:  2693 , steps:  5680000
  - Rewards: 5
  - Amount of actions: [-18.0, -13.0, -10.0, -19.0, -14.0]
Episode:  2695 , steps:  5690000
  - Rewards: 5
  - Amount of actions: [-17.0, -17.0, -16.0, -17.0, -16.0]
Episode:  2698 , steps:  5700000
  - Rewards: 5
  - Amount of actions: [-16.0, -13.0, -16.0, -12.0, -17.0]
Episode:  2701 , steps:  5710000
  - Rewards: 5
  - Amount of actions: [-19.0, -20.0, -19.0, -20.0, -20.0]
Episode:  2703 , steps:  5720000
  - Rewards: 5
  - Amount of actions: [-17.0, -16.0, -12.0, -15.0, -16.0]
Episode:  2705 , steps:  5730000
  - Rewards: 5
  - Amount of actions: [-11.0, -15.0, -12.0, -17.0, -15.0]
Episode:  2708 , steps:  5740000
  - Rewards: 5
  - Amount of actions: [-14.0, -15.0, -19.0, -14.0, -15.0]
Episode:  2711 , steps:  5750000
  - Rewards: 5
  - Amount of actions: [-15.0, -13.0, -12.0, -14.0, -7.0]
Episode:  2713 , steps:  5760000
  - Rewards: 5
  - Amount of actions: [-6.0, -12.0, -12.0, -14.0, -12.0]
Episode:  2716 , steps:  5770000
  - Rewards: 5
  - Amount of actions: [-12.0, -12.0, -14.0, -16.0, -11.0]
Episode:  2718 , steps:  5780000
  - Rewards: 5
  - Amount of actions: [-8.0, -15.0, -5.0, -14.0, -13.0]
Episode:  2722 , steps:  5790000
  - Rewards: 5
  - Amount of actions: [-10.0, -17.0, -19.0, -20.0, -20.0]
Episode:  2724 , steps:  5800000
  - Rewards: 5
  - Amount of actions: [-15.0, -17.0, -18.0, -17.0, -21.0]
Episode:  2727 , steps:  5810000
  - Rewards: 5
  - Amount of actions: [-16.0, -18.0, -13.0, -18.0, -18.0]
Episode:  2730 , steps:  5820000
  - Rewards: 5
  - Amount of actions: [-14.0, -12.0, -15.0, -11.0, -20.0]
Episode:  2733 , steps:  5830000
  - Rewards: 5
  - Amount of actions: [-14.0, -16.0, -17.0, -16.0, -15.0]
Episode:  2736 , steps:  5840000
  - Rewards: 5
  - Amount of actions: [-14.0, -20.0, -11.0, -14.0, -13.0]
Episode:  2739 , steps:  5850000
  - Rewards: 5
  - Amount of actions: [-9.0, -15.0, -14.0, -14.0, -17.0]
Episode:  2742 , steps:  5860000
  - Rewards: 5
  - Amount of actions: [-18.0, -16.0, -19.0, -18.0, -15.0]
Episode:  2745 , steps:  5870000
  - Rewards: 5
  - Amount of actions: [-17.0, -15.0, -14.0, -10.0, -16.0]
Episode:  2748 , steps:  5880000
  - Rewards: 5
  - Amount of actions: [-16.0, -18.0, -15.0, -19.0, -13.0]
Epoch:  2750  - Total reward:  -18.0 Episode duration:  2454 Actions:  [ 488  650 1316] Threshold:  0.01773273965104146
Episode:  2751 , steps:  5890000
  - Rewards: 5
  - Amount of actions: [-18.0, -18.0, -14.0, -12.0, -18.0]
Episode:  2754 , steps:  5900000
  - Rewards: 5
  - Amount of actions: [-13.0, -13.0, -13.0, -15.0, -15.0]
Episode:  2757 , steps:  5910000
  - Rewards: 5
  - Amount of actions: [-19.0, -16.0, -19.0, -19.0, -18.0]
Episode:  2761 , steps:  5920000
  - Rewards: 5
  - Amount of actions: [-16.0, -18.0, -20.0, -15.0, -14.0]
Episode:  2764 , steps:  5930000
  - Rewards: 5
  - Amount of actions: [-16.0, -15.0, -20.0, -19.0, -20.0]
Episode:  2767 , steps:  5940000
  - Rewards: 5
  - Amount of actions: [-16.0, -16.0, -19.0, -17.0, -17.0]
Episode:  2769 , steps:  5950000
  - Rewards: 5
  - Amount of actions: [-18.0, -18.0, -20.0, -20.0, -18.0]
Episode:  2774 , steps:  5960000
  - Rewards: 5
  - Amount of actions: [-20.0, -19.0, -18.0, -18.0, -16.0]
Episode:  2777 , steps:  5970000
  - Rewards: 5
  - Amount of actions: [-21.0, -12.0, -17.0, -15.0, -18.0]
Episode:  2779 , steps:  5980000
  - Rewards: 5
  - Amount of actions: [-18.0, -18.0, -14.0, -16.0, -15.0]
Episode:  2783 , steps:  5990000
  - Rewards: 5
  - Amount of actions: [-18.0, -18.0, -18.0, -17.0, -18.0]
Episode:  2787 , steps:  6000000
  - Rewards: 5
  - Amount of actions: [-20.0, -16.0, -17.0, -16.0, -14.0]
Episode:  2789 , steps:  6010000
  - Rewards: 5
  - Amount of actions: [-12.0, -17.0, -16.0, -14.0, -8.0]
Episode:  2792 , steps:  6020000
  - Rewards: 5
  - Amount of actions: [-17.0, -19.0, -19.0, -16.0, -18.0]
Episode:  2794 , steps:  6030000
  - Rewards: 5
  - Amount of actions: [-11.0, -14.0, -12.0, -16.0, -10.0]
Episode:  2797 , steps:  6040000
  - Rewards: 5
  - Amount of actions: [-14.0, -7.0, -16.0, -15.0, -16.0]
Episode:  2800 , steps:  6050000
  - Rewards: 5
  - Amount of actions: [-13.0, -17.0, -16.0, -17.0, -7.0]
Episode:  2802 , steps:  6060000
  - Rewards: 5
  - Amount of actions: [-12.0, -9.0, -19.0, -16.0, -16.0]
Episode:  2807 , steps:  6070000
  - Rewards: 5
  - Amount of actions: [-18.0, -18.0, -20.0, -17.0, -17.0]
Episode:  2809 , steps:  6080000
  - Rewards: 5
  - Amount of actions: [-13.0, -3.0, -18.0, -15.0, -10.0]
Episode:  2810 , steps:  6090000
  - Rewards: 5
  - Amount of actions: [-1.0, -9.0, -8.0, -5.0, -7.0]
Episode:  2813 , steps:  6100000
  - Rewards: 5
  - Amount of actions: [-6.0, -10.0, -13.0, -8.0, -8.0]
Episode:  2816 , steps:  6110000
  - Rewards: 5
  - Amount of actions: [-13.0, -16.0, -19.0, -18.0, -12.0]
Episode:  2818 , steps:  6120000
  - Rewards: 5
  - Amount of actions: [-16.0, -6.0, -9.0, -18.0, -13.0]
Episode:  2821 , steps:  6130000
  - Rewards: 5
  - Amount of actions: [-13.0, -17.0, -15.0, -8.0, -4.0]
Episode:  2823 , steps:  6140000
  - Rewards: 5
  - Amount of actions: [-5.0, -13.0, -16.0, -18.0, -17.0]
Episode:  2826 , steps:  6150000
  - Rewards: 5
  - Amount of actions: [-18.0, -15.0, -16.0, -4.0, -14.0]
Episode:  2828 , steps:  6160000
  - Rewards: 5
  - Amount of actions: [-18.0, -14.0, -19.0, -13.0, -14.0]
Episode:  2830 , steps:  6170000
  - Rewards: 5
  - Amount of actions: [-17.0, -15.0, -16.0, -17.0, -11.0]
Episode:  2834 , steps:  6180000
  - Rewards: 5
  - Amount of actions: [-12.0, -17.0, -11.0, -17.0, -16.0]
Episode:  2836 , steps:  6190000
  - Rewards: 5
  - Amount of actions: [-15.0, -14.0, -17.0, -9.0, -12.0]
Episode:  2838 , steps:  6200000
  - Rewards: 5
  - Amount of actions: [-10.0, -14.0, -20.0, -13.0, -11.0]
Episode:  2841 , steps:  6210000
  - Rewards: 5
  - Amount of actions: [-19.0, -16.0, -20.0, -16.0, -17.0]
Episode:  2846 , steps:  6220000
  - Rewards: 5
  - Amount of actions: [-15.0, -12.0, -16.0, -14.0, -11.0]
Episode:  2849 , steps:  6230000
  - Rewards: 5
  - Amount of actions: [-14.0, -16.0, -17.0, -17.0, -14.0]
Episode:  2851 , steps:  6240000
  - Rewards: 5
  - Amount of actions: [-13.0, -16.0, -19.0, -13.0, -18.0]
Episode:  2855 , steps:  6250000
  - Rewards: 5
  - Amount of actions: [-17.0, -17.0, -17.0, -16.0, -13.0]
Episode:  2858 , steps:  6260000
  - Rewards: 5
  - Amount of actions: [-18.0, -17.0, -18.0, -17.0, -12.0]
Episode:  2862 , steps:  6270000
  - Rewards: 5
  - Amount of actions: [-19.0, -17.0, -15.0, -19.0, -19.0]
Episode:  2865 , steps:  6280000
  - Rewards: 5
  - Amount of actions: [-12.0, -15.0, -17.0, -15.0, -16.0]
Episode:  2867 , steps:  6290000
  - Rewards: 5
  - Amount of actions: [-18.0, -16.0, -11.0, -15.0, -15.0]
Episode:  2870 , steps:  6300000
  - Rewards: 5
  - Amount of actions: [-17.0, -16.0, -15.0, -20.0, -11.0]
Episode:  2873 , steps:  6310000
  - Rewards: 5
  - Amount of actions: [-16.0, -14.0, -17.0, -17.0, -16.0]
Episode:  2876 , steps:  6320000
  - Rewards: 5
  - Amount of actions: [-20.0, -17.0, -15.0, -18.0, -19.0]
Episode:  2878 , steps:  6330000
  - Rewards: 5
  - Amount of actions: [-18.0, -17.0, -17.0, -18.0, -15.0]
Episode:  2880 , steps:  6340000
  - Rewards: 5
  - Amount of actions: [-14.0, -16.0, -14.0, -18.0, -16.0]
Episode:  2884 , steps:  6350000
  - Rewards: 5
  - Amount of actions: [-18.0, -14.0, -17.0, -15.0, -17.0]
Episode:  2887 , steps:  6360000
  - Rewards: 5
  - Amount of actions: [-16.0, -12.0, -18.0, -13.0, -17.0]
Episode:  2890 , steps:  6370000
  - Rewards: 5
  - Amount of actions: [-11.0, -14.0, -5.0, -10.0, -12.0]
Episode:  2892 , steps:  6380000
  - Rewards: 5
  - Amount of actions: [-16.0, -14.0, -13.0, -10.0, -16.0]
Episode:  2894 , steps:  6390000
  - Rewards: 5
  - Amount of actions: [-17.0, -10.0, -17.0, -10.0, -10.0]
Episode:  2896 , steps:  6400000
  - Rewards: 5
  - Amount of actions: [-14.0, -12.0, -5.0, -13.0, -8.0]
Episode:  2899 , steps:  6410000
  - Rewards: 5
  - Amount of actions: [-12.0, -15.0, -12.0, -15.0, -17.0]
Episode:  2902 , steps:  6420000
  - Rewards: 5
  - Amount of actions: [-13.0, -18.0, -17.0, -17.0, -14.0]
Episode:  2903 , steps:  6430000
  - Rewards: 5
  - Amount of actions: [-12.0, -16.0, -16.0, -16.0, -20.0]
Episode:  2906 , steps:  6440000
  - Rewards: 5
  - Amount of actions: [-21.0, -19.0, -21.0, -19.0, -12.0]
Episode:  2907 , steps:  6450000
  - Rewards: 5
  - Amount of actions: [-10.0, -14.0, -15.0, -12.0, -10.0]
Episode:  2909 , steps:  6460000
  - Rewards: 5
  - Amount of actions: [-16.0, -9.0, -15.0, -14.0, -18.0]
Episode:  2912 , steps:  6470000
  - Rewards: 5
  - Amount of actions: [-14.0, -20.0, -18.0, -17.0, -20.0]
Episode:  2913 , steps:  6480000
  - Rewards: 5
  - Amount of actions: [-11.0, -15.0, -15.0, -6.0, -8.0]
Episode:  2915 , steps:  6490000
  - Rewards: 5
  - Amount of actions: [-14.0, -10.0, -11.0, -10.0, -13.0]
Episode:  2919 , steps:  6500000
  - Rewards: 5
  - Amount of actions: [-20.0, -20.0, -21.0, -17.0, -21.0]
Episode:  2925 , steps:  6510000
  - Rewards: 5
  - Amount of actions: [-21.0, -21.0, -20.0, -17.0, -17.0]
Episode:  2929 , steps:  6520000
  - Rewards: 5
  - Amount of actions: [-17.0, -21.0, -19.0, -20.0, -18.0]
Episode:  2933 , steps:  6530000
  - Rewards: 5
  - Amount of actions: [-21.0, -18.0, -11.0, -19.0, -14.0]
Episode:  2937 , steps:  6540000
  - Rewards: 5
  - Amount of actions: [-15.0, -17.0, -15.0, -13.0, -15.0]
Episode:  2940 , steps:  6550000
  - Rewards: 5
  - Amount of actions: [-10.0, -11.0, -16.0, -15.0, -14.0]
Episode:  2943 , steps:  6560000
  - Rewards: 5
  - Amount of actions: [-11.0, -15.0, -17.0, -16.0, -15.0]
Episode:  2946 , steps:  6570000
  - Rewards: 5
  - Amount of actions: [-14.0, -16.0, -14.0, -15.0, -15.0]
Episode:  2949 , steps:  6580000
  - Rewards: 5
  - Amount of actions: [-19.0, -16.0, -15.0, -18.0, -16.0]
Episode:  2952 , steps:  6590000
  - Rewards: 5
  - Amount of actions: [-16.0, -16.0, -13.0, -16.0, -12.0]
Episode:  2956 , steps:  6600000
  - Rewards: 5
  - Amount of actions: [-21.0, -19.0, -20.0, -14.0, -7.0]
Episode:  2960 , steps:  6610000
  - Rewards: 5
  - Amount of actions: [-10.0, -15.0, -19.0, -19.0, -20.0]
Episode:  2964 , steps:  6620000
  - Rewards: 5
  - Amount of actions: [-17.0, -20.0, -20.0, -19.0, -15.0]
Episode:  2968 , steps:  6630000
  - Rewards: 5
  - Amount of actions: [-20.0, -17.0, -19.0, -19.0, -21.0]
Episode:  2971 , steps:  6640000
  - Rewards: 5
  - Amount of actions: [-15.0, -16.0, -16.0, -16.0, -15.0]
Episode:  2975 , steps:  6650000
  - Rewards: 5
  - Amount of actions: [-10.0, -16.0, -18.0, -17.0, -9.0]
Episode:  2979 , steps:  6660000
  - Rewards: 5
  - Amount of actions: [-20.0, -21.0, -19.0, -18.0, -18.0]
Episode:  2984 , steps:  6670000
  - Rewards: 5
  - Amount of actions: [-14.0, -19.0, -13.0, -16.0, -15.0]
Episode:  2987 , steps:  6680000
  - Rewards: 5
  - Amount of actions: [-16.0, -17.0, -14.0, -14.0, -17.0]
Episode:  2991 , steps:  6690000
  - Rewards: 5
  - Amount of actions: [-14.0, -13.0, -17.0, -16.0, -18.0]
Episode:  2995 , steps:  6700000
  - Rewards: 5
  - Amount of actions: [-17.0, -15.0, -20.0, -14.0, -18.0]
Episode:  2998 , steps:  6710000
  - Rewards: 5
  - Amount of actions: [-20.0, -18.0, -18.0, -18.0, -18.0]
Complete
Script fishished.
