Loaded module: python3/3.6.2
Loaded module: cuda/10.0
Loaded module: cudnn/v7.4.2.24-prod-cuda-10.0
/zhome/ad/0/108841/.local/lib/python3.6/site-packages/tensorboard/compat/tensorflow_stub/dtypes.py:541: FutureWarning: Passing (type, 1) or '1type' as a synonym of type is deprecated; in a future version of numpy, it will be understood as (type, (1,)) / '(1,)type'.
  _np_qint8 = np.dtype([("qint8", np.int8, 1)])
/zhome/ad/0/108841/.local/lib/python3.6/site-packages/tensorboard/compat/tensorflow_stub/dtypes.py:542: FutureWarning: Passing (type, 1) or '1type' as a synonym of type is deprecated; in a future version of numpy, it will be understood as (type, (1,)) / '(1,)type'.
  _np_quint8 = np.dtype([("quint8", np.uint8, 1)])
/zhome/ad/0/108841/.local/lib/python3.6/site-packages/tensorboard/compat/tensorflow_stub/dtypes.py:543: FutureWarning: Passing (type, 1) or '1type' as a synonym of type is deprecated; in a future version of numpy, it will be understood as (type, (1,)) / '(1,)type'.
  _np_qint16 = np.dtype([("qint16", np.int16, 1)])
/zhome/ad/0/108841/.local/lib/python3.6/site-packages/tensorboard/compat/tensorflow_stub/dtypes.py:544: FutureWarning: Passing (type, 1) or '1type' as a synonym of type is deprecated; in a future version of numpy, it will be understood as (type, (1,)) / '(1,)type'.
  _np_quint16 = np.dtype([("quint16", np.uint16, 1)])
/zhome/ad/0/108841/.local/lib/python3.6/site-packages/tensorboard/compat/tensorflow_stub/dtypes.py:545: FutureWarning: Passing (type, 1) or '1type' as a synonym of type is deprecated; in a future version of numpy, it will be understood as (type, (1,)) / '(1,)type'.
  _np_qint32 = np.dtype([("qint32", np.int32, 1)])
/zhome/ad/0/108841/.local/lib/python3.6/site-packages/tensorboard/compat/tensorflow_stub/dtypes.py:550: FutureWarning: Passing (type, 1) or '1type' as a synonym of type is deprecated; in a future version of numpy, it will be understood as (type, (1,)) / '(1,)type'.
  np_resource = np.dtype([("resource", np.ubyte, 1)])
Traceback (most recent call last):
  File "Pong_DDQN.py", line 104, in <module>
    _, reward, done, _ = env.step(action.item() + actions_offset)
  File "/zhome/ad/0/108841/.local/lib/python3.6/site-packages/gym/envs/atari/atari_env.py", line 121, in step
    ob = self._get_obs()
  File "/zhome/ad/0/108841/.local/lib/python3.6/site-packages/gym/envs/atari/atari_env.py", line 139, in _get_obs
    img = self._get_image()
  File "/zhome/ad/0/108841/.local/lib/python3.6/site-packages/gym/envs/atari/atari_env.py", line 126, in _get_image
    return self.ale.getScreenRGB2()
  File "/zhome/ad/0/108841/.local/lib/python3.6/site-packages/atari_py/ale_python_interface.py", line 266, in getScreenRGB2
    ale_lib.getScreenRGB2(self.obj, as_ctypes(screen_data[:]))
KeyboardInterrupt
