Running script...
Start using cuda

Writing to 'runs/Pong-v0_2019-11-25 22:42:39.603439_cuda'
Epoch:  0  - Total reward:  -20.0 Episode duration:  1321 Actions:  [431 479 411] Threshold:  0.9988247053178446
Model Saved 0
Epoch:  1  - Total reward:  -20.0 Episode duration:  1178 Actions:  [405 390 383] Threshold:  0.9977770341229434
Epoch:  2  - Total reward:  -21.0 Episode duration:  1150 Actions:  [403 391 356] Threshold:  0.9967553468350445
Epoch:  3  - Total reward:  -21.0 Episode duration:  1211 Actions:  [402 414 395] Threshold:  0.9956806196911089
Epoch:  4  - Total reward:  -21.0 Episode duration:  1154 Actions:  [373 411 370] Threshold:  0.9946575787481203
Epoch:  5  - Total reward:  -20.0 Episode duration:  1127 Actions:  [395 368 364] Threshold:  0.993659509127228
Epoch:  6  - Total reward:  -21.0 Episode duration:  1496 Actions:  [520 475 501] Threshold:  0.9923362322270681
Epoch:  7  - Total reward:  -20.0 Episode duration:  1312 Actions:  [416 458 438] Threshold:  0.9911771916316983
Epoch:  8  - Total reward:  -21.0 Episode duration:  1077 Actions:  [356 358 363] Threshold:  0.9902267862148301
Epoch:  9  - Total reward:  -21.0 Episode duration:  1088 Actions:  [355 377 356] Threshold:  0.9892676181512308
Epoch:  10  - Total reward:  -21.0 Episode duration:  1027 Actions:  [357 335 335] Threshold:  0.9883630969694672
Epoch:  11  - Total reward:  -21.0 Episode duration:  1167 Actions:  [397 383 387] Threshold:  0.9873362965238628
Epoch:  12  - Total reward:  -21.0 Episode duration:  1076 Actions:  [350 367 359] Threshold:  0.9863905283885454
Epoch:  13  - Total reward:  -20.0 Episode duration:  1183 Actions:  [386 419 378] Threshold:  0.9853517779666554
Epoch:  14  - Total reward:  -21.0 Episode duration:  991 Actions:  [329 329 333] Threshold:  0.9844824754140428
Epoch:  15  - Total reward:  -20.0 Episode duration:  1564 Actions:  [526 519 519] Threshold:  0.9831121311155272
Epoch:  16  - Total reward:  -21.0 Episode duration:  1083 Actions:  [353 386 344] Threshold:  0.9821643700780882
Epoch:  17  - Total reward:  -19.0 Episode duration:  1308 Actions:  [415 452 441] Threshold:  0.9810209491230357
Epoch:  18  - Total reward:  -19.0 Episode duration:  1427 Actions:  [499 465 463] Threshold:  0.9797750511648503
Epoch:  19  - Total reward:  -19.0 Episode duration:  1493 Actions:  [501 517 475] Threshold:  0.9784732583074041
Epoch:  20  - Total reward:  -21.0 Episode duration:  1102 Actions:  [341 387 374] Threshold:  0.977513523190759
Epoch:  21  - Total reward:  -19.0 Episode duration:  1608 Actions:  [542 541 525] Threshold:  0.9761148350761532
Epoch:  22  - Total reward:  -21.0 Episode duration:  1186 Actions:  [427 379 380] Threshold:  0.9750845249754981
Epoch:  23  - Total reward:  -21.0 Episode duration:  1149 Actions:  [365 380 404] Threshold:  0.9740874166293836
Epoch:  24  - Total reward:  -21.0 Episode duration:  1229 Actions:  [425 406 398] Threshold:  0.9730220360505081
Epoch:  25  - Total reward:  -21.0 Episode duration:  1387 Actions:  [488 418 481] Threshold:  0.9718211191840231
Epoch:  26  - Total reward:  -21.0 Episode duration:  1081 Actions:  [343 350 388] Threshold:  0.9708861980729219
Epoch:  27  - Total reward:  -20.0 Episode duration:  1177 Actions:  [388 403 386] Threshold:  0.9698692939816939
Epoch:  28  - Total reward:  -21.0 Episode duration:  1279 Actions:  [435 404 440] Threshold:  0.9687654968799072
Epoch:  29  - Total reward:  -21.0 Episode duration:  1081 Actions:  [355 339 387] Threshold:  0.9678335771371745
Epoch:  30  - Total reward:  -20.0 Episode duration:  1423 Actions:  [485 462 476] Threshold:  0.9666082179106273
Epoch:  31  - Total reward:  -20.0 Episode duration:  1311 Actions:  [423 451 437] Threshold:  0.9654807050540871
Epoch:  32  - Total reward:  -21.0 Episode duration:  1221 Actions:  [417 386 418] Threshold:  0.9644318037194138
Epoch:  33  - Total reward:  -20.0 Episode duration:  1444 Actions:  [498 467 479] Threshold:  0.9631928357248999
Epoch:  34  - Total reward:  -21.0 Episode duration:  1168 Actions:  [395 384 389] Threshold:  0.962191867939909
Epoch:  35  - Total reward:  -20.0 Episode duration:  1501 Actions:  [509 512 480] Threshold:  0.9609070810835888
Epoch:  36  - Total reward:  -20.0 Episode duration:  1135 Actions:  [393 359 383] Threshold:  0.9599367367454802
Epoch:  37  - Total reward:  -20.0 Episode duration:  1320 Actions:  [419 451 450] Threshold:  0.9588094891452155
Epoch:  38  - Total reward:  -20.0 Episode duration:  1280 Actions:  [454 393 433] Threshold:  0.9577176916359567
Epoch:  39  - Total reward:  -21.0 Episode duration:  1074 Actions:  [348 402 324] Threshold:  0.9568025849917904
Epoch:  40  - Total reward:  -19.0 Episode duration:  1390 Actions:  [476 441 473] Threshold:  0.9556195547972524
Epoch:  41  - Total reward:  -21.0 Episode duration:  1154 Actions:  [386 376 392] Threshold:  0.9546385195155211
Epoch:  42  - Total reward:  -21.0 Episode duration:  1469 Actions:  [468 499 502] Threshold:  0.9533911853207161
Epoch:  43  - Total reward:  -20.0 Episode duration:  1216 Actions:  [399 439 378] Threshold:  0.9523599338980208
Epoch:  44  - Total reward:  -20.0 Episode duration:  1507 Actions:  [496 502 509] Threshold:  0.9510834753623262
Epoch:  45  - Total reward:  -19.0 Episode duration:  1337 Actions:  [469 416 452] Threshold:  0.9499524732000976
Epoch:  46  - Total reward:  -21.0 Episode duration:  1160 Actions:  [427 366 367] Threshold:  0.9489723129491433
Epoch:  47  - Total reward:  -21.0 Episode duration:  1000 Actions:  [328 349 323] Threshold:  0.9481281764212021
Epoch:  48  - Total reward:  -21.0 Episode duration:  1001 Actions:  [331 368 302] Threshold:  0.9472839639555883
Epoch:  49  - Total reward:  -19.0 Episode duration:  1215 Actions:  [398 388 429] Threshold:  0.94626030211272
Epoch:  50  - Total reward:  -20.0 Episode duration:  1320 Actions:  [441 398 481] Threshold:  0.9451494563909193
Epoch:  51  - Total reward:  -21.0 Episode duration:  1266 Actions:  [424 415 427] Threshold:  0.9440853059587765
Epoch:  52  - Total reward:  -21.0 Episode duration:  1142 Actions:  [411 340 391] Threshold:  0.9431264352228873
Epoch:  53  - Total reward:  -20.0 Episode duration:  1253 Actions:  [415 429 409] Threshold:  0.9420755089564954
Epoch:  54  - Total reward:  -21.0 Episode duration:  1316 Actions:  [456 431 429] Threshold:  0.9409730309613866
Epoch:  55  - Total reward:  -20.0 Episode duration:  1296 Actions:  [417 444 435] Threshold:  0.9398885962373527
Epoch:  56  - Total reward:  -20.0 Episode duration:  1153 Actions:  [358 399 396] Threshold:  0.9389248908934678
Epoch:  57  - Total reward:  -19.0 Episode duration:  1634 Actions:  [559 502 573] Threshold:  0.937560883073982
Epoch:  58  - Total reward:  -21.0 Episode duration:  1325 Actions:  [419 448 458] Threshold:  0.9364563046740074
Epoch:  59  - Total reward:  -21.0 Episode duration:  1480 Actions:  [501 479 500] Threshold:  0.9352240835078433
Epoch:  60  - Total reward:  -20.0 Episode duration:  1236 Actions:  [403 410 423] Threshold:  0.934196281992455
Epoch:  61  - Total reward:  -19.0 Episode duration:  1314 Actions:  [433 445 436] Threshold:  0.933104884970694
Epoch:  62  - Total reward:  -21.0 Episode duration:  1278 Actions:  [440 412 426] Threshold:  0.9320446391391322
Epoch:  63  - Total reward:  -19.0 Episode duration:  1285 Actions:  [440 404 441] Threshold:  0.9309798272423595
Epoch:  64  - Total reward:  -21.0 Episode duration:  1410 Actions:  [492 459 459] Threshold:  0.9298128648131425
Epoch:  65  - Total reward:  -21.0 Episode duration:  1009 Actions:  [348 333 328] Threshold:  0.9289787009217095
Epoch:  66  - Total reward:  -21.0 Episode duration:  1109 Actions:  [395 339 375] Threshold:  0.9280627469239928
Epoch:  67  - Total reward:  -20.0 Episode duration:  1206 Actions:  [396 405 405] Threshold:  0.9270677255010507
Epoch:  68  - Total reward:  -20.0 Episode duration:  1285 Actions:  [428 426 431] Threshold:  0.9260087241497532
Epoch:  69  - Total reward:  -21.0 Episode duration:  1065 Actions:  [343 345 377] Threshold:  0.9251319674743409
Epoch:  70  - Total reward:  -19.0 Episode duration:  1578 Actions:  [517 518 543] Threshold:  0.9238344454243328
Epoch:  71  - Total reward:  -21.0 Episode duration:  1221 Actions:  [406 405 410] Threshold:  0.9228317457911603
Epoch:  72  - Total reward:  -21.0 Episode duration:  1008 Actions:  [342 352 314] Threshold:  0.9220048025577837
Epoch:  73  - Total reward:  -21.0 Episode duration:  1278 Actions:  [413 416 449] Threshold:  0.9209574455151244
Epoch:  74  - Total reward:  -21.0 Episode duration:  1230 Actions:  [401 393 436] Threshold:  0.9199505743180368
Epoch:  75  - Total reward:  -21.0 Episode duration:  1162 Actions:  [370 403 389] Threshold:  0.9190004012093215
Epoch:  76  - Total reward:  -19.0 Episode duration:  1586 Actions:  [497 541 548] Threshold:  0.9177051400753093
Epoch:  77  - Total reward:  -21.0 Episode duration:  1432 Actions:  [484 456 492] Threshold:  0.9165372515562398
Epoch:  78  - Total reward:  -20.0 Episode duration:  1371 Actions:  [444 471 456] Threshold:  0.9154205361885289
Script fishished.
