Running script...
Start using cuda

Writing to 'runs/Pong-v0_2019-11-25 23:01:27.472188_cuda'
Epoch:  0  - Total reward:  -21.0 Episode duration:  1189 Actions:  [385 392 412] Threshold:  0.9989421713303026
Model Saved 0
Epoch:  1  - Total reward:  -20.0 Episode duration:  1194 Actions:  [374 412 408] Threshold:  0.9978801505925873
Epoch:  2  - Total reward:  -21.0 Episode duration:  1010 Actions:  [337 340 333] Threshold:  0.9969826908965909
Epoch:  3  - Total reward:  -19.0 Episode duration:  1389 Actions:  [439 465 485] Threshold:  0.9957498067698362
Epoch:  4  - Total reward:  -18.0 Episode duration:  1307 Actions:  [458 424 425] Threshold:  0.9945911270877199
Epoch:  5  - Total reward:  -20.0 Episode duration:  1110 Actions:  [379 378 353] Threshold:  0.99360817207019
Epoch:  6  - Total reward:  -20.0 Episode duration:  1204 Actions:  [425 390 389] Threshold:  0.9925430966639973
Epoch:  7  - Total reward:  -21.0 Episode duration:  1168 Actions:  [400 380 388] Threshold:  0.9915109807780367
Epoch:  8  - Total reward:  -20.0 Episode duration:  1185 Actions:  [399 379 407] Threshold:  0.9904649620190994
Epoch:  9  - Total reward:  -21.0 Episode duration:  1170 Actions:  [397 392 381] Threshold:  0.9894332889556167
Epoch:  10  - Total reward:  -20.0 Episode duration:  1120 Actions:  [390 368 362] Threshold:  0.9884467319393
Epoch:  11  - Total reward:  -20.0 Episode duration:  1217 Actions:  [408 398 411] Threshold:  0.9873758701818126
Epoch:  12  - Total reward:  -21.0 Episode duration:  1086 Actions:  [363 362 361] Threshold:  0.9864212776672754
Epoch:  13  - Total reward:  -21.0 Episode duration:  1274 Actions:  [406 424 444] Threshold:  0.9853026340361788
Epoch:  14  - Total reward:  -19.0 Episode duration:  1498 Actions:  [507 480 511] Threshold:  0.9839889620524099
Epoch:  15  - Total reward:  -21.0 Episode duration:  1073 Actions:  [343 360 370] Threshold:  0.9830490931118476
Epoch:  16  - Total reward:  -21.0 Episode duration:  1233 Actions:  [414 399 420] Threshold:  0.9819702074077463
Epoch:  17  - Total reward:  -21.0 Episode duration:  1150 Actions:  [381 372 397] Threshold:  0.9809650368034609
Epoch:  18  - Total reward:  -20.0 Episode duration:  1335 Actions:  [457 447 431] Threshold:  0.9797994821134542
Epoch:  19  - Total reward:  -20.0 Episode duration:  1378 Actions:  [477 431 470] Threshold:  0.9785978679304341
Epoch:  20  - Total reward:  -19.0 Episode duration:  1276 Actions:  [409 430 437] Threshold:  0.9774865390989741
Epoch:  21  - Total reward:  -21.0 Episode duration:  1160 Actions:  [368 405 387] Threshold:  0.9764773582284516
Epoch:  22  - Total reward:  -19.0 Episode duration:  1324 Actions:  [414 438 472] Threshold:  0.9753267998649405
Epoch:  23  - Total reward:  -21.0 Episode duration:  1248 Actions:  [438 417 393] Threshold:  0.9742435527992612
Epoch:  24  - Total reward:  -20.0 Episode duration:  1193 Actions:  [403 385 405] Threshold:  0.9732091932978791
Epoch:  25  - Total reward:  -21.0 Episode duration:  1212 Actions:  [441 390 381] Threshold:  0.9721595084647379
Epoch:  26  - Total reward:  -21.0 Episode duration:  1472 Actions:  [461 503 508] Threshold:  0.9708861980729219
Epoch:  27  - Total reward:  -20.0 Episode duration:  1141 Actions:  [397 371 373] Threshold:  0.9699003811218292
Epoch:  28  - Total reward:  -19.0 Episode duration:  1450 Actions:  [482 476 492] Threshold:  0.9686490646228701
Epoch:  29  - Total reward:  -20.0 Episode duration:  1378 Actions:  [489 441 448] Threshold:  0.9674614101262772
Epoch:  30  - Total reward:  -20.0 Episode duration:  1282 Actions:  [430 429 423] Threshold:  0.9663578301302786
Epoch:  31  - Total reward:  -18.0 Episode duration:  1458 Actions:  [497 464 497] Threshold:  0.9651043067703425
Epoch:  32  - Total reward:  -18.0 Episode duration:  1560 Actions:  [541 533 486] Threshold:  0.9637649269927041
Epoch:  33  - Total reward:  -20.0 Episode duration:  1275 Actions:  [458 402 415] Threshold:  0.9626716513708258
Epoch:  34  - Total reward:  -19.0 Episode duration:  1305 Actions:  [443 423 439] Threshold:  0.9615539631260455
Epoch:  35  - Total reward:  -21.0 Episode duration:  1076 Actions:  [369 374 333] Threshold:  0.9606334024697292
Epoch:  36  - Total reward:  -21.0 Episode duration:  1031 Actions:  [331 327 373] Threshold:  0.9597521854700739
Epoch:  37  - Total reward:  -21.0 Episode duration:  1061 Actions:  [364 330 367] Threshold:  0.9588461887789157
Epoch:  38  - Total reward:  -21.0 Episode duration:  1244 Actions:  [409 406 429] Threshold:  0.9577850392339907
Epoch:  39  - Total reward:  -20.0 Episode duration:  1174 Actions:  [374 411 389] Threshold:  0.9567847007495179
Epoch:  40  - Total reward:  -21.0 Episode duration:  1149 Actions:  [361 420 368] Threshold:  0.9558066974218504
Epoch:  41  - Total reward:  -21.0 Episode duration:  1114 Actions:  [357 384 373] Threshold:  0.9548594601848208
Epoch:  42  - Total reward:  -21.0 Episode duration:  1347 Actions:  [479 410 458] Threshold:  0.9537153829124875
Epoch:  43  - Total reward:  -19.0 Episode duration:  1288 Actions:  [447 407 434] Threshold:  0.9526227269075768
Epoch:  44  - Total reward:  -17.0 Episode duration:  1620 Actions:  [552 513 555] Threshold:  0.9512502388808377
Epoch:  45  - Total reward:  -20.0 Episode duration:  1225 Actions:  [439 360 426] Threshold:  0.9502137419986052
Epoch:  46  - Total reward:  -20.0 Episode duration:  1228 Actions:  [395 417 416] Threshold:  0.9491758646350553
Epoch:  47  - Total reward:  -19.0 Episode duration:  1319 Actions:  [452 428 439] Threshold:  0.94806236602927
Epoch:  48  - Total reward:  -20.0 Episode duration:  1274 Actions:  [425 433 416] Threshold:  0.9469881232750903
Epoch:  49  - Total reward:  -21.0 Episode duration:  1231 Actions:  [402 429 400] Threshold:  0.9459513195405195
Epoch:  50  - Total reward:  -20.0 Episode duration:  1290 Actions:  [416 448 426] Threshold:  0.9448660676514985
Epoch:  51  - Total reward:  -20.0 Episode duration:  1490 Actions:  [448 536 506] Threshold:  0.943614142609604
Epoch:  52  - Total reward:  -21.0 Episode duration:  1064 Actions:  [341 369 354] Threshold:  0.9427211877739857
Epoch:  53  - Total reward:  -21.0 Episode duration:  1101 Actions:  [398 345 358] Threshold:  0.9417980897944129
Epoch:  54  - Total reward:  -20.0 Episode duration:  1489 Actions:  [494 484 511] Threshold:  0.9405511545190025
Epoch:  55  - Total reward:  -20.0 Episode duration:  1206 Actions:  [377 385 444] Threshold:  0.9395424487629704
Epoch:  56  - Total reward:  -21.0 Episode duration:  1001 Actions:  [369 330 302] Threshold:  0.9387060457556833
Epoch:  57  - Total reward:  -18.0 Episode duration:  1614 Actions:  [560 550 504] Threshold:  0.9373590418830507
Epoch:  58  - Total reward:  -21.0 Episode duration:  1222 Actions:  [395 401 426] Threshold:  0.9363405052393534
Epoch:  59  - Total reward:  -20.0 Episode duration:  1275 Actions:  [423 430 422] Threshold:  0.93527899860029
Epoch:  60  - Total reward:  -19.0 Episode duration:  1475 Actions:  [502 452 521] Threshold:  0.9340525151555211
Epoch:  61  - Total reward:  -20.0 Episode duration:  1421 Actions:  [468 446 507] Threshold:  0.9328724878517715
Epoch:  62  - Total reward:  -21.0 Episode duration:  1207 Actions:  [380 425 402] Threshold:  0.9318713671190588
Epoch:  63  - Total reward:  -21.0 Episode duration:  1140 Actions:  [366 399 375] Threshold:  0.9309268263215437
Epoch:  64  - Total reward:  -20.0 Episode duration:  1508 Actions:  [517 495 496] Threshold:  0.9296788840573316
Epoch:  65  - Total reward:  -21.0 Episode duration:  1233 Actions:  [389 440 404] Threshold:  0.9286597879901093
Epoch:  66  - Total reward:  -21.0 Episode duration:  1043 Actions:  [325 344 374] Threshold:  0.9277986216358831
Epoch:  67  - Total reward:  -20.0 Episode duration:  1209 Actions:  [426 379 404] Threshold:  0.9268014165334745
Epoch:  68  - Total reward:  -20.0 Episode duration:  1094 Actions:  [369 348 377] Threshold:  0.9259000096258572
Epoch:  69  - Total reward:  -21.0 Episode duration:  1236 Actions:  [421 420 395] Threshold:  0.9248826790950487
Epoch:  70  - Total reward:  -21.0 Episode duration:  1001 Actions:  [342 325 334] Threshold:  0.9240596104101224
Epoch:  71  - Total reward:  -21.0 Episode duration:  1119 Actions:  [367 373 379] Threshold:  0.9231404028462858
Epoch:  72  - Total reward:  -21.0 Episode duration:  1283 Actions:  [438 423 422] Threshold:  0.9220876268010734
Epoch:  73  - Total reward:  -19.0 Episode duration:  1475 Actions:  [460 475 540] Threshold:  0.9208788199326821
Epoch:  74  - Total reward:  -20.0 Episode duration:  1245 Actions:  [418 413 414] Threshold:  0.9198597657055037
Epoch:  75  - Total reward:  -21.0 Episode duration:  1225 Actions:  [392 414 419] Threshold:  0.9188582069378826
Epoch:  76  - Total reward:  -20.0 Episode duration:  1586 Actions:  [515 551 520] Threshold:  0.9175631506744278
Epoch:  77  - Total reward:  -20.0 Episode duration:  1289 Actions:  [420 437 432] Threshold:  0.9165119858624415
Script fishished.
