Running script...
Start using cuda

Writing to 'runs/report_runs/PER_Dueling_2019-12-21 12:25:04.984279_Pong-v0'
Epoch:  0  - Total reward:  -21.0 Episode duration:  990 Actions:  [340 335 315] Threshold:  0.9902571577686926
Model new iteration Saved 0
Epoch:  250  - Total reward:  -18.0 Episode duration:  2610 Actions:  [1525  559  526] Threshold:  0.034889224109879546
Model new iteration Saved 250
Epoch:  500  - Total reward:  -21.0 Episode duration:  1312 Actions:  [1009  200  103] Threshold:  0.010005755352101308
Model new iteration Saved 500
Epoch:  750  - Total reward:  -9.0 Episode duration:  4045 Actions:  [1574  321 2150] Threshold:  0.01000000057942184
Model new iteration Saved 750
Epoch:  1000  - Total reward:  -17.0 Episode duration:  4892 Actions:  [ 353  469 4070] Threshold:  0.010000000000018647
Model new iteration Saved 1000
Epoch:  1250  - Total reward:  -17.0 Episode duration:  1457 Actions:  [  76  174 1207] Threshold:  0.010000000000000004
Model new iteration Saved 1250
Epoch:  1500  - Total reward:  -21.0 Episode duration:  1049 Actions:  [479  18 552] Threshold:  0.01
Model new iteration Saved 1500
Epoch:  1750  - Total reward:  -21.0 Episode duration:  967 Actions:  [ 19 937  11] Threshold:  0.01
Model new iteration Saved 1750
Epoch:  2000  - Total reward:  -21.0 Episode duration:  1151 Actions:  [ 11 467 673] Threshold:  0.01
Model new iteration Saved 2000
Epoch:  2250  - Total reward:  -21.0 Episode duration:  1006 Actions:  [  7   5 994] Threshold:  0.01
Model new iteration Saved 2250
Epoch:  2500  - Total reward:  -21.0 Episode duration:  1131 Actions:  [114  21 996] Threshold:  0.01
Model new iteration Saved 2500
Epoch:  2750  - Total reward:  -21.0 Episode duration:  956 Actions:  [100 852   4] Threshold:  0.01
Model new iteration Saved 2750
Complete
Script fishished.
