Running script...
Start using cuda

Writing to 'runs/report_runs/Dueling_2019-12-21 12:13:38.862551_Pong-v0'
Epoch:  0  - Total reward:  -20.0 Episode duration:  1264 Actions:  [445 426 393] Threshold:  0.9875749294872432
Model new iteration Saved 0
Epoch:  250  - Total reward:  -14.0 Episode duration:  4937 Actions:  [1507 1422 2008] Threshold:  0.015678828395895898
Model new iteration Saved 250
Epoch:  500  - Total reward:  -12.0 Episode duration:  5233 Actions:  [1568  784 2881] Threshold:  0.010000425657699551
Model new iteration Saved 500
Epoch:  750  - Total reward:  -14.0 Episode duration:  4294 Actions:  [ 926  719 2649] Threshold:  0.010000000007311006
Model new iteration Saved 750
Epoch:  1000  - Total reward:  -12.0 Episode duration:  4255 Actions:  [2235 1065  955] Threshold:  0.010000000000000071
Model new iteration Saved 1000
Epoch:  1250  - Total reward:  -10.0 Episode duration:  4648 Actions:  [ 655  829 3164] Threshold:  0.01
Model new iteration Saved 1250
Epoch:  1500  - Total reward:  -6.0 Episode duration:  5157 Actions:  [1104 1040 3013] Threshold:  0.01
Model new iteration Saved 1500
Epoch:  1750  - Total reward:  -8.0 Episode duration:  3370 Actions:  [1087  483 1800] Threshold:  0.01
Model new iteration Saved 1750
Epoch:  2000  - Total reward:  -6.0 Episode duration:  4893 Actions:  [1577  617 2699] Threshold:  0.01
Model new iteration Saved 2000
Epoch:  2250  - Total reward:  -7.0 Episode duration:  4323 Actions:  [2269  385 1669] Threshold:  0.01
Model new iteration Saved 2250
Epoch:  2500  - Total reward:  -8.0 Episode duration:  6543 Actions:  [2247  689 3607] Threshold:  0.01
Model new iteration Saved 2500
Epoch:  2750  - Total reward:  2.0 Episode duration:  6480 Actions:  [ 719  894 4867] Threshold:  0.01
Model new iteration Saved 2750
Complete
Script fishished.
