Running script...
Start using cuda

Writing to 'runs/report_runs/PER_2019-12-21 12:25:02.940992'
Epoch:  0  - Total reward:  -20.0 Episode duration:  1187 Actions:  [397 389 401] Threshold:  0.988327952059433
Model new iteration Saved 0
Epoch:  250  - Total reward:  -18.0 Episode duration:  2932 Actions:  [1049 1016  867] Threshold:  0.017694416555191703
Model new iteration Saved 250
Epoch:  500  - Total reward:  -15.0 Episode duration:  2528 Actions:  [ 718  784 1026] Threshold:  0.010001153926208704
Model new iteration Saved 500
Epoch:  750  - Total reward:  3.0 Episode duration:  6151 Actions:  [2072 1687 2392] Threshold:  0.010000000058792294
Model new iteration Saved 750
Epoch:  1000  - Total reward:  -11.0 Episode duration:  5353 Actions:  [2280 1511 1562] Threshold:  0.010000000000002372
Model new iteration Saved 1000
Epoch:  1250  - Total reward:  -12.0 Episode duration:  3757 Actions:  [1388  668 1701] Threshold:  0.01
Model new iteration Saved 1250
Epoch:  1500  - Total reward:  -13.0 Episode duration:  3551 Actions:  [ 895 1481 1175] Threshold:  0.01
Model new iteration Saved 1500
Epoch:  1750  - Total reward:  -12.0 Episode duration:  5206 Actions:  [1469 1151 2586] Threshold:  0.01
Model new iteration Saved 1750
Epoch:  2000  - Total reward:  -19.0 Episode duration:  2744 Actions:  [ 680 1291  773] Threshold:  0.01
Model new iteration Saved 2000
Epoch:  2250  - Total reward:  -9.0 Episode duration:  7216 Actions:  [1099 2669 3448] Threshold:  0.01
Model new iteration Saved 2250
Epoch:  2500  - Total reward:  -13.0 Episode duration:  4013 Actions:  [1195 1548 1270] Threshold:  0.01
Model new iteration Saved 2500
Epoch:  2750  - Total reward:  -15.0 Episode duration:  4522 Actions:  [2308  920 1294] Threshold:  0.01
Model new iteration Saved 2750
Complete
Script fishished.
