Running script...
Start using cuda

Writing to 'runs/report_runs/PER_2019-12-22 08:41:12.321268'
Episode:  0 , steps:  1
  - Rewards: 5
  - Amount of actions: [-21.0, -21.0, -21.0, -21.0, -21.0]
Epoch:  0  - Total reward:  -20.0 Episode duration:  1271 Actions:  [436 397 438] Threshold:  0.9987498440170806
Episode:  7 , steps:  10000
  - Rewards: 5
  - Amount of actions: [-21.0, -20.0, -21.0, -20.0, -20.0]
Episode:  15 , steps:  20000
  - Rewards: 5
  - Amount of actions: [-21.0, -21.0, -21.0, -21.0, -21.0]
Episode:  24 , steps:  30000
  - Rewards: 5
  - Amount of actions: [-20.0, -20.0, -20.0, -21.0, -21.0]
Episode:  32 , steps:  40000
  - Rewards: 5
  - Amount of actions: [-21.0, -21.0, -20.0, -21.0, -21.0]
Episode:  39 , steps:  50000
  - Rewards: 5
  - Amount of actions: [-21.0, -21.0, -21.0, -21.0, -21.0]
Episode:  48 , steps:  60000
  - Rewards: 5
  - Amount of actions: [-21.0, -21.0, -21.0, -21.0, -21.0]
Episode:  56 , steps:  70000
  - Rewards: 5
  - Amount of actions: [-21.0, -21.0, -21.0, -21.0, -21.0]
Episode:  64 , steps:  80000
  - Rewards: 5
  - Amount of actions: [-21.0, -20.0, -20.0, -21.0, -20.0]
Episode:  72 , steps:  90000
  - Rewards: 5
  - Amount of actions: [-21.0, -21.0, -21.0, -20.0, -21.0]
Episode:  80 , steps:  100000
  - Rewards: 5
  - Amount of actions: [-21.0, -20.0, -21.0, -20.0, -21.0]
Episode:  88 , steps:  110000
  - Rewards: 5
  - Amount of actions: [-21.0, -19.0, -18.0, -20.0, -19.0]
Episode:  96 , steps:  120000
  - Rewards: 5
  - Amount of actions: [-21.0, -21.0, -21.0, -21.0, -20.0]
Episode:  104 , steps:  130000
  - Rewards: 5
  - Amount of actions: [-20.0, -20.0, -21.0, -20.0, -21.0]
Episode:  111 , steps:  140000
  - Rewards: 5
  - Amount of actions: [-16.0, -19.0, -21.0, -19.0, -20.0]
Episode:  119 , steps:  150000
  - Rewards: 5
  - Amount of actions: [-19.0, -20.0, -21.0, -18.0, -15.0]
Episode:  126 , steps:  160000
  - Rewards: 5
  - Amount of actions: [-19.0, -21.0, -21.0, -21.0, -21.0]
Episode:  134 , steps:  170000
  - Rewards: 5
  - Amount of actions: [-21.0, -21.0, -21.0, -21.0, -21.0]
Episode:  142 , steps:  180000
  - Rewards: 5
  - Amount of actions: [-21.0, -20.0, -20.0, -21.0, -20.0]
Episode:  150 , steps:  190000
  - Rewards: 5
  - Amount of actions: [-20.0, -20.0, -19.0, -21.0, -21.0]
Episode:  157 , steps:  200000
  - Rewards: 5
  - Amount of actions: [-16.0, -17.0, -17.0, -18.0, -14.0]
Episode:  164 , steps:  210000
  - Rewards: 5
  - Amount of actions: [-21.0, -21.0, -21.0, -21.0, -21.0]
Episode:  171 , steps:  220000
  - Rewards: 5
  - Amount of actions: [-20.0, -20.0, -19.0, -18.0, -20.0]
Episode:  178 , steps:  230000
  - Rewards: 5
  - Amount of actions: [-18.0, -20.0, -20.0, -21.0, -17.0]
Episode:  185 , steps:  240000
  - Rewards: 5
  - Amount of actions: [-18.0, -19.0, -18.0, -19.0, -19.0]
Episode:  193 , steps:  250000
  - Rewards: 5
  - Amount of actions: [-19.0, -19.0, -19.0, -19.0, -20.0]
Episode:  199 , steps:  260000
  - Rewards: 5
  - Amount of actions: [-20.0, -20.0, -19.0, -20.0, -19.0]
Episode:  206 , steps:  270000
  - Rewards: 5
  - Amount of actions: [-21.0, -21.0, -21.0, -20.0, -21.0]
Episode:  212 , steps:  280000
  - Rewards: 5
  - Amount of actions: [-18.0, -21.0, -19.0, -21.0, -20.0]
Episode:  219 , steps:  290000
  - Rewards: 5
  - Amount of actions: [-20.0, -17.0, -20.0, -19.0, -20.0]
Episode:  226 , steps:  300000
  - Rewards: 5
  - Amount of actions: [-19.0, -18.0, -14.0, -18.0, -18.0]
Episode:  233 , steps:  310000
  - Rewards: 5
  - Amount of actions: [-15.0, -19.0, -19.0, -20.0, -19.0]
Episode:  239 , steps:  320000
  - Rewards: 5
  - Amount of actions: [-20.0, -20.0, -20.0, -20.0, -19.0]
Episode:  247 , steps:  330000
  - Rewards: 5
  - Amount of actions: [-19.0, -20.0, -20.0, -19.0, -21.0]
Epoch:  250  - Total reward:  -20.0 Episode duration:  1443 Actions:  [455 515 473] Threshold:  0.7188896812944117
Episode:  253 , steps:  340000
  - Rewards: 5
  - Amount of actions: [-20.0, -19.0, -19.0, -18.0, -19.0]
Episode:  260 , steps:  350000
  - Rewards: 5
  - Amount of actions: [-18.0, -17.0, -18.0, -19.0, -17.0]
Episode:  266 , steps:  360000
  - Rewards: 5
  - Amount of actions: [-21.0, -21.0, -20.0, -20.0, -21.0]
Episode:  273 , steps:  370000
  - Rewards: 5
  - Amount of actions: [-19.0, -16.0, -20.0, -16.0, -17.0]
Episode:  280 , steps:  380000
  - Rewards: 5
  - Amount of actions: [-18.0, -19.0, -16.0, -21.0, -21.0]
Episode:  286 , steps:  390000
  - Rewards: 5
  - Amount of actions: [-21.0, -21.0, -19.0, -20.0, -21.0]
Episode:  294 , steps:  400000
  - Rewards: 5
  - Amount of actions: [-19.0, -20.0, -19.0, -17.0, -19.0]
Episode:  301 , steps:  410000
  - Rewards: 5
  - Amount of actions: [-21.0, -18.0, -21.0, -19.0, -21.0]
Episode:  308 , steps:  420000
  - Rewards: 5
  - Amount of actions: [-20.0, -21.0, -19.0, -21.0, -21.0]
Episode:  314 , steps:  430000
  - Rewards: 5
  - Amount of actions: [-20.0, -18.0, -19.0, -19.0, -17.0]
Episode:  321 , steps:  440000
  - Rewards: 5
  - Amount of actions: [-18.0, -17.0, -19.0, -21.0, -19.0]
Episode:  327 , steps:  450000
  - Rewards: 5
  - Amount of actions: [-21.0, -20.0, -18.0, -16.0, -21.0]
Episode:  335 , steps:  460000
  - Rewards: 5
  - Amount of actions: [-21.0, -21.0, -21.0, -21.0, -21.0]
Episode:  341 , steps:  470000
  - Rewards: 5
  - Amount of actions: [-20.0, -21.0, -21.0, -21.0, -21.0]
Episode:  347 , steps:  480000
  - Rewards: 5
  - Amount of actions: [-17.0, -18.0, -17.0, -16.0, -17.0]
Episode:  354 , steps:  490000
  - Rewards: 5
  - Amount of actions: [-21.0, -19.0, -19.0, -19.0, -21.0]
Episode:  360 , steps:  500000
  - Rewards: 5
  - Amount of actions: [-20.0, -20.0, -18.0, -16.0, -15.0]
Episode:  367 , steps:  510000
  - Rewards: 5
  - Amount of actions: [-20.0, -19.0, -20.0, -20.0, -20.0]
Episode:  373 , steps:  520000
  - Rewards: 5
  - Amount of actions: [-18.0, -19.0, -19.0, -20.0, -15.0]
Episode:  380 , steps:  530000
  - Rewards: 5
  - Amount of actions: [-19.0, -18.0, -19.0, -20.0, -19.0]
Episode:  386 , steps:  540000
  - Rewards: 5
  - Amount of actions: [-21.0, -21.0, -21.0, -20.0, -21.0]
Episode:  393 , steps:  550000
  - Rewards: 5
  - Amount of actions: [-18.0, -16.0, -16.0, -19.0, -17.0]
Episode:  399 , steps:  560000
  - Rewards: 5
  - Amount of actions: [-20.0, -20.0, -18.0, -19.0, -16.0]
Episode:  405 , steps:  570000
  - Rewards: 5
  - Amount of actions: [-20.0, -21.0, -19.0, -20.0, -20.0]
Episode:  411 , steps:  580000
  - Rewards: 5
  - Amount of actions: [-21.0, -19.0, -21.0, -19.0, -20.0]
Episode:  417 , steps:  590000
  - Rewards: 5
  - Amount of actions: [-18.0, -15.0, -17.0, -21.0, -19.0]
Episode:  423 , steps:  600000
  - Rewards: 5
  - Amount of actions: [-20.0, -17.0, -18.0, -16.0, -19.0]
Episode:  429 , steps:  610000
  - Rewards: 5
  - Amount of actions: [-20.0, -16.0, -19.0, -20.0, -16.0]
Episode:  434 , steps:  620000
  - Rewards: 5
  - Amount of actions: [-18.0, -19.0, -18.0, -21.0, -20.0]
Episode:  440 , steps:  630000
  - Rewards: 5
  - Amount of actions: [-21.0, -19.0, -21.0, -21.0, -19.0]
Episode:  447 , steps:  640000
  - Rewards: 5
  - Amount of actions: [-18.0, -19.0, -21.0, -19.0, -21.0]
Episode:  453 , steps:  650000
  - Rewards: 5
  - Amount of actions: [-19.0, -20.0, -18.0, -21.0, -19.0]
Episode:  458 , steps:  660000
  - Rewards: 5
  - Amount of actions: [-14.0, -12.0, -16.0, -17.0, -19.0]
Episode:  464 , steps:  670000
  - Rewards: 5
  - Amount of actions: [-20.0, -18.0, -20.0, -16.0, -19.0]
Episode:  470 , steps:  680000
  - Rewards: 5
  - Amount of actions: [-19.0, -15.0, -16.0, -18.0, -13.0]
Episode:  476 , steps:  690000
  - Rewards: 5
  - Amount of actions: [-19.0, -20.0, -20.0, -21.0, -20.0]
Episode:  481 , steps:  700000
  - Rewards: 5
  - Amount of actions: [-19.0, -18.0, -19.0, -19.0, -17.0]
Episode:  487 , steps:  710000
  - Rewards: 5
  - Amount of actions: [-18.0, -15.0, -19.0, -19.0, -19.0]
Episode:  493 , steps:  720000
  - Rewards: 5
  - Amount of actions: [-21.0, -20.0, -21.0, -20.0, -21.0]
Episode:  500 , steps:  730000
  - Rewards: 5
  - Amount of actions: [-21.0, -21.0, -21.0, -21.0, -21.0]
Epoch:  500  - Total reward:  -18.0 Episode duration:  1500 Actions:  [502 444 554] Threshold:  0.4896338388433766
Episode:  508 , steps:  740000
  - Rewards: 5
  - Amount of actions: [-20.0, -20.0, -19.0, -21.0, -19.0]
Episode:  514 , steps:  750000
  - Rewards: 5
  - Amount of actions: [-21.0, -17.0, -19.0, -20.0, -21.0]
Episode:  519 , steps:  760000
  - Rewards: 5
  - Amount of actions: [-15.0, -9.0, -19.0, -19.0, -12.0]
Episode:  526 , steps:  770000
  - Rewards: 5
  - Amount of actions: [-18.0, -20.0, -19.0, -18.0, -19.0]
Episode:  532 , steps:  780000
  - Rewards: 5
  - Amount of actions: [-20.0, -20.0, -19.0, -19.0, -18.0]
Episode:  538 , steps:  790000
  - Rewards: 5
  - Amount of actions: [-21.0, -21.0, -21.0, -21.0, -21.0]
Episode:  545 , steps:  800000
  - Rewards: 5
  - Amount of actions: [-16.0, -17.0, -17.0, -17.0, -17.0]
Episode:  551 , steps:  810000
  - Rewards: 5
  - Amount of actions: [-21.0, -18.0, -20.0, -16.0, -17.0]
Episode:  558 , steps:  820000
  - Rewards: 5
  - Amount of actions: [-17.0, -19.0, -20.0, -20.0, -18.0]
Episode:  564 , steps:  830000
  - Rewards: 5
  - Amount of actions: [-19.0, -20.0, -19.0, -19.0, -19.0]
Episode:  569 , steps:  840000
  - Rewards: 5
  - Amount of actions: [-18.0, -20.0, -16.0, -18.0, -18.0]
Episode:  574 , steps:  850000
  - Rewards: 5
  - Amount of actions: [-20.0, -17.0, -20.0, -18.0, -19.0]
Episode:  580 , steps:  860000
  - Rewards: 5
  - Amount of actions: [-20.0, -20.0, -20.0, -17.0, -20.0]
Episode:  586 , steps:  870000
  - Rewards: 5
  - Amount of actions: [-19.0, -19.0, -20.0, -19.0, -18.0]
Episode:  592 , steps:  880000
  - Rewards: 5
  - Amount of actions: [-20.0, -19.0, -20.0, -19.0, -19.0]
Episode:  597 , steps:  890000
  - Rewards: 5
  - Amount of actions: [-19.0, -18.0, -17.0, -16.0, -17.0]
Episode:  603 , steps:  900000
  - Rewards: 5
  - Amount of actions: [-21.0, -21.0, -17.0, -16.0, -14.0]
Episode:  609 , steps:  910000
  - Rewards: 5
  - Amount of actions: [-18.0, -16.0, -17.0, -15.0, -20.0]
Episode:  614 , steps:  920000
  - Rewards: 5
  - Amount of actions: [-21.0, -21.0, -21.0, -21.0, -21.0]
Episode:  620 , steps:  930000
  - Rewards: 5
  - Amount of actions: [-19.0, -20.0, -17.0, -18.0, -21.0]
Episode:  625 , steps:  940000
  - Rewards: 5
  - Amount of actions: [-19.0, -16.0, -17.0, -21.0, -18.0]
Episode:  630 , steps:  950000
  - Rewards: 5
  - Amount of actions: [-15.0, -19.0, -19.0, -13.0, -17.0]
Episode:  634 , steps:  960000
  - Rewards: 5
  - Amount of actions: [-19.0, -20.0, -21.0, -17.0, -16.0]
Episode:  640 , steps:  970000
  - Rewards: 5
  - Amount of actions: [-19.0, -19.0, -18.0, -18.0, -21.0]
Episode:  645 , steps:  980000
  - Rewards: 5
  - Amount of actions: [-18.0, -18.0, -14.0, -18.0, -19.0]
Episode:  651 , steps:  990000
  - Rewards: 5
  - Amount of actions: [-21.0, -21.0, -21.0, -21.0, -21.0]
Episode:  657 , steps:  1000000
  - Rewards: 5
  - Amount of actions: [-20.0, -20.0, -19.0, -20.0, -19.0]
Episode:  662 , steps:  1010000
  - Rewards: 5
  - Amount of actions: [-18.0, -13.0, -12.0, -16.0, -15.0]
Episode:  667 , steps:  1020000
  - Rewards: 5
  - Amount of actions: [-19.0, -19.0, -20.0, -19.0, -20.0]
Episode:  673 , steps:  1030000
  - Rewards: 5
  - Amount of actions: [-14.0, -20.0, -15.0, -17.0, -20.0]
Episode:  678 , steps:  1040000
  - Rewards: 5
  - Amount of actions: [-19.0, -20.0, -16.0, -18.0, -20.0]
Episode:  683 , steps:  1050000
  - Rewards: 5
  - Amount of actions: [-17.0, -18.0, -13.0, -16.0, -13.0]
Episode:  688 , steps:  1060000
  - Rewards: 5
  - Amount of actions: [-19.0, -20.0, -19.0, -21.0, -21.0]
Episode:  692 , steps:  1070000
  - Rewards: 5
  - Amount of actions: [-19.0, -19.0, -20.0, -18.0, -20.0]
Episode:  698 , steps:  1080000
  - Rewards: 5
  - Amount of actions: [-21.0, -20.0, -15.0, -20.0, -21.0]
Episode:  703 , steps:  1090000
  - Rewards: 5
  - Amount of actions: [-19.0, -20.0, -21.0, -14.0, -19.0]
Episode:  708 , steps:  1100000
  - Rewards: 5
  - Amount of actions: [-18.0, -17.0, -21.0, -19.0, -19.0]
Episode:  715 , steps:  1110000
  - Rewards: 5
  - Amount of actions: [-21.0, -21.0, -21.0, -21.0, -21.0]
Episode:  720 , steps:  1120000
  - Rewards: 5
  - Amount of actions: [-18.0, -16.0, -16.0, -20.0, -17.0]
Episode:  726 , steps:  1130000
  - Rewards: 5
  - Amount of actions: [-17.0, -20.0, -16.0, -21.0, -16.0]
Episode:  733 , steps:  1140000
  - Rewards: 5
  - Amount of actions: [-18.0, -18.0, -19.0, -17.0, -21.0]
Episode:  740 , steps:  1150000
  - Rewards: 5
  - Amount of actions: [-14.0, -21.0, -20.0, -15.0, -16.0]
Episode:  746 , steps:  1160000
  - Rewards: 5
  - Amount of actions: [-20.0, -20.0, -20.0, -20.0, -21.0]
Epoch:  750  - Total reward:  -19.0 Episode duration:  1741 Actions:  [462 522 757] Threshold:  0.32153337531343545
Episode:  752 , steps:  1170000
  - Rewards: 5
  - Amount of actions: [-21.0, -20.0, -21.0, -21.0, -21.0]
Episode:  757 , steps:  1180000
  - Rewards: 5
  - Amount of actions: [-12.0, -15.0, -16.0, -20.0, -14.0]
Episode:  763 , steps:  1190000
  - Rewards: 5
  - Amount of actions: [-21.0, -21.0, -21.0, -21.0, -21.0]
Episode:  769 , steps:  1200000
  - Rewards: 5
  - Amount of actions: [-20.0, -16.0, -14.0, -18.0, -16.0]
Episode:  774 , steps:  1210000
  - Rewards: 5
  - Amount of actions: [-21.0, -20.0, -21.0, -17.0, -20.0]
Episode:  780 , steps:  1220000
  - Rewards: 5
  - Amount of actions: [-16.0, -17.0, -16.0, -18.0, -18.0]
Episode:  785 , steps:  1230000
  - Rewards: 5
  - Amount of actions: [-19.0, -20.0, -17.0, -17.0, -19.0]
Episode:  791 , steps:  1240000
  - Rewards: 5
  - Amount of actions: [-19.0, -17.0, -18.0, -19.0, -15.0]
Episode:  797 , steps:  1250000
  - Rewards: 5
  - Amount of actions: [-20.0, -19.0, -13.0, -18.0, -15.0]
Episode:  803 , steps:  1260000
  - Rewards: 5
  - Amount of actions: [-18.0, -16.0, -18.0, -17.0, -20.0]
Episode:  808 , steps:  1270000
  - Rewards: 5
  - Amount of actions: [-21.0, -19.0, -19.0, -20.0, -19.0]
Episode:  815 , steps:  1280000
  - Rewards: 5
  - Amount of actions: [-20.0, -20.0, -19.0, -16.0, -16.0]
Episode:  820 , steps:  1290000
  - Rewards: 5
  - Amount of actions: [-17.0, -19.0, -18.0, -17.0, -19.0]
Episode:  826 , steps:  1300000
  - Rewards: 5
  - Amount of actions: [-21.0, -20.0, -21.0, -21.0, -21.0]
Episode:  831 , steps:  1310000
  - Rewards: 5
  - Amount of actions: [-21.0, -20.0, -21.0, -21.0, -20.0]
Episode:  838 , steps:  1320000
  - Rewards: 5
  - Amount of actions: [-21.0, -21.0, -21.0, -21.0, -19.0]
Episode:  844 , steps:  1330000
  - Rewards: 5
  - Amount of actions: [-21.0, -20.0, -21.0, -19.0, -19.0]
Episode:  850 , steps:  1340000
  - Rewards: 5
  - Amount of actions: [-21.0, -21.0, -21.0, -21.0, -20.0]
Episode:  856 , steps:  1350000
  - Rewards: 5
  - Amount of actions: [-20.0, -19.0, -18.0, -21.0, -20.0]
Episode:  861 , steps:  1360000
  - Rewards: 5
  - Amount of actions: [-21.0, -21.0, -21.0, -21.0, -21.0]
Episode:  866 , steps:  1370000
  - Rewards: 5
  - Amount of actions: [-19.0, -18.0, -19.0, -17.0, -14.0]
Episode:  871 , steps:  1380000
  - Rewards: 5
  - Amount of actions: [-18.0, -17.0, -19.0, -19.0, -18.0]
Episode:  875 , steps:  1390000
  - Rewards: 5
  - Amount of actions: [-17.0, -18.0, -18.0, -19.0, -18.0]
Episode:  879 , steps:  1400000
  - Rewards: 5
  - Amount of actions: [-16.0, -18.0, -18.0, -17.0, -18.0]
Episode:  884 , steps:  1410000
  - Rewards: 5
  - Amount of actions: [-17.0, -17.0, -18.0, -20.0, -20.0]
Episode:  888 , steps:  1420000
  - Rewards: 5
  - Amount of actions: [-21.0, -17.0, -20.0, -17.0, -18.0]
Episode:  893 , steps:  1430000
  - Rewards: 5
  - Amount of actions: [-14.0, -17.0, -18.0, -17.0, -15.0]
Episode:  898 , steps:  1440000
  - Rewards: 5
  - Amount of actions: [-21.0, -18.0, -19.0, -21.0, -17.0]
Episode:  903 , steps:  1450000
  - Rewards: 5
  - Amount of actions: [-16.0, -17.0, -17.0, -18.0, -16.0]
Episode:  909 , steps:  1460000
  - Rewards: 5
  - Amount of actions: [-14.0, -18.0, -18.0, -19.0, -16.0]
Episode:  914 , steps:  1470000
  - Rewards: 5
  - Amount of actions: [-19.0, -15.0, -15.0, -18.0, -17.0]
Episode:  919 , steps:  1480000
  - Rewards: 5
  - Amount of actions: [-21.0, -21.0, -21.0, -21.0, -21.0]
Episode:  924 , steps:  1490000
  - Rewards: 5
  - Amount of actions: [-21.0, -21.0, -21.0, -21.0, -21.0]
Episode:  929 , steps:  1500000
  - Rewards: 5
  - Amount of actions: [-21.0, -19.0, -17.0, -19.0, -19.0]
Episode:  934 , steps:  1510000
  - Rewards: 5
  - Amount of actions: [-18.0, -19.0, -17.0, -18.0, -19.0]
Episode:  939 , steps:  1520000
  - Rewards: 5
  - Amount of actions: [-20.0, -18.0, -19.0, -18.0, -19.0]
Episode:  943 , steps:  1530000
  - Rewards: 5
  - Amount of actions: [-18.0, -21.0, -19.0, -21.0, -19.0]
Episode:  948 , steps:  1540000
  - Rewards: 5
  - Amount of actions: [-13.0, -17.0, -19.0, -15.0, -17.0]
Episode:  954 , steps:  1550000
  - Rewards: 5
  - Amount of actions: [-20.0, -21.0, -20.0, -20.0, -20.0]
Episode:  959 , steps:  1560000
  - Rewards: 5
  - Amount of actions: [-19.0, -20.0, -17.0, -19.0, -18.0]
Episode:  964 , steps:  1570000
  - Rewards: 5
  - Amount of actions: [-18.0, -19.0, -18.0, -18.0, -18.0]
Episode:  969 , steps:  1580000
  - Rewards: 5
  - Amount of actions: [-19.0, -17.0, -14.0, -19.0, -17.0]
Episode:  974 , steps:  1590000
  - Rewards: 5
  - Amount of actions: [-19.0, -18.0, -17.0, -21.0, -21.0]
Episode:  978 , steps:  1600000
  - Rewards: 5
  - Amount of actions: [-16.0, -15.0, -19.0, -20.0, -20.0]
Episode:  983 , steps:  1610000
  - Rewards: 5
  - Amount of actions: [-16.0, -14.0, -12.0, -14.0, -14.0]
Episode:  988 , steps:  1620000
  - Rewards: 5
  - Amount of actions: [-21.0, -21.0, -16.0, -20.0, -18.0]
Episode:  994 , steps:  1630000
  - Rewards: 5
  - Amount of actions: [-17.0, -15.0, -19.0, -17.0, -18.0]
Episode:  999 , steps:  1640000
  - Rewards: 5
  - Amount of actions: [-19.0, -21.0, -20.0, -21.0, -21.0]
Epoch:  1000  - Total reward:  -20.0 Episode duration:  2145 Actions:  [ 514  545 1086] Threshold:  0.20540828616264317
Episode:  1004 , steps:  1650000
  - Rewards: 5
  - Amount of actions: [-19.0, -21.0, -17.0, -15.0, -19.0]
Episode:  1009 , steps:  1660000
  - Rewards: 5
  - Amount of actions: [-21.0, -21.0, -21.0, -21.0, -21.0]
Episode:  1014 , steps:  1670000
  - Rewards: 5
  - Amount of actions: [-19.0, -18.0, -15.0, -19.0, -18.0]
Episode:  1019 , steps:  1680000
  - Rewards: 5
  - Amount of actions: [-19.0, -19.0, -19.0, -20.0, -19.0]
Episode:  1024 , steps:  1690000
  - Rewards: 5
  - Amount of actions: [-19.0, -18.0, -18.0, -19.0, -16.0]
Episode:  1029 , steps:  1700000
  - Rewards: 5
  - Amount of actions: [-18.0, -16.0, -19.0, -19.0, -21.0]
Episode:  1034 , steps:  1710000
  - Rewards: 5
  - Amount of actions: [-8.0, -16.0, -15.0, -15.0, -12.0]
Episode:  1040 , steps:  1720000
  - Rewards: 5
  - Amount of actions: [-16.0, -20.0, -17.0, -17.0, -18.0]
Episode:  1044 , steps:  1730000
  - Rewards: 5
  - Amount of actions: [-15.0, -16.0, -18.0, -18.0, -17.0]
Episode:  1049 , steps:  1740000
  - Rewards: 5
  - Amount of actions: [-21.0, -17.0, -20.0, -18.0, -19.0]
Episode:  1055 , steps:  1750000
  - Rewards: 5
  - Amount of actions: [-18.0, -20.0, -14.0, -18.0, -18.0]
Episode:  1059 , steps:  1760000
  - Rewards: 5
  - Amount of actions: [-16.0, -14.0, -19.0, -17.0, -19.0]
Episode:  1064 , steps:  1770000
  - Rewards: 5
  - Amount of actions: [-18.0, -18.0, -18.0, -18.0, -19.0]
Episode:  1069 , steps:  1780000
  - Rewards: 5
  - Amount of actions: [-16.0, -17.0, -13.0, -15.0, -17.0]
Episode:  1073 , steps:  1790000
  - Rewards: 5
  - Amount of actions: [-18.0, -15.0, -15.0, -16.0, -17.0]
Episode:  1078 , steps:  1800000
  - Rewards: 5
  - Amount of actions: [-19.0, -20.0, -15.0, -17.0, -18.0]
Episode:  1083 , steps:  1810000
  - Rewards: 5
  - Amount of actions: [-20.0, -15.0, -17.0, -19.0, -17.0]
Episode:  1088 , steps:  1820000
  - Rewards: 5
  - Amount of actions: [-17.0, -18.0, -16.0, -16.0, -20.0]
Episode:  1093 , steps:  1830000
  - Rewards: 5
  - Amount of actions: [-17.0, -15.0, -20.0, -17.0, -18.0]
Episode:  1099 , steps:  1840000
  - Rewards: 5
  - Amount of actions: [-17.0, -16.0, -16.0, -16.0, -18.0]
Episode:  1103 , steps:  1850000
  - Rewards: 5
  - Amount of actions: [-20.0, -14.0, -19.0, -15.0, -17.0]
Episode:  1109 , steps:  1860000
  - Rewards: 5
  - Amount of actions: [-13.0, -18.0, -16.0, -20.0, -20.0]
Episode:  1113 , steps:  1870000
  - Rewards: 5
  - Amount of actions: [-17.0, -17.0, -17.0, -21.0, -15.0]
Episode:  1118 , steps:  1880000
  - Rewards: 5
  - Amount of actions: [-19.0, -21.0, -20.0, -20.0, -20.0]
Episode:  1122 , steps:  1890000
  - Rewards: 5
  - Amount of actions: [-15.0, -17.0, -19.0, -16.0, -17.0]
Episode:  1126 , steps:  1900000
  - Rewards: 5
  - Amount of actions: [-15.0, -16.0, -16.0, -20.0, -12.0]
Episode:  1129 , steps:  1910000
  - Rewards: 5
  - Amount of actions: [-17.0, -17.0, -16.0, -15.0, -10.0]
Episode:  1133 , steps:  1920000
  - Rewards: 5
  - Amount of actions: [-16.0, -19.0, -18.0, -11.0, -14.0]
Episode:  1138 , steps:  1930000
  - Rewards: 5
  - Amount of actions: [-21.0, -19.0, -21.0, -18.0, -17.0]
Episode:  1142 , steps:  1940000
  - Rewards: 5
  - Amount of actions: [-16.0, -17.0, -18.0, -19.0, -20.0]
Episode:  1147 , steps:  1950000
  - Rewards: 5
  - Amount of actions: [-15.0, -18.0, -18.0, -17.0, -16.0]
Episode:  1152 , steps:  1960000
  - Rewards: 5
  - Amount of actions: [-18.0, -20.0, -15.0, -18.0, -19.0]
Episode:  1157 , steps:  1970000
  - Rewards: 5
  - Amount of actions: [-17.0, -14.0, -17.0, -18.0, -21.0]
Episode:  1161 , steps:  1980000
  - Rewards: 5
  - Amount of actions: [-18.0, -19.0, -17.0, -18.0, -19.0]
Episode:  1165 , steps:  1990000
  - Rewards: 5
  - Amount of actions: [-21.0, -21.0, -21.0, -20.0, -20.0]
Episode:  1169 , steps:  2000000
  - Rewards: 5
  - Amount of actions: [-19.0, -21.0, -18.0, -21.0, -20.0]
Episode:  1174 , steps:  2010000
  - Rewards: 5
  - Amount of actions: [-19.0, -20.0, -18.0, -17.0, -16.0]
Episode:  1178 , steps:  2020000
  - Rewards: 5
  - Amount of actions: [-19.0, -17.0, -15.0, -19.0, -20.0]
Episode:  1182 , steps:  2030000
  - Rewards: 5
  - Amount of actions: [-16.0, -20.0, -19.0, -19.0, -21.0]
Episode:  1186 , steps:  2040000
  - Rewards: 5
  - Amount of actions: [-15.0, -15.0, -18.0, -16.0, -20.0]
Episode:  1190 , steps:  2050000
  - Rewards: 5
  - Amount of actions: [-15.0, -17.0, -14.0, -18.0, -11.0]
Episode:  1194 , steps:  2060000
  - Rewards: 5
  - Amount of actions: [-13.0, -19.0, -18.0, -18.0, -17.0]
Episode:  1198 , steps:  2070000
  - Rewards: 5
  - Amount of actions: [-16.0, -19.0, -16.0, -13.0, -18.0]
Episode:  1202 , steps:  2080000
  - Rewards: 5
  - Amount of actions: [-21.0, -19.0, -9.0, -20.0, -19.0]
Episode:  1207 , steps:  2090000
  - Rewards: 5
  - Amount of actions: [-15.0, -16.0, -15.0, -11.0, -14.0]
Episode:  1211 , steps:  2100000
  - Rewards: 5
  - Amount of actions: [-16.0, -16.0, -18.0, -14.0, -13.0]
Episode:  1216 , steps:  2110000
  - Rewards: 5
  - Amount of actions: [-16.0, -18.0, -17.0, -14.0, -20.0]
Episode:  1219 , steps:  2120000
  - Rewards: 5
  - Amount of actions: [-18.0, -19.0, -13.0, -18.0, -19.0]
Episode:  1224 , steps:  2130000
  - Rewards: 5
  - Amount of actions: [-19.0, -19.0, -20.0, -18.0, -18.0]
Episode:  1228 , steps:  2140000
  - Rewards: 5
  - Amount of actions: [-18.0, -19.0, -18.0, -18.0, -18.0]
Episode:  1231 , steps:  2150000
  - Rewards: 5
  - Amount of actions: [-17.0, -21.0, -21.0, -21.0, -21.0]
Episode:  1234 , steps:  2160000
  - Rewards: 5
  - Amount of actions: [-18.0, -14.0, -16.0, -14.0, -18.0]
Episode:  1239 , steps:  2170000
  - Rewards: 5
  - Amount of actions: [-19.0, -20.0, -13.0, -15.0, -16.0]
Episode:  1243 , steps:  2180000
  - Rewards: 5
  - Amount of actions: [-17.0, -19.0, -13.0, -18.0, -12.0]
Episode:  1247 , steps:  2190000
  - Rewards: 5
  - Amount of actions: [-17.0, -14.0, -15.0, -10.0, -21.0]
Episode:  1250 , steps:  2200000
  - Rewards: 5
  - Amount of actions: [-21.0, -17.0, -17.0, -15.0, -19.0]
Epoch:  1250  - Total reward:  -18.0 Episode duration:  3243 Actions:  [ 971  866 1406] Threshold:  0.12402646393682971
Episode:  1255 , steps:  2210000
  - Rewards: 5
  - Amount of actions: [-21.0, -21.0, -20.0, -20.0, -20.0]
Episode:  1259 , steps:  2220000
  - Rewards: 5
  - Amount of actions: [-16.0, -11.0, -16.0, -17.0, -11.0]
Episode:  1263 , steps:  2230000
  - Rewards: 5
  - Amount of actions: [-18.0, -18.0, -16.0, -17.0, -17.0]
Episode:  1268 , steps:  2240000
  - Rewards: 5
  - Amount of actions: [-19.0, -21.0, -21.0, -19.0, -18.0]
Episode:  1273 , steps:  2250000
  - Rewards: 5
  - Amount of actions: [-17.0, -19.0, -12.0, -19.0, -17.0]
Episode:  1277 , steps:  2260000
  - Rewards: 5
  - Amount of actions: [-19.0, -21.0, -17.0, -16.0, -18.0]
Episode:  1281 , steps:  2270000
  - Rewards: 5
  - Amount of actions: [-15.0, -16.0, -19.0, -18.0, -16.0]
Episode:  1285 , steps:  2280000
  - Rewards: 5
  - Amount of actions: [-12.0, -13.0, -13.0, -13.0, -17.0]
Episode:  1288 , steps:  2290000
  - Rewards: 5
  - Amount of actions: [-18.0, -12.0, -18.0, -19.0, -17.0]
Episode:  1292 , steps:  2300000
  - Rewards: 5
  - Amount of actions: [-19.0, -17.0, -17.0, -17.0, -15.0]
Episode:  1296 , steps:  2310000
  - Rewards: 5
  - Amount of actions: [-19.0, -18.0, -17.0, -16.0, -17.0]
Episode:  1300 , steps:  2320000
  - Rewards: 5
  - Amount of actions: [-17.0, -15.0, -16.0, -21.0, -18.0]
Episode:  1305 , steps:  2330000
  - Rewards: 5
  - Amount of actions: [-18.0, -16.0, -17.0, -16.0, -16.0]
Episode:  1310 , steps:  2340000
  - Rewards: 5
  - Amount of actions: [-18.0, -15.0, -20.0, -17.0, -16.0]
Episode:  1315 , steps:  2350000
  - Rewards: 5
  - Amount of actions: [-17.0, -18.0, -20.0, -16.0, -17.0]
Episode:  1319 , steps:  2360000
  - Rewards: 5
  - Amount of actions: [-16.0, -16.0, -18.0, -16.0, -18.0]
Episode:  1323 , steps:  2370000
  - Rewards: 5
  - Amount of actions: [-14.0, -17.0, -17.0, -19.0, -16.0]
Episode:  1327 , steps:  2380000
  - Rewards: 5
  - Amount of actions: [-16.0, -20.0, -17.0, -17.0, -15.0]
Episode:  1331 , steps:  2390000
  - Rewards: 5
  - Amount of actions: [-20.0, -17.0, -15.0, -17.0, -18.0]
Episode:  1335 , steps:  2400000
  - Rewards: 5
  - Amount of actions: [-16.0, -17.0, -18.0, -12.0, -19.0]
Episode:  1340 , steps:  2410000
  - Rewards: 5
  - Amount of actions: [-15.0, -16.0, -17.0, -20.0, -18.0]
Episode:  1343 , steps:  2420000
  - Rewards: 5
  - Amount of actions: [-17.0, -19.0, -19.0, -18.0, -15.0]
Episode:  1347 , steps:  2430000
  - Rewards: 5
  - Amount of actions: [-17.0, -20.0, -19.0, -20.0, -18.0]
Episode:  1351 , steps:  2440000
  - Rewards: 5
  - Amount of actions: [-16.0, -13.0, -13.0, -11.0, -16.0]
Episode:  1354 , steps:  2450000
  - Rewards: 5
  - Amount of actions: [-14.0, -11.0, -12.0, -13.0, -18.0]
Episode:  1359 , steps:  2460000
  - Rewards: 5
  - Amount of actions: [-18.0, -19.0, -20.0, -21.0, -19.0]
Episode:  1363 , steps:  2470000
  - Rewards: 5
  - Amount of actions: [-21.0, -20.0, -17.0, -21.0, -11.0]
Episode:  1367 , steps:  2480000
  - Rewards: 5
  - Amount of actions: [-18.0, -19.0, -21.0, -17.0, -20.0]
Episode:  1371 , steps:  2490000
  - Rewards: 5
  - Amount of actions: [-17.0, -18.0, -17.0, -19.0, -16.0]
Episode:  1375 , steps:  2500000
  - Rewards: 5
  - Amount of actions: [-16.0, -18.0, -18.0, -18.0, -20.0]
Episode:  1378 , steps:  2510000
  - Rewards: 5
  - Amount of actions: [-13.0, -19.0, -18.0, -17.0, -15.0]
Episode:  1381 , steps:  2520000
  - Rewards: 5
  - Amount of actions: [-17.0, -17.0, -12.0, -20.0, -18.0]
Episode:  1384 , steps:  2530000
  - Rewards: 5
  - Amount of actions: [-16.0, -18.0, -9.0, -14.0, -17.0]
Episode:  1388 , steps:  2540000
  - Rewards: 5
  - Amount of actions: [-15.0, -17.0, -17.0, -14.0, -18.0]
Episode:  1391 , steps:  2550000
  - Rewards: 5
  - Amount of actions: [-18.0, -14.0, -18.0, -11.0, -19.0]
Episode:  1394 , steps:  2560000
  - Rewards: 5
  - Amount of actions: [-20.0, -16.0, -15.0, -11.0, -16.0]
Episode:  1397 , steps:  2570000
  - Rewards: 5
  - Amount of actions: [-15.0, -19.0, -18.0, -14.0, -18.0]
Episode:  1401 , steps:  2580000
  - Rewards: 5
  - Amount of actions: [-14.0, -16.0, -17.0, -18.0, -14.0]
Episode:  1404 , steps:  2590000
  - Rewards: 5
  - Amount of actions: [-21.0, -17.0, -12.0, -15.0, -18.0]
Episode:  1409 , steps:  2600000
  - Rewards: 5
  - Amount of actions: [-21.0, -21.0, -21.0, -21.0, -20.0]
Episode:  1414 , steps:  2610000
  - Rewards: 5
  - Amount of actions: [-19.0, -16.0, -21.0, -19.0, -20.0]
Episode:  1417 , steps:  2620000
  - Rewards: 5
  - Amount of actions: [-20.0, -15.0, -20.0, -19.0, -15.0]
Episode:  1421 , steps:  2630000
  - Rewards: 5
  - Amount of actions: [-16.0, -15.0, -17.0, -13.0, -16.0]
Episode:  1424 , steps:  2640000
  - Rewards: 5
  - Amount of actions: [-18.0, -21.0, -17.0, -19.0, -18.0]
Episode:  1428 , steps:  2650000
  - Rewards: 5
  - Amount of actions: [-19.0, -17.0, -17.0, -20.0, -16.0]
Episode:  1431 , steps:  2660000
  - Rewards: 5
  - Amount of actions: [-18.0, -14.0, -18.0, -17.0, -15.0]
Episode:  1435 , steps:  2670000
  - Rewards: 5
  - Amount of actions: [-21.0, -20.0, -17.0, -20.0, -18.0]
Episode:  1439 , steps:  2680000
  - Rewards: 5
  - Amount of actions: [-17.0, -18.0, -16.0, -17.0, -20.0]
Episode:  1443 , steps:  2690000
  - Rewards: 5
  - Amount of actions: [-17.0, -18.0, -17.0, -20.0, -20.0]
Episode:  1446 , steps:  2700000
  - Rewards: 5
  - Amount of actions: [-20.0, -21.0, -21.0, -21.0, -20.0]
Episode:  1450 , steps:  2710000
  - Rewards: 5
  - Amount of actions: [-19.0, -18.0, -18.0, -21.0, -19.0]
Episode:  1454 , steps:  2720000
  - Rewards: 5
  - Amount of actions: [-20.0, -19.0, -18.0, -21.0, -17.0]
Episode:  1457 , steps:  2730000
  - Rewards: 5
  - Amount of actions: [-17.0, -18.0, -15.0, -17.0, -11.0]
Episode:  1461 , steps:  2740000
  - Rewards: 5
  - Amount of actions: [-16.0, -15.0, -13.0, -18.0, -15.0]
Episode:  1465 , steps:  2750000
  - Rewards: 5
  - Amount of actions: [-18.0, -18.0, -15.0, -20.0, -20.0]
Episode:  1468 , steps:  2760000
  - Rewards: 5
  - Amount of actions: [-17.0, -17.0, -17.0, -16.0, -15.0]
Episode:  1472 , steps:  2770000
  - Rewards: 5
  - Amount of actions: [-15.0, -20.0, -14.0, -18.0, -19.0]
Episode:  1476 , steps:  2780000
  - Rewards: 5
  - Amount of actions: [-15.0, -14.0, -18.0, -18.0, -19.0]
Episode:  1480 , steps:  2790000
  - Rewards: 5
  - Amount of actions: [-18.0, -18.0, -18.0, -16.0, -17.0]
Episode:  1484 , steps:  2800000
  - Rewards: 5
  - Amount of actions: [-19.0, -18.0, -16.0, -17.0, -20.0]
Episode:  1488 , steps:  2810000
  - Rewards: 5
  - Amount of actions: [-15.0, -19.0, -15.0, -13.0, -13.0]
Episode:  1491 , steps:  2820000
  - Rewards: 5
  - Amount of actions: [-18.0, -14.0, -12.0, -19.0, -16.0]
Episode:  1495 , steps:  2830000
  - Rewards: 5
  - Amount of actions: [-20.0, -19.0, -20.0, -18.0, -19.0]
Episode:  1499 , steps:  2840000
  - Rewards: 5
  - Amount of actions: [-13.0, -13.0, -16.0, -12.0, -14.0]
Epoch:  1500  - Total reward:  -17.0 Episode duration:  2184 Actions:  [334 855 995] Threshold:  0.07236392613271864
Episode:  1503 , steps:  2850000
  - Rewards: 5
  - Amount of actions: [-16.0, -18.0, -15.0, -16.0, -14.0]
Episode:  1508 , steps:  2860000
  - Rewards: 5
  - Amount of actions: [-16.0, -19.0, -17.0, -19.0, -20.0]
Episode:  1511 , steps:  2870000
  - Rewards: 5
  - Amount of actions: [-20.0, -18.0, -18.0, -18.0, -17.0]
Episode:  1515 , steps:  2880000
  - Rewards: 5
  - Amount of actions: [-21.0, -21.0, -21.0, -21.0, -21.0]
Episode:  1519 , steps:  2890000
  - Rewards: 5
  - Amount of actions: [-19.0, -21.0, -19.0, -21.0, -21.0]
Episode:  1523 , steps:  2900000
  - Rewards: 5
  - Amount of actions: [-20.0, -16.0, -17.0, -17.0, -17.0]
Episode:  1526 , steps:  2910000
  - Rewards: 5
  - Amount of actions: [-15.0, -18.0, -17.0, -21.0, -16.0]
Episode:  1530 , steps:  2920000
  - Rewards: 5
  - Amount of actions: [-16.0, -17.0, -17.0, -16.0, -17.0]
Episode:  1533 , steps:  2930000
  - Rewards: 5
  - Amount of actions: [-19.0, -16.0, -21.0, -19.0, -19.0]
Episode:  1536 , steps:  2940000
  - Rewards: 5
  - Amount of actions: [-18.0, -15.0, -19.0, -12.0, -15.0]
Episode:  1540 , steps:  2950000
  - Rewards: 5
  - Amount of actions: [-20.0, -21.0, -21.0, -17.0, -19.0]
Episode:  1542 , steps:  2960000
  - Rewards: 5
  - Amount of actions: [-13.0, -15.0, -13.0, -16.0, -18.0]
Episode:  1546 , steps:  2970000
  - Rewards: 5
  - Amount of actions: [-20.0, -20.0, -20.0, -21.0, -19.0]
Episode:  1550 , steps:  2980000
  - Rewards: 5
  - Amount of actions: [-20.0, -15.0, -15.0, -18.0, -16.0]
Episode:  1552 , steps:  2990000
  - Rewards: 5
  - Amount of actions: [-20.0, -13.0, -18.0, -13.0, -20.0]
Episode:  1556 , steps:  3000000
  - Rewards: 5
  - Amount of actions: [-20.0, -20.0, -19.0, -20.0, -20.0]
Episode:  1559 , steps:  3010000
  - Rewards: 5
  - Amount of actions: [-18.0, -18.0, -15.0, -15.0, -16.0]
Episode:  1563 , steps:  3020000
  - Rewards: 5
  - Amount of actions: [-17.0, -16.0, -16.0, -16.0, -10.0]
Episode:  1566 , steps:  3030000
  - Rewards: 5
  - Amount of actions: [-13.0, -15.0, -18.0, -17.0, -17.0]
Episode:  1570 , steps:  3040000
  - Rewards: 5
  - Amount of actions: [-20.0, -16.0, -13.0, -18.0, -20.0]
Episode:  1574 , steps:  3050000
  - Rewards: 5
  - Amount of actions: [-20.0, -16.0, -16.0, -19.0, -20.0]
Episode:  1577 , steps:  3060000
  - Rewards: 5
  - Amount of actions: [-13.0, -12.0, -12.0, -13.0, -16.0]
Episode:  1580 , steps:  3070000
  - Rewards: 5
  - Amount of actions: [-14.0, -16.0, -15.0, -11.0, -15.0]
Episode:  1584 , steps:  3080000
  - Rewards: 5
  - Amount of actions: [-11.0, -18.0, -18.0, -18.0, -12.0]
Episode:  1587 , steps:  3090000
  - Rewards: 5
  - Amount of actions: [-16.0, -13.0, -18.0, -16.0, -15.0]
Episode:  1590 , steps:  3100000
  - Rewards: 5
  - Amount of actions: [-14.0, -16.0, -19.0, -18.0, -17.0]
Episode:  1593 , steps:  3110000
  - Rewards: 5
  - Amount of actions: [-17.0, -11.0, -17.0, -17.0, -11.0]
Episode:  1596 , steps:  3120000
  - Rewards: 5
  - Amount of actions: [-15.0, -16.0, -16.0, -18.0, -13.0]
Episode:  1599 , steps:  3130000
  - Rewards: 5
  - Amount of actions: [-9.0, -18.0, -12.0, -15.0, -12.0]
Episode:  1602 , steps:  3140000
  - Rewards: 5
  - Amount of actions: [-16.0, -15.0, -12.0, -20.0, -17.0]
Episode:  1604 , steps:  3150000
  - Rewards: 5
  - Amount of actions: [-16.0, -16.0, -14.0, -13.0, -18.0]
Episode:  1607 , steps:  3160000
  - Rewards: 5
  - Amount of actions: [-13.0, -18.0, -15.0, -18.0, -13.0]
Episode:  1609 , steps:  3170000
  - Rewards: 5
  - Amount of actions: [-18.0, -14.0, -14.0, -13.0, -14.0]
Episode:  1612 , steps:  3180000
  - Rewards: 5
  - Amount of actions: [-19.0, -20.0, -15.0, -20.0, -20.0]
Episode:  1616 , steps:  3190000
  - Rewards: 5
  - Amount of actions: [-15.0, -8.0, -18.0, -17.0, -19.0]
Episode:  1619 , steps:  3200000
  - Rewards: 5
  - Amount of actions: [-14.0, -16.0, -18.0, -15.0, -11.0]
Episode:  1622 , steps:  3210000
  - Rewards: 5
  - Amount of actions: [-17.0, -20.0, -17.0, -17.0, -14.0]
Episode:  1625 , steps:  3220000
  - Rewards: 5
  - Amount of actions: [-12.0, -15.0, -18.0, -17.0, -19.0]
Episode:  1628 , steps:  3230000
  - Rewards: 5
  - Amount of actions: [-18.0, -19.0, -20.0, -18.0, -13.0]
Episode:  1631 , steps:  3240000
  - Rewards: 5
  - Amount of actions: [-13.0, -13.0, -16.0, -17.0, -18.0]
Episode:  1634 , steps:  3250000
  - Rewards: 5
  - Amount of actions: [-18.0, -20.0, -21.0, -19.0, -19.0]
Episode:  1638 , steps:  3260000
  - Rewards: 5
  - Amount of actions: [-17.0, -15.0, -16.0, -21.0, -20.0]
Episode:  1641 , steps:  3270000
  - Rewards: 5
  - Amount of actions: [-19.0, -15.0, -17.0, -21.0, -14.0]
Episode:  1644 , steps:  3280000
  - Rewards: 5
  - Amount of actions: [-20.0, -21.0, -20.0, -20.0, -20.0]
Episode:  1647 , steps:  3290000
  - Rewards: 5
  - Amount of actions: [-17.0, -18.0, -14.0, -14.0, -19.0]
Episode:  1651 , steps:  3300000
  - Rewards: 5
  - Amount of actions: [-21.0, -18.0, -20.0, -20.0, -20.0]
Episode:  1654 , steps:  3310000
  - Rewards: 5
  - Amount of actions: [-12.0, -17.0, -16.0, -16.0, -19.0]
Episode:  1657 , steps:  3320000
  - Rewards: 5
  - Amount of actions: [-16.0, -15.0, -16.0, -16.0, -19.0]
Episode:  1661 , steps:  3330000
  - Rewards: 5
  - Amount of actions: [-19.0, -20.0, -20.0, -21.0, -17.0]
Episode:  1664 , steps:  3340000
  - Rewards: 5
  - Amount of actions: [-16.0, -14.0, -20.0, -15.0, -16.0]
Episode:  1667 , steps:  3350000
  - Rewards: 5
  - Amount of actions: [-15.0, -20.0, -17.0, -20.0, -17.0]
Episode:  1671 , steps:  3360000
  - Rewards: 5
  - Amount of actions: [-12.0, -14.0, -13.0, -15.0, -18.0]
Episode:  1674 , steps:  3370000
  - Rewards: 5
  - Amount of actions: [-21.0, -21.0, -21.0, -21.0, -21.0]
Episode:  1678 , steps:  3380000
  - Rewards: 5
  - Amount of actions: [-19.0, -19.0, -16.0, -17.0, -17.0]
Episode:  1681 , steps:  3390000
  - Rewards: 5
  - Amount of actions: [-17.0, -15.0, -20.0, -19.0, -20.0]
Episode:  1685 , steps:  3400000
  - Rewards: 5
  - Amount of actions: [-11.0, -18.0, -16.0, -15.0, -17.0]
Episode:  1688 , steps:  3410000
  - Rewards: 5
  - Amount of actions: [-15.0, -19.0, -12.0, -15.0, -17.0]
Episode:  1691 , steps:  3420000
  - Rewards: 5
  - Amount of actions: [-15.0, -19.0, -19.0, -18.0, -16.0]
Episode:  1695 , steps:  3430000
  - Rewards: 5
  - Amount of actions: [-18.0, -17.0, -18.0, -20.0, -15.0]
Episode:  1698 , steps:  3440000
  - Rewards: 5
  - Amount of actions: [-17.0, -13.0, -15.0, -11.0, -17.0]
Episode:  1701 , steps:  3450000
  - Rewards: 5
  - Amount of actions: [-20.0, -17.0, -19.0, -19.0, -15.0]
Episode:  1704 , steps:  3460000
  - Rewards: 5
  - Amount of actions: [-19.0, -18.0, -18.0, -17.0, -16.0]
Episode:  1707 , steps:  3470000
  - Rewards: 5
  - Amount of actions: [-15.0, -10.0, -15.0, -17.0, -20.0]
Episode:  1710 , steps:  3480000
  - Rewards: 5
  - Amount of actions: [-12.0, -19.0, -21.0, -19.0, -16.0]
Episode:  1713 , steps:  3490000
  - Rewards: 5
  - Amount of actions: [-18.0, -19.0, -16.0, -17.0, -19.0]
Episode:  1716 , steps:  3500000
  - Rewards: 5
  - Amount of actions: [-18.0, -18.0, -21.0, -20.0, -20.0]
Episode:  1719 , steps:  3510000
  - Rewards: 5
  - Amount of actions: [-20.0, -20.0, -21.0, -21.0, -20.0]
Episode:  1724 , steps:  3520000
  - Rewards: 5
  - Amount of actions: [-15.0, -17.0, -17.0, -18.0, -15.0]
Episode:  1727 , steps:  3530000
  - Rewards: 5
  - Amount of actions: [-18.0, -16.0, -15.0, -17.0, -17.0]
Episode:  1730 , steps:  3540000
  - Rewards: 5
  - Amount of actions: [-16.0, -20.0, -16.0, -15.0, -17.0]
Episode:  1733 , steps:  3550000
  - Rewards: 5
  - Amount of actions: [-13.0, -16.0, -18.0, -12.0, -20.0]
Episode:  1736 , steps:  3560000
  - Rewards: 5
  - Amount of actions: [-19.0, -11.0, -15.0, -16.0, -15.0]
Episode:  1739 , steps:  3570000
  - Rewards: 5
  - Amount of actions: [-17.0, -20.0, -19.0, -15.0, -15.0]
Episode:  1741 , steps:  3580000
  - Rewards: 5
  - Amount of actions: [-20.0, -16.0, -19.0, -17.0, -18.0]
Episode:  1744 , steps:  3590000
  - Rewards: 5
  - Amount of actions: [-18.0, -16.0, -19.0, -12.0, -17.0]
Episode:  1747 , steps:  3600000
  - Rewards: 5
  - Amount of actions: [-13.0, -17.0, -18.0, -20.0, -18.0]
Episode:  1750 , steps:  3610000
  - Rewards: 5
  - Amount of actions: [-17.0, -17.0, -15.0, -19.0, -11.0]
Epoch:  1750  - Total reward:  -18.0 Episode duration:  3371 Actions:  [1559  916  896] Threshold:  0.04163378815646043
Episode:  1755 , steps:  3620000
  - Rewards: 5
  - Amount of actions: [-21.0, -20.0, -18.0, -20.0, -18.0]
Episode:  1757 , steps:  3630000
  - Rewards: 5
  - Amount of actions: [-17.0, -13.0, -15.0, -17.0, -17.0]
Episode:  1761 , steps:  3640000
  - Rewards: 5
  - Amount of actions: [-13.0, -15.0, -19.0, -14.0, -21.0]
Episode:  1764 , steps:  3650000
  - Rewards: 5
  - Amount of actions: [-21.0, -19.0, -20.0, -16.0, -18.0]
Episode:  1767 , steps:  3660000
  - Rewards: 5
  - Amount of actions: [-19.0, -13.0, -17.0, -13.0, -15.0]
Episode:  1770 , steps:  3670000
  - Rewards: 5
  - Amount of actions: [-18.0, -15.0, -15.0, -16.0, -17.0]
Episode:  1774 , steps:  3680000
  - Rewards: 5
  - Amount of actions: [-14.0, -16.0, -16.0, -18.0, -16.0]
Episode:  1777 , steps:  3690000
  - Rewards: 5
  - Amount of actions: [-17.0, -15.0, -18.0, -16.0, -17.0]
Episode:  1780 , steps:  3700000
  - Rewards: 5
  - Amount of actions: [-20.0, -18.0, -21.0, -20.0, -20.0]
Episode:  1783 , steps:  3710000
  - Rewards: 5
  - Amount of actions: [-16.0, -19.0, -21.0, -19.0, -20.0]
Episode:  1786 , steps:  3720000
  - Rewards: 5
  - Amount of actions: [-19.0, -19.0, -20.0, -16.0, -21.0]
Episode:  1790 , steps:  3730000
  - Rewards: 5
  - Amount of actions: [-16.0, -15.0, -15.0, -18.0, -16.0]
Episode:  1793 , steps:  3740000
  - Rewards: 5
  - Amount of actions: [-9.0, -17.0, -14.0, -17.0, -17.0]
Episode:  1795 , steps:  3750000
  - Rewards: 5
  - Amount of actions: [-14.0, -11.0, -15.0, -17.0, -13.0]
Episode:  1798 , steps:  3760000
  - Rewards: 5
  - Amount of actions: [-19.0, -18.0, -18.0, -17.0, -17.0]
Episode:  1801 , steps:  3770000
  - Rewards: 5
  - Amount of actions: [-15.0, -14.0, -18.0, -16.0, -17.0]
Episode:  1803 , steps:  3780000
  - Rewards: 5
  - Amount of actions: [-13.0, -14.0, -17.0, -14.0, -14.0]
Episode:  1806 , steps:  3790000
  - Rewards: 5
  - Amount of actions: [-12.0, -16.0, -19.0, -17.0, -13.0]
Episode:  1809 , steps:  3800000
  - Rewards: 5
  - Amount of actions: [-15.0, -10.0, -10.0, -13.0, -12.0]
Episode:  1811 , steps:  3810000
  - Rewards: 5
  - Amount of actions: [-20.0, -15.0, -15.0, -19.0, -17.0]
Episode:  1815 , steps:  3820000
  - Rewards: 5
  - Amount of actions: [-19.0, -14.0, -17.0, -15.0, -15.0]
Episode:  1821 , steps:  3830000
  - Rewards: 5
  - Amount of actions: [-16.0, -17.0, -12.0, -17.0, -19.0]
Episode:  1826 , steps:  3840000
  - Rewards: 5
  - Amount of actions: [-21.0, -21.0, -21.0, -21.0, -19.0]
Episode:  1831 , steps:  3850000
  - Rewards: 5
  - Amount of actions: [-21.0, -18.0, -21.0, -19.0, -17.0]
Episode:  1833 , steps:  3860000
  - Rewards: 5
  - Amount of actions: [-17.0, -15.0, -15.0, -19.0, -13.0]
Episode:  1838 , steps:  3870000
  - Rewards: 5
  - Amount of actions: [-15.0, -17.0, -17.0, -12.0, -15.0]
Episode:  1841 , steps:  3880000
  - Rewards: 5
  - Amount of actions: [-18.0, -21.0, -19.0, -18.0, -14.0]
Episode:  1848 , steps:  3890000
  - Rewards: 5
  - Amount of actions: [-21.0, -21.0, -21.0, -21.0, -21.0]
Episode:  1852 , steps:  3900000
  - Rewards: 5
  - Amount of actions: [-21.0, -20.0, -21.0, -21.0, -21.0]
Episode:  1855 , steps:  3910000
  - Rewards: 5
  - Amount of actions: [-16.0, -17.0, -17.0, -16.0, -17.0]
Episode:  1859 , steps:  3920000
  - Rewards: 5
  - Amount of actions: [-18.0, -20.0, -17.0, -21.0, -14.0]
Episode:  1862 , steps:  3930000
  - Rewards: 5
  - Amount of actions: [-21.0, -17.0, -18.0, -20.0, -19.0]
Episode:  1866 , steps:  3940000
  - Rewards: 5
  - Amount of actions: [-20.0, -21.0, -21.0, -16.0, -21.0]
Episode:  1869 , steps:  3950000
  - Rewards: 5
  - Amount of actions: [-19.0, -16.0, -17.0, -16.0, -20.0]
Episode:  1872 , steps:  3960000
  - Rewards: 5
  - Amount of actions: [-8.0, -15.0, -15.0, -19.0, -17.0]
Episode:  1875 , steps:  3970000
  - Rewards: 5
  - Amount of actions: [-21.0, -19.0, -20.0, -20.0, -21.0]
Episode:  1879 , steps:  3980000
  - Rewards: 5
  - Amount of actions: [-16.0, -17.0, -11.0, -14.0, -14.0]
Episode:  1882 , steps:  3990000
  - Rewards: 5
  - Amount of actions: [-19.0, -20.0, -19.0, -18.0, -15.0]
Episode:  1885 , steps:  4000000
  - Rewards: 5
  - Amount of actions: [-20.0, -21.0, -21.0, -20.0, -20.0]
Episode:  1888 , steps:  4010000
  - Rewards: 5
  - Amount of actions: [-18.0, -16.0, -18.0, -17.0, -18.0]
Episode:  1891 , steps:  4020000
  - Rewards: 5
  - Amount of actions: [-20.0, -19.0, -17.0, -14.0, -16.0]
Episode:  1894 , steps:  4030000
  - Rewards: 5
  - Amount of actions: [-16.0, -17.0, -17.0, -13.0, -15.0]
Episode:  1897 , steps:  4040000
  - Rewards: 5
  - Amount of actions: [-14.0, -17.0, -14.0, -11.0, -15.0]
Episode:  1899 , steps:  4050000
  - Rewards: 5
  - Amount of actions: [-14.0, -14.0, -15.0, -13.0, -18.0]
Episode:  1902 , steps:  4060000
  - Rewards: 5
  - Amount of actions: [-15.0, -19.0, -17.0, -17.0, -19.0]
Episode:  1906 , steps:  4070000
  - Rewards: 5
  - Amount of actions: [-5.0, -14.0, -15.0, -17.0, -17.0]
Episode:  1908 , steps:  4080000
  - Rewards: 5
  - Amount of actions: [-20.0, -19.0, -15.0, -18.0, -19.0]
Episode:  1911 , steps:  4090000
  - Rewards: 5
  - Amount of actions: [-19.0, -16.0, -16.0, -11.0, -13.0]
Episode:  1913 , steps:  4100000
  - Rewards: 5
  - Amount of actions: [7.0, -10.0, -14.0, -18.0, -12.0]
Episode:  1916 , steps:  4110000
  - Rewards: 5
  - Amount of actions: [-18.0, -18.0, -20.0, -20.0, -19.0]
Episode:  1918 , steps:  4120000
  - Rewards: 5
  - Amount of actions: [-18.0, -16.0, -16.0, -18.0, -17.0]
Episode:  1921 , steps:  4130000
  - Rewards: 5
  - Amount of actions: [-16.0, -20.0, -17.0, -19.0, -21.0]
Episode:  1923 , steps:  4140000
  - Rewards: 5
  - Amount of actions: [-11.0, -9.0, -16.0, -19.0, -15.0]
Episode:  1926 , steps:  4150000
  - Rewards: 5
  - Amount of actions: [-14.0, -7.0, -10.0, -11.0, -15.0]
Episode:  1929 , steps:  4160000
  - Rewards: 5
  - Amount of actions: [-20.0, -21.0, -21.0, -21.0, -20.0]
Episode:  1935 , steps:  4170000
  - Rewards: 5
  - Amount of actions: [-21.0, -21.0, -20.0, -21.0, -19.0]
Episode:  1938 , steps:  4180000
  - Rewards: 5
  - Amount of actions: [-18.0, -14.0, -18.0, -19.0, -16.0]
Episode:  1942 , steps:  4190000
  - Rewards: 5
  - Amount of actions: [-17.0, -15.0, -19.0, -20.0, -17.0]
Episode:  1945 , steps:  4200000
  - Rewards: 5
  - Amount of actions: [-18.0, -20.0, -20.0, -15.0, -16.0]
Episode:  1950 , steps:  4210000
  - Rewards: 5
  - Amount of actions: [-17.0, -16.0, -19.0, -16.0, -19.0]
Episode:  1955 , steps:  4220000
  - Rewards: 5
  - Amount of actions: [-18.0, -20.0, -20.0, -17.0, -18.0]
Episode:  1960 , steps:  4230000
  - Rewards: 5
  - Amount of actions: [-20.0, -20.0, -21.0, -20.0, -21.0]
Episode:  1965 , steps:  4240000
  - Rewards: 5
  - Amount of actions: [-17.0, -19.0, -19.0, -16.0, -18.0]
Episode:  1969 , steps:  4250000
  - Rewards: 5
  - Amount of actions: [-20.0, -21.0, -18.0, -20.0, -20.0]
Episode:  1974 , steps:  4260000
  - Rewards: 5
  - Amount of actions: [-21.0, -20.0, -21.0, -21.0, -21.0]
Episode:  1979 , steps:  4270000
  - Rewards: 5
  - Amount of actions: [-18.0, -20.0, -14.0, -17.0, -20.0]
Episode:  1984 , steps:  4280000
  - Rewards: 5
  - Amount of actions: [-17.0, -19.0, -19.0, -19.0, -16.0]
Episode:  1987 , steps:  4290000
  - Rewards: 5
  - Amount of actions: [-19.0, -21.0, -18.0, -20.0, -19.0]
Episode:  1991 , steps:  4300000
  - Rewards: 5
  - Amount of actions: [-20.0, -21.0, -21.0, -19.0, -20.0]
Episode:  1998 , steps:  4310000
  - Rewards: 5
  - Amount of actions: [-21.0, -21.0, -21.0, -21.0, -21.0]
Epoch:  2000  - Total reward:  -18.0 Episode duration:  2909 Actions:  [ 315 1760  834] Threshold:  0.028155825195353812
Episode:  2002 , steps:  4320000
  - Rewards: 5
  - Amount of actions: [-17.0, -17.0, -20.0, -20.0, -18.0]
Episode:  2004 , steps:  4330000
  - Rewards: 5
  - Amount of actions: [-16.0, -17.0, -15.0, -21.0, -19.0]
Episode:  2006 , steps:  4340000
  - Rewards: 5
  - Amount of actions: [-19.0, -17.0, -19.0, -15.0, -18.0]
Episode:  2010 , steps:  4350000
  - Rewards: 5
  - Amount of actions: [-10.0, -17.0, -17.0, -16.0, -18.0]
Episode:  2013 , steps:  4360000
  - Rewards: 5
  - Amount of actions: [-9.0, -17.0, -19.0, -13.0, -16.0]
Episode:  2017 , steps:  4370000
  - Rewards: 5
  - Amount of actions: [-14.0, -20.0, -8.0, -19.0, -17.0]
Episode:  2020 , steps:  4380000
  - Rewards: 5
  - Amount of actions: [-20.0, -19.0, -19.0, -18.0, -18.0]
Episode:  2024 , steps:  4390000
  - Rewards: 5
  - Amount of actions: [-12.0, -13.0, -20.0, -20.0, -18.0]
Episode:  2027 , steps:  4400000
  - Rewards: 5
  - Amount of actions: [-15.0, -18.0, -15.0, -20.0, -17.0]
Episode:  2030 , steps:  4410000
  - Rewards: 5
  - Amount of actions: [-16.0, -11.0, -15.0, -16.0, -18.0]
Episode:  2034 , steps:  4420000
  - Rewards: 5
  - Amount of actions: [-20.0, -10.0, -16.0, -19.0, -18.0]
Episode:  2036 , steps:  4430000
  - Rewards: 5
  - Amount of actions: [-15.0, -18.0, -17.0, -10.0, -18.0]
Episode:  2041 , steps:  4440000
  - Rewards: 5
  - Amount of actions: [-19.0, -20.0, -16.0, -18.0, -19.0]
Episode:  2045 , steps:  4450000
  - Rewards: 5
  - Amount of actions: [-20.0, -21.0, -19.0, -18.0, -20.0]
Episode:  2048 , steps:  4460000
  - Rewards: 5
  - Amount of actions: [-15.0, -19.0, -16.0, -11.0, -16.0]
Episode:  2051 , steps:  4470000
  - Rewards: 5
  - Amount of actions: [-19.0, -20.0, -18.0, -19.0, -18.0]
Episode:  2053 , steps:  4480000
  - Rewards: 5
  - Amount of actions: [-14.0, -13.0, -18.0, -16.0, -14.0]
Episode:  2057 , steps:  4490000
  - Rewards: 5
  - Amount of actions: [-21.0, -21.0, -19.0, -21.0, -21.0]
Episode:  2059 , steps:  4500000
  - Rewards: 5
  - Amount of actions: [-12.0, -17.0, -18.0, -17.0, -17.0]
Episode:  2062 , steps:  4510000
  - Rewards: 5
  - Amount of actions: [-15.0, -19.0, -17.0, -19.0, -14.0]
Episode:  2066 , steps:  4520000
  - Rewards: 5
  - Amount of actions: [-19.0, -19.0, -20.0, -13.0, -20.0]
Episode:  2069 , steps:  4530000
  - Rewards: 5
  - Amount of actions: [-20.0, -16.0, -14.0, -15.0, -20.0]
Episode:  2073 , steps:  4540000
  - Rewards: 5
  - Amount of actions: [-11.0, -13.0, -14.0, -19.0, -15.0]
Episode:  2076 , steps:  4550000
  - Rewards: 5
  - Amount of actions: [-19.0, -18.0, -15.0, -18.0, -20.0]
Episode:  2079 , steps:  4560000
  - Rewards: 5
  - Amount of actions: [-14.0, -15.0, -15.0, -19.0, -18.0]
Episode:  2081 , steps:  4570000
  - Rewards: 5
  - Amount of actions: [-16.0, -14.0, -16.0, -12.0, -14.0]
Episode:  2084 , steps:  4580000
  - Rewards: 5
  - Amount of actions: [-15.0, -15.0, -19.0, -14.0, -17.0]
Episode:  2087 , steps:  4590000
  - Rewards: 5
  - Amount of actions: [-20.0, -19.0, -19.0, -12.0, -16.0]
Episode:  2089 , steps:  4600000
  - Rewards: 5
  - Amount of actions: [-16.0, -19.0, -17.0, -17.0, -16.0]
Episode:  2093 , steps:  4610000
  - Rewards: 5
  - Amount of actions: [-21.0, -19.0, -21.0, -20.0, -19.0]
Episode:  2096 , steps:  4620000
  - Rewards: 5
  - Amount of actions: [-18.0, -16.0, -20.0, -19.0, -16.0]
Episode:  2099 , steps:  4630000
  - Rewards: 5
  - Amount of actions: [-19.0, -13.0, -19.0, -18.0, -19.0]
Episode:  2101 , steps:  4640000
  - Rewards: 5
  - Amount of actions: [-18.0, -20.0, -15.0, -16.0, -10.0]
Episode:  2104 , steps:  4650000
  - Rewards: 5
  - Amount of actions: [-17.0, -12.0, -19.0, -20.0, -16.0]
Episode:  2108 , steps:  4660000
  - Rewards: 5
  - Amount of actions: [-17.0, -19.0, -16.0, -19.0, -19.0]
Episode:  2110 , steps:  4670000
  - Rewards: 5
  - Amount of actions: [-18.0, -16.0, -17.0, -17.0, -19.0]
Episode:  2113 , steps:  4680000
  - Rewards: 5
  - Amount of actions: [-14.0, -17.0, -15.0, -20.0, -19.0]
Episode:  2115 , steps:  4690000
  - Rewards: 5
  - Amount of actions: [-11.0, -16.0, -15.0, -11.0, -19.0]
Episode:  2118 , steps:  4700000
  - Rewards: 5
  - Amount of actions: [-15.0, -18.0, -17.0, -9.0, -19.0]
Episode:  2122 , steps:  4710000
  - Rewards: 5
  - Amount of actions: [-16.0, -18.0, -15.0, -12.0, -16.0]
Episode:  2125 , steps:  4720000
  - Rewards: 5
  - Amount of actions: [-17.0, -18.0, -18.0, -16.0, -14.0]
Episode:  2128 , steps:  4730000
  - Rewards: 5
  - Amount of actions: [-17.0, -16.0, -15.0, -13.0, -15.0]
Episode:  2133 , steps:  4740000
  - Rewards: 5
  - Amount of actions: [-15.0, -18.0, -10.0, -13.0, -12.0]
Episode:  2138 , steps:  4750000
  - Rewards: 5
  - Amount of actions: [-17.0, -16.0, -20.0, -18.0, -20.0]
Episode:  2141 , steps:  4760000
  - Rewards: 5
  - Amount of actions: [-16.0, -18.0, -21.0, -21.0, -20.0]
Episode:  2145 , steps:  4770000
  - Rewards: 5
  - Amount of actions: [-20.0, -20.0, -20.0, -21.0, -20.0]
Episode:  2148 , steps:  4780000
  - Rewards: 5
  - Amount of actions: [-18.0, -17.0, -19.0, -18.0, -18.0]
Episode:  2152 , steps:  4790000
  - Rewards: 5
  - Amount of actions: [-13.0, -19.0, -14.0, -19.0, -16.0]
Episode:  2154 , steps:  4800000
  - Rewards: 5
  - Amount of actions: [-14.0, -14.0, -12.0, -15.0, -16.0]
Episode:  2157 , steps:  4810000
  - Rewards: 5
  - Amount of actions: [-3.0, -9.0, -15.0, -11.0, -16.0]
Episode:  2161 , steps:  4820000
  - Rewards: 5
  - Amount of actions: [-17.0, -18.0, -18.0, -14.0, -13.0]
Episode:  2164 , steps:  4830000
  - Rewards: 5
  - Amount of actions: [-17.0, -19.0, -14.0, -13.0, -18.0]
Episode:  2168 , steps:  4840000
  - Rewards: 5
  - Amount of actions: [-17.0, -16.0, -13.0, -14.0, -14.0]
Episode:  2172 , steps:  4850000
  - Rewards: 5
  - Amount of actions: [-18.0, -15.0, -15.0, -20.0, -14.0]
Episode:  2175 , steps:  4860000
  - Rewards: 5
  - Amount of actions: [-21.0, -21.0, -21.0, -21.0, -21.0]
Episode:  2179 , steps:  4870000
  - Rewards: 5
  - Amount of actions: [-14.0, -19.0, -17.0, -13.0, -16.0]
Episode:  2182 , steps:  4880000
  - Rewards: 5
  - Amount of actions: [-15.0, -12.0, -17.0, -16.0, -17.0]
Episode:  2184 , steps:  4890000
  - Rewards: 5
  - Amount of actions: [-18.0, -18.0, -18.0, -17.0, -13.0]
Episode:  2188 , steps:  4900000
  - Rewards: 5
  - Amount of actions: [-17.0, -21.0, -21.0, -17.0, -17.0]
Episode:  2192 , steps:  4910000
  - Rewards: 5
  - Amount of actions: [-20.0, -18.0, -15.0, -19.0, -20.0]
Episode:  2198 , steps:  4920000
  - Rewards: 5
  - Amount of actions: [-16.0, -19.0, -16.0, -19.0, -20.0]
Episode:  2202 , steps:  4930000
  - Rewards: 5
  - Amount of actions: [-19.0, -16.0, -16.0, -9.0, -18.0]
Episode:  2205 , steps:  4940000
  - Rewards: 5
  - Amount of actions: [-16.0, -18.0, -16.0, -19.0, -17.0]
Episode:  2207 , steps:  4950000
  - Rewards: 5
  - Amount of actions: [-16.0, -18.0, -15.0, -13.0, -15.0]
Episode:  2210 , steps:  4960000
  - Rewards: 5
  - Amount of actions: [-19.0, -16.0, -19.0, -17.0, -15.0]
Episode:  2212 , steps:  4970000
  - Rewards: 5
  - Amount of actions: [-15.0, -10.0, -16.0, -17.0, -12.0]
Episode:  2215 , steps:  4980000
  - Rewards: 5
  - Amount of actions: [-11.0, -16.0, -16.0, -15.0, -14.0]
Episode:  2221 , steps:  4990000
  - Rewards: 5
  - Amount of actions: [-13.0, -14.0, -17.0, -16.0, -14.0]
Episode:  2224 , steps:  5000000
  - Rewards: 5
  - Amount of actions: [-16.0, -12.0, -18.0, -14.0, -15.0]
Episode:  2227 , steps:  5010000
  - Rewards: 5
  - Amount of actions: [-20.0, -17.0, -19.0, -17.0, -19.0]
Episode:  2233 , steps:  5020000
  - Rewards: 5
  - Amount of actions: [-21.0, -21.0, -21.0, -20.0, -19.0]
Episode:  2238 , steps:  5030000
  - Rewards: 5
  - Amount of actions: [-20.0, -18.0, -20.0, -19.0, -15.0]
Episode:  2241 , steps:  5040000
  - Rewards: 5
  - Amount of actions: [-17.0, -16.0, -21.0, -19.0, -19.0]
Episode:  2245 , steps:  5050000
  - Rewards: 5
  - Amount of actions: [-11.0, -19.0, -19.0, -18.0, -19.0]
Episode:  2248 , steps:  5060000
  - Rewards: 5
  - Amount of actions: [-18.0, -19.0, -21.0, -17.0, -20.0]
Epoch:  2250  - Total reward:  -18.0 Episode duration:  3057 Actions:  [ 750 1121 1186] Threshold:  0.021198929656950957
Episode:  2251 , steps:  5070000
  - Rewards: 5
  - Amount of actions: [-18.0, -11.0, -12.0, -17.0, -19.0]
Episode:  2254 , steps:  5080000
  - Rewards: 5
  - Amount of actions: [-17.0, -15.0, -10.0, -15.0, -20.0]
Episode:  2257 , steps:  5090000
  - Rewards: 5
  - Amount of actions: [-14.0, -13.0, -17.0, -16.0, -8.0]
Episode:  2260 , steps:  5100000
  - Rewards: 5
  - Amount of actions: [-19.0, -17.0, -18.0, -17.0, -20.0]
Episode:  2264 , steps:  5110000
  - Rewards: 5
  - Amount of actions: [-17.0, -17.0, -18.0, -20.0, -21.0]
Episode:  2268 , steps:  5120000
  - Rewards: 5
  - Amount of actions: [-9.0, -16.0, -8.0, -14.0, -19.0]
Episode:  2271 , steps:  5130000
  - Rewards: 5
  - Amount of actions: [-17.0, -13.0, -13.0, -13.0, -16.0]
Episode:  2274 , steps:  5140000
  - Rewards: 5
  - Amount of actions: [-13.0, -15.0, -15.0, -6.0, -15.0]
Episode:  2277 , steps:  5150000
  - Rewards: 5
  - Amount of actions: [-10.0, -19.0, -17.0, -17.0, -16.0]
Episode:  2280 , steps:  5160000
  - Rewards: 5
  - Amount of actions: [-16.0, -14.0, -19.0, -15.0, -16.0]
Episode:  2283 , steps:  5170000
  - Rewards: 5
  - Amount of actions: [-9.0, -6.0, -17.0, -17.0, -4.0]
Episode:  2285 , steps:  5180000
  - Rewards: 5
  - Amount of actions: [-13.0, -9.0, -10.0, -18.0, -12.0]
Episode:  2289 , steps:  5190000
  - Rewards: 5
  - Amount of actions: [-21.0, -21.0, -21.0, -21.0, -21.0]
Episode:  2294 , steps:  5200000
  - Rewards: 5
  - Amount of actions: [-21.0, -21.0, -21.0, -21.0, -21.0]
Episode:  2299 , steps:  5210000
  - Rewards: 5
  - Amount of actions: [-18.0, -21.0, -21.0, -13.0, -21.0]
Episode:  2303 , steps:  5220000
  - Rewards: 5
  - Amount of actions: [-17.0, -19.0, -19.0, -21.0, -17.0]
Episode:  2307 , steps:  5230000
  - Rewards: 5
  - Amount of actions: [-15.0, -14.0, -16.0, -16.0, -14.0]
Episode:  2310 , steps:  5240000
  - Rewards: 5
  - Amount of actions: [-10.0, -16.0, -11.0, -14.0, -4.0]
Episode:  2313 , steps:  5250000
  - Rewards: 5
  - Amount of actions: [-11.0, -14.0, -15.0, -15.0, -18.0]
Episode:  2316 , steps:  5260000
  - Rewards: 5
  - Amount of actions: [-15.0, -18.0, -14.0, -17.0, -15.0]
Episode:  2318 , steps:  5270000
  - Rewards: 5
  - Amount of actions: [-13.0, -14.0, -18.0, -15.0, -15.0]
Episode:  2321 , steps:  5280000
  - Rewards: 5
  - Amount of actions: [-18.0, -15.0, -11.0, -13.0, -17.0]
Episode:  2324 , steps:  5290000
  - Rewards: 5
  - Amount of actions: [-13.0, -16.0, -16.0, -13.0, -13.0]
Episode:  2326 , steps:  5300000
  - Rewards: 5
  - Amount of actions: [-10.0, -17.0, -14.0, -10.0, -18.0]
Episode:  2329 , steps:  5310000
  - Rewards: 5
  - Amount of actions: [-9.0, -13.0, -19.0, -19.0, -6.0]
Episode:  2331 , steps:  5320000
  - Rewards: 5
  - Amount of actions: [-8.0, -12.0, -16.0, -17.0, -12.0]
Episode:  2333 , steps:  5330000
  - Rewards: 5
  - Amount of actions: [-20.0, -14.0, -20.0, -16.0, -16.0]
Episode:  2336 , steps:  5340000
  - Rewards: 5
  - Amount of actions: [-18.0, -18.0, -8.0, -11.0, -9.0]
Episode:  2338 , steps:  5350000
  - Rewards: 5
  - Amount of actions: [-4.0, -13.0, -2.0, -13.0, 1.0]
Episode:  2340 , steps:  5360000
  - Rewards: 5
  - Amount of actions: [-17.0, -17.0, -18.0, -13.0, -20.0]
Episode:  2341 , steps:  5370000
  - Rewards: 5
  - Amount of actions: [-15.0, -12.0, -15.0, -12.0, -8.0]
Episode:  2344 , steps:  5380000
  - Rewards: 5
  - Amount of actions: [-6.0, -9.0, -10.0, -9.0, -9.0]
Episode:  2345 , steps:  5390000
  - Rewards: 5
  - Amount of actions: [-14.0, -17.0, -15.0, -9.0, -13.0]
Episode:  2348 , steps:  5400000
  - Rewards: 5
  - Amount of actions: [-13.0, -15.0, -10.0, -15.0, -16.0]
Episode:  2350 , steps:  5410000
  - Rewards: 5
  - Amount of actions: [-17.0, -19.0, -15.0, -19.0, -19.0]
Episode:  2353 , steps:  5420000
  - Rewards: 5
  - Amount of actions: [-18.0, -14.0, -18.0, -15.0, -17.0]
Episode:  2356 , steps:  5430000
  - Rewards: 5
  - Amount of actions: [-20.0, -19.0, -18.0, -19.0, -17.0]
Episode:  2359 , steps:  5440000
  - Rewards: 5
  - Amount of actions: [-13.0, -17.0, -10.0, -19.0, -12.0]
Episode:  2362 , steps:  5450000
  - Rewards: 5
  - Amount of actions: [-15.0, -12.0, -14.0, -18.0, -12.0]
Episode:  2365 , steps:  5460000
  - Rewards: 5
  - Amount of actions: [-11.0, -16.0, -11.0, -17.0, -16.0]
Episode:  2367 , steps:  5470000
  - Rewards: 5
  - Amount of actions: [-7.0, -17.0, -11.0, -15.0, -20.0]
Episode:  2369 , steps:  5480000
  - Rewards: 5
  - Amount of actions: [-5.0, -17.0, -13.0, -4.0, -13.0]
Episode:  2372 , steps:  5490000
  - Rewards: 5
  - Amount of actions: [-11.0, -7.0, -5.0, -10.0, -6.0]
Episode:  2374 , steps:  5500000
  - Rewards: 5
  - Amount of actions: [-13.0, -5.0, -9.0, -4.0, -18.0]
Episode:  2376 , steps:  5510000
  - Rewards: 5
  - Amount of actions: [-19.0, -20.0, -11.0, -12.0, -18.0]
Episode:  2379 , steps:  5520000
  - Rewards: 5
  - Amount of actions: [-13.0, 2.0, -13.0, -12.0, -5.0]
Episode:  2381 , steps:  5530000
  - Rewards: 5
  - Amount of actions: [-15.0, -14.0, -13.0, -13.0, -14.0]
Episode:  2384 , steps:  5540000
  - Rewards: 5
  - Amount of actions: [-12.0, 1.0, -10.0, -6.0, -12.0]
Episode:  2385 , steps:  5550000
  - Rewards: 5
  - Amount of actions: [-12.0, -8.0, -11.0, -16.0, -12.0]
Episode:  2387 , steps:  5560000
  - Rewards: 5
  - Amount of actions: [-13.0, -11.0, -15.0, -11.0, -7.0]
Episode:  2389 , steps:  5570000
  - Rewards: 5
  - Amount of actions: [-15.0, -17.0, -13.0, -17.0, -11.0]
Episode:  2392 , steps:  5580000
  - Rewards: 5
  - Amount of actions: [-19.0, -21.0, -21.0, -18.0, -19.0]
Episode:  2394 , steps:  5590000
  - Rewards: 5
  - Amount of actions: [-17.0, -15.0, -11.0, -17.0, -9.0]
Episode:  2397 , steps:  5600000
  - Rewards: 5
  - Amount of actions: [-15.0, -17.0, -19.0, -16.0, -19.0]
Episode:  2401 , steps:  5610000
  - Rewards: 5
  - Amount of actions: [-9.0, -15.0, -15.0, -14.0, -15.0]
Episode:  2403 , steps:  5620000
  - Rewards: 5
  - Amount of actions: [-16.0, -16.0, -12.0, -12.0, -11.0]
Episode:  2406 , steps:  5630000
  - Rewards: 5
  - Amount of actions: [-20.0, -19.0, -15.0, -21.0, -17.0]
Episode:  2407 , steps:  5640000
  - Rewards: 5
  - Amount of actions: [-12.0, -11.0, -9.0, -20.0, -11.0]
Episode:  2410 , steps:  5650000
  - Rewards: 5
  - Amount of actions: [-5.0, -14.0, -8.0, -12.0, -10.0]
Episode:  2412 , steps:  5660000
  - Rewards: 5
  - Amount of actions: [-14.0, -17.0, -11.0, -11.0, -1.0]
Episode:  2414 , steps:  5670000
  - Rewards: 5
  - Amount of actions: [-17.0, -8.0, -20.0, -12.0, -15.0]
Episode:  2417 , steps:  5680000
  - Rewards: 5
  - Amount of actions: [-15.0, -12.0, -14.0, -11.0, -9.0]
Episode:  2419 , steps:  5690000
  - Rewards: 5
  - Amount of actions: [-7.0, -11.0, -11.0, -15.0, -11.0]
Episode:  2422 , steps:  5700000
  - Rewards: 5
  - Amount of actions: [-18.0, -9.0, -11.0, -15.0, -11.0]
Episode:  2424 , steps:  5710000
  - Rewards: 5
  - Amount of actions: [-10.0, -17.0, -19.0, -16.0, -17.0]
Episode:  2426 , steps:  5720000
  - Rewards: 5
  - Amount of actions: [-5.0, -13.0, -15.0, -10.0, -13.0]
Episode:  2429 , steps:  5730000
  - Rewards: 5
  - Amount of actions: [-11.0, -15.0, -12.0, -16.0, -18.0]
Episode:  2432 , steps:  5740000
  - Rewards: 5
  - Amount of actions: [-20.0, -18.0, -17.0, -19.0, -17.0]
Episode:  2435 , steps:  5750000
  - Rewards: 5
  - Amount of actions: [-10.0, -9.0, -13.0, -16.0, -13.0]
Episode:  2438 , steps:  5760000
  - Rewards: 5
  - Amount of actions: [-13.0, -15.0, -11.0, -16.0, -9.0]
Episode:  2442 , steps:  5770000
  - Rewards: 5
  - Amount of actions: [-16.0, -20.0, -18.0, -20.0, -15.0]
Episode:  2445 , steps:  5780000
  - Rewards: 5
  - Amount of actions: [-17.0, -18.0, -14.0, -15.0, -18.0]
Episode:  2448 , steps:  5790000
  - Rewards: 5
  - Amount of actions: [-16.0, -19.0, -17.0, -12.0, -16.0]
Episode:  2451 , steps:  5800000
  - Rewards: 5
  - Amount of actions: [-20.0, -19.0, -21.0, -20.0, -21.0]
Episode:  2456 , steps:  5810000
  - Rewards: 5
  - Amount of actions: [-21.0, -18.0, -16.0, -17.0, -18.0]
Episode:  2459 , steps:  5820000
  - Rewards: 5
  - Amount of actions: [-20.0, -16.0, -17.0, -15.0, -20.0]
Episode:  2463 , steps:  5830000
  - Rewards: 5
  - Amount of actions: [-20.0, -17.0, -11.0, -17.0, -16.0]
Episode:  2467 , steps:  5840000
  - Rewards: 5
  - Amount of actions: [-21.0, -20.0, -12.0, -20.0, -13.0]
Episode:  2471 , steps:  5850000
  - Rewards: 5
  - Amount of actions: [-18.0, -11.0, -21.0, -13.0, -12.0]
Episode:  2473 , steps:  5860000
  - Rewards: 5
  - Amount of actions: [-17.0, -13.0, -20.0, -14.0, -12.0]
Episode:  2475 , steps:  5870000
  - Rewards: 5
  - Amount of actions: [-17.0, -10.0, -14.0, -14.0, -17.0]
Episode:  2479 , steps:  5880000
  - Rewards: 5
  - Amount of actions: [-15.0, -16.0, -15.0, -17.0, -15.0]
Episode:  2482 , steps:  5890000
  - Rewards: 5
  - Amount of actions: [-17.0, -18.0, -18.0, -13.0, -20.0]
Episode:  2485 , steps:  5900000
  - Rewards: 5
  - Amount of actions: [-16.0, -14.0, -12.0, -16.0, -12.0]
Episode:  2489 , steps:  5910000
  - Rewards: 5
  - Amount of actions: [-19.0, -19.0, -21.0, -16.0, -18.0]
Episode:  2493 , steps:  5920000
  - Rewards: 5
  - Amount of actions: [-14.0, -17.0, -16.0, -16.0, -15.0]
Episode:  2496 , steps:  5930000
  - Rewards: 5
  - Amount of actions: [-16.0, -16.0, -16.0, -14.0, -16.0]
Episode:  2499 , steps:  5940000
  - Rewards: 5
  - Amount of actions: [-20.0, -20.0, -18.0, -18.0, -18.0]
Epoch:  2500  - Total reward:  -11.0 Episode duration:  4304 Actions:  [2167  624 1513] Threshold:  0.017581190279457967
Episode:  2502 , steps:  5950000
  - Rewards: 5
  - Amount of actions: [-15.0, -11.0, -11.0, -10.0, -5.0]
Episode:  2505 , steps:  5960000
  - Rewards: 5
  - Amount of actions: [-21.0, -20.0, -15.0, -18.0, -15.0]
Episode:  2508 , steps:  5970000
  - Rewards: 5
  - Amount of actions: [-17.0, -10.0, -14.0, -9.0, -17.0]
Episode:  2510 , steps:  5980000
  - Rewards: 5
  - Amount of actions: [-10.0, -11.0, -4.0, -4.0, -10.0]
Episode:  2512 , steps:  5990000
  - Rewards: 5
  - Amount of actions: [-17.0, -16.0, -9.0, -7.0, -14.0]
Episode:  2515 , steps:  6000000
  - Rewards: 5
  - Amount of actions: [-19.0, -12.0, -15.0, -13.0, -10.0]
Episode:  2517 , steps:  6010000
  - Rewards: 5
  - Amount of actions: [-18.0, -11.0, -9.0, -13.0, -17.0]
Episode:  2519 , steps:  6020000
  - Rewards: 5
  - Amount of actions: [-14.0, -16.0, -13.0, -16.0, -13.0]
Episode:  2521 , steps:  6030000
  - Rewards: 5
  - Amount of actions: [-13.0, -11.0, -13.0, -13.0, -12.0]
Episode:  2523 , steps:  6040000
  - Rewards: 5
  - Amount of actions: [-11.0, -14.0, -16.0, -11.0, -13.0]
Episode:  2525 , steps:  6050000
  - Rewards: 5
  - Amount of actions: [-12.0, -9.0, -5.0, -4.0, -7.0]
Episode:  2527 , steps:  6060000
  - Rewards: 5
  - Amount of actions: [-2.0, -12.0, -6.0, -11.0, -14.0]
Episode:  2529 , steps:  6070000
  - Rewards: 5
  - Amount of actions: [-13.0, -4.0, -19.0, -9.0, -12.0]
Episode:  2532 , steps:  6080000
  - Rewards: 5
  - Amount of actions: [-13.0, -19.0, -15.0, -17.0, -17.0]
Episode:  2534 , steps:  6090000
  - Rewards: 5
  - Amount of actions: [-10.0, -10.0, -12.0, -11.0, -4.0]
Episode:  2538 , steps:  6100000
  - Rewards: 5
  - Amount of actions: [-17.0, -13.0, -11.0, -15.0, -11.0]
Episode:  2540 , steps:  6110000
  - Rewards: 5
  - Amount of actions: [-11.0, -5.0, -6.0, -15.0, -11.0]
Episode:  2543 , steps:  6120000
  - Rewards: 5
  - Amount of actions: [-7.0, -10.0, -6.0, -9.0, -6.0]
Episode:  2546 , steps:  6130000
  - Rewards: 5
  - Amount of actions: [-16.0, -17.0, -14.0, -15.0, -15.0]
Episode:  2548 , steps:  6140000
  - Rewards: 5
  - Amount of actions: [-3.0, -13.0, -7.0, -9.0, -11.0]
Episode:  2551 , steps:  6150000
  - Rewards: 5
  - Amount of actions: [-14.0, -17.0, -20.0, -10.0, -13.0]
Episode:  2554 , steps:  6160000
  - Rewards: 5
  - Amount of actions: [-15.0, -20.0, -16.0, -17.0, -14.0]
Episode:  2557 , steps:  6170000
  - Rewards: 5
  - Amount of actions: [-15.0, -21.0, -14.0, -16.0, -14.0]
Episode:  2560 , steps:  6180000
  - Rewards: 5
  - Amount of actions: [-11.0, -15.0, -14.0, -14.0, -18.0]
Episode:  2563 , steps:  6190000
  - Rewards: 5
  - Amount of actions: [-16.0, -16.0, -17.0, -14.0, -12.0]
Episode:  2566 , steps:  6200000
  - Rewards: 5
  - Amount of actions: [-14.0, -17.0, -16.0, -16.0, -16.0]
Episode:  2568 , steps:  6210000
  - Rewards: 5
  - Amount of actions: [-11.0, -13.0, -13.0, -16.0, -19.0]
Episode:  2571 , steps:  6220000
  - Rewards: 5
  - Amount of actions: [-20.0, -19.0, -18.0, -19.0, -15.0]
Episode:  2575 , steps:  6230000
  - Rewards: 5
  - Amount of actions: [-10.0, -19.0, -14.0, -16.0, -10.0]
Episode:  2577 , steps:  6240000
  - Rewards: 5
  - Amount of actions: [-14.0, -18.0, -16.0, -14.0, -14.0]
Episode:  2580 , steps:  6250000
  - Rewards: 5
  - Amount of actions: [-19.0, -16.0, -17.0, -17.0, -17.0]
Episode:  2582 , steps:  6260000
  - Rewards: 5
  - Amount of actions: [-15.0, -9.0, -16.0, -9.0, -13.0]
Episode:  2585 , steps:  6270000
  - Rewards: 5
  - Amount of actions: [-15.0, -21.0, -19.0, -19.0, -18.0]
Episode:  2587 , steps:  6280000
  - Rewards: 5
  - Amount of actions: [-12.0, -13.0, -15.0, -11.0, -12.0]
Episode:  2590 , steps:  6290000
  - Rewards: 5
  - Amount of actions: [-21.0, -16.0, -15.0, -12.0, -17.0]
Episode:  2593 , steps:  6300000
  - Rewards: 5
  - Amount of actions: [-20.0, -16.0, -14.0, -13.0, -20.0]
Episode:  2596 , steps:  6310000
  - Rewards: 5
  - Amount of actions: [-15.0, -10.0, -12.0, -16.0, -17.0]
Episode:  2599 , steps:  6320000
  - Rewards: 5
  - Amount of actions: [-15.0, -17.0, -17.0, -16.0, -18.0]
Episode:  2602 , steps:  6330000
  - Rewards: 5
  - Amount of actions: [-18.0, -13.0, -14.0, -12.0, -14.0]
Episode:  2603 , steps:  6340000
  - Rewards: 5
  - Amount of actions: [-11.0, -14.0, -13.0, -17.0, -16.0]
Episode:  2606 , steps:  6350000
  - Rewards: 5
  - Amount of actions: [-19.0, -16.0, -8.0, -21.0, -18.0]
Episode:  2608 , steps:  6360000
  - Rewards: 5
  - Amount of actions: [-12.0, -15.0, -14.0, -11.0, -19.0]
Episode:  2610 , steps:  6370000
  - Rewards: 5
  - Amount of actions: [-7.0, -7.0, -19.0, -17.0, -16.0]
Episode:  2613 , steps:  6380000
  - Rewards: 5
  - Amount of actions: [-10.0, -17.0, -13.0, -12.0, -16.0]
Episode:  2616 , steps:  6390000
  - Rewards: 5
  - Amount of actions: [-19.0, -18.0, -15.0, -19.0, -19.0]
Episode:  2619 , steps:  6400000
  - Rewards: 5
  - Amount of actions: [-20.0, -21.0, -21.0, -19.0, -21.0]
Episode:  2623 , steps:  6410000
  - Rewards: 5
  - Amount of actions: [-21.0, -21.0, -19.0, -21.0, -18.0]
Episode:  2626 , steps:  6420000
  - Rewards: 5
  - Amount of actions: [-14.0, -11.0, -16.0, -13.0, -11.0]
Episode:  2628 , steps:  6430000
  - Rewards: 5
  - Amount of actions: [-19.0, -12.0, -17.0, -13.0, -18.0]
Episode:  2631 , steps:  6440000
  - Rewards: 5
  - Amount of actions: [-19.0, -15.0, -12.0, -10.0, -12.0]
Episode:  2635 , steps:  6450000
  - Rewards: 5
  - Amount of actions: [-17.0, -12.0, -12.0, -16.0, -18.0]
Episode:  2637 , steps:  6460000
  - Rewards: 5
  - Amount of actions: [-14.0, -8.0, -14.0, -12.0, -13.0]
Episode:  2640 , steps:  6470000
  - Rewards: 5
  - Amount of actions: [-8.0, -12.0, -10.0, -12.0, -11.0]
Episode:  2643 , steps:  6480000
  - Rewards: 5
  - Amount of actions: [-16.0, -15.0, -17.0, -15.0, -20.0]
Episode:  2646 , steps:  6490000
  - Rewards: 5
  - Amount of actions: [-20.0, -19.0, -18.0, -18.0, -15.0]
Episode:  2650 , steps:  6500000
  - Rewards: 5
  - Amount of actions: [-6.0, -13.0, -12.0, -10.0, -13.0]
Episode:  2653 , steps:  6510000
  - Rewards: 5
  - Amount of actions: [-13.0, -19.0, -19.0, -10.0, -15.0]
Episode:  2656 , steps:  6520000
  - Rewards: 5
  - Amount of actions: [-17.0, -10.0, -15.0, -16.0, -13.0]
Episode:  2660 , steps:  6530000
  - Rewards: 5
  - Amount of actions: [-14.0, -11.0, -13.0, -15.0, -12.0]
Episode:  2664 , steps:  6540000
  - Rewards: 5
  - Amount of actions: [-16.0, -9.0, -15.0, -16.0, -16.0]
Episode:  2667 , steps:  6550000
  - Rewards: 5
  - Amount of actions: [-8.0, -10.0, -16.0, -14.0, -15.0]
Episode:  2670 , steps:  6560000
  - Rewards: 5
  - Amount of actions: [-13.0, -12.0, -15.0, -14.0, -14.0]
Episode:  2673 , steps:  6570000
  - Rewards: 5
  - Amount of actions: [-12.0, 3.0, -13.0, -9.0, -4.0]
Episode:  2678 , steps:  6580000
  - Rewards: 5
  - Amount of actions: [-18.0, -15.0, -15.0, -15.0, -14.0]
Episode:  2680 , steps:  6590000
  - Rewards: 5
  - Amount of actions: [-11.0, -12.0, -12.0, -12.0, -8.0]
Episode:  2684 , steps:  6600000
  - Rewards: 5
  - Amount of actions: [-19.0, -11.0, -15.0, -14.0, -21.0]
Episode:  2686 , steps:  6610000
  - Rewards: 5
  - Amount of actions: [-19.0, -13.0, -16.0, -15.0, -20.0]
Episode:  2689 , steps:  6620000
  - Rewards: 5
  - Amount of actions: [-11.0, -4.0, -5.0, -2.0, -14.0]
Episode:  2692 , steps:  6630000
  - Rewards: 5
  - Amount of actions: [-15.0, -19.0, -14.0, -14.0, -12.0]
Episode:  2694 , steps:  6640000
  - Rewards: 5
  - Amount of actions: [-6.0, -9.0, -12.0, -4.0, -10.0]
Episode:  2695 , steps:  6650000
  - Rewards: 5
  - Amount of actions: [-8.0, -4.0, -4.0, -4.0, -11.0]
Episode:  2698 , steps:  6660000
  - Rewards: 5
  - Amount of actions: [-11.0, -8.0, -11.0, -15.0, -11.0]
Episode:  2701 , steps:  6670000
  - Rewards: 5
  - Amount of actions: [-2.0, -10.0, -1.0, -13.0, -13.0]
Episode:  2703 , steps:  6680000
  - Rewards: 5
  - Amount of actions: [-10.0, -6.0, -7.0, -9.0, -3.0]
Episode:  2707 , steps:  6690000
  - Rewards: 5
  - Amount of actions: [-16.0, -9.0, -11.0, -13.0, -10.0]
Episode:  2709 , steps:  6700000
  - Rewards: 5
  - Amount of actions: [-15.0, -10.0, -12.0, -11.0, -16.0]
Episode:  2713 , steps:  6710000
  - Rewards: 5
  - Amount of actions: [-14.0, -17.0, -20.0, -13.0, -17.0]
Episode:  2716 , steps:  6720000
  - Rewards: 5
  - Amount of actions: [-18.0, -20.0, -21.0, -19.0, -18.0]
Episode:  2720 , steps:  6730000
  - Rewards: 5
  - Amount of actions: [-11.0, -7.0, -17.0, -16.0, -13.0]
Episode:  2725 , steps:  6740000
  - Rewards: 5
  - Amount of actions: [-21.0, -21.0, -20.0, -21.0, -21.0]
Episode:  2730 , steps:  6750000
  - Rewards: 5
  - Amount of actions: [-20.0, -18.0, -16.0, -19.0, -15.0]
Episode:  2737 , steps:  6760000
  - Rewards: 5
  - Amount of actions: [-21.0, -20.0, -21.0, -21.0, -19.0]
Episode:  2744 , steps:  6770000
  - Rewards: 5
  - Amount of actions: [-21.0, -21.0, -21.0, -20.0, -21.0]
Episode:  2750 , steps:  6780000
  - Rewards: 5
  - Amount of actions: [-21.0, -21.0, -21.0, -21.0, -21.0]
Epoch:  2750  - Total reward:  -17.0 Episode duration:  2380 Actions:  [ 174  971 1235] Threshold:  0.01611719004141654
Episode:  2754 , steps:  6790000
  - Rewards: 5
  - Amount of actions: [-21.0, -21.0, -21.0, -21.0, -21.0]
Episode:  2758 , steps:  6800000
  - Rewards: 5
  - Amount of actions: [-20.0, -19.0, -21.0, -20.0, -21.0]
Episode:  2761 , steps:  6810000
  - Rewards: 5
  - Amount of actions: [-19.0, -15.0, -12.0, -18.0, -17.0]
Episode:  2763 , steps:  6820000
  - Rewards: 5
  - Amount of actions: [-19.0, -21.0, -21.0, -20.0, -21.0]
Episode:  2767 , steps:  6830000
  - Rewards: 5
  - Amount of actions: [-17.0, -20.0, -21.0, -21.0, -19.0]
Episode:  2770 , steps:  6840000
  - Rewards: 5
  - Amount of actions: [-12.0, -14.0, -17.0, -16.0, -14.0]
Episode:  2773 , steps:  6850000
  - Rewards: 5
  - Amount of actions: [-20.0, -17.0, -14.0, -15.0, -16.0]
Episode:  2775 , steps:  6860000
  - Rewards: 5
  - Amount of actions: [-13.0, -17.0, -15.0, -15.0, -17.0]
Episode:  2778 , steps:  6870000
  - Rewards: 5
  - Amount of actions: [-6.0, -18.0, -18.0, -19.0, -19.0]
Episode:  2781 , steps:  6880000
  - Rewards: 5
  - Amount of actions: [-16.0, -16.0, -17.0, -18.0, -16.0]
Episode:  2783 , steps:  6890000
  - Rewards: 5
  - Amount of actions: [-18.0, -21.0, -19.0, -12.0, -14.0]
Episode:  2786 , steps:  6900000
  - Rewards: 5
  - Amount of actions: [-14.0, -17.0, -20.0, -16.0, -18.0]
Episode:  2789 , steps:  6910000
  - Rewards: 5
  - Amount of actions: [-13.0, -16.0, -12.0, -15.0, -17.0]
Episode:  2792 , steps:  6920000
  - Rewards: 5
  - Amount of actions: [-19.0, -16.0, -20.0, -19.0, -20.0]
Episode:  2797 , steps:  6930000
  - Rewards: 5
  - Amount of actions: [-19.0, -17.0, -18.0, -18.0, -19.0]
Episode:  2800 , steps:  6940000
  - Rewards: 5
  - Amount of actions: [-19.0, -19.0, -18.0, -19.0, -16.0]
Episode:  2803 , steps:  6950000
  - Rewards: 5
  - Amount of actions: [-20.0, -17.0, -18.0, -19.0, -14.0]
Episode:  2806 , steps:  6960000
  - Rewards: 5
  - Amount of actions: [-21.0, -19.0, -16.0, -19.0, -18.0]
Episode:  2810 , steps:  6970000
  - Rewards: 5
  - Amount of actions: [-17.0, -18.0, -20.0, -15.0, -20.0]
Episode:  2813 , steps:  6980000
  - Rewards: 5
  - Amount of actions: [-16.0, -15.0, -19.0, -14.0, -14.0]
Episode:  2815 , steps:  6990000
  - Rewards: 5
  - Amount of actions: [-14.0, -18.0, -16.0, -17.0, -14.0]
Episode:  2819 , steps:  7000000
  - Rewards: 5
  - Amount of actions: [-19.0, -14.0, -14.0, -12.0, -17.0]
Episode:  2822 , steps:  7010000
  - Rewards: 5
  - Amount of actions: [-13.0, -13.0, -16.0, -11.0, -7.0]
Episode:  2826 , steps:  7020000
  - Rewards: 5
  - Amount of actions: [-20.0, -20.0, -20.0, -19.0, -19.0]
Episode:  2830 , steps:  7030000
  - Rewards: 5
  - Amount of actions: [-18.0, -19.0, -19.0, -19.0, -18.0]
Episode:  2833 , steps:  7040000
  - Rewards: 5
  - Amount of actions: [-20.0, -20.0, -21.0, -19.0, -21.0]
Episode:  2837 , steps:  7050000
  - Rewards: 5
  - Amount of actions: [-21.0, -21.0, -20.0, -20.0, -21.0]
Episode:  2841 , steps:  7060000
  - Rewards: 5
  - Amount of actions: [-18.0, -17.0, -18.0, -16.0, -20.0]
Episode:  2845 , steps:  7070000
  - Rewards: 5
  - Amount of actions: [-15.0, -17.0, -18.0, -19.0, -19.0]
Episode:  2850 , steps:  7080000
  - Rewards: 5
  - Amount of actions: [-20.0, -18.0, -20.0, -16.0, -20.0]
Episode:  2854 , steps:  7090000
  - Rewards: 5
  - Amount of actions: [-21.0, -18.0, -21.0, -21.0, -20.0]
Episode:  2859 , steps:  7100000
  - Rewards: 5
  - Amount of actions: [-18.0, -19.0, -18.0, -18.0, -19.0]
Episode:  2862 , steps:  7110000
  - Rewards: 5
  - Amount of actions: [-18.0, -16.0, -16.0, -15.0, -20.0]
Episode:  2866 , steps:  7120000
  - Rewards: 5
  - Amount of actions: [-14.0, -18.0, -17.0, -13.0, -15.0]
Episode:  2870 , steps:  7130000
  - Rewards: 5
  - Amount of actions: [-16.0, -17.0, -14.0, -20.0, -19.0]
Episode:  2874 , steps:  7140000
  - Rewards: 5
  - Amount of actions: [-20.0, -14.0, -21.0, -19.0, -18.0]
Episode:  2878 , steps:  7150000
  - Rewards: 5
  - Amount of actions: [-16.0, -17.0, -12.0, -12.0, -16.0]
Episode:  2881 , steps:  7160000
  - Rewards: 5
  - Amount of actions: [-18.0, -17.0, -19.0, -17.0, -17.0]
Episode:  2885 , steps:  7170000
  - Rewards: 5
  - Amount of actions: [-15.0, -14.0, -13.0, -17.0, -14.0]
Episode:  2888 , steps:  7180000
  - Rewards: 5
  - Amount of actions: [-18.0, -8.0, -14.0, -15.0, -14.0]
Episode:  2892 , steps:  7190000
  - Rewards: 5
  - Amount of actions: [-19.0, -15.0, -19.0, -14.0, -18.0]
Episode:  2895 , steps:  7200000
  - Rewards: 5
  - Amount of actions: [-11.0, -21.0, -19.0, -16.0, -16.0]
Episode:  2898 , steps:  7210000
  - Rewards: 5
  - Amount of actions: [-14.0, -16.0, -11.0, -12.0, -12.0]
Episode:  2901 , steps:  7220000
  - Rewards: 5
  - Amount of actions: [-21.0, -21.0, -21.0, -21.0, -21.0]
Episode:  2904 , steps:  7230000
  - Rewards: 5
  - Amount of actions: [-14.0, -15.0, -17.0, -17.0, -15.0]
Episode:  2907 , steps:  7240000
  - Rewards: 5
  - Amount of actions: [-19.0, -20.0, -9.0, -12.0, -13.0]
Episode:  2910 , steps:  7250000
  - Rewards: 5
  - Amount of actions: [-15.0, -7.0, -13.0, -16.0, -10.0]
Episode:  2913 , steps:  7260000
  - Rewards: 5
  - Amount of actions: [-15.0, -12.0, -12.0, -18.0, -5.0]
Episode:  2916 , steps:  7270000
  - Rewards: 5
  - Amount of actions: [-13.0, -16.0, -17.0, -10.0, -17.0]
Episode:  2919 , steps:  7280000
  - Rewards: 5
  - Amount of actions: [-9.0, -7.0, -17.0, -6.0, -15.0]
Episode:  2922 , steps:  7290000
  - Rewards: 5
  - Amount of actions: [-21.0, -21.0, -20.0, -11.0, -21.0]
Episode:  2925 , steps:  7300000
  - Rewards: 5
  - Amount of actions: [-7.0, -14.0, -18.0, -18.0, -10.0]
Episode:  2928 , steps:  7310000
  - Rewards: 5
  - Amount of actions: [-11.0, -17.0, -18.0, -15.0, -16.0]
Episode:  2930 , steps:  7320000
  - Rewards: 5
  - Amount of actions: [-19.0, -13.0, -17.0, -13.0, -15.0]
Episode:  2933 , steps:  7330000
  - Rewards: 5
  - Amount of actions: [-16.0, -12.0, -15.0, -12.0, -18.0]
Episode:  2936 , steps:  7340000
  - Rewards: 5
  - Amount of actions: [-16.0, -11.0, -16.0, -18.0, -16.0]
Episode:  2940 , steps:  7350000
  - Rewards: 5
  - Amount of actions: [-18.0, -16.0, -19.0, -20.0, -17.0]
Episode:  2942 , steps:  7360000
  - Rewards: 5
  - Amount of actions: [-18.0, -19.0, -19.0, -20.0, -18.0]
Episode:  2947 , steps:  7370000
  - Rewards: 5
  - Amount of actions: [-14.0, -14.0, -19.0, -15.0, -19.0]
Episode:  2950 , steps:  7380000
  - Rewards: 5
  - Amount of actions: [-19.0, -16.0, -16.0, -17.0, -18.0]
Episode:  2956 , steps:  7390000
  - Rewards: 5
  - Amount of actions: [-19.0, -20.0, -21.0, -20.0, -20.0]
Episode:  2960 , steps:  7400000
  - Rewards: 5
  - Amount of actions: [-21.0, -21.0, -19.0, -21.0, -21.0]
Episode:  2967 , steps:  7410000
  - Rewards: 5
  - Amount of actions: [-21.0, -21.0, -21.0, -21.0, -20.0]
Episode:  2973 , steps:  7420000
  - Rewards: 5
  - Amount of actions: [-21.0, -18.0, -21.0, -21.0, -21.0]
Episode:  2979 , steps:  7430000
  - Rewards: 5
  - Amount of actions: [-18.0, -20.0, -21.0, -20.0, -17.0]
Episode:  2984 , steps:  7440000
  - Rewards: 5
  - Amount of actions: [-19.0, -19.0, -20.0, -21.0, -18.0]
Episode:  2989 , steps:  7450000
  - Rewards: 5
  - Amount of actions: [-20.0, -20.0, -20.0, -17.0, -17.0]
Episode:  2992 , steps:  7460000
  - Rewards: 5
  - Amount of actions: [-21.0, -16.0, -18.0, -15.0, -19.0]
Episode:  2995 , steps:  7470000
  - Rewards: 5
  - Amount of actions: [-18.0, -16.0, -14.0, -16.0, -20.0]
Episode:  2999 , steps:  7480000
  - Rewards: 5
  - Amount of actions: [-18.0, -18.0, -18.0, -18.0, -21.0]
Complete
Script fishished.
