Running script...
Start using cuda

Writing to 'runs/report_runs/PER_2019-12-25 16:39:21.975390'
Episode:  0 , steps:  1
  - Rewards: 5
  - Amount of actions: [-21.0, -21.0, -21.0, -21.0, -21.0]
Epoch:  0  - Total reward:  -21.0 Episode duration:  1097 Actions:  [372 368 357] Threshold:  0.9892088435580007
Episode:  10 , steps:  10000
  - Rewards: 5
  - Amount of actions: [-21.0, -21.0, -21.0, -21.0, -21.0]
Episode:  21 , steps:  20000
  - Rewards: 5
  - Amount of actions: [-20.0, -20.0, -20.0, -20.0, -20.0]
Episode:  31 , steps:  30000
  - Rewards: 5
  - Amount of actions: [-21.0, -21.0, -21.0, -21.0, -21.0]
Episode:  42 , steps:  40000
  - Rewards: 5
  - Amount of actions: [-21.0, -21.0, -21.0, -21.0, -21.0]
Episode:  53 , steps:  50000
  - Rewards: 5
  - Amount of actions: [-21.0, -21.0, -21.0, -21.0, -21.0]
Episode:  64 , steps:  60000
  - Rewards: 5
  - Amount of actions: [-21.0, -21.0, -21.0, -21.0, -21.0]
Episode:  74 , steps:  70000
  - Rewards: 5
  - Amount of actions: [-21.0, -21.0, -21.0, -21.0, -21.0]
Episode:  83 , steps:  80000
  - Rewards: 5
  - Amount of actions: [-21.0, -21.0, -21.0, -21.0, -21.0]
Episode:  92 , steps:  90000
  - Rewards: 5
  - Amount of actions: [-21.0, -21.0, -21.0, -21.0, -21.0]
Episode:  100 , steps:  100000
  - Rewards: 5
  - Amount of actions: [-21.0, -21.0, -21.0, -21.0, -21.0]
Episode:  106 , steps:  110000
  - Rewards: 5
  - Amount of actions: [-21.0, -21.0, -21.0, -21.0, -21.0]
Episode:  111 , steps:  120000
  - Rewards: 5
  - Amount of actions: [-21.0, -21.0, -21.0, -21.0, -21.0]
Episode:  116 , steps:  130000
  - Rewards: 5
  - Amount of actions: [-11.0, -11.0, -11.0, -11.0, -11.0]
Episode:  121 , steps:  140000
  - Rewards: 5
  - Amount of actions: [-12.0, -12.0, -12.0, -12.0, -12.0]
Episode:  124 , steps:  150000
  - Rewards: 5
  - Amount of actions: [-21.0, -21.0, -21.0, -21.0, -21.0]
Episode:  127 , steps:  160000
  - Rewards: 5
  - Amount of actions: [-21.0, -21.0, -21.0, -21.0, -21.0]
Episode:  131 , steps:  170000
  - Rewards: 5
  - Amount of actions: [-17.0, -17.0, -17.0, -17.0, -17.0]
Episode:  135 , steps:  180000
  - Rewards: 5
  - Amount of actions: [-19.0, -19.0, -19.0, -19.0, -19.0]
Episode:  138 , steps:  190000
  - Rewards: 5
  - Amount of actions: [-21.0, -21.0, -21.0, -21.0, -21.0]
Episode:  141 , steps:  200000
  - Rewards: 5
  - Amount of actions: [-21.0, -21.0, -21.0, -21.0, -21.0]
Episode:  145 , steps:  210000
  - Rewards: 5
  - Amount of actions: [-18.0, -18.0, -18.0, -18.0, -18.0]
Episode:  148 , steps:  220000
Script fishished.
