Running script...
Start using cuda

Writing to 'runs/report_runs/Dueling_2019-12-25 16:39:16.645692_PongDeterministic-v4'
Episode:  0 , steps:  1
  - Rewards: 5
  - Amount of actions: [-21.0, -21.0, -21.0, -21.0, -21.0]
Epoch:  0  - Total reward:  -21.0 Episode duration:  777 Actions:  [231 259 287] Threshold:  0.9923473307587322
Episode:  10 , steps:  10000
  - Rewards: 5
  - Amount of actions: [-21.0, -21.0, -21.0, -21.0, -21.0]
Episode:  21 , steps:  20000
  - Rewards: 5
  - Amount of actions: [-19.0, -19.0, -19.0, -19.0, -19.0]
Episode:  32 , steps:  30000
  - Rewards: 5
  - Amount of actions: [-21.0, -21.0, -21.0, -21.0, -21.0]
Episode:  43 , steps:  40000
  - Rewards: 5
  - Amount of actions: [-21.0, -21.0, -21.0, -21.0, -21.0]
Episode:  54 , steps:  50000
  - Rewards: 5
  - Amount of actions: [-21.0, -21.0, -21.0, -21.0, -21.0]
Episode:  65 , steps:  60000
  - Rewards: 5
  - Amount of actions: [-21.0, -21.0, -21.0, -21.0, -21.0]
Episode:  74 , steps:  70000
  - Rewards: 5
  - Amount of actions: [-21.0, -21.0, -21.0, -21.0, -21.0]
Episode:  83 , steps:  80000
  - Rewards: 5
  - Amount of actions: [-21.0, -21.0, -21.0, -21.0, -21.0]
Episode:  92 , steps:  90000
  - Rewards: 5
  - Amount of actions: [-21.0, -21.0, -21.0, -21.0, -21.0]
Episode:  100 , steps:  100000
  - Rewards: 5
  - Amount of actions: [-21.0, -21.0, -21.0, -21.0, -21.0]
Episode:  106 , steps:  110000
  - Rewards: 5
  - Amount of actions: [-17.0, -17.0, -17.0, -17.0, -17.0]
Episode:  112 , steps:  120000
  - Rewards: 5
  - Amount of actions: [-21.0, -21.0, -21.0, -21.0, -21.0]
Episode:  117 , steps:  130000
  - Rewards: 5
  - Amount of actions: [-6.0, -6.0, -6.0, -6.0, -6.0]
Episode:  121 , steps:  140000
  - Rewards: 5
  - Amount of actions: [-2.0, -2.0, -2.0, -2.0, -2.0]
Episode:  125 , steps:  150000
  - Rewards: 5
  - Amount of actions: [-9.0, -9.0, -9.0, -9.0, -9.0]
Episode:  128 , steps:  160000
Script fishished.
